Compiling DA routines
running build
running config_cc
INFO: unifing config_cc, config, build_clib, build_ext, build commands --compiler options
running config_fc
INFO: unifing config_fc, config, build_clib, build_ext, build commands --fcompiler options
running build_src
INFO: build_src
INFO: building extension "mtx_oper" sources
INFO: f2py options: []
INFO: f2py:> /tmp/tmp2e91phed/src.linux-x86_64-3.10/mtx_opermodule.c
creating /tmp/tmp2e91phed/src.linux-x86_64-3.10
Reading fortran codes...
	Reading file 'netlib.f90' (format:fix)
	Reading file 'common_tools.f90' (format:free)
	Reading file 'common_mtx.f90' (format:free)
Post-processing...
	Block: mtx_oper
			Block: dspdi
			Block: dspfa
			Block: pythag
			Block: rs
			Block: tql1
			Block: tql2
			Block: tred1
			Block: tred2
			Block: daxpy
			Block: dcopy
			Block: ddot
			Block: dswap
			Block: idamax
			Block: dgemm
			Block: lsame
			Block: xerbla
			Block: dgemv
			Block: common_tools
				Block: com_mean
				Block: com_stdev
				Block: com_var
				Block: com_covar
				Block: com_correl
				Block: com_anomcorrel
				Block: com_l2norm
				Block: com_rms
				Block: com_filter_lanczos
				Block: com_rand
				Block: com_randn
				Block: com_interp_spline
				Block: log_sum_vec
			Block: common_mtx
				Block: mtx_eigen
				Block: mtx_inv
				Block: mtx_sqrt
				Block: mtx_inv_eivec
				Block: mtx_inv_rg
Post-processing (stage 2)...
	Block: mtx_oper
		Block: unknown_interface
			Block: dspdi
			Block: dspfa
			Block: pythag
			Block: rs
			Block: tql1
			Block: tql2
			Block: tred1
			Block: tred2
			Block: daxpy
			Block: dcopy
			Block: ddot
			Block: dswap
			Block: idamax
			Block: dgemm
			Block: lsame
			Block: xerbla
			Block: dgemv
			Block: common_tools
				Block: com_mean
				Block: com_stdev
				Block: com_var
				Block: com_covar
				Block: com_correl
				Block: com_anomcorrel
				Block: com_l2norm
				Block: com_rms
				Block: com_filter_lanczos
				Block: com_rand
				Block: com_randn
				Block: com_interp_spline
				Block: log_sum_vec
			Block: common_mtx
				Block: mtx_eigen
				Block: mtx_inv
				Block: mtx_sqrt
				Block: mtx_inv_eivec
				Block: mtx_inv_rg
Building modules...
    Building module "mtx_oper"...
        Constructing wrapper function "dspdi"...
          dspdi(ap,n,kpvt,det,inert,work,job)
        Constructing wrapper function "dspfa"...
          dspfa(ap,n,kpvt,info)
		Creating wrapper for Fortran function "pythag"("pythag")...
        Constructing wrapper function "pythag"...
          pythag = pythag(a,b)
        Constructing wrapper function "rs"...
          rs(a,w,matz,z,fv1,fv2,ierr,[nm,n])
        Constructing wrapper function "tql1"...
          tql1(d,e,ierr,[n])
        Constructing wrapper function "tql2"...
          tql2(d,e,z,ierr,[nm,n])
        Constructing wrapper function "tred1"...
          tred1(a,d,e,e2,[nm,n])
        Constructing wrapper function "tred2"...
          tred2(a,d,e,z,[nm,n])
        Constructing wrapper function "daxpy"...
getarrdims:warning: assumed shape array, using 0 instead of '*'
getarrdims:warning: assumed shape array, using 0 instead of '*'
          daxpy(n,da,dx,incx,dy,incy)
        Constructing wrapper function "dcopy"...
getarrdims:warning: assumed shape array, using 0 instead of '*'
getarrdims:warning: assumed shape array, using 0 instead of '*'
          dcopy(n,dx,incx,dy,incy)
		Creating wrapper for Fortran function "ddot"("ddot")...
        Constructing wrapper function "ddot"...
getarrdims:warning: assumed shape array, using 0 instead of '*'
getarrdims:warning: assumed shape array, using 0 instead of '*'
          ddot = ddot(n,dx,incx,dy,incy)
        Constructing wrapper function "dswap"...
getarrdims:warning: assumed shape array, using 0 instead of '*'
getarrdims:warning: assumed shape array, using 0 instead of '*'
          dswap(n,dx,incx,dy,incy)
		Creating wrapper for Fortran function "idamax"("idamax")...
        Constructing wrapper function "idamax"...
getarrdims:warning: assumed shape array, using 0 instead of '*'
          idamax = idamax(n,dx,incx)
        Constructing wrapper function "dgemm"...
getarrdims:warning: assumed shape array, using 0 instead of '*'
getarrdims:warning: assumed shape array, using 0 instead of '*'
getarrdims:warning: assumed shape array, using 0 instead of '*'
          dgemm(transa,transb,m,n,k,alpha,a,b,beta,c,[lda,ldb,ldc])
		Creating wrapper for Fortran function "lsame"("lsame")...
        Constructing wrapper function "lsame"...
          lsame = lsame(ca,cb)
        Constructing wrapper function "xerbla"...
          xerbla(srname,info)
        Constructing wrapper function "dgemv"...
getarrdims:warning: assumed shape array, using 0 instead of '*'
getarrdims:warning: assumed shape array, using 0 instead of '*'
getarrdims:warning: assumed shape array, using 0 instead of '*'
          dgemv(trans,m,n,alpha,a,x,incx,beta,y,incy,[lda])
		Constructing F90 module support for "common_tools"...
		  Variables: r_size r_dble r_sngl pi gg rd cp re r_omega t0c undef
            Constructing wrapper function "common_tools.com_mean"...
              amean = com_mean(var,[ndim])
            Constructing wrapper function "common_tools.com_stdev"...
              aout = com_stdev(var,[ndim])
            Constructing wrapper function "common_tools.com_var"...
              aout = com_var(var,[ndim])
            Constructing wrapper function "common_tools.com_covar"...
              cov = com_covar(var1,var2,[ndim])
            Constructing wrapper function "common_tools.com_correl"...
              cor = com_correl(var1,var2,[ndim])
            Constructing wrapper function "common_tools.com_anomcorrel"...
              cor = com_anomcorrel(var1,var2,varmean,[ndim])
            Constructing wrapper function "common_tools.com_l2norm"...
              anorm = com_l2norm(var,[ndim])
            Constructing wrapper function "common_tools.com_rms"...
              rmsv = com_rms(var,[ndim])
            Constructing wrapper function "common_tools.com_filter_lanczos"...
              com_filter_lanczos(fc,var,[ndim])
            Constructing wrapper function "common_tools.com_rand"...
              var = com_rand(ndim)
            Constructing wrapper function "common_tools.com_randn"...
              var = com_randn(ndim)
            Constructing wrapper function "common_tools.com_interp_spline"...
              y5 = com_interp_spline(x,y,x5,[ndim,n])
            Constructing wrapper function "common_tools.log_sum_vec"...
              log_sum = log_sum_vec(logvec,[ne])
		Constructing F90 module support for "common_mtx"...
            Constructing wrapper function "common_mtx.mtx_eigen"...
              eival,eivec,nrank_eff = mtx_eigen(imode,a,[n])
            Constructing wrapper function "common_mtx.mtx_inv"...
              ainv = mtx_inv(a,[n])
            Constructing wrapper function "common_mtx.mtx_sqrt"...
              a_sqrt = mtx_sqrt(a,[n])
            Constructing wrapper function "common_mtx.mtx_inv_eivec"...
              a_inv = mtx_inv_eivec(a,[n])
            Constructing wrapper function "common_mtx.mtx_inv_rg"...
              ff = mtx_inv_rg(aa,[n])
    Wrote C/API module "mtx_oper" to file "/tmp/tmp2e91phed/src.linux-x86_64-3.10/mtx_opermodule.c"
    Fortran 77 wrappers are saved to "/tmp/tmp2e91phed/src.linux-x86_64-3.10/mtx_oper-f2pywrappers.f"
    Fortran 90 wrappers are saved to "/tmp/tmp2e91phed/src.linux-x86_64-3.10/mtx_oper-f2pywrappers2.f90"
INFO:   adding '/tmp/tmp2e91phed/src.linux-x86_64-3.10/fortranobject.c' to sources.
INFO:   adding '/tmp/tmp2e91phed/src.linux-x86_64-3.10' to include_dirs.
copying /home/jruiz/anaconda3/lib/python3.10/site-packages/numpy/f2py/src/fortranobject.c -> /tmp/tmp2e91phed/src.linux-x86_64-3.10
copying /home/jruiz/anaconda3/lib/python3.10/site-packages/numpy/f2py/src/fortranobject.h -> /tmp/tmp2e91phed/src.linux-x86_64-3.10
INFO:   adding '/tmp/tmp2e91phed/src.linux-x86_64-3.10/mtx_oper-f2pywrappers.f' to sources.
INFO:   adding '/tmp/tmp2e91phed/src.linux-x86_64-3.10/mtx_oper-f2pywrappers2.f90' to sources.
INFO: build_src: building npy-pkg config files
running build_ext
INFO: customize UnixCCompiler
INFO: customize UnixCCompiler using build_ext
INFO: get_default_fcompiler: matching types: '['arm', 'gnu95', 'intel', 'lahey', 'pg', 'nv', 'absoft', 'nag', 'vast', 'compaq', 'intele', 'intelem', 'gnu', 'g95', 'pathf95', 'nagfor', 'fujitsu']'
INFO: customize ArmFlangCompiler
WARN: Could not locate executable armflang
INFO: customize Gnu95FCompiler
INFO: Found executable /usr/bin/gfortran
INFO: customize Gnu95FCompiler
INFO: customize Gnu95FCompiler using build_ext
INFO: building 'mtx_oper' extension
INFO: compiling C sources
INFO: C compiler: gcc -pthread -B /home/jruiz/anaconda3/compiler_compat -Wno-unused-result -Wsign-compare -DNDEBUG -fwrapv -O2 -Wall -fPIC -O2 -isystem /home/jruiz/anaconda3/include -fPIC -O2 -isystem /home/jruiz/anaconda3/include -fPIC

creating /tmp/tmp2e91phed/tmp
creating /tmp/tmp2e91phed/tmp/tmp2e91phed
creating /tmp/tmp2e91phed/tmp/tmp2e91phed/src.linux-x86_64-3.10
INFO: compile options: '-DNPY_DISABLE_OPTIMIZATION=1 -I/tmp/tmp2e91phed/src.linux-x86_64-3.10 -I/home/jruiz/anaconda3/lib/python3.10/site-packages/numpy/core/include -I/home/jruiz/anaconda3/include/python3.10 -c'
INFO: gcc: /tmp/tmp2e91phed/src.linux-x86_64-3.10/mtx_opermodule.c
INFO: gcc: /tmp/tmp2e91phed/src.linux-x86_64-3.10/fortranobject.c
INFO: compiling Fortran 90 module sources
INFO: Fortran f77 compiler: /usr/bin/gfortran -Wall -g -ffixed-form -fno-second-underscore -fPIC -O3
Fortran f90 compiler: /usr/bin/gfortran -fopenmp -fPIC -O3
Fortran fix compiler: /usr/bin/gfortran -Wall -g -ffixed-form -fno-second-underscore -fopenmp -fPIC -O3
INFO: compile options: '-I/tmp/tmp2e91phed/src.linux-x86_64-3.10 -I/home/jruiz/anaconda3/lib/python3.10/site-packages/numpy/core/include -I/home/jruiz/anaconda3/include/python3.10 -c'
extra options: '-J/tmp/tmp2e91phed/ -I/tmp/tmp2e91phed/'
INFO: gfortran:f90: common_tools.f90
INFO: gfortran:f90: common_mtx.f90
INFO: compiling Fortran sources
INFO: Fortran f77 compiler: /usr/bin/gfortran -Wall -g -ffixed-form -fno-second-underscore -fPIC -O3
Fortran f90 compiler: /usr/bin/gfortran -fopenmp -fPIC -O3
Fortran fix compiler: /usr/bin/gfortran -Wall -g -ffixed-form -fno-second-underscore -fopenmp -fPIC -O3
INFO: compile options: '-I/tmp/tmp2e91phed/src.linux-x86_64-3.10 -I/home/jruiz/anaconda3/lib/python3.10/site-packages/numpy/core/include -I/home/jruiz/anaconda3/include/python3.10 -c'
extra options: '-J/tmp/tmp2e91phed/ -I/tmp/tmp2e91phed/'
INFO: gfortran:fix: netlib.f90
INFO: gfortran:f90: /tmp/tmp2e91phed/src.linux-x86_64-3.10/mtx_oper-f2pywrappers2.f90
INFO: gfortran:f77: /tmp/tmp2e91phed/src.linux-x86_64-3.10/mtx_oper-f2pywrappers.f
INFO: /usr/bin/gfortran -Wall -g -Wall -g -shared /tmp/tmp2e91phed/tmp/tmp2e91phed/src.linux-x86_64-3.10/mtx_opermodule.o /tmp/tmp2e91phed/tmp/tmp2e91phed/src.linux-x86_64-3.10/fortranobject.o /tmp/tmp2e91phed/common_tools.o /tmp/tmp2e91phed/common_mtx.o /tmp/tmp2e91phed/netlib.o /tmp/tmp2e91phed/tmp/tmp2e91phed/src.linux-x86_64-3.10/mtx_oper-f2pywrappers.o /tmp/tmp2e91phed/tmp/tmp2e91phed/src.linux-x86_64-3.10/mtx_oper-f2pywrappers2.o -L/usr/lib/gcc/x86_64-linux-gnu/10 -L/usr/lib/gcc/x86_64-linux-gnu/10 -lgomp -lgfortran -o ./mtx_oper.cpython-310-x86_64-linux-gnu.so
Removing build directory /tmp/tmp2e91phed
running build
running config_cc
INFO: unifing config_cc, config, build_clib, build_ext, build commands --compiler options
running config_fc
INFO: unifing config_fc, config, build_clib, build_ext, build commands --fcompiler options
running build_src
INFO: build_src
INFO: building extension "da" sources
INFO: f2py options: []
INFO: f2py:> /tmp/tmptwbp5z0d/src.linux-x86_64-3.10/damodule.c
creating /tmp/tmptwbp5z0d/src.linux-x86_64-3.10
Reading fortran codes...
	Reading file 'netlib.f90' (format:fix)
	Reading file 'common_tools.f90' (format:free)
	Reading file 'PDAF_generate_rndmat.F90' (format:free)
	Reading file 'common_mtx.f90' (format:free)
	Reading file 'common_letkf.f90' (format:free)
	Reading file 'common_pf.f90' (format:free)
	Reading file 'common_gm.f90' (format:free)
	Reading file 'common_da_tools_1d.f90' (format:free)
Post-processing...
	Block: da
			Block: dspdi
			Block: dspfa
			Block: pythag
			Block: rs
			Block: tql1
			Block: tql2
			Block: tred1
			Block: tred2
			Block: daxpy
			Block: dcopy
			Block: ddot
			Block: dswap
			Block: idamax
			Block: dgemm
			Block: lsame
			Block: xerbla
			Block: dgemv
			Block: common_tools
				Block: com_mean
				Block: com_stdev
				Block: com_var
				Block: com_covar
				Block: com_correl
				Block: com_anomcorrel
				Block: com_l2norm
				Block: com_rms
				Block: com_filter_lanczos
				Block: com_rand
				Block: com_randn
				Block: com_interp_spline
				Block: log_sum_vec
			Block: rand_matrix
				Block: pdaf_generate_rndmat
			Block: common_mtx
				Block: mtx_eigen
				Block: mtx_inv
				Block: mtx_sqrt
				Block: mtx_inv_eivec
				Block: mtx_inv_rg
			Block: common_letkf
				Block: letkf_core
In: :da:common_letkf.f90:common_letkf:letkf_core
get_parameters: got "invalid decimal literal (<string>, line 1)" on '0.04d0'
				Block: weight_rtps
				Block: weight_rtpp
				Block: weight_epes
				Block: weight_modepes
			Block: common_pf
In: :da:common_pf.f90:common_pf
get_parameters: got "invalid decimal literal (<string>, line 1)" on '1.0d-8'
In: :da:common_pf.f90:common_pf
get_parameters: got "invalid decimal literal (<string>, line 1)" on '1.0d-3'
				Block: letpf_core
				Block: riccati_solver
				Block: get_distance_matrix
				Block: sinkhorn_ot
In: :da:common_pf.f90:common_pf:sinkhorn_ot
get_parameters: got "invalid decimal literal (<string>, line 1)" on '200.0d0'
				Block: sinkhorn_ot_robust
			Block: common_gm
				Block: letkf_gm_core
				Block: letkf_gm_localh_core
				Block: pf_weight_core
				Block: pf_weight_localh_core
				Block: netpf_w
			Block: common_da_tools
				Block: da_letkf
In: :da:common_da_tools_1d.f90:common_da_tools:da_letkf
get_parameters: got "invalid decimal literal (<string>, line 1)" on '1.0d0'
				Block: da_etkf
In: :da:common_da_tools_1d.f90:common_da_tools:da_etkf
get_parameters: got "invalid decimal literal (<string>, line 1)" on '1.0d0'
				Block: da_gmdr
In: :da:common_da_tools_1d.f90:common_da_tools:da_gmdr
get_parameters: got "invalid decimal literal (<string>, line 1)" on '1.0d0'
				Block: da_gmdr_localh
In: :da:common_da_tools_1d.f90:common_da_tools:da_gmdr_localh
get_parameters: got "invalid decimal literal (<string>, line 1)" on '1.0d0'
				Block: da_letpf
				Block: da_pseudo_time_step
				Block: r_localization
				Block: r_localization_localh
				Block: distance_x
				Block: da_mean_and_pert
				Block: da_particle_rejuvenation
				Block: gaussian_mixture_sampling
				Block: gaussian_mixture_colapse
Post-processing (stage 2)...
	Block: da
		Block: unknown_interface
			Block: dspdi
			Block: dspfa
			Block: pythag
			Block: rs
			Block: tql1
			Block: tql2
			Block: tred1
			Block: tred2
			Block: daxpy
			Block: dcopy
			Block: ddot
			Block: dswap
			Block: idamax
			Block: dgemm
			Block: lsame
			Block: xerbla
			Block: dgemv
			Block: common_tools
				Block: com_mean
				Block: com_stdev
				Block: com_var
				Block: com_covar
				Block: com_correl
				Block: com_anomcorrel
				Block: com_l2norm
				Block: com_rms
				Block: com_filter_lanczos
				Block: com_rand
				Block: com_randn
				Block: com_interp_spline
				Block: log_sum_vec
			Block: rand_matrix
				Block: pdaf_generate_rndmat
			Block: common_mtx
				Block: mtx_eigen
				Block: mtx_inv
				Block: mtx_sqrt
				Block: mtx_inv_eivec
				Block: mtx_inv_rg
			Block: common_letkf
				Block: letkf_core
				Block: weight_rtps
				Block: weight_rtpp
				Block: weight_epes
				Block: weight_modepes
			Block: common_pf
				Block: letpf_core
				Block: riccati_solver
				Block: get_distance_matrix
				Block: sinkhorn_ot
				Block: sinkhorn_ot_robust
			Block: common_gm
				Block: letkf_gm_core
				Block: letkf_gm_localh_core
				Block: pf_weight_core
				Block: pf_weight_localh_core
				Block: netpf_w
			Block: common_da_tools
				Block: da_letkf
				Block: da_etkf
				Block: da_gmdr
				Block: da_gmdr_localh
				Block: da_letpf
				Block: da_pseudo_time_step
				Block: r_localization
				Block: r_localization_localh
				Block: distance_x
				Block: da_mean_and_pert
				Block: da_particle_rejuvenation
				Block: gaussian_mixture_sampling
				Block: gaussian_mixture_colapse
Building modules...
    Building module "da"...
        Constructing wrapper function "dspdi"...
          dspdi(ap,n,kpvt,det,inert,work,job)
        Constructing wrapper function "dspfa"...
          dspfa(ap,n,kpvt,info)
		Creating wrapper for Fortran function "pythag"("pythag")...
        Constructing wrapper function "pythag"...
          pythag = pythag(a,b)
        Constructing wrapper function "rs"...
          rs(a,w,matz,z,fv1,fv2,ierr,[nm,n])
        Constructing wrapper function "tql1"...
          tql1(d,e,ierr,[n])
        Constructing wrapper function "tql2"...
          tql2(d,e,z,ierr,[nm,n])
        Constructing wrapper function "tred1"...
          tred1(a,d,e,e2,[nm,n])
        Constructing wrapper function "tred2"...
          tred2(a,d,e,z,[nm,n])
        Constructing wrapper function "daxpy"...
getarrdims:warning: assumed shape array, using 0 instead of '*'
getarrdims:warning: assumed shape array, using 0 instead of '*'
          daxpy(n,da,dx,incx,dy,incy)
        Constructing wrapper function "dcopy"...
getarrdims:warning: assumed shape array, using 0 instead of '*'
getarrdims:warning: assumed shape array, using 0 instead of '*'
          dcopy(n,dx,incx,dy,incy)
		Creating wrapper for Fortran function "ddot"("ddot")...
        Constructing wrapper function "ddot"...
getarrdims:warning: assumed shape array, using 0 instead of '*'
getarrdims:warning: assumed shape array, using 0 instead of '*'
          ddot = ddot(n,dx,incx,dy,incy)
        Constructing wrapper function "dswap"...
getarrdims:warning: assumed shape array, using 0 instead of '*'
getarrdims:warning: assumed shape array, using 0 instead of '*'
          dswap(n,dx,incx,dy,incy)
		Creating wrapper for Fortran function "idamax"("idamax")...
        Constructing wrapper function "idamax"...
getarrdims:warning: assumed shape array, using 0 instead of '*'
          idamax = idamax(n,dx,incx)
        Constructing wrapper function "dgemm"...
getarrdims:warning: assumed shape array, using 0 instead of '*'
getarrdims:warning: assumed shape array, using 0 instead of '*'
getarrdims:warning: assumed shape array, using 0 instead of '*'
          dgemm(transa,transb,m,n,k,alpha,a,b,beta,c,[lda,ldb,ldc])
		Creating wrapper for Fortran function "lsame"("lsame")...
        Constructing wrapper function "lsame"...
          lsame = lsame(ca,cb)
        Constructing wrapper function "xerbla"...
          xerbla(srname,info)
        Constructing wrapper function "dgemv"...
getarrdims:warning: assumed shape array, using 0 instead of '*'
getarrdims:warning: assumed shape array, using 0 instead of '*'
getarrdims:warning: assumed shape array, using 0 instead of '*'
          dgemv(trans,m,n,alpha,a,x,incx,beta,y,incy,[lda])
		Constructing F90 module support for "common_tools"...
		  Variables: r_size r_dble r_sngl pi gg rd cp re r_omega t0c undef
            Constructing wrapper function "common_tools.com_mean"...
              amean = com_mean(var,[ndim])
            Constructing wrapper function "common_tools.com_stdev"...
              aout = com_stdev(var,[ndim])
            Constructing wrapper function "common_tools.com_var"...
              aout = com_var(var,[ndim])
            Constructing wrapper function "common_tools.com_covar"...
              cov = com_covar(var1,var2,[ndim])
            Constructing wrapper function "common_tools.com_correl"...
              cor = com_correl(var1,var2,[ndim])
            Constructing wrapper function "common_tools.com_anomcorrel"...
              cor = com_anomcorrel(var1,var2,varmean,[ndim])
            Constructing wrapper function "common_tools.com_l2norm"...
              anorm = com_l2norm(var,[ndim])
            Constructing wrapper function "common_tools.com_rms"...
              rmsv = com_rms(var,[ndim])
            Constructing wrapper function "common_tools.com_filter_lanczos"...
              com_filter_lanczos(fc,var,[ndim])
            Constructing wrapper function "common_tools.com_rand"...
              var = com_rand(ndim)
            Constructing wrapper function "common_tools.com_randn"...
              var = com_randn(ndim)
            Constructing wrapper function "common_tools.com_interp_spline"...
              y5 = com_interp_spline(x,y,x5,[ndim,n])
            Constructing wrapper function "common_tools.log_sum_vec"...
              log_sum = log_sum_vec(logvec,[ne])
		Constructing F90 module support for "rand_matrix"...
            Constructing wrapper function "rand_matrix.pdaf_generate_rndmat"...
              rndmat = pdaf_generate_rndmat(dim,mattype)
		Constructing F90 module support for "common_mtx"...
            Constructing wrapper function "common_mtx.mtx_eigen"...
              eival,eivec,nrank_eff = mtx_eigen(imode,a,[n])
            Constructing wrapper function "common_mtx.mtx_inv"...
              ainv = mtx_inv(a,[n])
            Constructing wrapper function "common_mtx.mtx_sqrt"...
              a_sqrt = mtx_sqrt(a,[n])
            Constructing wrapper function "common_mtx.mtx_inv_eivec"...
              a_inv = mtx_inv_eivec(a,[n])
            Constructing wrapper function "common_mtx.mtx_inv_rg"...
              ff = mtx_inv_rg(aa,[n])
		Constructing F90 module support for "common_letkf"...
            Constructing wrapper function "common_letkf.letkf_core"...
              trans,transm,pao = letkf_core(hdxb,rdiag,rloc,dep,parm_infl,minfl,[ne,nobsl])
            Constructing wrapper function "common_letkf.weight_rtps"...
              wrlx = weight_rtps(relax_alpha_spread,w,pa,xb,[ne])
            Constructing wrapper function "common_letkf.weight_rtpp"...
              wrlx = weight_rtpp(relax_alpha,w,[ne])
            Constructing wrapper function "common_letkf.weight_epes"...
              wrlx = weight_epes(relax_alpha_spreadw,w,[ne])
            Constructing wrapper function "common_letkf.weight_modepes"...
              wrlx = weight_modepes(relax_alpha_spreadw,w,[ne])
		Constructing F90 module support for "common_pf"...
		  Variables: stop_threshold_sinkhorn max_iter_sinkhorn lambda_reg stop_threshold_riccati dt_riccati max_iter_riccati
            Constructing wrapper function "common_pf.letpf_core"...
              wa,w = letpf_core(ndim,dens,m,rdiag,multinf,w_in,[ne,nobsl])
            Constructing wrapper function "common_pf.riccati_solver"...
              delta = riccati_solver(d,win,dt,stop_threshold,max_iter,multinf,[ne])
            Constructing wrapper function "common_pf.get_distance_matrix"...
              m = get_distance_matrix(xens,[ne,nx,nvar,nt])
            Constructing wrapper function "common_pf.sinkhorn_ot"...
              w = sinkhorn_ot(wi,wt,m,lambda_reg,stop_threshold,max_iter,[ne])
            Constructing wrapper function "common_pf.sinkhorn_ot_robust"...
              w = sinkhorn_ot_robust(wi,wt,m,lambda_reg,stop_threshold,max_iter,[ne])
		Constructing F90 module support for "common_gm"...
            Constructing wrapper function "common_gm.letkf_gm_core"...
              trans,trans_pert = letkf_gm_core(hdxb,rdiag,dep,parm_infl,minfl,beta_coef,[ne,nobsl])
            Constructing wrapper function "common_gm.letkf_gm_localh_core"...
              trans = letkf_gm_localh_core(hdxb,rdiag,dep,parm_infl,minfl,beta_coef,[ne,nobsl])
            Constructing wrapper function "common_gm.pf_weight_core"...
              wa = pf_weight_core(hdxb,dep,rdiag,beta_coef,gamma_coef,[ne,nobsl])
            Constructing wrapper function "common_gm.pf_weight_localh_core"...
              wa = pf_weight_localh_core(hdxb,dep,rdiag,beta_coef,gamma_coef,[ne,nobsl])
            Constructing wrapper function "common_gm.netpf_w"...
              w = netpf_w(wa_in,[ne])
		Constructing F90 module support for "common_da_tools"...
            Constructing wrapper function "common_da_tools.da_letkf"...
              xaens = da_letkf(xloc,tloc,xfens,obs,obsloc,ofens,rdiag,loc_scale,inf_coef,update_smooth_coef,temp_factor,[nx,nt,no,nens,nvar])
            Constructing wrapper function "common_da_tools.da_etkf"...
              xaens = da_etkf(xfens,obs,ofens,rdiag,inf_coefs,[nx,nt,no,nens,nvar])
            Constructing wrapper function "common_da_tools.da_gmdr"...
              xaens,w_pf,kpert = da_gmdr(xloc,tloc,xfens,obs,obsloc,ofens,rdiag,loc_scale,inf_coefs,beta_coef,gamma_coef,resampling_type,temp_factor,[nx,nt,no,nens,nvar])
            Constructing wrapper function "common_da_tools.da_gmdr_localh"...
              xaens,w_pf = da_gmdr_localh(xloc,tloc,xfens,obs,obsloc,ofens,rdiag,loc_scale,inf_coefs,beta_coef,gamma_coef,resampling_type,temp_factor,[nx,nt,no,nens,nvar])
            Constructing wrapper function "common_da_tools.da_letpf"...
              xaens,wa = da_letpf(xloc,tloc,xfens,obs,obsloc,ofens,rdiag,loc_scale,multinf,temp_factor,w_in,[nx,nt,no,nens,nvar])
            Constructing wrapper function "common_da_tools.da_pseudo_time_step"...
              a_coef,b_coef = da_pseudo_time_step(nvar,xloc,tloc,obsloc,ofens,rdiag,loc_scale,niter,[nx,nt,no,nens])
            Constructing wrapper function "common_da_tools.r_localization"...
              no_loc,ofpert_loc,d_loc,rdiag_loc,rwf_loc = r_localization(ofpert,d,rdiag,grid_loc,x_min,x_max,dx,obsloc,loc_scale,[no,nens])
            Constructing wrapper function "common_da_tools.r_localization_localh"...
              no_loc,ofpert_loc,d_loc,rdiag_loc,rwf_loc = r_localization_localh(ofpert,d,rdiag,grid_loc,x_min,x_max,dx,obsloc,loc_scale,[no,nens])
            Constructing wrapper function "common_da_tools.distance_x"...
              distance = distance_x(x1,x2,x_min,x_max,dx)
            Constructing wrapper function "common_da_tools.da_mean_and_pert"...
              xfmean,xfpert = da_mean_and_pert(xfens,[nx,nt,nvar,nens])
            Constructing wrapper function "common_da_tools.da_particle_rejuvenation"...
              xaens_rejuv,xpert_rejuv = da_particle_rejuvenation(xaens,xfens,rejuv_param,temp_factor,[nx,nt,nvar,nens])
            Constructing wrapper function "common_da_tools.gaussian_mixture_sampling"...
              sample_ens,output_weights = gaussian_mixture_sampling(mean_ens,input_weights,kernel_perts,amp_factor,[nens,nvar,nx,nt])
            Constructing wrapper function "common_da_tools.gaussian_mixture_colapse"...
              mean_ens,output_weights = gaussian_mixture_colapse(input_weights,sample_ens,[nens,nvar,nx,nt,amp_factor])
    Wrote C/API module "da" to file "/tmp/tmptwbp5z0d/src.linux-x86_64-3.10/damodule.c"
    Fortran 77 wrappers are saved to "/tmp/tmptwbp5z0d/src.linux-x86_64-3.10/da-f2pywrappers.f"
    Fortran 90 wrappers are saved to "/tmp/tmptwbp5z0d/src.linux-x86_64-3.10/da-f2pywrappers2.f90"
INFO:   adding '/tmp/tmptwbp5z0d/src.linux-x86_64-3.10/fortranobject.c' to sources.
INFO:   adding '/tmp/tmptwbp5z0d/src.linux-x86_64-3.10' to include_dirs.
copying /home/jruiz/anaconda3/lib/python3.10/site-packages/numpy/f2py/src/fortranobject.c -> /tmp/tmptwbp5z0d/src.linux-x86_64-3.10
copying /home/jruiz/anaconda3/lib/python3.10/site-packages/numpy/f2py/src/fortranobject.h -> /tmp/tmptwbp5z0d/src.linux-x86_64-3.10
INFO:   adding '/tmp/tmptwbp5z0d/src.linux-x86_64-3.10/da-f2pywrappers.f' to sources.
INFO:   adding '/tmp/tmptwbp5z0d/src.linux-x86_64-3.10/da-f2pywrappers2.f90' to sources.
INFO: build_src: building npy-pkg config files
running build_ext
INFO: customize UnixCCompiler
INFO: customize UnixCCompiler using build_ext
INFO: get_default_fcompiler: matching types: '['arm', 'gnu95', 'intel', 'lahey', 'pg', 'nv', 'absoft', 'nag', 'vast', 'compaq', 'intele', 'intelem', 'gnu', 'g95', 'pathf95', 'nagfor', 'fujitsu']'
INFO: customize ArmFlangCompiler
WARN: Could not locate executable armflang
INFO: customize Gnu95FCompiler
INFO: Found executable /usr/bin/gfortran
INFO: customize Gnu95FCompiler
INFO: customize Gnu95FCompiler using build_ext
INFO: building 'da' extension
INFO: compiling C sources
INFO: C compiler: gcc -pthread -B /home/jruiz/anaconda3/compiler_compat -Wno-unused-result -Wsign-compare -DNDEBUG -fwrapv -O2 -Wall -fPIC -O2 -isystem /home/jruiz/anaconda3/include -fPIC -O2 -isystem /home/jruiz/anaconda3/include -fPIC

creating /tmp/tmptwbp5z0d/tmp
creating /tmp/tmptwbp5z0d/tmp/tmptwbp5z0d
creating /tmp/tmptwbp5z0d/tmp/tmptwbp5z0d/src.linux-x86_64-3.10
INFO: compile options: '-DNPY_DISABLE_OPTIMIZATION=1 -I/tmp/tmptwbp5z0d/src.linux-x86_64-3.10 -I/home/jruiz/anaconda3/lib/python3.10/site-packages/numpy/core/include -I/home/jruiz/anaconda3/include/python3.10 -c'
INFO: gcc: /tmp/tmptwbp5z0d/src.linux-x86_64-3.10/damodule.c
INFO: gcc: /tmp/tmptwbp5z0d/src.linux-x86_64-3.10/fortranobject.c
INFO: compiling Fortran 90 module sources
INFO: Fortran f77 compiler: /usr/bin/gfortran -Wall -g -ffixed-form -fno-second-underscore -fPIC -O3
Fortran f90 compiler: /usr/bin/gfortran -fopenmp -fPIC -O3
Fortran fix compiler: /usr/bin/gfortran -Wall -g -ffixed-form -fno-second-underscore -fopenmp -fPIC -O3
INFO: compile options: '-I/tmp/tmptwbp5z0d/src.linux-x86_64-3.10 -I/home/jruiz/anaconda3/lib/python3.10/site-packages/numpy/core/include -I/home/jruiz/anaconda3/include/python3.10 -c'
extra options: '-J/tmp/tmptwbp5z0d/ -I/tmp/tmptwbp5z0d/'
INFO: gfortran:f90: common_tools.f90
INFO: gfortran:f90: PDAF_generate_rndmat.F90
INFO: gfortran:f90: common_mtx.f90
INFO: gfortran:f90: common_letkf.f90
INFO: gfortran:f90: common_pf.f90
INFO: gfortran:f90: common_gm.f90
INFO: gfortran:f90: common_da_tools_1d.f90
INFO: compiling Fortran sources
INFO: Fortran f77 compiler: /usr/bin/gfortran -Wall -g -ffixed-form -fno-second-underscore -fPIC -O3
Fortran f90 compiler: /usr/bin/gfortran -fopenmp -fPIC -O3
Fortran fix compiler: /usr/bin/gfortran -Wall -g -ffixed-form -fno-second-underscore -fopenmp -fPIC -O3
INFO: compile options: '-I/tmp/tmptwbp5z0d/src.linux-x86_64-3.10 -I/home/jruiz/anaconda3/lib/python3.10/site-packages/numpy/core/include -I/home/jruiz/anaconda3/include/python3.10 -c'
extra options: '-J/tmp/tmptwbp5z0d/ -I/tmp/tmptwbp5z0d/'
INFO: gfortran:fix: netlib.f90
INFO: gfortran:f90: /tmp/tmptwbp5z0d/src.linux-x86_64-3.10/da-f2pywrappers2.f90
INFO: gfortran:f77: /tmp/tmptwbp5z0d/src.linux-x86_64-3.10/da-f2pywrappers.f
INFO: /usr/bin/gfortran -Wall -g -Wall -g -shared /tmp/tmptwbp5z0d/tmp/tmptwbp5z0d/src.linux-x86_64-3.10/damodule.o /tmp/tmptwbp5z0d/tmp/tmptwbp5z0d/src.linux-x86_64-3.10/fortranobject.o /tmp/tmptwbp5z0d/common_tools.o /tmp/tmptwbp5z0d/PDAF_generate_rndmat.o /tmp/tmptwbp5z0d/common_mtx.o /tmp/tmptwbp5z0d/common_letkf.o /tmp/tmptwbp5z0d/common_pf.o /tmp/tmptwbp5z0d/common_gm.o /tmp/tmptwbp5z0d/common_da_tools_1d.o /tmp/tmptwbp5z0d/netlib.o /tmp/tmptwbp5z0d/tmp/tmptwbp5z0d/src.linux-x86_64-3.10/da-f2pywrappers.o /tmp/tmptwbp5z0d/tmp/tmptwbp5z0d/src.linux-x86_64-3.10/da-f2pywrappers2.o -L/usr/lib/gcc/x86_64-linux-gnu/10 -L/usr/lib/gcc/x86_64-linux-gnu/10 -lgomp -lgfortran -o ./da.cpython-310-x86_64-linux-gnu.so
Removing build directory /tmp/tmptwbp5z0d
Normal end
