Reading observations from file  ./data/Nature/NatureR5_Den1_Freq4_Hradar.npz

This is a TWIN experiment

Using AlphaTempScale to compute tempering dt
Tempering steps:  [1.]
Dt pseudo times:  [1.]
Data assimilation cycle #  100
Data assimilation cycle #  200
Data assimilation cycle #  300
Data assimilation cycle #  400
Data assimilation cycle #  500
Data assimilation cycle #  600
Data assimilation cycle #  700
Data assimilation cycle #  800
Data assimilation cycle #  900
Data assimilation cycle #  1000
Data assimilation cycle #  1100
Data assimilation cycle #  1200
Data assimilation cycle #  1300
Data assimilation cycle #  1400
Data assimilation cycle #  1500
Data assimilation cycle #  1600
Data assimilation cycle #  1700
Data assimilation cycle #  1800
Data assimilation cycle #  1900
Data assimilation cycle #  2000
Data assimilation cycle #  2100
Data assimilation cycle #  2200
Data assimilation cycle #  2300
Data assimilation cycle #  2400
Data assimilation cycle #  2500
Data assimilation cycle #  2600
Data assimilation cycle #  2700
Data assimilation cycle #  2800
Data assimilation cycle #  2900
Data assimilation cycle #  3000
Data assimilation cycle #  3100
Data assimilation cycle #  3200
Data assimilation cycle #  3300
Data assimilation cycle #  3400
Data assimilation cycle #  3500
Data assimilation cycle #  3600
Data assimilation cycle #  3700
Data assimilation cycle #  3800
Data assimilation cycle #  3900
Data assimilation cycle #  4000
Data assimilation cycle #  4100
Data assimilation cycle #  4200
Data assimilation cycle #  4300
Data assimilation cycle #  4400
Data assimilation cycle #  4500
Data assimilation cycle #  4600
Data assimilation cycle #  4700
Data assimilation cycle #  4800
Data assimilation cycle #  4900
Data assimilation cycle #  5000
Data assimilation cycle #  5100
Data assimilation cycle #  5200
Data assimilation cycle #  5300
Data assimilation cycle #  5400
Data assimilation cycle #  5500
Data assimilation cycle #  5600
Data assimilation cycle #  5700
Data assimilation cycle #  5800
Data assimilation cycle #  5900
Data assimilation cycle #  6000
Data assimilation cycle #  6100
Data assimilation cycle #  6200
Data assimilation cycle #  6300
Data assimilation cycle #  6400
Data assimilation cycle #  6500
Data assimilation cycle #  6600
Data assimilation cycle #  6700
Data assimilation cycle #  6800
Data assimilation cycle #  6900
Data assimilation cycle #  7000
Data assimilation cycle #  7100
Data assimilation cycle #  7200
Data assimilation cycle #  7300
Data assimilation cycle #  7400
Data assimilation cycle #  7500
Data assimilation cycle #  7600
Data assimilation cycle #  7700
Data assimilation cycle #  7800
Data assimilation cycle #  7900
Data assimilation cycle #  8000
Data assimilation cycle #  8100
Data assimilation cycle #  8200
Data assimilation cycle #  8300
Data assimilation cycle #  8400
Data assimilation cycle #  8500
Data assimilation cycle #  8600
Data assimilation cycle #  8700
Data assimilation cycle #  8800
Data assimilation cycle #  8900
Data assimilation cycle #  9000
Data assimilation cycle #  9100
Data assimilation cycle #  9200
Data assimilation cycle #  9300
Data assimilation cycle #  9400
Data assimilation cycle #  9500
Data assimilation cycle #  9600
Data assimilation cycle #  9700
Data assimilation cycle #  9800
Data assimilation cycle #  9900
Data assimilation cycle #  10000
Data assimilation cycle #  10100
Data assimilation cycle #  10200
Data assimilation cycle #  10300
Data assimilation cycle #  10400
Data assimilation cycle #  10500
Data assimilation cycle #  10600
Data assimilation cycle #  10700
Data assimilation cycle #  10800
Data assimilation cycle #  10900
Data assimilation cycle #  11000
Data assimilation cycle #  11100
Data assimilation cycle #  11200
Data assimilation cycle #  11300
Data assimilation cycle #  11400
Data assimilation cycle #  11500
Data assimilation cycle #  11600
Data assimilation cycle #  11700
Data assimilation cycle #  11800
Data assimilation cycle #  11900
Data assimilation cycle #  12000
Data assimilation cycle #  12100
Data assimilation cycle #  12200
Data assimilation cycle #  12300
Data assimilation cycle #  12400
Data assimilation cycle #  12500
Data assimilation cycle #  12600
Data assimilation cycle #  12700
Data assimilation cycle #  12800
Data assimilation cycle #  12900
Data assimilation cycle #  13000
Data assimilation cycle #  13100
Data assimilation cycle #  13200
Data assimilation cycle #  13300
Data assimilation cycle #  13400
Data assimilation cycle #  13500
Data assimilation cycle #  13600
Data assimilation cycle #  13700
Data assimilation cycle #  13800
Data assimilation cycle #  13900
Data assimilation cycle #  14000
Data assimilation cycle #  14100
Data assimilation cycle #  14200
Data assimilation cycle #  14300
Data assimilation cycle #  14400
Data assimilation cycle #  14500
Data assimilation cycle #  14600
Data assimilation cycle #  14700
Data assimilation cycle #  14800
Data assimilation cycle #  14900
Data assimilation cycle #  15000
Data assimilation cycle #  15100
Data assimilation cycle #  15200
Data assimilation cycle #  15300
Data assimilation cycle #  15400
Data assimilation cycle #  15500
Data assimilation cycle #  15600
Data assimilation cycle #  15700
Data assimilation cycle #  15800
Data assimilation cycle #  15900
Data assimilation cycle #  16000
Data assimilation cycle #  16100
Data assimilation cycle #  16200
Data assimilation cycle #  16300
Data assimilation cycle #  16400
Data assimilation cycle #  16500
Data assimilation cycle #  16600
Data assimilation cycle #  16700
Data assimilation cycle #  16800
Data assimilation cycle #  16900
Data assimilation cycle #  17000
Data assimilation cycle #  17100
Data assimilation cycle #  17200
Data assimilation cycle #  17300
Data assimilation cycle #  17400
Data assimilation cycle #  17500
Data assimilation cycle #  17600
Data assimilation cycle #  17700
Data assimilation cycle #  17800
Data assimilation cycle #  17900
Data assimilation cycle #  18000
Data assimilation cycle #  18100
Data assimilation cycle #  18200
Data assimilation cycle #  18300
Data assimilation cycle #  18400
Data assimilation cycle #  18500
Data assimilation cycle #  18600
Data assimilation cycle #  18700
Data assimilation cycle #  18800
Data assimilation cycle #  18900
Data assimilation cycle #  19000
Data assimilation cycle #  19100
Data assimilation cycle #  19200
Data assimilation cycle #  19300
Data assimilation cycle #  19400
Data assimilation cycle #  19500
Data assimilation cycle #  19600
Data assimilation cycle #  19700
Data assimilation cycle #  19800
Data assimilation cycle #  19900
Multiplicative Inflation 1.1
Tempering iterations 1
AlphaTemp [1.]
Analisis RMSE:  4.762246857992553
Forecast RMSE:  4.781075271503165
Analisis SPRD:  0.1382652289480465
Forecast SPRD:  0.15148752935602555
Reading observations from file  ./data/Nature/NatureR5_Den1_Freq4_Hradar.npz

This is a TWIN experiment

Using AlphaTempScale to compute tempering dt
Tempering steps:  [0.96442881 0.03557119]
Dt pseudo times:  [0.03557119 0.96442881]
Data assimilation cycle #  100
Data assimilation cycle #  200
Data assimilation cycle #  300
Data assimilation cycle #  400
Data assimilation cycle #  500
Data assimilation cycle #  600
Data assimilation cycle #  700
Data assimilation cycle #  800
Data assimilation cycle #  900
Data assimilation cycle #  1000
Data assimilation cycle #  1100
Data assimilation cycle #  1200
Data assimilation cycle #  1300
Data assimilation cycle #  1400
Data assimilation cycle #  1500
Data assimilation cycle #  1600
Data assimilation cycle #  1700
Data assimilation cycle #  1800
Data assimilation cycle #  1900
Data assimilation cycle #  2000
Data assimilation cycle #  2100
Data assimilation cycle #  2200
Data assimilation cycle #  2300
Data assimilation cycle #  2400
Data assimilation cycle #  2500
Data assimilation cycle #  2600
Data assimilation cycle #  2700
Data assimilation cycle #  2800
Data assimilation cycle #  2900
Data assimilation cycle #  3000
Data assimilation cycle #  3100
Data assimilation cycle #  3200
Data assimilation cycle #  3300
Data assimilation cycle #  3400
Data assimilation cycle #  3500
Data assimilation cycle #  3600
Data assimilation cycle #  3700
Data assimilation cycle #  3800
Data assimilation cycle #  3900
Data assimilation cycle #  4000
Data assimilation cycle #  4100
Data assimilation cycle #  4200
Data assimilation cycle #  4300
Data assimilation cycle #  4400
Data assimilation cycle #  4500
Data assimilation cycle #  4600
Data assimilation cycle #  4700
Data assimilation cycle #  4800
Data assimilation cycle #  4900
Data assimilation cycle #  5000
Data assimilation cycle #  5100
Data assimilation cycle #  5200
Data assimilation cycle #  5300
Data assimilation cycle #  5400
Data assimilation cycle #  5500
Data assimilation cycle #  5600
Data assimilation cycle #  5700
Data assimilation cycle #  5800
Data assimilation cycle #  5900
Data assimilation cycle #  6000
Data assimilation cycle #  6100
Data assimilation cycle #  6200
Data assimilation cycle #  6300
Data assimilation cycle #  6400
Data assimilation cycle #  6500
Data assimilation cycle #  6600
Data assimilation cycle #  6700
Data assimilation cycle #  6800
Data assimilation cycle #  6900
Data assimilation cycle #  7000
Data assimilation cycle #  7100
Data assimilation cycle #  7200
Data assimilation cycle #  7300
Data assimilation cycle #  7400
Data assimilation cycle #  7500
Data assimilation cycle #  7600
Data assimilation cycle #  7700
Data assimilation cycle #  7800
Data assimilation cycle #  7900
Data assimilation cycle #  8000
Data assimilation cycle #  8100
Data assimilation cycle #  8200
Data assimilation cycle #  8300
Data assimilation cycle #  8400
Data assimilation cycle #  8500
Data assimilation cycle #  8600
Data assimilation cycle #  8700
Data assimilation cycle #  8800
Data assimilation cycle #  8900
Data assimilation cycle #  9000
Data assimilation cycle #  9100
Data assimilation cycle #  9200
Data assimilation cycle #  9300
Data assimilation cycle #  9400
Data assimilation cycle #  9500
Data assimilation cycle #  9600
Data assimilation cycle #  9700
Data assimilation cycle #  9800
Data assimilation cycle #  9900
Data assimilation cycle #  10000
Data assimilation cycle #  10100
Data assimilation cycle #  10200
Data assimilation cycle #  10300
Data assimilation cycle #  10400
Data assimilation cycle #  10500
Data assimilation cycle #  10600
Data assimilation cycle #  10700
Data assimilation cycle #  10800
Data assimilation cycle #  10900
Data assimilation cycle #  11000
Data assimilation cycle #  11100
Data assimilation cycle #  11200
Data assimilation cycle #  11300
Data assimilation cycle #  11400
Data assimilation cycle #  11500
Data assimilation cycle #  11600
Data assimilation cycle #  11700
Data assimilation cycle #  11800
Data assimilation cycle #  11900
Data assimilation cycle #  12000
Data assimilation cycle #  12100
Data assimilation cycle #  12200
Data assimilation cycle #  12300
Data assimilation cycle #  12400
Data assimilation cycle #  12500
Data assimilation cycle #  12600
Data assimilation cycle #  12700
Data assimilation cycle #  12800
Data assimilation cycle #  12900
Data assimilation cycle #  13000
Data assimilation cycle #  13100
Data assimilation cycle #  13200
Data assimilation cycle #  13300
Data assimilation cycle #  13400
Data assimilation cycle #  13500
Data assimilation cycle #  13600
Data assimilation cycle #  13700
Data assimilation cycle #  13800
Data assimilation cycle #  13900
Data assimilation cycle #  14000
Data assimilation cycle #  14100
Data assimilation cycle #  14200
Data assimilation cycle #  14300
Data assimilation cycle #  14400
Data assimilation cycle #  14500
Data assimilation cycle #  14600
Data assimilation cycle #  14700
Data assimilation cycle #  14800
Data assimilation cycle #  14900
Data assimilation cycle #  15000
Data assimilation cycle #  15100
Data assimilation cycle #  15200
Data assimilation cycle #  15300
Data assimilation cycle #  15400
Data assimilation cycle #  15500
Data assimilation cycle #  15600
Data assimilation cycle #  15700
Data assimilation cycle #  15800
Data assimilation cycle #  15900
Data assimilation cycle #  16000
Data assimilation cycle #  16100
Data assimilation cycle #  16200
Data assimilation cycle #  16300
Data assimilation cycle #  16400
Data assimilation cycle #  16500
Data assimilation cycle #  16600
Data assimilation cycle #  16700
Data assimilation cycle #  16800
Data assimilation cycle #  16900
Data assimilation cycle #  17000
Data assimilation cycle #  17100
Data assimilation cycle #  17200
Data assimilation cycle #  17300
Data assimilation cycle #  17400
Data assimilation cycle #  17500
Data assimilation cycle #  17600
Data assimilation cycle #  17700
Data assimilation cycle #  17800
Data assimilation cycle #  17900
Data assimilation cycle #  18000
Data assimilation cycle #  18100
Data assimilation cycle #  18200
Data assimilation cycle #  18300
Data assimilation cycle #  18400
Data assimilation cycle #  18500
Data assimilation cycle #  18600
Data assimilation cycle #  18700
Data assimilation cycle #  18800
Data assimilation cycle #  18900
Data assimilation cycle #  19000
Data assimilation cycle #  19100
Data assimilation cycle #  19200
Data assimilation cycle #  19300
Data assimilation cycle #  19400
Data assimilation cycle #  19500
Data assimilation cycle #  19600
Data assimilation cycle #  19700
Data assimilation cycle #  19800
Data assimilation cycle #  19900
Multiplicative Inflation 1.1
Tempering iterations 2
AlphaTemp [0.96442881 0.03557119]
Analisis RMSE:  4.743002856624669
Forecast RMSE:  4.762053012899386
Analisis SPRD:  0.13226783689819724
Forecast SPRD:  0.14486360348789148
Reading observations from file  ./data/Nature/NatureR5_Den1_Freq4_Hradar.npz

This is a TWIN experiment

Using AlphaTempScale to compute tempering dt
Tempering steps:  [0.98511526 0.01209459 0.00279014]
Dt pseudo times:  [0.0022961  0.18701939 0.81068451]
Data assimilation cycle #  100
Data assimilation cycle #  200
Data assimilation cycle #  300
Data assimilation cycle #  400
Data assimilation cycle #  500
Data assimilation cycle #  600
Data assimilation cycle #  700
Data assimilation cycle #  800
Data assimilation cycle #  900
Data assimilation cycle #  1000
Data assimilation cycle #  1100
Data assimilation cycle #  1200
Data assimilation cycle #  1300
Data assimilation cycle #  1400
Data assimilation cycle #  1500
Data assimilation cycle #  1600
Data assimilation cycle #  1700
Data assimilation cycle #  1800
Data assimilation cycle #  1900
Data assimilation cycle #  2000
Data assimilation cycle #  2100
Data assimilation cycle #  2200
Data assimilation cycle #  2300
Data assimilation cycle #  2400
Data assimilation cycle #  2500
Data assimilation cycle #  2600
Data assimilation cycle #  2700
Data assimilation cycle #  2800
Data assimilation cycle #  2900
Data assimilation cycle #  3000
Data assimilation cycle #  3100
Data assimilation cycle #  3200
Data assimilation cycle #  3300
Data assimilation cycle #  3400
Data assimilation cycle #  3500
Data assimilation cycle #  3600
Data assimilation cycle #  3700
Data assimilation cycle #  3800
Data assimilation cycle #  3900
Data assimilation cycle #  4000
Data assimilation cycle #  4100
Data assimilation cycle #  4200
Data assimilation cycle #  4300
Data assimilation cycle #  4400
Data assimilation cycle #  4500
Data assimilation cycle #  4600
Data assimilation cycle #  4700
Data assimilation cycle #  4800
Data assimilation cycle #  4900
Data assimilation cycle #  5000
Data assimilation cycle #  5100
Data assimilation cycle #  5200
Data assimilation cycle #  5300
Data assimilation cycle #  5400
Data assimilation cycle #  5500
Data assimilation cycle #  5600
Data assimilation cycle #  5700
Data assimilation cycle #  5800
Data assimilation cycle #  5900
Data assimilation cycle #  6000
Data assimilation cycle #  6100
Data assimilation cycle #  6200
Data assimilation cycle #  6300
Data assimilation cycle #  6400
Data assimilation cycle #  6500
Data assimilation cycle #  6600
Data assimilation cycle #  6700
Data assimilation cycle #  6800
Data assimilation cycle #  6900
Data assimilation cycle #  7000
Data assimilation cycle #  7100
Data assimilation cycle #  7200
Data assimilation cycle #  7300
Data assimilation cycle #  7400
Data assimilation cycle #  7500
Data assimilation cycle #  7600
Data assimilation cycle #  7700
Data assimilation cycle #  7800
Data assimilation cycle #  7900
Data assimilation cycle #  8000
Data assimilation cycle #  8100
Data assimilation cycle #  8200
Data assimilation cycle #  8300
Data assimilation cycle #  8400
Data assimilation cycle #  8500
Data assimilation cycle #  8600
Data assimilation cycle #  8700
Data assimilation cycle #  8800
Data assimilation cycle #  8900
Data assimilation cycle #  9000
Data assimilation cycle #  9100
Data assimilation cycle #  9200
Data assimilation cycle #  9300
Data assimilation cycle #  9400
Data assimilation cycle #  9500
Data assimilation cycle #  9600
Data assimilation cycle #  9700
Data assimilation cycle #  9800
Data assimilation cycle #  9900
Data assimilation cycle #  10000
Data assimilation cycle #  10100
Data assimilation cycle #  10200
Data assimilation cycle #  10300
Data assimilation cycle #  10400
Data assimilation cycle #  10500
Data assimilation cycle #  10600
Data assimilation cycle #  10700
Data assimilation cycle #  10800
Data assimilation cycle #  10900
Data assimilation cycle #  11000
Data assimilation cycle #  11100
Data assimilation cycle #  11200
Data assimilation cycle #  11300
Data assimilation cycle #  11400
Data assimilation cycle #  11500
Data assimilation cycle #  11600
Data assimilation cycle #  11700
Data assimilation cycle #  11800
Data assimilation cycle #  11900
Data assimilation cycle #  12000
Data assimilation cycle #  12100
Data assimilation cycle #  12200
Data assimilation cycle #  12300
Data assimilation cycle #  12400
Data assimilation cycle #  12500
Data assimilation cycle #  12600
Data assimilation cycle #  12700
Data assimilation cycle #  12800
Data assimilation cycle #  12900
Data assimilation cycle #  13000
Data assimilation cycle #  13100
Data assimilation cycle #  13200
Data assimilation cycle #  13300
Data assimilation cycle #  13400
Data assimilation cycle #  13500
Data assimilation cycle #  13600
Data assimilation cycle #  13700
Data assimilation cycle #  13800
Data assimilation cycle #  13900
Data assimilation cycle #  14000
Data assimilation cycle #  14100
Data assimilation cycle #  14200
Data assimilation cycle #  14300
Data assimilation cycle #  14400
Data assimilation cycle #  14500
Data assimilation cycle #  14600
Data assimilation cycle #  14700
Data assimilation cycle #  14800
Data assimilation cycle #  14900
Data assimilation cycle #  15000
Data assimilation cycle #  15100
Data assimilation cycle #  15200
Data assimilation cycle #  15300
Data assimilation cycle #  15400
Data assimilation cycle #  15500
Data assimilation cycle #  15600
Data assimilation cycle #  15700
Data assimilation cycle #  15800
Data assimilation cycle #  15900
Data assimilation cycle #  16000
Data assimilation cycle #  16100
Data assimilation cycle #  16200
Data assimilation cycle #  16300
Data assimilation cycle #  16400
Data assimilation cycle #  16500
Data assimilation cycle #  16600
Data assimilation cycle #  16700
Data assimilation cycle #  16800
Data assimilation cycle #  16900
Data assimilation cycle #  17000
Data assimilation cycle #  17100
Data assimilation cycle #  17200
Data assimilation cycle #  17300
Data assimilation cycle #  17400
Data assimilation cycle #  17500
Data assimilation cycle #  17600
Data assimilation cycle #  17700
Data assimilation cycle #  17800
Data assimilation cycle #  17900
Data assimilation cycle #  18000
Data assimilation cycle #  18100
Data assimilation cycle #  18200
Data assimilation cycle #  18300
Data assimilation cycle #  18400
Data assimilation cycle #  18500
Data assimilation cycle #  18600
Data assimilation cycle #  18700
Data assimilation cycle #  18800
Data assimilation cycle #  18900
Data assimilation cycle #  19000
Data assimilation cycle #  19100
Data assimilation cycle #  19200
Data assimilation cycle #  19300
Data assimilation cycle #  19400
Data assimilation cycle #  19500
Data assimilation cycle #  19600
Data assimilation cycle #  19700
Data assimilation cycle #  19800
Data assimilation cycle #  19900
Multiplicative Inflation 1.1
Tempering iterations 3
AlphaTemp [0.98511526 0.01209459 0.00279014]
Analisis RMSE:  4.769323556733736
Forecast RMSE:  4.787792423654348
Analisis SPRD:  0.11805660713693636
Forecast SPRD:  0.12913590881426376
Reading observations from file  ./data/Nature/NatureR5_Den1_Freq4_Hradar.npz

This is a TWIN experiment

Using AlphaTempScale to compute tempering dt
Tempering steps:  [9.95023468e-01 4.06643349e-03 6.50140354e-04 2.59958396e-04]
Dt pseudo times:  [1.78450572e-04 4.36654154e-02 2.73114115e-01 6.83042019e-01]
Data assimilation cycle #  100
Data assimilation cycle #  200
Data assimilation cycle #  300
Data assimilation cycle #  400
Data assimilation cycle #  500
Data assimilation cycle #  600
Data assimilation cycle #  700
Data assimilation cycle #  800
Data assimilation cycle #  900
Data assimilation cycle #  1000
Data assimilation cycle #  1100
Data assimilation cycle #  1200
Data assimilation cycle #  1300
Data assimilation cycle #  1400
Data assimilation cycle #  1500
Data assimilation cycle #  1600
Data assimilation cycle #  1700
Data assimilation cycle #  1800
Data assimilation cycle #  1900
Data assimilation cycle #  2000
Data assimilation cycle #  2100
Data assimilation cycle #  2200
Data assimilation cycle #  2300
Data assimilation cycle #  2400
Data assimilation cycle #  2500
Data assimilation cycle #  2600
Data assimilation cycle #  2700
Data assimilation cycle #  2800
Data assimilation cycle #  2900
Data assimilation cycle #  3000
Data assimilation cycle #  3100
Data assimilation cycle #  3200
Data assimilation cycle #  3300
Data assimilation cycle #  3400
Data assimilation cycle #  3500
Data assimilation cycle #  3600
Data assimilation cycle #  3700
Data assimilation cycle #  3800
Data assimilation cycle #  3900
Data assimilation cycle #  4000
Data assimilation cycle #  4100
Data assimilation cycle #  4200
Data assimilation cycle #  4300
Data assimilation cycle #  4400
Data assimilation cycle #  4500
Data assimilation cycle #  4600
Data assimilation cycle #  4700
Data assimilation cycle #  4800
Data assimilation cycle #  4900
Data assimilation cycle #  5000
Data assimilation cycle #  5100
Data assimilation cycle #  5200
Data assimilation cycle #  5300
Data assimilation cycle #  5400
Data assimilation cycle #  5500
Data assimilation cycle #  5600
Data assimilation cycle #  5700
Data assimilation cycle #  5800
Data assimilation cycle #  5900
Data assimilation cycle #  6000
Data assimilation cycle #  6100
Data assimilation cycle #  6200
Data assimilation cycle #  6300
Data assimilation cycle #  6400
Data assimilation cycle #  6500
Data assimilation cycle #  6600
Data assimilation cycle #  6700
Data assimilation cycle #  6800
Data assimilation cycle #  6900
Data assimilation cycle #  7000
Data assimilation cycle #  7100
Data assimilation cycle #  7200
Data assimilation cycle #  7300
Data assimilation cycle #  7400
Data assimilation cycle #  7500
Data assimilation cycle #  7600
Data assimilation cycle #  7700
Data assimilation cycle #  7800
Data assimilation cycle #  7900
Data assimilation cycle #  8000
Data assimilation cycle #  8100
Data assimilation cycle #  8200
Data assimilation cycle #  8300
Data assimilation cycle #  8400
Data assimilation cycle #  8500
Data assimilation cycle #  8600
Data assimilation cycle #  8700
Data assimilation cycle #  8800
Data assimilation cycle #  8900
Data assimilation cycle #  9000
Data assimilation cycle #  9100
Data assimilation cycle #  9200
Data assimilation cycle #  9300
Data assimilation cycle #  9400
Data assimilation cycle #  9500
Data assimilation cycle #  9600
Data assimilation cycle #  9700
Data assimilation cycle #  9800
Data assimilation cycle #  9900
Data assimilation cycle #  10000
Data assimilation cycle #  10100
Data assimilation cycle #  10200
Data assimilation cycle #  10300
Data assimilation cycle #  10400
Data assimilation cycle #  10500
Data assimilation cycle #  10600
Data assimilation cycle #  10700
Data assimilation cycle #  10800
Data assimilation cycle #  10900
Data assimilation cycle #  11000
Data assimilation cycle #  11100
Data assimilation cycle #  11200
Data assimilation cycle #  11300
Data assimilation cycle #  11400
Data assimilation cycle #  11500
Data assimilation cycle #  11600
Data assimilation cycle #  11700
Data assimilation cycle #  11800
Data assimilation cycle #  11900
Data assimilation cycle #  12000
Data assimilation cycle #  12100
Data assimilation cycle #  12200
Data assimilation cycle #  12300
Data assimilation cycle #  12400
Data assimilation cycle #  12500
Data assimilation cycle #  12600
Data assimilation cycle #  12700
Data assimilation cycle #  12800
Data assimilation cycle #  12900
Data assimilation cycle #  13000
Data assimilation cycle #  13100
Data assimilation cycle #  13200
Data assimilation cycle #  13300
Data assimilation cycle #  13400
Data assimilation cycle #  13500
Data assimilation cycle #  13600
Data assimilation cycle #  13700
Data assimilation cycle #  13800
Data assimilation cycle #  13900
Data assimilation cycle #  14000
Data assimilation cycle #  14100
Data assimilation cycle #  14200
Data assimilation cycle #  14300
Data assimilation cycle #  14400
Data assimilation cycle #  14500
Data assimilation cycle #  14600
Data assimilation cycle #  14700
Data assimilation cycle #  14800
Data assimilation cycle #  14900
Data assimilation cycle #  15000
Data assimilation cycle #  15100
Data assimilation cycle #  15200
Data assimilation cycle #  15300
Data assimilation cycle #  15400
Data assimilation cycle #  15500
Data assimilation cycle #  15600
Data assimilation cycle #  15700
Data assimilation cycle #  15800
Data assimilation cycle #  15900
Data assimilation cycle #  16000
Data assimilation cycle #  16100
Data assimilation cycle #  16200
Data assimilation cycle #  16300
Data assimilation cycle #  16400
Data assimilation cycle #  16500
Data assimilation cycle #  16600
Data assimilation cycle #  16700
Data assimilation cycle #  16800
Data assimilation cycle #  16900
Data assimilation cycle #  17000
Data assimilation cycle #  17100
Data assimilation cycle #  17200
Data assimilation cycle #  17300
Data assimilation cycle #  17400
Data assimilation cycle #  17500
Data assimilation cycle #  17600
Data assimilation cycle #  17700
Data assimilation cycle #  17800
Data assimilation cycle #  17900
Data assimilation cycle #  18000
Data assimilation cycle #  18100
Data assimilation cycle #  18200
Data assimilation cycle #  18300
Data assimilation cycle #  18400
Data assimilation cycle #  18500
Data assimilation cycle #  18600
Data assimilation cycle #  18700
Data assimilation cycle #  18800
Data assimilation cycle #  18900
Data assimilation cycle #  19000
Data assimilation cycle #  19100
Data assimilation cycle #  19200
Data assimilation cycle #  19300
Data assimilation cycle #  19400
Data assimilation cycle #  19500
Data assimilation cycle #  19600
Data assimilation cycle #  19700
Data assimilation cycle #  19800
Data assimilation cycle #  19900
Multiplicative Inflation 1.1
Tempering iterations 4
AlphaTemp [9.95023468e-01 4.06643349e-03 6.50140354e-04 2.59958396e-04]
Analisis RMSE:  4.775158506666377
Forecast RMSE:  4.793133378884216
Analisis SPRD:  0.1145413185129478
Forecast SPRD:  0.12561861732603025
Reading observations from file  ./data/Nature/NatureR5_Den1_Freq4_Hradar.npz

This is a TWIN experiment

Using AlphaTempScale to compute tempering dt
Tempering steps:  [1.]
Dt pseudo times:  [1.]
Data assimilation cycle #  100
Data assimilation cycle #  200
Data assimilation cycle #  300
Data assimilation cycle #  400
Data assimilation cycle #  500
Data assimilation cycle #  600
Data assimilation cycle #  700
Data assimilation cycle #  800
Data assimilation cycle #  900
Data assimilation cycle #  1000
Data assimilation cycle #  1100
Data assimilation cycle #  1200
Data assimilation cycle #  1300
Data assimilation cycle #  1400
Data assimilation cycle #  1500
Data assimilation cycle #  1600
Data assimilation cycle #  1700
Data assimilation cycle #  1800
Data assimilation cycle #  1900
Data assimilation cycle #  2000
Data assimilation cycle #  2100
Data assimilation cycle #  2200
Data assimilation cycle #  2300
Data assimilation cycle #  2400
Data assimilation cycle #  2500
Data assimilation cycle #  2600
Data assimilation cycle #  2700
Data assimilation cycle #  2800
Data assimilation cycle #  2900
Data assimilation cycle #  3000
Data assimilation cycle #  3100
Data assimilation cycle #  3200
Data assimilation cycle #  3300
Data assimilation cycle #  3400
Data assimilation cycle #  3500
Data assimilation cycle #  3600
Data assimilation cycle #  3700
Data assimilation cycle #  3800
Data assimilation cycle #  3900
Data assimilation cycle #  4000
Data assimilation cycle #  4100
Data assimilation cycle #  4200
Data assimilation cycle #  4300
Data assimilation cycle #  4400
Data assimilation cycle #  4500
Data assimilation cycle #  4600
Data assimilation cycle #  4700
Data assimilation cycle #  4800
Data assimilation cycle #  4900
Data assimilation cycle #  5000
Data assimilation cycle #  5100
Data assimilation cycle #  5200
