Reading observations from file  ./data/Nature/MultipleNature_Nature_Freq12_Den0.5_Type1_ObsErr1.npz

This is a TWIN experiment

Using AlphaTempScale to compute tempering dt
Tempering steps:  [1.]
Dt pseudo times:  [1.]
Data assimilation cycle #  100
Data assimilation cycle #  200
Data assimilation cycle #  300
Data assimilation cycle #  400
Data assimilation cycle #  500
Data assimilation cycle #  600
Data assimilation cycle #  700
Data assimilation cycle #  800
Data assimilation cycle #  900
Data assimilation cycle #  1000
Data assimilation cycle #  1100
Data assimilation cycle #  1200
Data assimilation cycle #  1300
Data assimilation cycle #  1400
Data assimilation cycle #  1500
Data assimilation cycle #  1600
Data assimilation cycle #  1700
Data assimilation cycle #  1800
Data assimilation cycle #  1900
Data assimilation cycle #  2000
Data assimilation cycle #  2100
Data assimilation cycle #  2200
Data assimilation cycle #  2300
Data assimilation cycle #  2400
Data assimilation cycle #  2500
Data assimilation cycle #  2600
Data assimilation cycle #  2700
Data assimilation cycle #  2800
Data assimilation cycle #  2900
Data assimilation cycle #  3000
Data assimilation cycle #  3100
Data assimilation cycle #  3200
Data assimilation cycle #  3300
Data assimilation cycle #  3400
Data assimilation cycle #  3500
Data assimilation cycle #  3600
Data assimilation cycle #  3700
Data assimilation cycle #  3800
Data assimilation cycle #  3900
Data assimilation cycle #  4000
Data assimilation cycle #  4100
Data assimilation cycle #  4200
Data assimilation cycle #  4300
Data assimilation cycle #  4400
Data assimilation cycle #  4500
Data assimilation cycle #  4600
Data assimilation cycle #  4700
Data assimilation cycle #  4800
Data assimilation cycle #  4900
Data assimilation cycle #  5000
Data assimilation cycle #  5100
Data assimilation cycle #  5200
Data assimilation cycle #  5300
Data assimilation cycle #  5400
Data assimilation cycle #  5500
Data assimilation cycle #  5600
Data assimilation cycle #  5700
Data assimilation cycle #  5800
Data assimilation cycle #  5900
Data assimilation cycle #  6000
Data assimilation cycle #  6100
Data assimilation cycle #  6200
Data assimilation cycle #  6300
Data assimilation cycle #  6400
Data assimilation cycle #  6500
Data assimilation cycle #  6600
Multiplicative Inflation 1.05
Localization Scale 1.0
AlphaTemp [1.]
Analisis RMSE:  0.7990915639574159
Forecast RMSE:  1.038527914273309
Analisis SPRD:  0.6794983414913955
Forecast SPRD:  0.8626408323165832
Reading observations from file  ./data/Nature/MultipleNature_Nature_Freq12_Den0.5_Type1_ObsErr1.npz

This is a TWIN experiment

Using AlphaTempScale to compute tempering dt
Tempering steps:  [1.]
Dt pseudo times:  [1.]
Data assimilation cycle #  100
Data assimilation cycle #  200
Data assimilation cycle #  300
Data assimilation cycle #  400
Data assimilation cycle #  500
Data assimilation cycle #  600
Data assimilation cycle #  700
Data assimilation cycle #  800
Data assimilation cycle #  900
Data assimilation cycle #  1000
Data assimilation cycle #  1100
Data assimilation cycle #  1200
Data assimilation cycle #  1300
Data assimilation cycle #  1400
Data assimilation cycle #  1500
Data assimilation cycle #  1600
Data assimilation cycle #  1700
Data assimilation cycle #  1800
Data assimilation cycle #  1900
Data assimilation cycle #  2000
Data assimilation cycle #  2100
Data assimilation cycle #  2200
Data assimilation cycle #  2300
Data assimilation cycle #  2400
Data assimilation cycle #  2500
Data assimilation cycle #  2600
Data assimilation cycle #  2700
Data assimilation cycle #  2800
Data assimilation cycle #  2900
Data assimilation cycle #  3000
Data assimilation cycle #  3100
Data assimilation cycle #  3200
Data assimilation cycle #  3300
Data assimilation cycle #  3400
Data assimilation cycle #  3500
Data assimilation cycle #  3600
Data assimilation cycle #  3700
Data assimilation cycle #  3800
Data assimilation cycle #  3900
Data assimilation cycle #  4000
Data assimilation cycle #  4100
Data assimilation cycle #  4200
Data assimilation cycle #  4300
Data assimilation cycle #  4400
Data assimilation cycle #  4500
Data assimilation cycle #  4600
Data assimilation cycle #  4700
Data assimilation cycle #  4800
Data assimilation cycle #  4900
Data assimilation cycle #  5000
Data assimilation cycle #  5100
Data assimilation cycle #  5200
Data assimilation cycle #  5300
Data assimilation cycle #  5400
Data assimilation cycle #  5500
Data assimilation cycle #  5600
Data assimilation cycle #  5700
Data assimilation cycle #  5800
Data assimilation cycle #  5900
Data assimilation cycle #  6000
Data assimilation cycle #  6100
Data assimilation cycle #  6200
Data assimilation cycle #  6300
Data assimilation cycle #  6400
Data assimilation cycle #  6500
Data assimilation cycle #  6600
Multiplicative Inflation 1.05
Localization Scale 1.5
AlphaTemp [1.]
Analisis RMSE:  0.7359025657670514
Forecast RMSE:  0.9558573250013961
Analisis SPRD:  0.5999864948303942
Forecast SPRD:  0.7620921189311746
Reading observations from file  ./data/Nature/MultipleNature_Nature_Freq12_Den0.5_Type1_ObsErr1.npz

This is a TWIN experiment

Using AlphaTempScale to compute tempering dt
Tempering steps:  [1.]
Dt pseudo times:  [1.]
Data assimilation cycle #  100
Data assimilation cycle #  200
Data assimilation cycle #  300
Data assimilation cycle #  400
Data assimilation cycle #  500
Data assimilation cycle #  600
Data assimilation cycle #  700
Data assimilation cycle #  800
Data assimilation cycle #  900
Data assimilation cycle #  1000
Data assimilation cycle #  1100
Data assimilation cycle #  1200
Data assimilation cycle #  1300
Data assimilation cycle #  1400
Data assimilation cycle #  1500
Data assimilation cycle #  1600
Data assimilation cycle #  1700
Data assimilation cycle #  1800
Data assimilation cycle #  1900
Data assimilation cycle #  2000
Data assimilation cycle #  2100
Data assimilation cycle #  2200
Data assimilation cycle #  2300
Data assimilation cycle #  2400
Data assimilation cycle #  2500
Data assimilation cycle #  2600
Data assimilation cycle #  2700
Data assimilation cycle #  2800
Data assimilation cycle #  2900
Data assimilation cycle #  3000
Data assimilation cycle #  3100
Data assimilation cycle #  3200
Data assimilation cycle #  3300
Data assimilation cycle #  3400
Data assimilation cycle #  3500
Data assimilation cycle #  3600
Data assimilation cycle #  3700
Data assimilation cycle #  3800
Data assimilation cycle #  3900
Data assimilation cycle #  4000
Data assimilation cycle #  4100
Data assimilation cycle #  4200
Data assimilation cycle #  4300
Data assimilation cycle #  4400
Data assimilation cycle #  4500
Data assimilation cycle #  4600
Data assimilation cycle #  4700
Data assimilation cycle #  4800
Data assimilation cycle #  4900
Data assimilation cycle #  5000
Data assimilation cycle #  5100
Data assimilation cycle #  5200
Data assimilation cycle #  5300
Data assimilation cycle #  5400
Data assimilation cycle #  5500
Data assimilation cycle #  5600
Data assimilation cycle #  5700
Data assimilation cycle #  5800
Data assimilation cycle #  5900
Data assimilation cycle #  6000
Data assimilation cycle #  6100
Data assimilation cycle #  6200
Data assimilation cycle #  6300
Data assimilation cycle #  6400
Data assimilation cycle #  6500
Data assimilation cycle #  6600
Multiplicative Inflation 1.05
Localization Scale 2.0
AlphaTemp [1.]
Analisis RMSE:  0.6767826159042373
Forecast RMSE:  0.8864021913384746
Analisis SPRD:  0.5535755084612981
Forecast SPRD:  0.7043232383971182
Reading observations from file  ./data/Nature/MultipleNature_Nature_Freq12_Den0.5_Type1_ObsErr1.npz

This is a TWIN experiment

Using AlphaTempScale to compute tempering dt
Tempering steps:  [1.]
Dt pseudo times:  [1.]
Data assimilation cycle #  100
Data assimilation cycle #  200
Data assimilation cycle #  300
Data assimilation cycle #  400
Data assimilation cycle #  500
Data assimilation cycle #  600
Data assimilation cycle #  700
Data assimilation cycle #  800
Data assimilation cycle #  900
Data assimilation cycle #  1000
Data assimilation cycle #  1100
Data assimilation cycle #  1200
Data assimilation cycle #  1300
Data assimilation cycle #  1400
Data assimilation cycle #  1500
Data assimilation cycle #  1600
Data assimilation cycle #  1700
Data assimilation cycle #  1800
Data assimilation cycle #  1900
Data assimilation cycle #  2000
Data assimilation cycle #  2100
Data assimilation cycle #  2200
Data assimilation cycle #  2300
Data assimilation cycle #  2400
Data assimilation cycle #  2500
Data assimilation cycle #  2600
Data assimilation cycle #  2700
Data assimilation cycle #  2800
Data assimilation cycle #  2900
Data assimilation cycle #  3000
Data assimilation cycle #  3100
Data assimilation cycle #  3200
Data assimilation cycle #  3300
Data assimilation cycle #  3400
Data assimilation cycle #  3500
Data assimilation cycle #  3600
Data assimilation cycle #  3700
Data assimilation cycle #  3800
Data assimilation cycle #  3900
Data assimilation cycle #  4000
Data assimilation cycle #  4100
Data assimilation cycle #  4200
Data assimilation cycle #  4300
Data assimilation cycle #  4400
Data assimilation cycle #  4500
Data assimilation cycle #  4600
Data assimilation cycle #  4700
Data assimilation cycle #  4800
Data assimilation cycle #  4900
Data assimilation cycle #  5000
Data assimilation cycle #  5100
Data assimilation cycle #  5200
Data assimilation cycle #  5300
Data assimilation cycle #  5400
Data assimilation cycle #  5500
Data assimilation cycle #  5600
Data assimilation cycle #  5700
Data assimilation cycle #  5800
Data assimilation cycle #  5900
Data assimilation cycle #  6000
Data assimilation cycle #  6100
Data assimilation cycle #  6200
Data assimilation cycle #  6300
Data assimilation cycle #  6400
Data assimilation cycle #  6500
Data assimilation cycle #  6600
Multiplicative Inflation 1.05
Localization Scale 2.5
AlphaTemp [1.]
Analisis RMSE:  0.6182736814780436
Forecast RMSE:  0.8147159117262882
Analisis SPRD:  0.5243817081890593
Forecast SPRD:  0.6684208538992521
Reading observations from file  ./data/Nature/MultipleNature_Nature_Freq12_Den0.5_Type1_ObsErr1.npz

This is a TWIN experiment

Using AlphaTempScale to compute tempering dt
Tempering steps:  [1.]
Dt pseudo times:  [1.]
Data assimilation cycle #  100
Data assimilation cycle #  200
Data assimilation cycle #  300
Data assimilation cycle #  400
Data assimilation cycle #  500
Data assimilation cycle #  600
Data assimilation cycle #  700
Data assimilation cycle #  800
Data assimilation cycle #  900
Data assimilation cycle #  1000
Data assimilation cycle #  1100
Data assimilation cycle #  1200
Data assimilation cycle #  1300
Data assimilation cycle #  1400
Data assimilation cycle #  1500
Data assimilation cycle #  1600
Data assimilation cycle #  1700
Data assimilation cycle #  1800
Data assimilation cycle #  1900
Data assimilation cycle #  2000
Data assimilation cycle #  2100
Data assimilation cycle #  2200
Data assimilation cycle #  2300
Data assimilation cycle #  2400
Data assimilation cycle #  2500
Data assimilation cycle #  2600
Data assimilation cycle #  2700
Data assimilation cycle #  2800
Data assimilation cycle #  2900
Data assimilation cycle #  3000
Data assimilation cycle #  3100
Data assimilation cycle #  3200
Data assimilation cycle #  3300
Data assimilation cycle #  3400
Data assimilation cycle #  3500
Data assimilation cycle #  3600
Data assimilation cycle #  3700
Data assimilation cycle #  3800
Data assimilation cycle #  3900
Data assimilation cycle #  4000
Data assimilation cycle #  4100
Data assimilation cycle #  4200
Data assimilation cycle #  4300
Data assimilation cycle #  4400
Data assimilation cycle #  4500
Data assimilation cycle #  4600
Data assimilation cycle #  4700
Data assimilation cycle #  4800
Data assimilation cycle #  4900
Data assimilation cycle #  5000
Data assimilation cycle #  5100
Data assimilation cycle #  5200
Data assimilation cycle #  5300
Data assimilation cycle #  5400
Data assimilation cycle #  5500
Data assimilation cycle #  5600
Data assimilation cycle #  5700
Data assimilation cycle #  5800
Data assimilation cycle #  5900
Data assimilation cycle #  6000
Data assimilation cycle #  6100
Data assimilation cycle #  6200
Data assimilation cycle #  6300
Data assimilation cycle #  6400
Data assimilation cycle #  6500
Data assimilation cycle #  6600
Multiplicative Inflation 1.05
Localization Scale 3.0
AlphaTemp [1.]
Analisis RMSE:  0.6221203623638502
Forecast RMSE:  0.8105044330724013
Analisis SPRD:  0.5037387340414771
Forecast SPRD:  0.6431724229326402
Reading observations from file  ./data/Nature/MultipleNature_Nature_Freq12_Den0.5_Type1_ObsErr1.npz

This is a TWIN experiment

Using AlphaTempScale to compute tempering dt
Tempering steps:  [1.]
Dt pseudo times:  [1.]
Data assimilation cycle #  100
Data assimilation cycle #  200
Data assimilation cycle #  300
Data assimilation cycle #  400
Data assimilation cycle #  500
Data assimilation cycle #  600
Data assimilation cycle #  700
Data assimilation cycle #  800
Data assimilation cycle #  900
Data assimilation cycle #  1000
Data assimilation cycle #  1100
Data assimilation cycle #  1200
Data assimilation cycle #  1300
Data assimilation cycle #  1400
Data assimilation cycle #  1500
Data assimilation cycle #  1600
Data assimilation cycle #  1700
Data assimilation cycle #  1800
Data assimilation cycle #  1900
Data assimilation cycle #  2000
Data assimilation cycle #  2100
Data assimilation cycle #  2200
Data assimilation cycle #  2300
Data assimilation cycle #  2400
Data assimilation cycle #  2500
Data assimilation cycle #  2600
Data assimilation cycle #  2700
Data assimilation cycle #  2800
Data assimilation cycle #  2900
Data assimilation cycle #  3000
Data assimilation cycle #  3100
Data assimilation cycle #  3200
Data assimilation cycle #  3300
Data assimilation cycle #  3400
Data assimilation cycle #  3500
Data assimilation cycle #  3600
Data assimilation cycle #  3700
Data assimilation cycle #  3800
Data assimilation cycle #  3900
Data assimilation cycle #  4000
Data assimilation cycle #  4100
Data assimilation cycle #  4200
Data assimilation cycle #  4300
Data assimilation cycle #  4400
Data assimilation cycle #  4500
Data assimilation cycle #  4600
Data assimilation cycle #  4700
Data assimilation cycle #  4800
Data assimilation cycle #  4900
Data assimilation cycle #  5000
Data assimilation cycle #  5100
Data assimilation cycle #  5200
Data assimilation cycle #  5300
Data assimilation cycle #  5400
Data assimilation cycle #  5500
Data assimilation cycle #  5600
Data assimilation cycle #  5700
Data assimilation cycle #  5800
Data assimilation cycle #  5900
Data assimilation cycle #  6000
Data assimilation cycle #  6100
Data assimilation cycle #  6200
Data assimilation cycle #  6300
Data assimilation cycle #  6400
Data assimilation cycle #  6500
Data assimilation cycle #  6600
Multiplicative Inflation 1.05
Localization Scale 3.5
AlphaTemp [1.]
Analisis RMSE:  0.6534810795676644
Forecast RMSE:  0.8419379298746417
Analisis SPRD:  0.4890788567956685
Forecast SPRD:  0.625088910694074
Reading observations from file  ./data/Nature/MultipleNature_Nature_Freq12_Den0.5_Type1_ObsErr1.npz

This is a TWIN experiment

Using AlphaTempScale to compute tempering dt
Tempering steps:  [1.]
Dt pseudo times:  [1.]
Data assimilation cycle #  100
Data assimilation cycle #  200
Data assimilation cycle #  300
Data assimilation cycle #  400
Data assimilation cycle #  500
Data assimilation cycle #  600
Data assimilation cycle #  700
Data assimilation cycle #  800
Data assimilation cycle #  900
Data assimilation cycle #  1000
Data assimilation cycle #  1100
Data assimilation cycle #  1200
Data assimilation cycle #  1300
Data assimilation cycle #  1400
Data assimilation cycle #  1500
Data assimilation cycle #  1600
Data assimilation cycle #  1700
Data assimilation cycle #  1800
Data assimilation cycle #  1900
Data assimilation cycle #  2000
Data assimilation cycle #  2100
Data assimilation cycle #  2200
Data assimilation cycle #  2300
Data assimilation cycle #  2400
Data assimilation cycle #  2500
Data assimilation cycle #  2600
Data assimilation cycle #  2700
Data assimilation cycle #  2800
Data assimilation cycle #  2900
Data assimilation cycle #  3000
Data assimilation cycle #  3100
Data assimilation cycle #  3200
Data assimilation cycle #  3300
Data assimilation cycle #  3400
Data assimilation cycle #  3500
Data assimilation cycle #  3600
Data assimilation cycle #  3700
Data assimilation cycle #  3800
Data assimilation cycle #  3900
Data assimilation cycle #  4000
Data assimilation cycle #  4100
Data assimilation cycle #  4200
Data assimilation cycle #  4300
Data assimilation cycle #  4400
Data assimilation cycle #  4500
Data assimilation cycle #  4600
Data assimilation cycle #  4700
Data assimilation cycle #  4800
Data assimilation cycle #  4900
Data assimilation cycle #  5000
Data assimilation cycle #  5100
