Reading observations from file  ./data/Nature/NatureR1_Den1_Freq4_Hradar.npz

This is a TWIN experiment

Data assimilation cycle #  100
Data assimilation cycle #  200
Data assimilation cycle #  300
Data assimilation cycle #  400
Data assimilation cycle #  500
Data assimilation cycle #  600
Data assimilation cycle #  700
Data assimilation cycle #  800
Data assimilation cycle #  900
Data assimilation cycle #  1000
Data assimilation cycle #  1100
Data assimilation cycle #  1200
Data assimilation cycle #  1300
Data assimilation cycle #  1400
Data assimilation cycle #  1500
Data assimilation cycle #  1600
Data assimilation cycle #  1700
Data assimilation cycle #  1800
Data assimilation cycle #  1900
Data assimilation cycle #  2000
Data assimilation cycle #  2100
Data assimilation cycle #  2200
Data assimilation cycle #  2300
Data assimilation cycle #  2400
Data assimilation cycle #  2500
Data assimilation cycle #  2600
Data assimilation cycle #  2700
Data assimilation cycle #  2800
Data assimilation cycle #  2900
Data assimilation cycle #  3000
Data assimilation cycle #  3100
Data assimilation cycle #  3200
Data assimilation cycle #  3300
Data assimilation cycle #  3400
Data assimilation cycle #  3500
Data assimilation cycle #  3600
Data assimilation cycle #  3700
Data assimilation cycle #  3800
Data assimilation cycle #  3900
Data assimilation cycle #  4000
Data assimilation cycle #  4100
Data assimilation cycle #  4200
Data assimilation cycle #  4300
Data assimilation cycle #  4400
Data assimilation cycle #  4500
Data assimilation cycle #  4600
Data assimilation cycle #  4700
Data assimilation cycle #  4800
Data assimilation cycle #  4900
RTPS 0.7
Tempering iterations 1
AlphaTemp [1]
Analisis RMSE:  5.012767331914295
Forecast RMSE:  5.004882158484457
Analisis SPRD:  0.46865196589054686
Forecast SPRD:  0.5160602504556431
Reading observations from file  ./data/Nature/NatureR1_Den1_Freq4_Hradar.npz

This is a TWIN experiment

Data assimilation cycle #  100
Data assimilation cycle #  200
Data assimilation cycle #  300
Data assimilation cycle #  400
Data assimilation cycle #  500
Data assimilation cycle #  600
Data assimilation cycle #  700
Data assimilation cycle #  800
Data assimilation cycle #  900
Data assimilation cycle #  1000
Data assimilation cycle #  1100
Data assimilation cycle #  1200
Data assimilation cycle #  1300
Data assimilation cycle #  1400
Data assimilation cycle #  1500
Data assimilation cycle #  1600
Data assimilation cycle #  1700
Data assimilation cycle #  1800
Data assimilation cycle #  1900
Data assimilation cycle #  2000
Data assimilation cycle #  2100
Data assimilation cycle #  2200
Data assimilation cycle #  2300
Data assimilation cycle #  2400
Data assimilation cycle #  2500
Data assimilation cycle #  2600
Data assimilation cycle #  2700
Data assimilation cycle #  2800
Data assimilation cycle #  2900
Data assimilation cycle #  3000
Data assimilation cycle #  3100
Data assimilation cycle #  3200
Data assimilation cycle #  3300
Data assimilation cycle #  3400
Data assimilation cycle #  3500
Data assimilation cycle #  3600
Data assimilation cycle #  3700
Data assimilation cycle #  3800
Data assimilation cycle #  3900
Data assimilation cycle #  4000
Data assimilation cycle #  4100
Data assimilation cycle #  4200
Data assimilation cycle #  4300
Data assimilation cycle #  4400
Data assimilation cycle #  4500
Data assimilation cycle #  4600
Data assimilation cycle #  4700
Data assimilation cycle #  4800
Data assimilation cycle #  4900
RTPS 0.7
Tempering iterations 2
AlphaTemp [90  1]
Analisis RMSE:  5.023332233320133
Forecast RMSE:  5.0168188571641945
Analisis SPRD:  0.4077181050251987
Forecast SPRD:  0.45065351614073634
Reading observations from file  ./data/Nature/NatureR1_Den1_Freq4_Hradar.npz

This is a TWIN experiment

Data assimilation cycle #  100
Data assimilation cycle #  200
Data assimilation cycle #  300
Data assimilation cycle #  400
Data assimilation cycle #  500
Data assimilation cycle #  600
Data assimilation cycle #  700
Data assimilation cycle #  800
Data assimilation cycle #  900
Data assimilation cycle #  1000
Data assimilation cycle #  1100
Data assimilation cycle #  1200
Data assimilation cycle #  1300
Data assimilation cycle #  1400
Data assimilation cycle #  1500
Data assimilation cycle #  1600
Data assimilation cycle #  1700
Data assimilation cycle #  1800
Data assimilation cycle #  1900
Data assimilation cycle #  2000
Data assimilation cycle #  2100
Data assimilation cycle #  2200
Data assimilation cycle #  2300
Data assimilation cycle #  2400
Data assimilation cycle #  2500
Data assimilation cycle #  2600
Data assimilation cycle #  2700
Data assimilation cycle #  2800
Data assimilation cycle #  2900
Data assimilation cycle #  3000
Data assimilation cycle #  3100
Data assimilation cycle #  3200
Data assimilation cycle #  3300
Data assimilation cycle #  3400
Data assimilation cycle #  3500
Data assimilation cycle #  3600
Data assimilation cycle #  3700
Data assimilation cycle #  3800
Data assimilation cycle #  3900
Data assimilation cycle #  4000
Data assimilation cycle #  4100
Data assimilation cycle #  4200
Data assimilation cycle #  4300
Data assimilation cycle #  4400
Data assimilation cycle #  4500
Data assimilation cycle #  4600
Data assimilation cycle #  4700
Data assimilation cycle #  4800
Data assimilation cycle #  4900
RTPS 0.7
Tempering iterations 3
AlphaTemp [90  5  1]
Analisis RMSE:  5.042881344163618
Forecast RMSE:  5.043778619430279
Analisis SPRD:  0.29008529189801047
Forecast SPRD:  0.3222681148657408
Reading observations from file  ./data/Nature/NatureR1_Den1_Freq4_Hradar.npz

This is a TWIN experiment

Data assimilation cycle #  100
Data assimilation cycle #  200
Data assimilation cycle #  300
Data assimilation cycle #  400
Data assimilation cycle #  500
Data assimilation cycle #  600
Data assimilation cycle #  700
Data assimilation cycle #  800
Data assimilation cycle #  900
Data assimilation cycle #  1000
Data assimilation cycle #  1100
Data assimilation cycle #  1200
Data assimilation cycle #  1300
Data assimilation cycle #  1400
Data assimilation cycle #  1500
Data assimilation cycle #  1600
Data assimilation cycle #  1700
Data assimilation cycle #  1800
Data assimilation cycle #  1900
Data assimilation cycle #  2000
Data assimilation cycle #  2100
Data assimilation cycle #  2200
Data assimilation cycle #  2300
Data assimilation cycle #  2400
Data assimilation cycle #  2500
Data assimilation cycle #  2600
Data assimilation cycle #  2700
Data assimilation cycle #  2800
Data assimilation cycle #  2900
Data assimilation cycle #  3000
Data assimilation cycle #  3100
Data assimilation cycle #  3200
Data assimilation cycle #  3300
Data assimilation cycle #  3400
Data assimilation cycle #  3500
Data assimilation cycle #  3600
Data assimilation cycle #  3700
Data assimilation cycle #  3800
Data assimilation cycle #  3900
Data assimilation cycle #  4000
Data assimilation cycle #  4100
Data assimilation cycle #  4200
Data assimilation cycle #  4300
Data assimilation cycle #  4400
Data assimilation cycle #  4500
Data assimilation cycle #  4600
Data assimilation cycle #  4700
Data assimilation cycle #  4800
Data assimilation cycle #  4900
RTPS 0.7
Tempering iterations 4
AlphaTemp [90 10  5  1]
Analisis RMSE:  5.017336733933641
Forecast RMSE:  5.022419442886146
Analisis SPRD:  0.25319629174824
Forecast SPRD:  0.28029115835442364
Reading observations from file  ./data/Nature/NatureR1_Den1_Freq4_Hradar.npz

This is a TWIN experiment

Data assimilation cycle #  100
Data assimilation cycle #  200
Data assimilation cycle #  300
Data assimilation cycle #  400
Data assimilation cycle #  500
Data assimilation cycle #  600
Data assimilation cycle #  700
Data assimilation cycle #  800
Data assimilation cycle #  900
Data assimilation cycle #  1000
Data assimilation cycle #  1100
Data assimilation cycle #  1200
Data assimilation cycle #  1300
Data assimilation cycle #  1400
Data assimilation cycle #  1500
Data assimilation cycle #  1600
Data assimilation cycle #  1700
Data assimilation cycle #  1800
Data assimilation cycle #  1900
Data assimilation cycle #  2000
Data assimilation cycle #  2100
Data assimilation cycle #  2200
Data assimilation cycle #  2300
Data assimilation cycle #  2400
Data assimilation cycle #  2500
Data assimilation cycle #  2600
Data assimilation cycle #  2700
Data assimilation cycle #  2800
Data assimilation cycle #  2900
Data assimilation cycle #  3000
Data assimilation cycle #  3100
Data assimilation cycle #  3200
Data assimilation cycle #  3300
Data assimilation cycle #  3400
Data assimilation cycle #  3500
Data assimilation cycle #  3600
Data assimilation cycle #  3700
Data assimilation cycle #  3800
Data assimilation cycle #  3900
Data assimilation cycle #  4000
Data assimilation cycle #  4100
Data assimilation cycle #  4200
Data assimilation cycle #  4300
Data assimilation cycle #  4400
Data assimilation cycle #  4500
Data assimilation cycle #  4600
Data assimilation cycle #  4700
Data assimilation cycle #  4800
Data assimilation cycle #  4900
RTPS 0.75
Tempering iterations 1
AlphaTemp [1]
Analisis RMSE:  4.91736251942226
Forecast RMSE:  4.901984303255517
Analisis SPRD:  0.6546201858287415
Forecast SPRD:  0.7199926356523917
Reading observations from file  ./data/Nature/NatureR1_Den1_Freq4_Hradar.npz

This is a TWIN experiment

Data assimilation cycle #  100
Data assimilation cycle #  200
Data assimilation cycle #  300
Data assimilation cycle #  400
Data assimilation cycle #  500
Data assimilation cycle #  600
Data assimilation cycle #  700
Data assimilation cycle #  800
Data assimilation cycle #  900
Data assimilation cycle #  1000
Data assimilation cycle #  1100
Data assimilation cycle #  1200
Data assimilation cycle #  1300
Data assimilation cycle #  1400
Data assimilation cycle #  1500
Data assimilation cycle #  1600
Data assimilation cycle #  1700
Data assimilation cycle #  1800
Data assimilation cycle #  1900
Data assimilation cycle #  2000
Data assimilation cycle #  2100
Data assimilation cycle #  2200
Data assimilation cycle #  2300
Data assimilation cycle #  2400
Data assimilation cycle #  2500
Data assimilation cycle #  2600
Data assimilation cycle #  2700
Data assimilation cycle #  2800
Data assimilation cycle #  2900
Data assimilation cycle #  3000
Data assimilation cycle #  3100
Data assimilation cycle #  3200
Data assimilation cycle #  3300
Data assimilation cycle #  3400
Data assimilation cycle #  3500
Data assimilation cycle #  3600
Data assimilation cycle #  3700
Data assimilation cycle #  3800
Data assimilation cycle #  3900
Data assimilation cycle #  4000
Data assimilation cycle #  4100
Data assimilation cycle #  4200
Data assimilation cycle #  4300
Data assimilation cycle #  4400
Data assimilation cycle #  4500
Data assimilation cycle #  4600
Data assimilation cycle #  4700
Data assimilation cycle #  4800
Data assimilation cycle #  4900
RTPS 0.75
Tempering iterations 2
AlphaTemp [90  1]
Analisis RMSE:  4.816525658953249
Forecast RMSE:  4.804315482212229
Analisis SPRD:  0.5280218588844392
Forecast SPRD:  0.5828041253799594
Reading observations from file  ./data/Nature/NatureR1_Den1_Freq4_Hradar.npz

This is a TWIN experiment

Data assimilation cycle #  100
Data assimilation cycle #  200
Data assimilation cycle #  300
Data assimilation cycle #  400
Data assimilation cycle #  500
Data assimilation cycle #  600
Data assimilation cycle #  700
Data assimilation cycle #  800
Data assimilation cycle #  900
Data assimilation cycle #  1000
Data assimilation cycle #  1100
Data assimilation cycle #  1200
Data assimilation cycle #  1300
Data assimilation cycle #  1400
Data assimilation cycle #  1500
Data assimilation cycle #  1600
Data assimilation cycle #  1700
Data assimilation cycle #  1800
Data assimilation cycle #  1900
Data assimilation cycle #  2000
Data assimilation cycle #  2100
Data assimilation cycle #  2200
Data assimilation cycle #  2300
Data assimilation cycle #  2400
Data assimilation cycle #  2500
Data assimilation cycle #  2600
Data assimilation cycle #  2700
Data assimilation cycle #  2800
Data assimilation cycle #  2900
Data assimilation cycle #  3000
Data assimilation cycle #  3100
Data assimilation cycle #  3200
Data assimilation cycle #  3300
Data assimilation cycle #  3400
Data assimilation cycle #  3500
Data assimilation cycle #  3600
Data assimilation cycle #  3700
Data assimilation cycle #  3800
Data assimilation cycle #  3900
Data assimilation cycle #  4000
Data assimilation cycle #  4100
Data assimilation cycle #  4200
Data assimilation cycle #  4300
Data assimilation cycle #  4400
Data assimilation cycle #  4500
Data assimilation cycle #  4600
Data assimilation cycle #  4700
Data assimilation cycle #  4800
Data assimilation cycle #  4900
RTPS 0.75
Tempering iterations 3
AlphaTemp [90  5  1]
Analisis RMSE:  4.849800461825971
Forecast RMSE:  4.848824727924095
Analisis SPRD:  0.353450263417869
Forecast SPRD:  0.3908514480185105
Reading observations from file  ./data/Nature/NatureR1_Den1_Freq4_Hradar.npz

This is a TWIN experiment

Data assimilation cycle #  100
Data assimilation cycle #  200
Data assimilation cycle #  300
Data assimilation cycle #  400
Data assimilation cycle #  500
Data assimilation cycle #  600
Data assimilation cycle #  700
Data assimilation cycle #  800
Data assimilation cycle #  900
Data assimilation cycle #  1000
Data assimilation cycle #  1100
Data assimilation cycle #  1200
Data assimilation cycle #  1300
Data assimilation cycle #  1400
Data assimilation cycle #  1500
Data assimilation cycle #  1600
Data assimilation cycle #  1700
Data assimilation cycle #  1800
Data assimilation cycle #  1900
Data assimilation cycle #  2000
Data assimilation cycle #  2100
Data assimilation cycle #  2200
Data assimilation cycle #  2300
Data assimilation cycle #  2400
Data assimilation cycle #  2500
Data assimilation cycle #  2600
Data assimilation cycle #  2700
Data assimilation cycle #  2800
Data assimilation cycle #  2900
Data assimilation cycle #  3000
Data assimilation cycle #  3100
Data assimilation cycle #  3200
Data assimilation cycle #  3300
Data assimilation cycle #  3400
Data assimilation cycle #  3500
Data assimilation cycle #  3600
Data assimilation cycle #  3700
Data assimilation cycle #  3800
Data assimilation cycle #  3900
Data assimilation cycle #  4000
Data assimilation cycle #  4100
Data assimilation cycle #  4200
Data assimilation cycle #  4300
Data assimilation cycle #  4400
Data assimilation cycle #  4500
Data assimilation cycle #  4600
Data assimilation cycle #  4700
Data assimilation cycle #  4800
Data assimilation cycle #  4900
RTPS 0.75
Tempering iterations 4
AlphaTemp [90 10  5  1]
Analisis RMSE:  5.0498859073738425
Forecast RMSE:  5.048674764525179
Analisis SPRD:  0.326410587774839
Forecast SPRD:  0.36228130883294385
Reading observations from file  ./data/Nature/NatureR1_Den1_Freq4_Hradar.npz

This is a TWIN experiment

Data assimilation cycle #  100
Data assimilation cycle #  200
Data assimilation cycle #  300
Data assimilation cycle #  400
Data assimilation cycle #  500
Data assimilation cycle #  600
Data assimilation cycle #  700
Data assimilation cycle #  800
Data assimilation cycle #  900
Data assimilation cycle #  1000
Data assimilation cycle #  1100
Data assimilation cycle #  1200
Data assimilation cycle #  1300
Data assimilation cycle #  1400
Data assimilation cycle #  1500
Data assimilation cycle #  1600
Data assimilation cycle #  1700
Data assimilation cycle #  1800
Data assimilation cycle #  1900
Data assimilation cycle #  2000
Data assimilation cycle #  2100
Data assimilation cycle #  2200
Data assimilation cycle #  2300
Data assimilation cycle #  2400
Data assimilation cycle #  2500
Data assimilation cycle #  2600
Data assimilation cycle #  2700
Data assimilation cycle #  2800
Data assimilation cycle #  2900
Data assimilation cycle #  3000
Data assimilation cycle #  3100
Data assimilation cycle #  3200
Data assimilation cycle #  3300
Data assimilation cycle #  3400
Data assimilation cycle #  3500
Data assimilation cycle #  3600
Data assimilation cycle #  3700
Data assimilation cycle #  3800
Data assimilation cycle #  3900
Data assimilation cycle #  4000
Data assimilation cycle #  4100
Data assimilation cycle #  4200
Data assimilation cycle #  4300
Data assimilation cycle #  4400
Data assimilation cycle #  4500
Data assimilation cycle #  4600
Data assimilation cycle #  4700
Data assimilation cycle #  4800
Data assimilation cycle #  4900
RTPS 0.8
Tempering iterations 1
AlphaTemp [1]
Analisis RMSE:  4.298954656817462
Forecast RMSE:  4.277000889642356
Analisis SPRD:  0.924393833664481
Forecast SPRD:  1.0128364836836323
Reading observations from file  ./data/Nature/NatureR1_Den1_Freq4_Hradar.npz

This is a TWIN experiment

Data assimilation cycle #  100
Data assimilation cycle #  200
Data assimilation cycle #  300
Data assimilation cycle #  400
Data assimilation cycle #  500
Data assimilation cycle #  600
Data assimilation cycle #  700
Data assimilation cycle #  800
Data assimilation cycle #  900
Data assimilation cycle #  1000
Data assimilation cycle #  1100
Data assimilation cycle #  1200
Data assimilation cycle #  1300
Data assimilation cycle #  1400
Data assimilation cycle #  1500
Data assimilation cycle #  1600
Data assimilation cycle #  1700
Data assimilation cycle #  1800
Data assimilation cycle #  1900
Data assimilation cycle #  2000
Data assimilation cycle #  2100
Data assimilation cycle #  2200
Data assimilation cycle #  2300
Data assimilation cycle #  2400
Data assimilation cycle #  2500
Data assimilation cycle #  2600
Data assimilation cycle #  2700
Data assimilation cycle #  2800
Data assimilation cycle #  2900
Data assimilation cycle #  3000
Data assimilation cycle #  3100
Data assimilation cycle #  3200
Data assimilation cycle #  3300
Data assimilation cycle #  3400
Data assimilation cycle #  3500
Data assimilation cycle #  3600
Data assimilation cycle #  3700
Data assimilation cycle #  3800
Data assimilation cycle #  3900
Data assimilation cycle #  4000
Data assimilation cycle #  4100
Data assimilation cycle #  4200
Data assimilation cycle #  4300
Data assimilation cycle #  4400
Data assimilation cycle #  4500
Data assimilation cycle #  4600
Data assimilation cycle #  4700
Data assimilation cycle #  4800
Data assimilation cycle #  4900
RTPS 0.8
Tempering iterations 2
AlphaTemp [90  1]
Analisis RMSE:  4.570331873986195
Forecast RMSE:  4.555242793922811
Analisis SPRD:  0.7585560190526577
Forecast SPRD:  0.8366433533039451
Reading observations from file  ./data/Nature/NatureR1_Den1_Freq4_Hradar.npz

This is a TWIN experiment

Data assimilation cycle #  100
Data assimilation cycle #  200
Data assimilation cycle #  300
Data assimilation cycle #  400
Data assimilation cycle #  500
Data assimilation cycle #  600
Data assimilation cycle #  700
Data assimilation cycle #  800
Data assimilation cycle #  900
Data assimilation cycle #  1000
Data assimilation cycle #  1100
Data assimilation cycle #  1200
Data assimilation cycle #  1300
Data assimilation cycle #  1400
Data assimilation cycle #  1500
Data assimilation cycle #  1600
Data assimilation cycle #  1700
Data assimilation cycle #  1800
Data assimilation cycle #  1900
Data assimilation cycle #  2000
Data assimilation cycle #  2100
Data assimilation cycle #  2200
Data assimilation cycle #  2300
Data assimilation cycle #  2400
Data assimilation cycle #  2500
Data assimilation cycle #  2600
Data assimilation cycle #  2700
Data assimilation cycle #  2800
Data assimilation cycle #  2900
Data assimilation cycle #  3000
Data assimilation cycle #  3100
Data assimilation cycle #  3200
Data assimilation cycle #  3300
Data assimilation cycle #  3400
Data assimilation cycle #  3500
Data assimilation cycle #  3600
Data assimilation cycle #  3700
Data assimilation cycle #  3800
Data assimilation cycle #  3900
Data assimilation cycle #  4000
Data assimilation cycle #  4100
Data assimilation cycle #  4200
Data assimilation cycle #  4300
Data assimilation cycle #  4400
Data assimilation cycle #  4500
Data assimilation cycle #  4600
Data assimilation cycle #  4700
Data assimilation cycle #  4800
Data assimilation cycle #  4900
RTPS 0.8
Tempering iterations 3
AlphaTemp [90  5  1]
Analisis RMSE:  4.787552453883526
Forecast RMSE:  4.782414635686054
Analisis SPRD:  0.532072328234768
Forecast SPRD:  0.5902244521893455
Reading observations from file  ./data/Nature/NatureR1_Den1_Freq4_Hradar.npz

This is a TWIN experiment

Data assimilation cycle #  100
Data assimilation cycle #  200
Data assimilation cycle #  300
Data assimilation cycle #  400
Data assimilation cycle #  500
Data assimilation cycle #  600
Data assimilation cycle #  700
Data assimilation cycle #  800
Data assimilation cycle #  900
Data assimilation cycle #  1000
Data assimilation cycle #  1100
Data assimilation cycle #  1200
Data assimilation cycle #  1300
Data assimilation cycle #  1400
Data assimilation cycle #  1500
Data assimilation cycle #  1600
Data assimilation cycle #  1700
Data assimilation cycle #  1800
Data assimilation cycle #  1900
Data assimilation cycle #  2000
Data assimilation cycle #  2100
Data assimilation cycle #  2200
Data assimilation cycle #  2300
Data assimilation cycle #  2400
Data assimilation cycle #  2500
Data assimilation cycle #  2600
Data assimilation cycle #  2700
Data assimilation cycle #  2800
Data assimilation cycle #  2900
Data assimilation cycle #  3000
Data assimilation cycle #  3100
Data assimilation cycle #  3200
Data assimilation cycle #  3300
Data assimilation cycle #  3400
Data assimilation cycle #  3500
Data assimilation cycle #  3600
Data assimilation cycle #  3700
Data assimilation cycle #  3800
Data assimilation cycle #  3900
Data assimilation cycle #  4000
Data assimilation cycle #  4100
Data assimilation cycle #  4200
Data assimilation cycle #  4300
Data assimilation cycle #  4400
Data assimilation cycle #  4500
Data assimilation cycle #  4600
Data assimilation cycle #  4700
Data assimilation cycle #  4800
Data assimilation cycle #  4900
RTPS 0.8
Tempering iterations 4
AlphaTemp [90 10  5  1]
Analisis RMSE:  4.777262104846261
Forecast RMSE:  4.779989487807048
Analisis SPRD:  0.41631367314805584
Forecast SPRD:  0.4619158316329175
Reading observations from file  ./data/Nature/NatureR1_Den1_Freq4_Hradar.npz

This is a TWIN experiment

Data assimilation cycle #  100
Error: The analysis contains NaN, Iteration number : 141  will dump some variables to a temporal file
RTPS 0.8500000000000001
Tempering iterations 1
AlphaTemp [1]
Analisis RMSE:  4.338721205088862
Forecast RMSE:  4.338721205088862
Analisis SPRD:  0.20442035764284147
Forecast SPRD:  0.2249830054483984
Reading observations from file  ./data/Nature/NatureR1_Den1_Freq4_Hradar.npz

This is a TWIN experiment

Data assimilation cycle #  100
Data assimilation cycle #  200
Data assimilation cycle #  300
Data assimilation cycle #  400
Data assimilation cycle #  500
Data assimilation cycle #  600
Data assimilation cycle #  700
Data assimilation cycle #  800
Data assimilation cycle #  900
Data assimilation cycle #  1000
Data assimilation cycle #  1100
Data assimilation cycle #  1200
Data assimilation cycle #  1300
Data assimilation cycle #  1400
Data assimilation cycle #  1500
Data assimilation cycle #  1600
Data assimilation cycle #  1700
Data assimilation cycle #  1800
Data assimilation cycle #  1900
Data assimilation cycle #  2000
Data assimilation cycle #  2100
Data assimilation cycle #  2200
Data assimilation cycle #  2300
Data assimilation cycle #  2400
Data assimilation cycle #  2500
Data assimilation cycle #  2600
Data assimilation cycle #  2700
Data assimilation cycle #  2800
Data assimilation cycle #  2900
Data assimilation cycle #  3000
Data assimilation cycle #  3100
Data assimilation cycle #  3200
Data assimilation cycle #  3300
Data assimilation cycle #  3400
Data assimilation cycle #  3500
Data assimilation cycle #  3600
Data assimilation cycle #  3700
Data assimilation cycle #  3800
Data assimilation cycle #  3900
Data assimilation cycle #  4000
Data assimilation cycle #  4100
Data assimilation cycle #  4200
Data assimilation cycle #  4300
Data assimilation cycle #  4400
Data assimilation cycle #  4500
Data assimilation cycle #  4600
Data assimilation cycle #  4700
Data assimilation cycle #  4800
Data assimilation cycle #  4900
RTPS 0.8500000000000001
Tempering iterations 2
AlphaTemp [90  1]
Analisis RMSE:  3.826650359686721
Forecast RMSE:  3.8047722375209867
Analisis SPRD:  1.0656801537687492
Forecast SPRD:  1.1658589588167065
Reading observations from file  ./data/Nature/NatureR1_Den1_Freq4_Hradar.npz

This is a TWIN experiment

Data assimilation cycle #  100
Data assimilation cycle #  200
Data assimilation cycle #  300
Data assimilation cycle #  400
Data assimilation cycle #  500
Data assimilation cycle #  600
Data assimilation cycle #  700
Data assimilation cycle #  800
Data assimilation cycle #  900
Data assimilation cycle #  1000
Data assimilation cycle #  1100
Data assimilation cycle #  1200
Data assimilation cycle #  1300
Data assimilation cycle #  1400
Data assimilation cycle #  1500
Data assimilation cycle #  1600
Data assimilation cycle #  1700
Data assimilation cycle #  1800
Data assimilation cycle #  1900
Data assimilation cycle #  2000
Data assimilation cycle #  2100
Data assimilation cycle #  2200
Data assimilation cycle #  2300
Data assimilation cycle #  2400
Data assimilation cycle #  2500
Data assimilation cycle #  2600
Data assimilation cycle #  2700
Data assimilation cycle #  2800
Data assimilation cycle #  2900
Data assimilation cycle #  3000
Data assimilation cycle #  3100
Data assimilation cycle #  3200
Data assimilation cycle #  3300
Data assimilation cycle #  3400
Data assimilation cycle #  3500
Data assimilation cycle #  3600
Data assimilation cycle #  3700
Data assimilation cycle #  3800
Data assimilation cycle #  3900
Data assimilation cycle #  4000
Data assimilation cycle #  4100
Data assimilation cycle #  4200
Data assimilation cycle #  4300
Data assimilation cycle #  4400
Data assimilation cycle #  4500
Data assimilation cycle #  4600
Data assimilation cycle #  4700
Data assimilation cycle #  4800
Data assimilation cycle #  4900
RTPS 0.8500000000000001
Tempering iterations 3
AlphaTemp [90  5  1]
Analisis RMSE:  4.644092146760093
Forecast RMSE:  4.625908718353713
Analisis SPRD:  0.730449990089225
Forecast SPRD:  0.8069094691579348
Reading observations from file  ./data/Nature/NatureR1_Den1_Freq4_Hradar.npz

This is a TWIN experiment

Data assimilation cycle #  100
Data assimilation cycle #  200
Data assimilation cycle #  300
Data assimilation cycle #  400
Data assimilation cycle #  500
Data assimilation cycle #  600
Data assimilation cycle #  700
Data assimilation cycle #  800
Data assimilation cycle #  900
Data assimilation cycle #  1000
Data assimilation cycle #  1100
Data assimilation cycle #  1200
Data assimilation cycle #  1300
Data assimilation cycle #  1400
Data assimilation cycle #  1500
Data assimilation cycle #  1600
Data assimilation cycle #  1700
Data assimilation cycle #  1800
Data assimilation cycle #  1900
Data assimilation cycle #  2000
Data assimilation cycle #  2100
Data assimilation cycle #  2200
Data assimilation cycle #  2300
Data assimilation cycle #  2400
Data assimilation cycle #  2500
Data assimilation cycle #  2600
Data assimilation cycle #  2700
Data assimilation cycle #  2800
Data assimilation cycle #  2900
Data assimilation cycle #  3000
Data assimilation cycle #  3100
Data assimilation cycle #  3200
Data assimilation cycle #  3300
Data assimilation cycle #  3400
Data assimilation cycle #  3500
Data assimilation cycle #  3600
Data assimilation cycle #  3700
Data assimilation cycle #  3800
Data assimilation cycle #  3900
Data assimilation cycle #  4000
Data assimilation cycle #  4100
Data assimilation cycle #  4200
Data assimilation cycle #  4300
Data assimilation cycle #  4400
Data assimilation cycle #  4500
Data assimilation cycle #  4600
Data assimilation cycle #  4700
Data assimilation cycle #  4800
Data assimilation cycle #  4900
RTPS 0.8500000000000001
Tempering iterations 4
AlphaTemp [90 10  5  1]
Analisis RMSE:  4.722599553049198
Forecast RMSE:  4.704715473457496
Analisis SPRD:  0.6388743045708688
Forecast SPRD:  0.7080701114839792
Reading observations from file  ./data/Nature/NatureR1_Den1_Freq4_Hradar.npz

This is a TWIN experiment

Error: The analysis contains NaN, Iteration number : 53  will dump some variables to a temporal file
RTPS 0.9000000000000001
Tempering iterations 1
AlphaTemp [1]
Analisis RMSE:  4.338721205088862
Forecast RMSE:  4.338721205088862
Analisis SPRD:  0.13040895133921176
Forecast SPRD:  0.13943704592012313
Reading observations from file  ./data/Nature/NatureR1_Den1_Freq4_Hradar.npz

This is a TWIN experiment

Error: The analysis contains NaN, Iteration number : 78  will dump some variables to a temporal file
RTPS 0.9000000000000001
Tempering iterations 2
AlphaTemp [90  1]
Analisis RMSE:  4.338721205088862
Forecast RMSE:  4.338721205088862
Analisis SPRD:  0.053653136816136905
Forecast SPRD:  0.058183733997601905
Reading observations from file  ./data/Nature/NatureR1_Den1_Freq4_Hradar.npz

This is a TWIN experiment

Data assimilation cycle #  100
Data assimilation cycle #  200
Data assimilation cycle #  300
Data assimilation cycle #  400
Data assimilation cycle #  500
Error: The analysis contains NaN, Iteration number : 515  will dump some variables to a temporal file
RTPS 0.9000000000000001
Tempering iterations 3
AlphaTemp [90  5  1]
Analisis RMSE:  4.381827533148593
Forecast RMSE:  4.315561509505984
Analisis SPRD:  0.1849077414952361
Forecast SPRD:  0.20464515250375168
Reading observations from file  ./data/Nature/NatureR1_Den1_Freq4_Hradar.npz

This is a TWIN experiment

Data assimilation cycle #  100
Data assimilation cycle #  200
Data assimilation cycle #  300
Error: The analysis contains NaN, Iteration number : 339  will dump some variables to a temporal file
RTPS 0.9000000000000001
Tempering iterations 4
AlphaTemp [90 10  5  1]
Analisis RMSE:  7.222560036637806
Forecast RMSE:  5.323990711244005
Analisis SPRD:  0.15213102385641064
Forecast SPRD:  0.18600176437312116
Reading observations from file  ./data/Nature/NatureR1_Den1_Freq4_Hradar.npz

This is a TWIN experiment

Error: The analysis contains NaN, Iteration number : 47  will dump some variables to a temporal file
RTPS 0.9500000000000002
Tempering iterations 1
AlphaTemp [1]
Analisis RMSE:  4.338721205088862
Forecast RMSE:  4.338721205088862
Analisis SPRD:  0.3555196138782755
Forecast SPRD:  0.36396194497234713
Reading observations from file  ./data/Nature/NatureR1_Den1_Freq4_Hradar.npz

This is a TWIN experiment

Error: The analysis contains NaN, Iteration number : 27  will dump some variables to a temporal file
RTPS 0.9500000000000002
Tempering iterations 2
AlphaTemp [90  1]
Analisis RMSE:  4.338721205088862
Forecast RMSE:  4.338721205088862
Analisis SPRD:  0.04163022212522507
Forecast SPRD:  0.0435381375462798
Reading observations from file  ./data/Nature/NatureR1_Den1_Freq4_Hradar.npz

This is a TWIN experiment

Error: The analysis contains NaN, Iteration number : 25  will dump some variables to a temporal file
RTPS 0.9500000000000002
Tempering iterations 3
AlphaTemp [90  5  1]
Analisis RMSE:  4.338721205088862
Forecast RMSE:  4.338721205088862
Analisis SPRD:  0.02549836102033471
Forecast SPRD:  0.02694912383111407
Reading observations from file  ./data/Nature/NatureR1_Den1_Freq4_Hradar.npz

This is a TWIN experiment

Error: The analysis contains NaN, Iteration number : 31  will dump some variables to a temporal file
RTPS 0.9500000000000002
Tempering iterations 4
AlphaTemp [90 10  5  1]
Analisis RMSE:  4.338721205088862
Forecast RMSE:  4.338721205088862
Analisis SPRD:  0.03457365984885657
Forecast SPRD:  0.0370412443928928
Reading observations from file  ./data/Nature/NatureR1_Den1_Freq4_Hradar.npz

This is a TWIN experiment

Error: The analysis contains NaN, Iteration number : 33  will dump some variables to a temporal file
RTPS 1.0000000000000002
Tempering iterations 1
AlphaTemp [1]
Analisis RMSE:  4.338721205088862
Forecast RMSE:  4.338721205088862
Analisis SPRD:  0.1241306035127048
Forecast SPRD:  0.12362287438818238
Reading observations from file  ./data/Nature/NatureR1_Den1_Freq4_Hradar.npz

This is a TWIN experiment

Error: The analysis contains NaN, Iteration number : 22  will dump some variables to a temporal file
RTPS 1.0000000000000002
Tempering iterations 2
AlphaTemp [90  1]
Analisis RMSE:  4.338721205088862
Forecast RMSE:  4.338721205088862
Analisis SPRD:  5588318115.118228
Forecast SPRD:  5588318115.11772
Reading observations from file  ./data/Nature/NatureR1_Den1_Freq4_Hradar.npz

This is a TWIN experiment

Error: The analysis contains NaN, Iteration number : 16  will dump some variables to a temporal file
RTPS 1.0000000000000002
Tempering iterations 3
AlphaTemp [90  5  1]
Analisis RMSE:  4.338721205088862
Forecast RMSE:  4.338721205088862
Analisis SPRD:  0.025651869723973476
Forecast SPRD:  0.02514414059945107
Reading observations from file  ./data/Nature/NatureR1_Den1_Freq4_Hradar.npz

This is a TWIN experiment

Error: The analysis contains NaN, Iteration number : 14  will dump some variables to a temporal file
RTPS 1.0000000000000002
Tempering iterations 4
AlphaTemp [90 10  5  1]
Analisis RMSE:  4.338721205088862
Forecast RMSE:  4.338721205088862
Analisis SPRD:  0.02131292741123798
Forecast SPRD:  0.02080519828671558
