Reading observations from file  ./data/Nature/NatureR4_Den05_Freq8_Hlogaritmic.npz

This is a TWIN experiment

Data assimilation cycle #  100
Data assimilation cycle #  200
Data assimilation cycle #  300
Data assimilation cycle #  400
Data assimilation cycle #  500
Data assimilation cycle #  600
Data assimilation cycle #  700
Data assimilation cycle #  800
Data assimilation cycle #  900
Data assimilation cycle #  1000
Data assimilation cycle #  1100
Data assimilation cycle #  1200
Data assimilation cycle #  1300
Data assimilation cycle #  1400
Data assimilation cycle #  1500
Data assimilation cycle #  1600
Data assimilation cycle #  1700
Data assimilation cycle #  1800
Data assimilation cycle #  1900
Data assimilation cycle #  2000
Data assimilation cycle #  2100
Data assimilation cycle #  2200
Data assimilation cycle #  2300
Data assimilation cycle #  2400
Data assimilation cycle #  2500
Data assimilation cycle #  2600
Data assimilation cycle #  2700
Data assimilation cycle #  2800
Data assimilation cycle #  2900
Data assimilation cycle #  3000
Data assimilation cycle #  3100
Data assimilation cycle #  3200
Data assimilation cycle #  3300
Data assimilation cycle #  3400
Data assimilation cycle #  3500
Data assimilation cycle #  3600
Data assimilation cycle #  3700
Data assimilation cycle #  3800
Data assimilation cycle #  3900
Data assimilation cycle #  4000
Data assimilation cycle #  4100
Data assimilation cycle #  4200
Data assimilation cycle #  4300
Data assimilation cycle #  4400
Data assimilation cycle #  4500
Data assimilation cycle #  4600
Data assimilation cycle #  4700
Data assimilation cycle #  4800
Data assimilation cycle #  4900
Data assimilation cycle #  5000
Data assimilation cycle #  5100
Data assimilation cycle #  5200
Data assimilation cycle #  5300
Data assimilation cycle #  5400
Data assimilation cycle #  5500
Data assimilation cycle #  5600
Data assimilation cycle #  5700
Data assimilation cycle #  5800
Data assimilation cycle #  5900
Data assimilation cycle #  6000
Data assimilation cycle #  6100
Data assimilation cycle #  6200
Data assimilation cycle #  6300
Data assimilation cycle #  6400
Data assimilation cycle #  6500
Data assimilation cycle #  6600
Data assimilation cycle #  6700
Data assimilation cycle #  6800
Data assimilation cycle #  6900
Data assimilation cycle #  7000
Data assimilation cycle #  7100
Data assimilation cycle #  7200
Data assimilation cycle #  7300
Data assimilation cycle #  7400
Data assimilation cycle #  7500
Data assimilation cycle #  7600
Data assimilation cycle #  7700
Data assimilation cycle #  7800
Data assimilation cycle #  7900
Data assimilation cycle #  8000
Data assimilation cycle #  8100
Data assimilation cycle #  8200
Data assimilation cycle #  8300
Data assimilation cycle #  8400
Data assimilation cycle #  8500
Data assimilation cycle #  8600
Data assimilation cycle #  8700
Data assimilation cycle #  8800
Data assimilation cycle #  8900
Data assimilation cycle #  9000
Data assimilation cycle #  9100
Data assimilation cycle #  9200
Data assimilation cycle #  9300
Data assimilation cycle #  9400
Data assimilation cycle #  9500
Data assimilation cycle #  9600
Data assimilation cycle #  9700
Data assimilation cycle #  9800
Data assimilation cycle #  9900
Additive Inflation 0.01
Tempering iteraations 1
Analisis RMSE:  4.404220035170577
Forecast RMSE:  4.482801168705228
Analisis SPRD:  0.3121260456128835
Forecast SPRD:  0.3723587703594514
Reading observations from file  ./data/Nature/NatureR4_Den05_Freq8_Hlogaritmic.npz

This is a TWIN experiment

Data assimilation cycle #  100
Data assimilation cycle #  200
Data assimilation cycle #  300
Data assimilation cycle #  400
Data assimilation cycle #  500
Data assimilation cycle #  600
Data assimilation cycle #  700
Data assimilation cycle #  800
Data assimilation cycle #  900
Data assimilation cycle #  1000
Data assimilation cycle #  1100
Data assimilation cycle #  1200
Data assimilation cycle #  1300
Data assimilation cycle #  1400
Data assimilation cycle #  1500
Data assimilation cycle #  1600
Data assimilation cycle #  1700
Data assimilation cycle #  1800
Data assimilation cycle #  1900
Data assimilation cycle #  2000
Data assimilation cycle #  2100
Data assimilation cycle #  2200
Data assimilation cycle #  2300
Data assimilation cycle #  2400
Data assimilation cycle #  2500
Data assimilation cycle #  2600
Data assimilation cycle #  2700
Data assimilation cycle #  2800
Data assimilation cycle #  2900
Data assimilation cycle #  3000
Data assimilation cycle #  3100
Data assimilation cycle #  3200
Data assimilation cycle #  3300
Data assimilation cycle #  3400
Data assimilation cycle #  3500
Data assimilation cycle #  3600
Data assimilation cycle #  3700
Data assimilation cycle #  3800
Data assimilation cycle #  3900
Data assimilation cycle #  4000
Data assimilation cycle #  4100
Data assimilation cycle #  4200
Data assimilation cycle #  4300
Data assimilation cycle #  4400
Data assimilation cycle #  4500
Data assimilation cycle #  4600
Data assimilation cycle #  4700
Data assimilation cycle #  4800
Data assimilation cycle #  4900
Data assimilation cycle #  5000
Data assimilation cycle #  5100
Data assimilation cycle #  5200
Data assimilation cycle #  5300
Data assimilation cycle #  5400
Data assimilation cycle #  5500
Data assimilation cycle #  5600
Data assimilation cycle #  5700
Data assimilation cycle #  5800
Data assimilation cycle #  5900
Data assimilation cycle #  6000
Data assimilation cycle #  6100
Data assimilation cycle #  6200
Data assimilation cycle #  6300
Data assimilation cycle #  6400
Data assimilation cycle #  6500
Data assimilation cycle #  6600
Data assimilation cycle #  6700
Data assimilation cycle #  6800
Data assimilation cycle #  6900
Data assimilation cycle #  7000
Data assimilation cycle #  7100
Data assimilation cycle #  7200
Data assimilation cycle #  7300
Data assimilation cycle #  7400
Data assimilation cycle #  7500
Data assimilation cycle #  7600
Data assimilation cycle #  7700
Data assimilation cycle #  7800
Data assimilation cycle #  7900
Data assimilation cycle #  8000
Data assimilation cycle #  8100
Data assimilation cycle #  8200
Data assimilation cycle #  8300
Data assimilation cycle #  8400
Data assimilation cycle #  8500
Data assimilation cycle #  8600
Data assimilation cycle #  8700
Data assimilation cycle #  8800
Data assimilation cycle #  8900
Data assimilation cycle #  9000
Data assimilation cycle #  9100
Data assimilation cycle #  9200
Data assimilation cycle #  9300
Data assimilation cycle #  9400
Data assimilation cycle #  9500
Data assimilation cycle #  9600
Data assimilation cycle #  9700
Data assimilation cycle #  9800
Data assimilation cycle #  9900
Additive Inflation 0.01
Tempering iteraations 2
Analisis RMSE:  3.7652204458640917
Forecast RMSE:  3.887860005867574
Analisis SPRD:  0.43804330796028956
Forecast SPRD:  0.5181254022295081
Reading observations from file  ./data/Nature/NatureR4_Den05_Freq8_Hlogaritmic.npz

This is a TWIN experiment

Data assimilation cycle #  100
Data assimilation cycle #  200
Data assimilation cycle #  300
Data assimilation cycle #  400
Data assimilation cycle #  500
Data assimilation cycle #  600
Data assimilation cycle #  700
Data assimilation cycle #  800
Data assimilation cycle #  900
Data assimilation cycle #  1000
Data assimilation cycle #  1100
Data assimilation cycle #  1200
Data assimilation cycle #  1300
Data assimilation cycle #  1400
Data assimilation cycle #  1500
Data assimilation cycle #  1600
Data assimilation cycle #  1700
Data assimilation cycle #  1800
Data assimilation cycle #  1900
Data assimilation cycle #  2000
Data assimilation cycle #  2100
Data assimilation cycle #  2200
Data assimilation cycle #  2300
Data assimilation cycle #  2400
Data assimilation cycle #  2500
Data assimilation cycle #  2600
Data assimilation cycle #  2700
Data assimilation cycle #  2800
Data assimilation cycle #  2900
Data assimilation cycle #  3000
Data assimilation cycle #  3100
Data assimilation cycle #  3200
Data assimilation cycle #  3300
Data assimilation cycle #  3400
Data assimilation cycle #  3500
Data assimilation cycle #  3600
Data assimilation cycle #  3700
Data assimilation cycle #  3800
Data assimilation cycle #  3900
Data assimilation cycle #  4000
Data assimilation cycle #  4100
Data assimilation cycle #  4200
Data assimilation cycle #  4300
Data assimilation cycle #  4400
Data assimilation cycle #  4500
Data assimilation cycle #  4600
Data assimilation cycle #  4700
Data assimilation cycle #  4800
Data assimilation cycle #  4900
Data assimilation cycle #  5000
Data assimilation cycle #  5100
Data assimilation cycle #  5200
Data assimilation cycle #  5300
Data assimilation cycle #  5400
Data assimilation cycle #  5500
Data assimilation cycle #  5600
Data assimilation cycle #  5700
Data assimilation cycle #  5800
Data assimilation cycle #  5900
Data assimilation cycle #  6000
Data assimilation cycle #  6100
Data assimilation cycle #  6200
Data assimilation cycle #  6300
Data assimilation cycle #  6400
Data assimilation cycle #  6500
Data assimilation cycle #  6600
Data assimilation cycle #  6700
Data assimilation cycle #  6800
Data assimilation cycle #  6900
Data assimilation cycle #  7000
Data assimilation cycle #  7100
Data assimilation cycle #  7200
Data assimilation cycle #  7300
Data assimilation cycle #  7400
Data assimilation cycle #  7500
Data assimilation cycle #  7600
Data assimilation cycle #  7700
Data assimilation cycle #  7800
Data assimilation cycle #  7900
Data assimilation cycle #  8000
Data assimilation cycle #  8100
Data assimilation cycle #  8200
Data assimilation cycle #  8300
Data assimilation cycle #  8400
Data assimilation cycle #  8500
Data assimilation cycle #  8600
Data assimilation cycle #  8700
Data assimilation cycle #  8800
Data assimilation cycle #  8900
Data assimilation cycle #  9000
Data assimilation cycle #  9100
Data assimilation cycle #  9200
Data assimilation cycle #  9300
Data assimilation cycle #  9400
Data assimilation cycle #  9500
Data assimilation cycle #  9600
Data assimilation cycle #  9700
Data assimilation cycle #  9800
Data assimilation cycle #  9900
Additive Inflation 0.01
Tempering iteraations 3
Analisis RMSE:  3.225273791287269
Forecast RMSE:  3.3722507598582014
Analisis SPRD:  0.5173409936156409
Forecast SPRD:  0.6108059109404195
Reading observations from file  ./data/Nature/NatureR4_Den05_Freq8_Hlogaritmic.npz

This is a TWIN experiment

Data assimilation cycle #  100
Data assimilation cycle #  200
Data assimilation cycle #  300
Data assimilation cycle #  400
Data assimilation cycle #  500
Data assimilation cycle #  600
Data assimilation cycle #  700
Data assimilation cycle #  800
Data assimilation cycle #  900
Data assimilation cycle #  1000
Data assimilation cycle #  1100
Data assimilation cycle #  1200
Data assimilation cycle #  1300
Data assimilation cycle #  1400
Data assimilation cycle #  1500
Data assimilation cycle #  1600
Data assimilation cycle #  1700
Data assimilation cycle #  1800
Data assimilation cycle #  1900
Data assimilation cycle #  2000
Data assimilation cycle #  2100
Data assimilation cycle #  2200
Data assimilation cycle #  2300
Data assimilation cycle #  2400
Data assimilation cycle #  2500
Data assimilation cycle #  2600
Data assimilation cycle #  2700
Data assimilation cycle #  2800
Data assimilation cycle #  2900
Data assimilation cycle #  3000
Data assimilation cycle #  3100
Data assimilation cycle #  3200
Data assimilation cycle #  3300
Data assimilation cycle #  3400
Data assimilation cycle #  3500
Data assimilation cycle #  3600
Data assimilation cycle #  3700
Data assimilation cycle #  3800
Data assimilation cycle #  3900
Data assimilation cycle #  4000
 Warning: Iteration limit reached in Sinkhorn minimization
 Warning: Iteration limit reached in Sinkhorn minimization
 Warning: Iteration limit reached in Sinkhorn minimization
 Warning: Iteration limit reached in Sinkhorn minimization
 Warning: Iteration limit reached in Sinkhorn minimization
 Warning: Iteration limit reached in Sinkhorn minimization
 Warning: Iteration limit reached in Sinkhorn minimization
 Warning: Iteration limit reached in Sinkhorn minimization
 Warning: Iteration limit reached in Sinkhorn minimization
 Warning: Iteration limit reached in Sinkhorn minimization
 Warning: Iteration limit reached in Sinkhorn minimization
 Warning: Iteration limit reached in Sinkhorn minimization
 Warning: Iteration limit reached in Sinkhorn minimization
 Warning: Iteration limit reached in Sinkhorn minimization
 Warning: Iteration limit reached in Sinkhorn minimization
 Warning: Iteration limit reached in Sinkhorn minimization
 Warning: Iteration limit reached in Sinkhorn minimization
 Warning: Iteration limit reached in Sinkhorn minimization
 Warning: Iteration limit reached in Sinkhorn minimization
 Warning: Iteration limit reached in Sinkhorn minimization
 Warning: Iteration limit reached in Sinkhorn minimization
 Warning: Iteration limit reached in Sinkhorn minimization
 Warning: Iteration limit reached in Sinkhorn minimization
 Warning: Iteration limit reached in Sinkhorn minimization
 Warning: Iteration limit reached in Sinkhorn minimization
 Warning: Iteration limit reached in Sinkhorn minimization
 Warning: Iteration limit reached in Sinkhorn minimization
 Warning: Iteration limit reached in Sinkhorn minimization
 Warning: Iteration limit reached in Sinkhorn minimization
 Warning: Iteration limit reached in Sinkhorn minimization
 Warning: Iteration limit reached in Sinkhorn minimization
 Warning: Iteration limit reached in Sinkhorn minimization
 Warning: Iteration limit reached in Sinkhorn minimization
 Warning: Iteration limit reached in Sinkhorn minimization
 Warning: Iteration limit reached in Sinkhorn minimization
 Warning: Iteration limit reached in Sinkhorn minimization
 Warning: Iteration limit reached in Sinkhorn minimization
 Warning: Iteration limit reached in Sinkhorn minimization
 Warning: Iteration limit reached in Sinkhorn minimization
 Warning: Iteration limit reached in Sinkhorn minimization
 Warning: Iteration limit reached in Sinkhorn minimization
 Warning: Iteration limit reached in Sinkhorn minimization
 Warning: Iteration limit reached in Sinkhorn minimization
 Warning: Iteration limit reached in Sinkhorn minimization
 Warning: Iteration limit reached in Sinkhorn minimization
 Warning: Iteration limit reached in Sinkhorn minimization
 Warning: Iteration limit reached in Sinkhorn minimization
 Warning: Iteration limit reached in Sinkhorn minimization
 Warning: Iteration limit reached in Sinkhorn minimization
 Warning: Iteration limit reached in Sinkhorn minimization
 Warning: Iteration limit reached in Sinkhorn minimization
 Warning: Iteration limit reached in Sinkhorn minimization
 Warning: Iteration limit reached in Sinkhorn minimization
 Warning: Iteration limit reached in Sinkhorn minimization
 Warning: Iteration limit reached in Sinkhorn minimization
 Warning: Iteration limit reached in Sinkhorn minimization
 Warning: Iteration limit reached in Sinkhorn minimization
 Warning: Iteration limit reached in Sinkhorn minimization
 Warning: Iteration limit reached in Sinkhorn minimization
 Warning: Iteration limit reached in Sinkhorn minimization
 Warning: Iteration limit reached in Sinkhorn minimization
 Warning: Iteration limit reached in Sinkhorn minimization
 Warning: Iteration limit reached in Sinkhorn minimization
 Warning: Iteration limit reached in Sinkhorn minimization
 Warning: Iteration limit reached in Sinkhorn minimization
 Warning: Iteration limit reached in Sinkhorn minimization
 Warning: Iteration limit reached in Sinkhorn minimization
 Warning: Iteration limit reached in Sinkhorn minimization
 Warning: Iteration limit reached in Sinkhorn minimization
 Warning: Iteration limit reached in Sinkhorn minimization
Data assimilation cycle #  4100
Data assimilation cycle #  4200
Data assimilation cycle #  4300
Data assimilation cycle #  4400
Data assimilation cycle #  4500
Data assimilation cycle #  4600
