Reading observations from file  ./data/Nature/MultipleNature_Nature_Freq16_Den0.25_Type1_ObsErr0.3.npz

This is a TWIN experiment

Using AlphaTempScale to compute tempering dt
Tempering steps:  [1.]
Dt pseudo times:  [1.]
Data assimilation cycle #  100
Data assimilation cycle #  200
Data assimilation cycle #  300
Data assimilation cycle #  400
Data assimilation cycle #  500
Data assimilation cycle #  600
Data assimilation cycle #  700
Data assimilation cycle #  800
Data assimilation cycle #  900
Data assimilation cycle #  1000
Data assimilation cycle #  1100
Data assimilation cycle #  1200
Data assimilation cycle #  1300
Data assimilation cycle #  1400
Data assimilation cycle #  1500
Data assimilation cycle #  1600
Data assimilation cycle #  1700
Data assimilation cycle #  1800
Data assimilation cycle #  1900
Data assimilation cycle #  2000
Data assimilation cycle #  2100
Data assimilation cycle #  2200
Data assimilation cycle #  2300
Data assimilation cycle #  2400
Data assimilation cycle #  2500
Data assimilation cycle #  2600
Data assimilation cycle #  2700
Data assimilation cycle #  2800
Data assimilation cycle #  2900
Data assimilation cycle #  3000
Data assimilation cycle #  3100
Data assimilation cycle #  3200
Data assimilation cycle #  3300
Data assimilation cycle #  3400
Data assimilation cycle #  3500
Data assimilation cycle #  3600
Data assimilation cycle #  3700
Data assimilation cycle #  3800
Data assimilation cycle #  3900
Data assimilation cycle #  4000
Data assimilation cycle #  4100
Data assimilation cycle #  4200
Data assimilation cycle #  4300
Data assimilation cycle #  4400
Data assimilation cycle #  4500
Data assimilation cycle #  4600
Data assimilation cycle #  4700
Data assimilation cycle #  4800
Data assimilation cycle #  4900
Multiplicative Inflation 1.05
Localization Scale 1.0
AlphaTemp [1.]
Analisis RMSE:  1.5442148714070962
Forecast RMSE:  1.9328632787961297
Analisis SPRD:  0.9477238862667013
Forecast SPRD:  1.285773206828902
Reading observations from file  ./data/Nature/MultipleNature_Nature_Freq16_Den0.25_Type1_ObsErr0.3.npz

This is a TWIN experiment

Using AlphaTempScale to compute tempering dt
Tempering steps:  [1.]
Dt pseudo times:  [1.]
Data assimilation cycle #  100
Data assimilation cycle #  200
Data assimilation cycle #  300
Data assimilation cycle #  400
Data assimilation cycle #  500
Data assimilation cycle #  600
Data assimilation cycle #  700
Data assimilation cycle #  800
Data assimilation cycle #  900
Data assimilation cycle #  1000
Data assimilation cycle #  1100
Data assimilation cycle #  1200
Data assimilation cycle #  1300
Data assimilation cycle #  1400
Data assimilation cycle #  1500
Data assimilation cycle #  1600
Data assimilation cycle #  1700
Data assimilation cycle #  1800
Data assimilation cycle #  1900
Data assimilation cycle #  2000
Data assimilation cycle #  2100
Data assimilation cycle #  2200
Data assimilation cycle #  2300
Data assimilation cycle #  2400
Data assimilation cycle #  2500
Data assimilation cycle #  2600
Data assimilation cycle #  2700
Data assimilation cycle #  2800
Data assimilation cycle #  2900
Data assimilation cycle #  3000
Data assimilation cycle #  3100
Data assimilation cycle #  3200
Data assimilation cycle #  3300
Data assimilation cycle #  3400
Data assimilation cycle #  3500
Data assimilation cycle #  3600
Data assimilation cycle #  3700
Data assimilation cycle #  3800
Data assimilation cycle #  3900
Data assimilation cycle #  4000
Data assimilation cycle #  4100
Data assimilation cycle #  4200
Data assimilation cycle #  4300
Data assimilation cycle #  4400
Data assimilation cycle #  4500
Data assimilation cycle #  4600
Data assimilation cycle #  4700
Data assimilation cycle #  4800
Data assimilation cycle #  4900
Multiplicative Inflation 1.05
Localization Scale 1.5
AlphaTemp [1.]
Analisis RMSE:  1.8889327549402037
Forecast RMSE:  2.1988200968340386
Analisis SPRD:  0.7767484669075895
Forecast SPRD:  1.0795051538842582
Reading observations from file  ./data/Nature/MultipleNature_Nature_Freq16_Den0.25_Type1_ObsErr0.3.npz

This is a TWIN experiment

Using AlphaTempScale to compute tempering dt
Tempering steps:  [1.]
Dt pseudo times:  [1.]
Data assimilation cycle #  100
Data assimilation cycle #  200
Data assimilation cycle #  300
Data assimilation cycle #  400
Data assimilation cycle #  500
Data assimilation cycle #  600
Data assimilation cycle #  700
Data assimilation cycle #  800
Data assimilation cycle #  900
Data assimilation cycle #  1000
Data assimilation cycle #  1100
Data assimilation cycle #  1200
Data assimilation cycle #  1300
Data assimilation cycle #  1400
Data assimilation cycle #  1500
Data assimilation cycle #  1600
Data assimilation cycle #  1700
Data assimilation cycle #  1800
Data assimilation cycle #  1900
Data assimilation cycle #  2000
Data assimilation cycle #  2100
Data assimilation cycle #  2200
Data assimilation cycle #  2300
Data assimilation cycle #  2400
Data assimilation cycle #  2500
Data assimilation cycle #  2600
Data assimilation cycle #  2700
Data assimilation cycle #  2800
Data assimilation cycle #  2900
Data assimilation cycle #  3000
Data assimilation cycle #  3100
Data assimilation cycle #  3200
Data assimilation cycle #  3300
Data assimilation cycle #  3400
Data assimilation cycle #  3500
Data assimilation cycle #  3600
Data assimilation cycle #  3700
Data assimilation cycle #  3800
Data assimilation cycle #  3900
Data assimilation cycle #  4000
Data assimilation cycle #  4100
Data assimilation cycle #  4200
Data assimilation cycle #  4300
Data assimilation cycle #  4400
Data assimilation cycle #  4500
Data assimilation cycle #  4600
Data assimilation cycle #  4700
Data assimilation cycle #  4800
Data assimilation cycle #  4900
Multiplicative Inflation 1.05
Localization Scale 2.0
AlphaTemp [1.]
Analisis RMSE:  2.3555542417637625
Forecast RMSE:  2.6174950866412123
Analisis SPRD:  0.7006060576165406
Forecast SPRD:  0.9950437279601294
Reading observations from file  ./data/Nature/MultipleNature_Nature_Freq16_Den0.25_Type1_ObsErr0.3.npz

This is a TWIN experiment

Using AlphaTempScale to compute tempering dt
Tempering steps:  [1.]
Dt pseudo times:  [1.]
Data assimilation cycle #  100
Data assimilation cycle #  200
Data assimilation cycle #  300
Data assimilation cycle #  400
Data assimilation cycle #  500
Data assimilation cycle #  600
Data assimilation cycle #  700
Data assimilation cycle #  800
Data assimilation cycle #  900
Data assimilation cycle #  1000
Data assimilation cycle #  1100
Data assimilation cycle #  1200
Data assimilation cycle #  1300
Data assimilation cycle #  1400
Data assimilation cycle #  1500
Data assimilation cycle #  1600
Data assimilation cycle #  1700
Data assimilation cycle #  1800
Data assimilation cycle #  1900
Data assimilation cycle #  2000
Data assimilation cycle #  2100
Data assimilation cycle #  2200
Data assimilation cycle #  2300
Data assimilation cycle #  2400
Data assimilation cycle #  2500
Data assimilation cycle #  2600
Data assimilation cycle #  2700
Data assimilation cycle #  2800
Data assimilation cycle #  2900
Data assimilation cycle #  3000
Data assimilation cycle #  3100
Data assimilation cycle #  3200
Data assimilation cycle #  3300
Data assimilation cycle #  3400
Data assimilation cycle #  3500
Data assimilation cycle #  3600
Data assimilation cycle #  3700
Data assimilation cycle #  3800
Data assimilation cycle #  3900
Data assimilation cycle #  4000
Data assimilation cycle #  4100
Data assimilation cycle #  4200
Data assimilation cycle #  4300
Data assimilation cycle #  4400
Data assimilation cycle #  4500
Data assimilation cycle #  4600
Data assimilation cycle #  4700
Data assimilation cycle #  4800
Data assimilation cycle #  4900
Multiplicative Inflation 1.05
Localization Scale 2.5
AlphaTemp [1.]
Analisis RMSE:  2.9669653728718197
Forecast RMSE:  3.1848694572725145
Analisis SPRD:  0.6491426681940309
Forecast SPRD:  0.9459774418311188
Reading observations from file  ./data/Nature/MultipleNature_Nature_Freq16_Den0.25_Type1_ObsErr0.3.npz

This is a TWIN experiment

Using AlphaTempScale to compute tempering dt
Tempering steps:  [1.]
Dt pseudo times:  [1.]
Data assimilation cycle #  100
Data assimilation cycle #  200
Data assimilation cycle #  300
Data assimilation cycle #  400
Data assimilation cycle #  500
Data assimilation cycle #  600
Data assimilation cycle #  700
Data assimilation cycle #  800
Data assimilation cycle #  900
Data assimilation cycle #  1000
Data assimilation cycle #  1100
Data assimilation cycle #  1200
Data assimilation cycle #  1300
Data assimilation cycle #  1400
Data assimilation cycle #  1500
Data assimilation cycle #  1600
Data assimilation cycle #  1700
Data assimilation cycle #  1800
Data assimilation cycle #  1900
Data assimilation cycle #  2000
Data assimilation cycle #  2100
Data assimilation cycle #  2200
Data assimilation cycle #  2300
Data assimilation cycle #  2400
Data assimilation cycle #  2500
Data assimilation cycle #  2600
Data assimilation cycle #  2700
Data assimilation cycle #  2800
Data assimilation cycle #  2900
Data assimilation cycle #  3000
Data assimilation cycle #  3100
Data assimilation cycle #  3200
Data assimilation cycle #  3300
Data assimilation cycle #  3400
Data assimilation cycle #  3500
Data assimilation cycle #  3600
Data assimilation cycle #  3700
Data assimilation cycle #  3800
Data assimilation cycle #  3900
Data assimilation cycle #  4000
Data assimilation cycle #  4100
Data assimilation cycle #  4200
Data assimilation cycle #  4300
Data assimilation cycle #  4400
Data assimilation cycle #  4500
Data assimilation cycle #  4600
Data assimilation cycle #  4700
Data assimilation cycle #  4800
Data assimilation cycle #  4900
Multiplicative Inflation 1.05
Localization Scale 3.0
AlphaTemp [1.]
Analisis RMSE:  3.7865079610697085
Forecast RMSE:  3.981549313908282
Analisis SPRD:  0.6204694309001135
Forecast SPRD:  0.9287219480400379
Reading observations from file  ./data/Nature/MultipleNature_Nature_Freq16_Den0.25_Type1_ObsErr0.3.npz

This is a TWIN experiment

Using AlphaTempScale to compute tempering dt
Tempering steps:  [1.]
Dt pseudo times:  [1.]
Data assimilation cycle #  100
Data assimilation cycle #  200
Data assimilation cycle #  300
Data assimilation cycle #  400
Data assimilation cycle #  500
Data assimilation cycle #  600
Data assimilation cycle #  700
Data assimilation cycle #  800
Data assimilation cycle #  900
Data assimilation cycle #  1000
Data assimilation cycle #  1100
Data assimilation cycle #  1200
Data assimilation cycle #  1300
Data assimilation cycle #  1400
Data assimilation cycle #  1500
Data assimilation cycle #  1600
Data assimilation cycle #  1700
Data assimilation cycle #  1800
Data assimilation cycle #  1900
Data assimilation cycle #  2000
Data assimilation cycle #  2100
Data assimilation cycle #  2200
Data assimilation cycle #  2300
Data assimilation cycle #  2400
Data assimilation cycle #  2500
Data assimilation cycle #  2600
Data assimilation cycle #  2700
Data assimilation cycle #  2800
Data assimilation cycle #  2900
Data assimilation cycle #  3000
Data assimilation cycle #  3100
Data assimilation cycle #  3200
Data assimilation cycle #  3300
Data assimilation cycle #  3400
Data assimilation cycle #  3500
Data assimilation cycle #  3600
Data assimilation cycle #  3700
Data assimilation cycle #  3800
Data assimilation cycle #  3900
Data assimilation cycle #  4000
Data assimilation cycle #  4100
Data assimilation cycle #  4200
Data assimilation cycle #  4300
Data assimilation cycle #  4400
Data assimilation cycle #  4500
Data assimilation cycle #  4600
Data assimilation cycle #  4700
Data assimilation cycle #  4800
Data assimilation cycle #  4900
Multiplicative Inflation 1.05
Localization Scale 3.5
AlphaTemp [1.]
Analisis RMSE:  3.8991692064048245
Forecast RMSE:  4.063316124244161
Analisis SPRD:  0.5672920405208807
Forecast SPRD:  0.8577198229068197
Reading observations from file  ./data/Nature/MultipleNature_Nature_Freq16_Den0.25_Type1_ObsErr0.3.npz

This is a TWIN experiment

Using AlphaTempScale to compute tempering dt
Tempering steps:  [1.]
Dt pseudo times:  [1.]
Data assimilation cycle #  100
Data assimilation cycle #  200
Data assimilation cycle #  300
Data assimilation cycle #  400
Data assimilation cycle #  500
Data assimilation cycle #  600
Data assimilation cycle #  700
Data assimilation cycle #  800
Data assimilation cycle #  900
Data assimilation cycle #  1000
Data assimilation cycle #  1100
Data assimilation cycle #  1200
Data assimilation cycle #  1300
Data assimilation cycle #  1400
Data assimilation cycle #  1500
Data assimilation cycle #  1600
Data assimilation cycle #  1700
Data assimilation cycle #  1800
Data assimilation cycle #  1900
Data assimilation cycle #  2000
Data assimilation cycle #  2100
Data assimilation cycle #  2200
Data assimilation cycle #  2300
Data assimilation cycle #  2400
Data assimilation cycle #  2500
Data assimilation cycle #  2600
Data assimilation cycle #  2700
Data assimilation cycle #  2800
Data assimilation cycle #  2900
Data assimilation cycle #  3000
Data assimilation cycle #  3100
Data assimilation cycle #  3200
Data assimilation cycle #  3300
Data assimilation cycle #  3400
Data assimilation cycle #  3500
Data assimilation cycle #  3600
Data assimilation cycle #  3700
Data assimilation cycle #  3800
Data assimilation cycle #  3900
Data assimilation cycle #  4000
Data assimilation cycle #  4100
Data assimilation cycle #  4200
Data assimilation cycle #  4300
Data assimilation cycle #  4400
Data assimilation cycle #  4500
Data assimilation cycle #  4600
Data assimilation cycle #  4700
Data assimilation cycle #  4800
Data assimilation cycle #  4900
Multiplicative Inflation 1.05
Localization Scale 4.0
AlphaTemp [1.]
Analisis RMSE:  4.228225434574663
Forecast RMSE:  4.31839231524475
Analisis SPRD:  0.5589489121211023
Forecast SPRD:  0.8573309187491773
Reading observations from file  ./data/Nature/MultipleNature_Nature_Freq16_Den0.25_Type1_ObsErr0.3.npz

This is a TWIN experiment

Using AlphaTempScale to compute tempering dt
Tempering steps:  [1.]
Dt pseudo times:  [1.]
Data assimilation cycle #  100
Data assimilation cycle #  200
Data assimilation cycle #  300
Data assimilation cycle #  400
Data assimilation cycle #  500
Data assimilation cycle #  600
Data assimilation cycle #  700
Data assimilation cycle #  800
Data assimilation cycle #  900
Data assimilation cycle #  1000
Data assimilation cycle #  1100
Data assimilation cycle #  1200
Data assimilation cycle #  1300
Data assimilation cycle #  1400
Data assimilation cycle #  1500
Data assimilation cycle #  1600
Data assimilation cycle #  1700
Data assimilation cycle #  1800
Data assimilation cycle #  1900
Data assimilation cycle #  2000
Data assimilation cycle #  2100
Data assimilation cycle #  2200
Data assimilation cycle #  2300
Data assimilation cycle #  2400
Data assimilation cycle #  2500
Data assimilation cycle #  2600
Data assimilation cycle #  2700
Data assimilation cycle #  2800
Data assimilation cycle #  2900
Data assimilation cycle #  3000
Data assimilation cycle #  3100
Data assimilation cycle #  3200
Data assimilation cycle #  3300
Data assimilation cycle #  3400
Data assimilation cycle #  3500
Data assimilation cycle #  3600
Data assimilation cycle #  3700
Data assimilation cycle #  3800
Data assimilation cycle #  3900
Data assimilation cycle #  4000
Data assimilation cycle #  4100
Data assimilation cycle #  4200
Data assimilation cycle #  4300
Data assimilation cycle #  4400
Data assimilation cycle #  4500
Data assimilation cycle #  4600
Data assimilation cycle #  4700
Data assimilation cycle #  4800
Data assimilation cycle #  4900
Multiplicative Inflation 1.1
Localization Scale 1.0
AlphaTemp [1.]
Analisis RMSE:  1.4006527845680359
Forecast RMSE:  1.806575396599046
Analisis SPRD:  1.0928568433322017
Forecast SPRD:  1.4604166275354045
Reading observations from file  ./data/Nature/MultipleNature_Nature_Freq16_Den0.25_Type1_ObsErr0.3.npz

This is a TWIN experiment

Using AlphaTempScale to compute tempering dt
Tempering steps:  [1.]
Dt pseudo times:  [1.]
Data assimilation cycle #  100
Data assimilation cycle #  200
Data assimilation cycle #  300
Data assimilation cycle #  400
Data assimilation cycle #  500
Data assimilation cycle #  600
Data assimilation cycle #  700
Data assimilation cycle #  800
Data assimilation cycle #  900
Data assimilation cycle #  1000
Data assimilation cycle #  1100
Data assimilation cycle #  1200
Data assimilation cycle #  1300
Data assimilation cycle #  1400
Data assimilation cycle #  1500
Data assimilation cycle #  1600
Data assimilation cycle #  1700
Data assimilation cycle #  1800
Data assimilation cycle #  1900
Data assimilation cycle #  2000
Data assimilation cycle #  2100
Data assimilation cycle #  2200
Data assimilation cycle #  2300
Data assimilation cycle #  2400
Data assimilation cycle #  2500
Data assimilation cycle #  2600
Data assimilation cycle #  2700
Data assimilation cycle #  2800
Data assimilation cycle #  2900
Data assimilation cycle #  3000
Data assimilation cycle #  3100
Data assimilation cycle #  3200
Data assimilation cycle #  3300
Data assimilation cycle #  3400
Data assimilation cycle #  3500
Data assimilation cycle #  3600
Data assimilation cycle #  3700
Data assimilation cycle #  3800
Data assimilation cycle #  3900
Data assimilation cycle #  4000
Data assimilation cycle #  4100
Data assimilation cycle #  4200
Data assimilation cycle #  4300
Data assimilation cycle #  4400
Data assimilation cycle #  4500
Data assimilation cycle #  4600
Data assimilation cycle #  4700
Data assimilation cycle #  4800
Data assimilation cycle #  4900
Multiplicative Inflation 1.1
Localization Scale 1.5
AlphaTemp [1.]
Analisis RMSE:  1.5793446028022655
Forecast RMSE:  1.910684328761485
Analisis SPRD:  0.8472971318588538
Forecast SPRD:  1.165421361028875
Reading observations from file  ./data/Nature/MultipleNature_Nature_Freq16_Den0.25_Type1_ObsErr0.3.npz

This is a TWIN experiment

Using AlphaTempScale to compute tempering dt
Tempering steps:  [1.]
Dt pseudo times:  [1.]
Data assimilation cycle #  100
Data assimilation cycle #  200
Data assimilation cycle #  300
Data assimilation cycle #  400
Data assimilation cycle #  500
Data assimilation cycle #  600
Data assimilation cycle #  700
Data assimilation cycle #  800
Data assimilation cycle #  900
Data assimilation cycle #  1000
Data assimilation cycle #  1100
Data assimilation cycle #  1200
Data assimilation cycle #  1300
Data assimilation cycle #  1400
Data assimilation cycle #  1500
Data assimilation cycle #  1600
Data assimilation cycle #  1700
Data assimilation cycle #  1800
Data assimilation cycle #  1900
Data assimilation cycle #  2000
Data assimilation cycle #  2100
Data assimilation cycle #  2200
Data assimilation cycle #  2300
Data assimilation cycle #  2400
Data assimilation cycle #  2500
Data assimilation cycle #  2600
Data assimilation cycle #  2700
Data assimilation cycle #  2800
Data assimilation cycle #  2900
Data assimilation cycle #  3000
Data assimilation cycle #  3100
Data assimilation cycle #  3200
Data assimilation cycle #  3300
Data assimilation cycle #  3400
Data assimilation cycle #  3500
Data assimilation cycle #  3600
Data assimilation cycle #  3700
Data assimilation cycle #  3800
Data assimilation cycle #  3900
Data assimilation cycle #  4000
Data assimilation cycle #  4100
Data assimilation cycle #  4200
Data assimilation cycle #  4300
Data assimilation cycle #  4400
Data assimilation cycle #  4500
Data assimilation cycle #  4600
Data assimilation cycle #  4700
Data assimilation cycle #  4800
Data assimilation cycle #  4900
Multiplicative Inflation 1.1
Localization Scale 2.0
AlphaTemp [1.]
Analisis RMSE:  1.7748030140510487
Forecast RMSE:  2.0631139782948766
Analisis SPRD:  0.7634757889598218
Forecast SPRD:  1.0628706758158333
Reading observations from file  ./data/Nature/MultipleNature_Nature_Freq16_Den0.25_Type1_ObsErr0.3.npz

This is a TWIN experiment

Using AlphaTempScale to compute tempering dt
Tempering steps:  [1.]
Dt pseudo times:  [1.]
Data assimilation cycle #  100
Data assimilation cycle #  200
Data assimilation cycle #  300
Data assimilation cycle #  400
Data assimilation cycle #  500
Data assimilation cycle #  600
Data assimilation cycle #  700
Data assimilation cycle #  800
Data assimilation cycle #  900
Data assimilation cycle #  1000
Data assimilation cycle #  1100
Data assimilation cycle #  1200
Data assimilation cycle #  1300
Data assimilation cycle #  1400
Data assimilation cycle #  1500
Data assimilation cycle #  1600
Data assimilation cycle #  1700
Data assimilation cycle #  1800
Data assimilation cycle #  1900
Data assimilation cycle #  2000
Data assimilation cycle #  2100
Data assimilation cycle #  2200
Data assimilation cycle #  2300
Data assimilation cycle #  2400
Data assimilation cycle #  2500
Data assimilation cycle #  2600
Data assimilation cycle #  2700
Data assimilation cycle #  2800
Data assimilation cycle #  2900
Data assimilation cycle #  3000
Data assimilation cycle #  3100
Data assimilation cycle #  3200
Data assimilation cycle #  3300
Data assimilation cycle #  3400
Data assimilation cycle #  3500
Data assimilation cycle #  3600
Data assimilation cycle #  3700
Data assimilation cycle #  3800
Data assimilation cycle #  3900
Data assimilation cycle #  4000
Data assimilation cycle #  4100
Data assimilation cycle #  4200
Data assimilation cycle #  4300
Data assimilation cycle #  4400
Data assimilation cycle #  4500
Data assimilation cycle #  4600
Data assimilation cycle #  4700
Data assimilation cycle #  4800
Data assimilation cycle #  4900
Multiplicative Inflation 1.1
Localization Scale 2.5
AlphaTemp [1.]
Analisis RMSE:  2.22592195211091
Forecast RMSE:  2.4907072014929463
Analisis SPRD:  0.7213183986732196
Forecast SPRD:  1.0243129712181296
Reading observations from file  ./data/Nature/MultipleNature_Nature_Freq16_Den0.25_Type1_ObsErr0.3.npz

This is a TWIN experiment

Using AlphaTempScale to compute tempering dt
Tempering steps:  [1.]
Dt pseudo times:  [1.]
Data assimilation cycle #  100
Data assimilation cycle #  200
Data assimilation cycle #  300
Data assimilation cycle #  400
Data assimilation cycle #  500
Data assimilation cycle #  600
Data assimilation cycle #  700
Data assimilation cycle #  800
Data assimilation cycle #  900
Data assimilation cycle #  1000
Data assimilation cycle #  1100
Data assimilation cycle #  1200
Data assimilation cycle #  1300
Data assimilation cycle #  1400
Data assimilation cycle #  1500
Data assimilation cycle #  1600
Data assimilation cycle #  1700
Data assimilation cycle #  1800
Data assimilation cycle #  1900
Data assimilation cycle #  2000
Data assimilation cycle #  2100
Data assimilation cycle #  2200
Data assimilation cycle #  2300
Data assimilation cycle #  2400
Data assimilation cycle #  2500
Data assimilation cycle #  2600
Data assimilation cycle #  2700
Data assimilation cycle #  2800
Data assimilation cycle #  2900
Data assimilation cycle #  3000
Data assimilation cycle #  3100
Data assimilation cycle #  3200
Data assimilation cycle #  3300
Data assimilation cycle #  3400
Data assimilation cycle #  3500
Data assimilation cycle #  3600
Data assimilation cycle #  3700
Data assimilation cycle #  3800
Data assimilation cycle #  3900
Data assimilation cycle #  4000
Data assimilation cycle #  4100
Data assimilation cycle #  4200
Data assimilation cycle #  4300
Data assimilation cycle #  4400
Data assimilation cycle #  4500
Data assimilation cycle #  4600
Data assimilation cycle #  4700
Data assimilation cycle #  4800
Data assimilation cycle #  4900
Multiplicative Inflation 1.1
Localization Scale 3.0
AlphaTemp [1.]
Analisis RMSE:  2.4154517614015147
Forecast RMSE:  2.627462348573286
Analisis SPRD:  0.6771688331481643
Forecast SPRD:  0.9702281726685331
Reading observations from file  ./data/Nature/MultipleNature_Nature_Freq16_Den0.25_Type1_ObsErr0.3.npz

This is a TWIN experiment

Using AlphaTempScale to compute tempering dt
Tempering steps:  [1.]
Dt pseudo times:  [1.]
Data assimilation cycle #  100
Data assimilation cycle #  200
Data assimilation cycle #  300
Data assimilation cycle #  400
Data assimilation cycle #  500
Data assimilation cycle #  600
Data assimilation cycle #  700
Data assimilation cycle #  800
Data assimilation cycle #  900
Data assimilation cycle #  1000
Data assimilation cycle #  1100
Data assimilation cycle #  1200
Data assimilation cycle #  1300
Data assimilation cycle #  1400
Data assimilation cycle #  1500
Data assimilation cycle #  1600
Data assimilation cycle #  1700
Data assimilation cycle #  1800
Data assimilation cycle #  1900
Data assimilation cycle #  2000
Data assimilation cycle #  2100
Data assimilation cycle #  2200
Data assimilation cycle #  2300
Data assimilation cycle #  2400
Data assimilation cycle #  2500
Data assimilation cycle #  2600
Data assimilation cycle #  2700
Data assimilation cycle #  2800
Data assimilation cycle #  2900
Data assimilation cycle #  3000
Data assimilation cycle #  3100
Data assimilation cycle #  3200
Data assimilation cycle #  3300
Data assimilation cycle #  3400
Data assimilation cycle #  3500
Data assimilation cycle #  3600
Data assimilation cycle #  3700
Data assimilation cycle #  3800
Data assimilation cycle #  3900
Data assimilation cycle #  4000
Data assimilation cycle #  4100
Data assimilation cycle #  4200
Data assimilation cycle #  4300
Data assimilation cycle #  4400
Data assimilation cycle #  4500
Data assimilation cycle #  4600
Data assimilation cycle #  4700
Data assimilation cycle #  4800
Data assimilation cycle #  4900
Multiplicative Inflation 1.1
Localization Scale 3.5
AlphaTemp [1.]
Analisis RMSE:  2.9470396710274223
Forecast RMSE:  3.14140641456977
Analisis SPRD:  0.6524246882725859
Forecast SPRD:  0.9529964214966211
Reading observations from file  ./data/Nature/MultipleNature_Nature_Freq16_Den0.25_Type1_ObsErr0.3.npz

This is a TWIN experiment

Using AlphaTempScale to compute tempering dt
Tempering steps:  [1.]
Dt pseudo times:  [1.]
Data assimilation cycle #  100
Data assimilation cycle #  200
Data assimilation cycle #  300
Data assimilation cycle #  400
Data assimilation cycle #  500
Data assimilation cycle #  600
Data assimilation cycle #  700
Data assimilation cycle #  800
Data assimilation cycle #  900
Data assimilation cycle #  1000
Data assimilation cycle #  1100
Data assimilation cycle #  1200
Data assimilation cycle #  1300
Data assimilation cycle #  1400
Data assimilation cycle #  1500
Data assimilation cycle #  1600
Data assimilation cycle #  1700
Data assimilation cycle #  1800
Data assimilation cycle #  1900
Data assimilation cycle #  2000
Data assimilation cycle #  2100
Data assimilation cycle #  2200
Data assimilation cycle #  2300
Data assimilation cycle #  2400
Data assimilation cycle #  2500
Data assimilation cycle #  2600
Data assimilation cycle #  2700
Data assimilation cycle #  2800
Data assimilation cycle #  2900
Data assimilation cycle #  3000
Data assimilation cycle #  3100
Data assimilation cycle #  3200
Data assimilation cycle #  3300
Data assimilation cycle #  3400
Data assimilation cycle #  3500
Data assimilation cycle #  3600
Data assimilation cycle #  3700
Data assimilation cycle #  3800
Data assimilation cycle #  3900
Data assimilation cycle #  4000
Data assimilation cycle #  4100
Data assimilation cycle #  4200
Data assimilation cycle #  4300
Data assimilation cycle #  4400
Data assimilation cycle #  4500
Data assimilation cycle #  4600
Data assimilation cycle #  4700
Data assimilation cycle #  4800
Data assimilation cycle #  4900
Multiplicative Inflation 1.1
Localization Scale 4.0
AlphaTemp [1.]
Analisis RMSE:  3.0353998119731953
Forecast RMSE:  3.188551365657425
Analisis SPRD:  0.663295375191733
Forecast SPRD:  0.9735452073114104
Reading observations from file  ./data/Nature/MultipleNature_Nature_Freq16_Den0.25_Type1_ObsErr0.3.npz

This is a TWIN experiment

Using AlphaTempScale to compute tempering dt
Tempering steps:  [1.]
Dt pseudo times:  [1.]
Data assimilation cycle #  100
Data assimilation cycle #  200
Data assimilation cycle #  300
Data assimilation cycle #  400
Data assimilation cycle #  500
Data assimilation cycle #  600
Data assimilation cycle #  700
Data assimilation cycle #  800
Data assimilation cycle #  900
Data assimilation cycle #  1000
Data assimilation cycle #  1100
Data assimilation cycle #  1200
Data assimilation cycle #  1300
Data assimilation cycle #  1400
Data assimilation cycle #  1500
Data assimilation cycle #  1600
Data assimilation cycle #  1700
Data assimilation cycle #  1800
Data assimilation cycle #  1900
Data assimilation cycle #  2000
Data assimilation cycle #  2100
Data assimilation cycle #  2200
Data assimilation cycle #  2300
Data assimilation cycle #  2400
Data assimilation cycle #  2500
Data assimilation cycle #  2600
Data assimilation cycle #  2700
Data assimilation cycle #  2800
Data assimilation cycle #  2900
Data assimilation cycle #  3000
Data assimilation cycle #  3100
Data assimilation cycle #  3200
Data assimilation cycle #  3300
Data assimilation cycle #  3400
Data assimilation cycle #  3500
Data assimilation cycle #  3600
Data assimilation cycle #  3700
Data assimilation cycle #  3800
Data assimilation cycle #  3900
Data assimilation cycle #  4000
Data assimilation cycle #  4100
Data assimilation cycle #  4200
Data assimilation cycle #  4300
Data assimilation cycle #  4400
Data assimilation cycle #  4500
Data assimilation cycle #  4600
Data assimilation cycle #  4700
Data assimilation cycle #  4800
Data assimilation cycle #  4900
Multiplicative Inflation 1.1500000000000001
Localization Scale 1.0
AlphaTemp [1.]
Analisis RMSE:  1.3814843177024618
Forecast RMSE:  1.7977911320725979
Analisis SPRD:  1.2947852404892615
Forecast SPRD:  1.6972162283437222
Reading observations from file  ./data/Nature/MultipleNature_Nature_Freq16_Den0.25_Type1_ObsErr0.3.npz

This is a TWIN experiment

Using AlphaTempScale to compute tempering dt
Tempering steps:  [1.]
Dt pseudo times:  [1.]
Data assimilation cycle #  100
Data assimilation cycle #  200
Data assimilation cycle #  300
Data assimilation cycle #  400
Data assimilation cycle #  500
Data assimilation cycle #  600
Data assimilation cycle #  700
Data assimilation cycle #  800
Data assimilation cycle #  900
Data assimilation cycle #  1000
Data assimilation cycle #  1100
Data assimilation cycle #  1200
Data assimilation cycle #  1300
Data assimilation cycle #  1400
Data assimilation cycle #  1500
Data assimilation cycle #  1600
Data assimilation cycle #  1700
Data assimilation cycle #  1800
Data assimilation cycle #  1900
Data assimilation cycle #  2000
Data assimilation cycle #  2100
Data assimilation cycle #  2200
Data assimilation cycle #  2300
Data assimilation cycle #  2400
Data assimilation cycle #  2500
Data assimilation cycle #  2600
Data assimilation cycle #  2700
Data assimilation cycle #  2800
Data assimilation cycle #  2900
Data assimilation cycle #  3000
Data assimilation cycle #  3100
Data assimilation cycle #  3200
Data assimilation cycle #  3300
Data assimilation cycle #  3400
Data assimilation cycle #  3500
Data assimilation cycle #  3600
Data assimilation cycle #  3700
Data assimilation cycle #  3800
Data assimilation cycle #  3900
Data assimilation cycle #  4000
Data assimilation cycle #  4100
Data assimilation cycle #  4200
Data assimilation cycle #  4300
Data assimilation cycle #  4400
Data assimilation cycle #  4500
Data assimilation cycle #  4600
Data assimilation cycle #  4700
Data assimilation cycle #  4800
Data assimilation cycle #  4900
Multiplicative Inflation 1.1500000000000001
Localization Scale 1.5
AlphaTemp [1.]
Analisis RMSE:  1.3004080800624898
Forecast RMSE:  1.6558108866991936
Analisis SPRD:  0.9542643805494627
Forecast SPRD:  1.295891241393608
Reading observations from file  ./data/Nature/MultipleNature_Nature_Freq16_Den0.25_Type1_ObsErr0.3.npz

This is a TWIN experiment

Using AlphaTempScale to compute tempering dt
Tempering steps:  [1.]
Dt pseudo times:  [1.]
Data assimilation cycle #  100
Data assimilation cycle #  200
Data assimilation cycle #  300
Data assimilation cycle #  400
Data assimilation cycle #  500
Data assimilation cycle #  600
Data assimilation cycle #  700
Data assimilation cycle #  800
Data assimilation cycle #  900
Data assimilation cycle #  1000
Data assimilation cycle #  1100
Data assimilation cycle #  1200
Data assimilation cycle #  1300
Data assimilation cycle #  1400
Data assimilation cycle #  1500
Data assimilation cycle #  1600
Data assimilation cycle #  1700
Data assimilation cycle #  1800
Data assimilation cycle #  1900
Data assimilation cycle #  2000
Data assimilation cycle #  2100
Data assimilation cycle #  2200
Data assimilation cycle #  2300
Data assimilation cycle #  2400
Data assimilation cycle #  2500
Data assimilation cycle #  2600
Data assimilation cycle #  2700
Data assimilation cycle #  2800
Data assimilation cycle #  2900
Data assimilation cycle #  3000
Data assimilation cycle #  3100
Data assimilation cycle #  3200
Data assimilation cycle #  3300
Data assimilation cycle #  3400
Data assimilation cycle #  3500
Data assimilation cycle #  3600
Data assimilation cycle #  3700
Data assimilation cycle #  3800
Data assimilation cycle #  3900
Data assimilation cycle #  4000
Data assimilation cycle #  4100
Data assimilation cycle #  4200
Data assimilation cycle #  4300
Data assimilation cycle #  4400
Data assimilation cycle #  4500
Data assimilation cycle #  4600
Data assimilation cycle #  4700
Data assimilation cycle #  4800
Data assimilation cycle #  4900
Multiplicative Inflation 1.1500000000000001
Localization Scale 2.0
AlphaTemp [1.]
Analisis RMSE:  1.5977444605609672
Forecast RMSE:  1.9136506403069888
Analisis SPRD:  0.8485821289115391
Forecast SPRD:  1.1713039553733577
Reading observations from file  ./data/Nature/MultipleNature_Nature_Freq16_Den0.25_Type1_ObsErr0.3.npz

This is a TWIN experiment

Using AlphaTempScale to compute tempering dt
Tempering steps:  [1.]
Dt pseudo times:  [1.]
Data assimilation cycle #  100
Data assimilation cycle #  200
Data assimilation cycle #  300
Data assimilation cycle #  400
Data assimilation cycle #  500
Data assimilation cycle #  600
Data assimilation cycle #  700
Data assimilation cycle #  800
Data assimilation cycle #  900
Data assimilation cycle #  1000
Data assimilation cycle #  1100
Data assimilation cycle #  1200
Data assimilation cycle #  1300
Data assimilation cycle #  1400
Data assimilation cycle #  1500
Data assimilation cycle #  1600
Data assimilation cycle #  1700
Data assimilation cycle #  1800
Data assimilation cycle #  1900
Data assimilation cycle #  2000
Data assimilation cycle #  2100
Data assimilation cycle #  2200
Data assimilation cycle #  2300
Data assimilation cycle #  2400
Data assimilation cycle #  2500
Data assimilation cycle #  2600
Data assimilation cycle #  2700
Data assimilation cycle #  2800
Data assimilation cycle #  2900
Data assimilation cycle #  3000
Data assimilation cycle #  3100
Data assimilation cycle #  3200
Data assimilation cycle #  3300
Data assimilation cycle #  3400
Data assimilation cycle #  3500
Data assimilation cycle #  3600
Data assimilation cycle #  3700
Data assimilation cycle #  3800
Data assimilation cycle #  3900
Data assimilation cycle #  4000
Data assimilation cycle #  4100
Data assimilation cycle #  4200
Data assimilation cycle #  4300
Data assimilation cycle #  4400
Data assimilation cycle #  4500
Data assimilation cycle #  4600
Data assimilation cycle #  4700
Data assimilation cycle #  4800
Data assimilation cycle #  4900
Multiplicative Inflation 1.1500000000000001
Localization Scale 2.5
AlphaTemp [1.]
Analisis RMSE:  1.6463387426826501
Forecast RMSE:  1.903079537088629
Analisis SPRD:  0.7834313390798071
Forecast SPRD:  1.0914450856607647
Reading observations from file  ./data/Nature/MultipleNature_Nature_Freq16_Den0.25_Type1_ObsErr0.3.npz

This is a TWIN experiment

Using AlphaTempScale to compute tempering dt
Tempering steps:  [1.]
Dt pseudo times:  [1.]
Data assimilation cycle #  100
Data assimilation cycle #  200
Data assimilation cycle #  300
Data assimilation cycle #  400
Data assimilation cycle #  500
Data assimilation cycle #  600
Data assimilation cycle #  700
Data assimilation cycle #  800
Data assimilation cycle #  900
Data assimilation cycle #  1000
Data assimilation cycle #  1100
Data assimilation cycle #  1200
Data assimilation cycle #  1300
Data assimilation cycle #  1400
Data assimilation cycle #  1500
Data assimilation cycle #  1600
Data assimilation cycle #  1700
Data assimilation cycle #  1800
Data assimilation cycle #  1900
Data assimilation cycle #  2000
Data assimilation cycle #  2100
Data assimilation cycle #  2200
Data assimilation cycle #  2300
Data assimilation cycle #  2400
Data assimilation cycle #  2500
Data assimilation cycle #  2600
Data assimilation cycle #  2700
Data assimilation cycle #  2800
Data assimilation cycle #  2900
Data assimilation cycle #  3000
Data assimilation cycle #  3100
Data assimilation cycle #  3200
Data assimilation cycle #  3300
Data assimilation cycle #  3400
Data assimilation cycle #  3500
Data assimilation cycle #  3600
Data assimilation cycle #  3700
Data assimilation cycle #  3800
Data assimilation cycle #  3900
Data assimilation cycle #  4000
Data assimilation cycle #  4100
Data assimilation cycle #  4200
Data assimilation cycle #  4300
Data assimilation cycle #  4400
 Warning: Iteration limit reached in Sinkhorn minimization
 Warning: Iteration limit reached in Sinkhorn minimization
 Warning: Iteration limit reached in Sinkhorn minimization
 Warning: Iteration limit reached in Sinkhorn minimization
 Warning: Iteration limit reached in Sinkhorn minimization
 Warning: Iteration limit reached in Sinkhorn minimization
 Warning: Iteration limit reached in Sinkhorn minimization
 Warning: Iteration limit reached in Sinkhorn minimization
 Warning: Iteration limit reached in Sinkhorn minimization
 Warning: Iteration limit reached in Sinkhorn minimization
 Warning: Iteration limit reached in Sinkhorn minimization
 Warning: Iteration limit reached in Sinkhorn minimization
 Warning: Iteration limit reached in Sinkhorn minimization
 Warning: Iteration limit reached in Sinkhorn minimization
 Warning: Iteration limit reached in Sinkhorn minimization
 Warning: Iteration limit reached in Sinkhorn minimization
 Warning: Iteration limit reached in Sinkhorn minimization
 Warning: Iteration limit reached in Sinkhorn minimization
 Warning: Iteration limit reached in Sinkhorn minimization
 Warning: Iteration limit reached in Sinkhorn minimization
 Warning: Iteration limit reached in Sinkhorn minimization
 Warning: Iteration limit reached in Sinkhorn minimization
 Warning: Iteration limit reached in Sinkhorn minimization
 Warning: Iteration limit reached in Sinkhorn minimization
 Warning: Iteration limit reached in Sinkhorn minimization
 Warning: Iteration limit reached in Sinkhorn minimization
 Warning: Iteration limit reached in Sinkhorn minimization
 Warning: Iteration limit reached in Sinkhorn minimization
 Warning: Iteration limit reached in Sinkhorn minimization
 Warning: Iteration limit reached in Sinkhorn minimization
 Warning: Iteration limit reached in Sinkhorn minimization
 Warning: Iteration limit reached in Sinkhorn minimization
 Warning: Iteration limit reached in Sinkhorn minimization
 Warning: Iteration limit reached in Sinkhorn minimization
 Warning: Iteration limit reached in Sinkhorn minimization
 Warning: Iteration limit reached in Sinkhorn minimization
 Warning: Iteration limit reached in Sinkhorn minimization
 Warning: Iteration limit reached in Sinkhorn minimization
 Warning: Iteration limit reached in Sinkhorn minimization
 Warning: Iteration limit reached in Sinkhorn minimization
 Warning: Iteration limit reached in Sinkhorn minimization
 Warning: Iteration limit reached in Sinkhorn minimization
 Warning: Iteration limit reached in Sinkhorn minimization
 Warning: Iteration limit reached in Sinkhorn minimization
 Warning: Iteration limit reached in Sinkhorn minimization
 Warning: Iteration limit reached in Sinkhorn minimization
 Warning: Iteration limit reached in Sinkhorn minimization
 Warning: Iteration limit reached in Sinkhorn minimization
 Warning: Iteration limit reached in Sinkhorn minimization
 Warning: Iteration limit reached in Sinkhorn minimization
 Warning: Iteration limit reached in Sinkhorn minimization
 Warning: Iteration limit reached in Sinkhorn minimization
 Warning: Iteration limit reached in Sinkhorn minimization
 Warning: Iteration limit reached in Sinkhorn minimization
 Warning: Iteration limit reached in Sinkhorn minimization
 Warning: Iteration limit reached in Sinkhorn minimization
 Warning: Iteration limit reached in Sinkhorn minimization
 Warning: Iteration limit reached in Sinkhorn minimization
 Warning: Iteration limit reached in Sinkhorn minimization
 Warning: Iteration limit reached in Sinkhorn minimization
 Warning: Iteration limit reached in Sinkhorn minimization
 Warning: Iteration limit reached in Sinkhorn minimization
 Warning: Iteration limit reached in Sinkhorn minimization
 Warning: Iteration limit reached in Sinkhorn minimization
 Warning: Iteration limit reached in Sinkhorn minimization
 Warning: Iteration limit reached in Sinkhorn minimization
 Warning: Iteration limit reached in Sinkhorn minimization
 Warning: Iteration limit reached in Sinkhorn minimization
 Warning: Iteration limit reached in Sinkhorn minimization
 Warning: Iteration limit reached in Sinkhorn minimization
Data assimilation cycle #  4500
Data assimilation cycle #  4600
Data assimilation cycle #  4700
Data assimilation cycle #  4800
Data assimilation cycle #  4900
Multiplicative Inflation 1.1500000000000001
Localization Scale 3.0
AlphaTemp [1.]
Analisis RMSE:  1.8164548747472338
Forecast RMSE:  2.0748504469491387
Analisis SPRD:  0.7409864537925707
Forecast SPRD:  1.0423736628806253
Reading observations from file  ./data/Nature/MultipleNature_Nature_Freq16_Den0.25_Type1_ObsErr0.3.npz

This is a TWIN experiment

Using AlphaTempScale to compute tempering dt
Tempering steps:  [1.]
Dt pseudo times:  [1.]
Data assimilation cycle #  100
Data assimilation cycle #  200
Data assimilation cycle #  300
Data assimilation cycle #  400
Data assimilation cycle #  500
Data assimilation cycle #  600
Data assimilation cycle #  700
Data assimilation cycle #  800
Data assimilation cycle #  900
Data assimilation cycle #  1000
Data assimilation cycle #  1100
Data assimilation cycle #  1200
Data assimilation cycle #  1300
Data assimilation cycle #  1400
Data assimilation cycle #  1500
Data assimilation cycle #  1600
Data assimilation cycle #  1700
Data assimilation cycle #  1800
Data assimilation cycle #  1900
Data assimilation cycle #  2000
Data assimilation cycle #  2100
Data assimilation cycle #  2200
Data assimilation cycle #  2300
Data assimilation cycle #  2400
Data assimilation cycle #  2500
Data assimilation cycle #  2600
Data assimilation cycle #  2700
Data assimilation cycle #  2800
Data assimilation cycle #  2900
Data assimilation cycle #  3000
Data assimilation cycle #  3100
Data assimilation cycle #  3200
Data assimilation cycle #  3300
Data assimilation cycle #  3400
Data assimilation cycle #  3500
Data assimilation cycle #  3600
Data assimilation cycle #  3700
Data assimilation cycle #  3800
Data assimilation cycle #  3900
Data assimilation cycle #  4000
Data assimilation cycle #  4100
Data assimilation cycle #  4200
Data assimilation cycle #  4300
Data assimilation cycle #  4400
Data assimilation cycle #  4500
Data assimilation cycle #  4600
Data assimilation cycle #  4700
Data assimilation cycle #  4800
Data assimilation cycle #  4900
Multiplicative Inflation 1.1500000000000001
Localization Scale 3.5
AlphaTemp [1.]
Analisis RMSE:  2.0940382593563927
Forecast RMSE:  2.289744920406392
Analisis SPRD:  0.7146488621964627
Forecast SPRD:  1.0120539126285284
Reading observations from file  ./data/Nature/MultipleNature_Nature_Freq16_Den0.25_Type1_ObsErr0.3.npz

This is a TWIN experiment

Using AlphaTempScale to compute tempering dt
Tempering steps:  [1.]
Dt pseudo times:  [1.]
Data assimilation cycle #  100
Data assimilation cycle #  200
Data assimilation cycle #  300
Data assimilation cycle #  400
Data assimilation cycle #  500
Data assimilation cycle #  600
Data assimilation cycle #  700
Data assimilation cycle #  800
Data assimilation cycle #  900
Data assimilation cycle #  1000
Data assimilation cycle #  1100
Data assimilation cycle #  1200
Data assimilation cycle #  1300
Data assimilation cycle #  1400
Data assimilation cycle #  1500
Data assimilation cycle #  1600
Data assimilation cycle #  1700
Data assimilation cycle #  1800
Data assimilation cycle #  1900
Data assimilation cycle #  2000
Data assimilation cycle #  2100
Data assimilation cycle #  2200
Data assimilation cycle #  2300
Data assimilation cycle #  2400
Data assimilation cycle #  2500
Data assimilation cycle #  2600
Data assimilation cycle #  2700
Data assimilation cycle #  2800
Data assimilation cycle #  2900
Data assimilation cycle #  3000
Data assimilation cycle #  3100
Data assimilation cycle #  3200
Data assimilation cycle #  3300
Data assimilation cycle #  3400
Data assimilation cycle #  3500
Data assimilation cycle #  3600
Data assimilation cycle #  3700
Data assimilation cycle #  3800
Data assimilation cycle #  3900
Data assimilation cycle #  4000
Data assimilation cycle #  4100
Data assimilation cycle #  4200
Data assimilation cycle #  4300
Data assimilation cycle #  4400
Data assimilation cycle #  4500
Data assimilation cycle #  4600
Data assimilation cycle #  4700
Data assimilation cycle #  4800
Data assimilation cycle #  4900
Multiplicative Inflation 1.1500000000000001
Localization Scale 4.0
AlphaTemp [1.]
Analisis RMSE:  2.8436643013916245
Forecast RMSE:  3.008419583863831
Analisis SPRD:  0.72052710949252
Forecast SPRD:  1.0432795998632443
Reading observations from file  ./data/Nature/MultipleNature_Nature_Freq16_Den0.25_Type1_ObsErr0.3.npz

This is a TWIN experiment

Using AlphaTempScale to compute tempering dt
Tempering steps:  [1.]
Dt pseudo times:  [1.]
Data assimilation cycle #  100
Data assimilation cycle #  200
Data assimilation cycle #  300
Data assimilation cycle #  400
Data assimilation cycle #  500
Data assimilation cycle #  600
Data assimilation cycle #  700
Data assimilation cycle #  800
Data assimilation cycle #  900
Data assimilation cycle #  1000
Data assimilation cycle #  1100
Data assimilation cycle #  1200
Data assimilation cycle #  1300
Data assimilation cycle #  1400
Data assimilation cycle #  1500
Data assimilation cycle #  1600
Data assimilation cycle #  1700
Data assimilation cycle #  1800
Data assimilation cycle #  1900
Data assimilation cycle #  2000
Data assimilation cycle #  2100
Data assimilation cycle #  2200
Data assimilation cycle #  2300
Data assimilation cycle #  2400
Data assimilation cycle #  2500
Data assimilation cycle #  2600
Data assimilation cycle #  2700
Data assimilation cycle #  2800
Data assimilation cycle #  2900
Data assimilation cycle #  3000
Data assimilation cycle #  3100
Data assimilation cycle #  3200
Data assimilation cycle #  3300
Data assimilation cycle #  3400
Data assimilation cycle #  3500
Data assimilation cycle #  3600
Data assimilation cycle #  3700
Data assimilation cycle #  3800
Data assimilation cycle #  3900
Data assimilation cycle #  4000
Data assimilation cycle #  4100
Data assimilation cycle #  4200
Data assimilation cycle #  4300
Data assimilation cycle #  4400
Data assimilation cycle #  4500
Data assimilation cycle #  4600
Data assimilation cycle #  4700
Data assimilation cycle #  4800
Data assimilation cycle #  4900
Multiplicative Inflation 1.2000000000000002
Localization Scale 1.0
AlphaTemp [1.]
Analisis RMSE:  1.4401161874725579
Forecast RMSE:  1.890257809037999
Analisis SPRD:  1.5539105191734703
Forecast SPRD:  1.9887298190819316
Reading observations from file  ./data/Nature/MultipleNature_Nature_Freq16_Den0.25_Type1_ObsErr0.3.npz

This is a TWIN experiment

Using AlphaTempScale to compute tempering dt
Tempering steps:  [1.]
Dt pseudo times:  [1.]
Data assimilation cycle #  100
Data assimilation cycle #  200
Data assimilation cycle #  300
Data assimilation cycle #  400
Data assimilation cycle #  500
Data assimilation cycle #  600
Data assimilation cycle #  700
Data assimilation cycle #  800
Data assimilation cycle #  900
Data assimilation cycle #  1000
Data assimilation cycle #  1100
Data assimilation cycle #  1200
Data assimilation cycle #  1300
Data assimilation cycle #  1400
Data assimilation cycle #  1500
Data assimilation cycle #  1600
Data assimilation cycle #  1700
Data assimilation cycle #  1800
Data assimilation cycle #  1900
Data assimilation cycle #  2000
Data assimilation cycle #  2100
Data assimilation cycle #  2200
Data assimilation cycle #  2300
Data assimilation cycle #  2400
Data assimilation cycle #  2500
Data assimilation cycle #  2600
Data assimilation cycle #  2700
Data assimilation cycle #  2800
Data assimilation cycle #  2900
Data assimilation cycle #  3000
Data assimilation cycle #  3100
Data assimilation cycle #  3200
Data assimilation cycle #  3300
Data assimilation cycle #  3400
Data assimilation cycle #  3500
Data assimilation cycle #  3600
Data assimilation cycle #  3700
Data assimilation cycle #  3800
Data assimilation cycle #  3900
Data assimilation cycle #  4000
Data assimilation cycle #  4100
Data assimilation cycle #  4200
Data assimilation cycle #  4300
Data assimilation cycle #  4400
Data assimilation cycle #  4500
Data assimilation cycle #  4600
Data assimilation cycle #  4700
Data assimilation cycle #  4800
Data assimilation cycle #  4900
Multiplicative Inflation 1.2000000000000002
Localization Scale 1.5
AlphaTemp [1.]
Analisis RMSE:  1.2439542047260623
Forecast RMSE:  1.627849517888223
Analisis SPRD:  1.112380807916533
Forecast SPRD:  1.4875895395792393
Reading observations from file  ./data/Nature/MultipleNature_Nature_Freq16_Den0.25_Type1_ObsErr0.3.npz

This is a TWIN experiment

Using AlphaTempScale to compute tempering dt
Tempering steps:  [1.]
Dt pseudo times:  [1.]
Data assimilation cycle #  100
Data assimilation cycle #  200
Data assimilation cycle #  300
Data assimilation cycle #  400
Data assimilation cycle #  500
Data assimilation cycle #  600
Data assimilation cycle #  700
Data assimilation cycle #  800
Data assimilation cycle #  900
Data assimilation cycle #  1000
Data assimilation cycle #  1100
Data assimilation cycle #  1200
Data assimilation cycle #  1300
Data assimilation cycle #  1400
Data assimilation cycle #  1500
Data assimilation cycle #  1600
Data assimilation cycle #  1700
Data assimilation cycle #  1800
Data assimilation cycle #  1900
Data assimilation cycle #  2000
Data assimilation cycle #  2100
Data assimilation cycle #  2200
Data assimilation cycle #  2300
Data assimilation cycle #  2400
Data assimilation cycle #  2500
Data assimilation cycle #  2600
Data assimilation cycle #  2700
Data assimilation cycle #  2800
Data assimilation cycle #  2900
Data assimilation cycle #  3000
Data assimilation cycle #  3100
Data assimilation cycle #  3200
Data assimilation cycle #  3300
Data assimilation cycle #  3400
Data assimilation cycle #  3500
Data assimilation cycle #  3600
Data assimilation cycle #  3700
Data assimilation cycle #  3800
Data assimilation cycle #  3900
Data assimilation cycle #  4000
Data assimilation cycle #  4100
Data assimilation cycle #  4200
Data assimilation cycle #  4300
Data assimilation cycle #  4400
Data assimilation cycle #  4500
Data assimilation cycle #  4600
Data assimilation cycle #  4700
Data assimilation cycle #  4800
Data assimilation cycle #  4900
Multiplicative Inflation 1.2000000000000002
Localization Scale 2.0
AlphaTemp [1.]
Analisis RMSE:  1.1926080595530402
Forecast RMSE:  1.5348018844225955
Analisis SPRD:  0.9444209762265453
Forecast SPRD:  1.2857595171602072
Reading observations from file  ./data/Nature/MultipleNature_Nature_Freq16_Den0.25_Type1_ObsErr0.3.npz

This is a TWIN experiment

Using AlphaTempScale to compute tempering dt
Tempering steps:  [1.]
Dt pseudo times:  [1.]
Data assimilation cycle #  100
Data assimilation cycle #  200
Data assimilation cycle #  300
Data assimilation cycle #  400
Data assimilation cycle #  500
Data assimilation cycle #  600
Data assimilation cycle #  700
Data assimilation cycle #  800
Data assimilation cycle #  900
Data assimilation cycle #  1000
Data assimilation cycle #  1100
Data assimilation cycle #  1200
Data assimilation cycle #  1300
Data assimilation cycle #  1400
Data assimilation cycle #  1500
Data assimilation cycle #  1600
Data assimilation cycle #  1700
Data assimilation cycle #  1800
Data assimilation cycle #  1900
Data assimilation cycle #  2000
Data assimilation cycle #  2100
Data assimilation cycle #  2200
Data assimilation cycle #  2300
Data assimilation cycle #  2400
Data assimilation cycle #  2500
Data assimilation cycle #  2600
Data assimilation cycle #  2700
Data assimilation cycle #  2800
Data assimilation cycle #  2900
Data assimilation cycle #  3000
Data assimilation cycle #  3100
Data assimilation cycle #  3200
Data assimilation cycle #  3300
Data assimilation cycle #  3400
Data assimilation cycle #  3500
Data assimilation cycle #  3600
Data assimilation cycle #  3700
Data assimilation cycle #  3800
Data assimilation cycle #  3900
Data assimilation cycle #  4000
Data assimilation cycle #  4100
Data assimilation cycle #  4200
Data assimilation cycle #  4300
Data assimilation cycle #  4400
Data assimilation cycle #  4500
Data assimilation cycle #  4600
Data assimilation cycle #  4700
Data assimilation cycle #  4800
Data assimilation cycle #  4900
Multiplicative Inflation 1.2000000000000002
Localization Scale 2.5
AlphaTemp [1.]
Analisis RMSE:  1.1146248086195196
Forecast RMSE:  1.4466688480154715
Analisis SPRD:  0.8541695328981673
Forecast SPRD:  1.1738818078779414
Reading observations from file  ./data/Nature/MultipleNature_Nature_Freq16_Den0.25_Type1_ObsErr0.3.npz

This is a TWIN experiment

Using AlphaTempScale to compute tempering dt
Tempering steps:  [1.]
Dt pseudo times:  [1.]
Data assimilation cycle #  100
Data assimilation cycle #  200
Data assimilation cycle #  300
Data assimilation cycle #  400
Data assimilation cycle #  500
Data assimilation cycle #  600
Data assimilation cycle #  700
Data assimilation cycle #  800
Data assimilation cycle #  900
Data assimilation cycle #  1000
Data assimilation cycle #  1100
Data assimilation cycle #  1200
Data assimilation cycle #  1300
Data assimilation cycle #  1400
Data assimilation cycle #  1500
Data assimilation cycle #  1600
Data assimilation cycle #  1700
Data assimilation cycle #  1800
Data assimilation cycle #  1900
Data assimilation cycle #  2000
Data assimilation cycle #  2100
Data assimilation cycle #  2200
Data assimilation cycle #  2300
Data assimilation cycle #  2400
Data assimilation cycle #  2500
Data assimilation cycle #  2600
Data assimilation cycle #  2700
Data assimilation cycle #  2800
Data assimilation cycle #  2900
Data assimilation cycle #  3000
Data assimilation cycle #  3100
Data assimilation cycle #  3200
Data assimilation cycle #  3300
Data assimilation cycle #  3400
Data assimilation cycle #  3500
Data assimilation cycle #  3600
Data assimilation cycle #  3700
Data assimilation cycle #  3800
Data assimilation cycle #  3900
Data assimilation cycle #  4000
Data assimilation cycle #  4100
Data assimilation cycle #  4200
Data assimilation cycle #  4300
Data assimilation cycle #  4400
Data assimilation cycle #  4500
Data assimilation cycle #  4600
Data assimilation cycle #  4700
Data assimilation cycle #  4800
Data assimilation cycle #  4900
Multiplicative Inflation 1.2000000000000002
Localization Scale 3.0
AlphaTemp [1.]
Analisis RMSE:  1.4516584503723757
Forecast RMSE:  1.7098358509127265
Analisis SPRD:  0.8159865863539235
Forecast SPRD:  1.131458223881357
Reading observations from file  ./data/Nature/MultipleNature_Nature_Freq16_Den0.25_Type1_ObsErr0.3.npz

This is a TWIN experiment

Using AlphaTempScale to compute tempering dt
Tempering steps:  [1.]
Dt pseudo times:  [1.]
Data assimilation cycle #  100
Data assimilation cycle #  200
Data assimilation cycle #  300
Data assimilation cycle #  400
Data assimilation cycle #  500
Data assimilation cycle #  600
Data assimilation cycle #  700
Data assimilation cycle #  800
Data assimilation cycle #  900
Data assimilation cycle #  1000
Data assimilation cycle #  1100
Data assimilation cycle #  1200
Data assimilation cycle #  1300
Data assimilation cycle #  1400
Data assimilation cycle #  1500
Data assimilation cycle #  1600
Data assimilation cycle #  1700
Data assimilation cycle #  1800
Data assimilation cycle #  1900
Data assimilation cycle #  2000
Data assimilation cycle #  2100
Data assimilation cycle #  2200
Data assimilation cycle #  2300
Data assimilation cycle #  2400
Data assimilation cycle #  2500
Data assimilation cycle #  2600
Data assimilation cycle #  2700
Data assimilation cycle #  2800
Data assimilation cycle #  2900
Data assimilation cycle #  3000
Data assimilation cycle #  3100
Data assimilation cycle #  3200
Data assimilation cycle #  3300
Data assimilation cycle #  3400
Data assimilation cycle #  3500
Data assimilation cycle #  3600
Data assimilation cycle #  3700
Data assimilation cycle #  3800
Data assimilation cycle #  3900
Data assimilation cycle #  4000
Data assimilation cycle #  4100
Data assimilation cycle #  4200
Data assimilation cycle #  4300
Data assimilation cycle #  4400
Data assimilation cycle #  4500
Data assimilation cycle #  4600
Data assimilation cycle #  4700
Data assimilation cycle #  4800
Data assimilation cycle #  4900
Multiplicative Inflation 1.2000000000000002
Localization Scale 3.5
AlphaTemp [1.]
Analisis RMSE:  1.4751872673228212
Forecast RMSE:  1.7357443752651183
Analisis SPRD:  0.7655170761759379
Forecast SPRD:  1.0655899058770248
Reading observations from file  ./data/Nature/MultipleNature_Nature_Freq16_Den0.25_Type1_ObsErr0.3.npz

This is a TWIN experiment

Using AlphaTempScale to compute tempering dt
Tempering steps:  [1.]
Dt pseudo times:  [1.]
Data assimilation cycle #  100
Data assimilation cycle #  200
Data assimilation cycle #  300
Data assimilation cycle #  400
Data assimilation cycle #  500
Data assimilation cycle #  600
Data assimilation cycle #  700
Data assimilation cycle #  800
Data assimilation cycle #  900
Data assimilation cycle #  1000
Data assimilation cycle #  1100
Data assimilation cycle #  1200
Data assimilation cycle #  1300
Data assimilation cycle #  1400
Data assimilation cycle #  1500
Data assimilation cycle #  1600
Data assimilation cycle #  1700
Data assimilation cycle #  1800
Data assimilation cycle #  1900
Data assimilation cycle #  2000
Data assimilation cycle #  2100
Data assimilation cycle #  2200
Data assimilation cycle #  2300
Data assimilation cycle #  2400
Data assimilation cycle #  2500
Data assimilation cycle #  2600
Data assimilation cycle #  2700
Data assimilation cycle #  2800
Data assimilation cycle #  2900
Data assimilation cycle #  3000
Data assimilation cycle #  3100
Data assimilation cycle #  3200
Data assimilation cycle #  3300
Data assimilation cycle #  3400
Data assimilation cycle #  3500
Data assimilation cycle #  3600
Data assimilation cycle #  3700
Data assimilation cycle #  3800
Data assimilation cycle #  3900
Data assimilation cycle #  4000
Data assimilation cycle #  4100
Data assimilation cycle #  4200
Data assimilation cycle #  4300
Data assimilation cycle #  4400
Data assimilation cycle #  4500
Data assimilation cycle #  4600
Data assimilation cycle #  4700
Data assimilation cycle #  4800
Data assimilation cycle #  4900
Multiplicative Inflation 1.2000000000000002
Localization Scale 4.0
AlphaTemp [1.]
Analisis RMSE:  2.4976146362286054
Forecast RMSE:  2.731873529992862
Analisis SPRD:  0.7729374940742217
Forecast SPRD:  1.102479882470954
Reading observations from file  ./data/Nature/MultipleNature_Nature_Freq16_Den0.25_Type1_ObsErr0.3.npz

This is a TWIN experiment

Using AlphaTempScale to compute tempering dt
Tempering steps:  [1.]
Dt pseudo times:  [1.]
Data assimilation cycle #  100
Data assimilation cycle #  200
Data assimilation cycle #  300
Data assimilation cycle #  400
Data assimilation cycle #  500
Data assimilation cycle #  600
Data assimilation cycle #  700
Data assimilation cycle #  800
Data assimilation cycle #  900
Data assimilation cycle #  1000
Data assimilation cycle #  1100
Data assimilation cycle #  1200
Data assimilation cycle #  1300
Data assimilation cycle #  1400
Data assimilation cycle #  1500
Data assimilation cycle #  1600
Data assimilation cycle #  1700
Data assimilation cycle #  1800
Data assimilation cycle #  1900
Data assimilation cycle #  2000
Data assimilation cycle #  2100
Data assimilation cycle #  2200
Data assimilation cycle #  2300
Data assimilation cycle #  2400
Data assimilation cycle #  2500
Data assimilation cycle #  2600
Data assimilation cycle #  2700
Data assimilation cycle #  2800
Data assimilation cycle #  2900
Data assimilation cycle #  3000
Data assimilation cycle #  3100
Data assimilation cycle #  3200
Data assimilation cycle #  3300
Data assimilation cycle #  3400
Data assimilation cycle #  3500
Data assimilation cycle #  3600
Data assimilation cycle #  3700
Data assimilation cycle #  3800
Data assimilation cycle #  3900
Data assimilation cycle #  4000
Data assimilation cycle #  4100
Data assimilation cycle #  4200
Data assimilation cycle #  4300
Data assimilation cycle #  4400
Data assimilation cycle #  4500
Data assimilation cycle #  4600
Data assimilation cycle #  4700
Data assimilation cycle #  4800
Data assimilation cycle #  4900
Multiplicative Inflation 1.2500000000000002
Localization Scale 1.0
AlphaTemp [1.]
Analisis RMSE:  1.652161684332431
Forecast RMSE:  2.1380450599916037
Analisis SPRD:  1.9419000167031335
Forecast SPRD:  2.4068020258741702
Reading observations from file  ./data/Nature/MultipleNature_Nature_Freq16_Den0.25_Type1_ObsErr0.3.npz

This is a TWIN experiment

Using AlphaTempScale to compute tempering dt
Tempering steps:  [1.]
Dt pseudo times:  [1.]
Data assimilation cycle #  100
Data assimilation cycle #  200
Data assimilation cycle #  300
Data assimilation cycle #  400
Data assimilation cycle #  500
Data assimilation cycle #  600
Data assimilation cycle #  700
Data assimilation cycle #  800
Data assimilation cycle #  900
Data assimilation cycle #  1000
Data assimilation cycle #  1100
Data assimilation cycle #  1200
Data assimilation cycle #  1300
Data assimilation cycle #  1400
Data assimilation cycle #  1500
Data assimilation cycle #  1600
Data assimilation cycle #  1700
Data assimilation cycle #  1800
Data assimilation cycle #  1900
Data assimilation cycle #  2000
Data assimilation cycle #  2100
Data assimilation cycle #  2200
Data assimilation cycle #  2300
Data assimilation cycle #  2400
Data assimilation cycle #  2500
Data assimilation cycle #  2600
Data assimilation cycle #  2700
Data assimilation cycle #  2800
Data assimilation cycle #  2900
Data assimilation cycle #  3000
Data assimilation cycle #  3100
Data assimilation cycle #  3200
Data assimilation cycle #  3300
Data assimilation cycle #  3400
Data assimilation cycle #  3500
Data assimilation cycle #  3600
Data assimilation cycle #  3700
Data assimilation cycle #  3800
Data assimilation cycle #  3900
Data assimilation cycle #  4000
Data assimilation cycle #  4100
Data assimilation cycle #  4200
Data assimilation cycle #  4300
Data assimilation cycle #  4400
Data assimilation cycle #  4500
Data assimilation cycle #  4600
Data assimilation cycle #  4700
Data assimilation cycle #  4800
Data assimilation cycle #  4900
Multiplicative Inflation 1.2500000000000002
Localization Scale 1.5
AlphaTemp [1.]
Analisis RMSE:  1.3639150226903027
Forecast RMSE:  1.7615133273447465
Analisis SPRD:  1.3330242238941936
Forecast SPRD:  1.7491021490944063
Reading observations from file  ./data/Nature/MultipleNature_Nature_Freq16_Den0.25_Type1_ObsErr0.3.npz

This is a TWIN experiment

Using AlphaTempScale to compute tempering dt
Tempering steps:  [1.]
Dt pseudo times:  [1.]
Data assimilation cycle #  100
Data assimilation cycle #  200
Data assimilation cycle #  300
Data assimilation cycle #  400
Data assimilation cycle #  500
Data assimilation cycle #  600
Data assimilation cycle #  700
Data assimilation cycle #  800
Data assimilation cycle #  900
Data assimilation cycle #  1000
Data assimilation cycle #  1100
Data assimilation cycle #  1200
Data assimilation cycle #  1300
Data assimilation cycle #  1400
Data assimilation cycle #  1500
Data assimilation cycle #  1600
Data assimilation cycle #  1700
Data assimilation cycle #  1800
Data assimilation cycle #  1900
Data assimilation cycle #  2000
Data assimilation cycle #  2100
Data assimilation cycle #  2200
Data assimilation cycle #  2300
Data assimilation cycle #  2400
Data assimilation cycle #  2500
Data assimilation cycle #  2600
Data assimilation cycle #  2700
Data assimilation cycle #  2800
Data assimilation cycle #  2900
Data assimilation cycle #  3000
 Warning: Iteration limit reached in Sinkhorn minimization
 Warning: Iteration limit reached in Sinkhorn minimization
 Warning: Iteration limit reached in Sinkhorn minimization
 Warning: Iteration limit reached in Sinkhorn minimization
 Warning: Iteration limit reached in Sinkhorn minimization
 Warning: Iteration limit reached in Sinkhorn minimization
 Warning: Iteration limit reached in Sinkhorn minimization
 Warning: Iteration limit reached in Sinkhorn minimization
 Warning: Iteration limit reached in Sinkhorn minimization
 Warning: Iteration limit reached in Sinkhorn minimization
 Warning: Iteration limit reached in Sinkhorn minimization
 Warning: Iteration limit reached in Sinkhorn minimization
 Warning: Iteration limit reached in Sinkhorn minimization
 Warning: Iteration limit reached in Sinkhorn minimization
 Warning: Iteration limit reached in Sinkhorn minimization
 Warning: Iteration limit reached in Sinkhorn minimization
 Warning: Iteration limit reached in Sinkhorn minimization
 Warning: Iteration limit reached in Sinkhorn minimization
 Warning: Iteration limit reached in Sinkhorn minimization
 Warning: Iteration limit reached in Sinkhorn minimization
 Warning: Iteration limit reached in Sinkhorn minimization
 Warning: Iteration limit reached in Sinkhorn minimization
 Warning: Iteration limit reached in Sinkhorn minimization
 Warning: Iteration limit reached in Sinkhorn minimization
 Warning: Iteration limit reached in Sinkhorn minimization
 Warning: Iteration limit reached in Sinkhorn minimization
 Warning: Iteration limit reached in Sinkhorn minimization
 Warning: Iteration limit reached in Sinkhorn minimization
 Warning: Iteration limit reached in Sinkhorn minimization
 Warning: Iteration limit reached in Sinkhorn minimization
 Warning: Iteration limit reached in Sinkhorn minimization
 Warning: Iteration limit reached in Sinkhorn minimization
 Warning: Iteration limit reached in Sinkhorn minimization
 Warning: Iteration limit reached in Sinkhorn minimization
 Warning: Iteration limit reached in Sinkhorn minimization
 Warning: Iteration limit reached in Sinkhorn minimization
 Warning: Iteration limit reached in Sinkhorn minimization
 Warning: Iteration limit reached in Sinkhorn minimization
 Warning: Iteration limit reached in Sinkhorn minimization
 Warning: Iteration limit reached in Sinkhorn minimization
 Warning: Iteration limit reached in Sinkhorn minimization
 Warning: Iteration limit reached in Sinkhorn minimization
 Warning: Iteration limit reached in Sinkhorn minimization
 Warning: Iteration limit reached in Sinkhorn minimization
 Warning: Iteration limit reached in Sinkhorn minimization
 Warning: Iteration limit reached in Sinkhorn minimization
 Warning: Iteration limit reached in Sinkhorn minimization
 Warning: Iteration limit reached in Sinkhorn minimization
 Warning: Iteration limit reached in Sinkhorn minimization
 Warning: Iteration limit reached in Sinkhorn minimization
 Warning: Iteration limit reached in Sinkhorn minimization
 Warning: Iteration limit reached in Sinkhorn minimization
 Warning: Iteration limit reached in Sinkhorn minimization
 Warning: Iteration limit reached in Sinkhorn minimization
 Warning: Iteration limit reached in Sinkhorn minimization
 Warning: Iteration limit reached in Sinkhorn minimization
 Warning: Iteration limit reached in Sinkhorn minimization
 Warning: Iteration limit reached in Sinkhorn minimization
 Warning: Iteration limit reached in Sinkhorn minimization
 Warning: Iteration limit reached in Sinkhorn minimization
 Warning: Iteration limit reached in Sinkhorn minimization
 Warning: Iteration limit reached in Sinkhorn minimization
 Warning: Iteration limit reached in Sinkhorn minimization
 Warning: Iteration limit reached in Sinkhorn minimization
 Warning: Iteration limit reached in Sinkhorn minimization
 Warning: Iteration limit reached in Sinkhorn minimization
 Warning: Iteration limit reached in Sinkhorn minimization
 Warning: Iteration limit reached in Sinkhorn minimization
 Warning: Iteration limit reached in Sinkhorn minimization
 Warning: Iteration limit reached in Sinkhorn minimization
Data assimilation cycle #  3100
Data assimilation cycle #  3200
Data assimilation cycle #  3300
Data assimilation cycle #  3400
Data assimilation cycle #  3500
Data assimilation cycle #  3600
Data assimilation cycle #  3700
Data assimilation cycle #  3800
Data assimilation cycle #  3900
Data assimilation cycle #  4000
Data assimilation cycle #  4100
Data assimilation cycle #  4200
Data assimilation cycle #  4300
Data assimilation cycle #  4400
Data assimilation cycle #  4500
Data assimilation cycle #  4600
Data assimilation cycle #  4700
Data assimilation cycle #  4800
Data assimilation cycle #  4900
Multiplicative Inflation 1.2500000000000002
Localization Scale 2.0
AlphaTemp [1.]
Analisis RMSE:  1.272185853901036
Forecast RMSE:  1.636537280827147
Analisis SPRD:  1.0962040508663407
Forecast SPRD:  1.4725134154604018
Reading observations from file  ./data/Nature/MultipleNature_Nature_Freq16_Den0.25_Type1_ObsErr0.3.npz

This is a TWIN experiment

Using AlphaTempScale to compute tempering dt
Tempering steps:  [1.]
Dt pseudo times:  [1.]
Data assimilation cycle #  100
Data assimilation cycle #  200
Data assimilation cycle #  300
Data assimilation cycle #  400
Data assimilation cycle #  500
Data assimilation cycle #  600
Data assimilation cycle #  700
Data assimilation cycle #  800
Data assimilation cycle #  900
Data assimilation cycle #  1000
Data assimilation cycle #  1100
Data assimilation cycle #  1200
Data assimilation cycle #  1300
Data assimilation cycle #  1400
Data assimilation cycle #  1500
Data assimilation cycle #  1600
Data assimilation cycle #  1700
Data assimilation cycle #  1800
Data assimilation cycle #  1900
Data assimilation cycle #  2000
Data assimilation cycle #  2100
Data assimilation cycle #  2200
Data assimilation cycle #  2300
Data assimilation cycle #  2400
Data assimilation cycle #  2500
Data assimilation cycle #  2600
Data assimilation cycle #  2700
Data assimilation cycle #  2800
Data assimilation cycle #  2900
Data assimilation cycle #  3000
Data assimilation cycle #  3100
Data assimilation cycle #  3200
Data assimilation cycle #  3300
Data assimilation cycle #  3400
Data assimilation cycle #  3500
Data assimilation cycle #  3600
Data assimilation cycle #  3700
Data assimilation cycle #  3800
Data assimilation cycle #  3900
Data assimilation cycle #  4000
Data assimilation cycle #  4100
Data assimilation cycle #  4200
Data assimilation cycle #  4300
Data assimilation cycle #  4400
Data assimilation cycle #  4500
Data assimilation cycle #  4600
Data assimilation cycle #  4700
Data assimilation cycle #  4800
Data assimilation cycle #  4900
Multiplicative Inflation 1.2500000000000002
Localization Scale 2.5
AlphaTemp [1.]
Analisis RMSE:  1.186084828702531
Forecast RMSE:  1.5222508515305102
Analisis SPRD:  0.9688048908397704
Forecast SPRD:  1.3180896568060982
Reading observations from file  ./data/Nature/MultipleNature_Nature_Freq16_Den0.25_Type1_ObsErr0.3.npz

This is a TWIN experiment

Using AlphaTempScale to compute tempering dt
Tempering steps:  [1.]
Dt pseudo times:  [1.]
Data assimilation cycle #  100
Data assimilation cycle #  200
Data assimilation cycle #  300
Data assimilation cycle #  400
Data assimilation cycle #  500
Data assimilation cycle #  600
Data assimilation cycle #  700
Data assimilation cycle #  800
Data assimilation cycle #  900
Data assimilation cycle #  1000
Data assimilation cycle #  1100
Data assimilation cycle #  1200
Data assimilation cycle #  1300
Data assimilation cycle #  1400
Data assimilation cycle #  1500
Data assimilation cycle #  1600
Data assimilation cycle #  1700
Data assimilation cycle #  1800
Data assimilation cycle #  1900
Data assimilation cycle #  2000
Data assimilation cycle #  2100
Data assimilation cycle #  2200
Data assimilation cycle #  2300
Data assimilation cycle #  2400
Data assimilation cycle #  2500
Data assimilation cycle #  2600
Data assimilation cycle #  2700
Data assimilation cycle #  2800
Data assimilation cycle #  2900
Data assimilation cycle #  3000
Data assimilation cycle #  3100
Data assimilation cycle #  3200
Data assimilation cycle #  3300
Data assimilation cycle #  3400
Data assimilation cycle #  3500
Data assimilation cycle #  3600
Data assimilation cycle #  3700
Data assimilation cycle #  3800
Data assimilation cycle #  3900
Data assimilation cycle #  4000
Data assimilation cycle #  4100
Data assimilation cycle #  4200
Data assimilation cycle #  4300
Data assimilation cycle #  4400
Data assimilation cycle #  4500
Data assimilation cycle #  4600
Data assimilation cycle #  4700
Data assimilation cycle #  4800
Data assimilation cycle #  4900
Multiplicative Inflation 1.2500000000000002
Localization Scale 3.0
AlphaTemp [1.]
Analisis RMSE:  1.3816421485291928
Forecast RMSE:  1.643189798571812
Analisis SPRD:  0.9025127448174205
Forecast SPRD:  1.2399054607796178
Reading observations from file  ./data/Nature/MultipleNature_Nature_Freq16_Den0.25_Type1_ObsErr0.3.npz

This is a TWIN experiment

Using AlphaTempScale to compute tempering dt
Tempering steps:  [1.]
Dt pseudo times:  [1.]
Data assimilation cycle #  100
Data assimilation cycle #  200
Data assimilation cycle #  300
Data assimilation cycle #  400
Data assimilation cycle #  500
Data assimilation cycle #  600
Data assimilation cycle #  700
Data assimilation cycle #  800
Data assimilation cycle #  900
Data assimilation cycle #  1000
Data assimilation cycle #  1100
Data assimilation cycle #  1200
Data assimilation cycle #  1300
Data assimilation cycle #  1400
Data assimilation cycle #  1500
Data assimilation cycle #  1600
Data assimilation cycle #  1700
Data assimilation cycle #  1800
Data assimilation cycle #  1900
Data assimilation cycle #  2000
Data assimilation cycle #  2100
Data assimilation cycle #  2200
Data assimilation cycle #  2300
Data assimilation cycle #  2400
Data assimilation cycle #  2500
Data assimilation cycle #  2600
Data assimilation cycle #  2700
Data assimilation cycle #  2800
Data assimilation cycle #  2900
Data assimilation cycle #  3000
Data assimilation cycle #  3100
Data assimilation cycle #  3200
Data assimilation cycle #  3300
Data assimilation cycle #  3400
Data assimilation cycle #  3500
Data assimilation cycle #  3600
Data assimilation cycle #  3700
Data assimilation cycle #  3800
Data assimilation cycle #  3900
Data assimilation cycle #  4000
Data assimilation cycle #  4100
Data assimilation cycle #  4200
Data assimilation cycle #  4300
Data assimilation cycle #  4400
Data assimilation cycle #  4500
Data assimilation cycle #  4600
Data assimilation cycle #  4700
Data assimilation cycle #  4800
Data assimilation cycle #  4900
Multiplicative Inflation 1.2500000000000002
Localization Scale 3.5
AlphaTemp [1.]
Analisis RMSE:  1.3212359947151502
Forecast RMSE:  1.6007402314047225
Analisis SPRD:  0.833759659915519
Forecast SPRD:  1.1514429245897915
Reading observations from file  ./data/Nature/MultipleNature_Nature_Freq16_Den0.25_Type1_ObsErr0.3.npz

This is a TWIN experiment

Using AlphaTempScale to compute tempering dt
Tempering steps:  [1.]
Dt pseudo times:  [1.]
Data assimilation cycle #  100
Data assimilation cycle #  200
Data assimilation cycle #  300
Data assimilation cycle #  400
Data assimilation cycle #  500
Data assimilation cycle #  600
Data assimilation cycle #  700
Data assimilation cycle #  800
Data assimilation cycle #  900
Data assimilation cycle #  1000
Data assimilation cycle #  1100
Data assimilation cycle #  1200
Data assimilation cycle #  1300
Data assimilation cycle #  1400
Data assimilation cycle #  1500
Data assimilation cycle #  1600
Data assimilation cycle #  1700
Data assimilation cycle #  1800
Data assimilation cycle #  1900
Data assimilation cycle #  2000
Data assimilation cycle #  2100
Data assimilation cycle #  2200
Data assimilation cycle #  2300
Data assimilation cycle #  2400
Data assimilation cycle #  2500
Data assimilation cycle #  2600
Data assimilation cycle #  2700
Data assimilation cycle #  2800
Data assimilation cycle #  2900
Data assimilation cycle #  3000
Data assimilation cycle #  3100
Data assimilation cycle #  3200
Data assimilation cycle #  3300
Data assimilation cycle #  3400
Data assimilation cycle #  3500
Data assimilation cycle #  3600
Data assimilation cycle #  3700
Data assimilation cycle #  3800
Data assimilation cycle #  3900
Data assimilation cycle #  4000
Data assimilation cycle #  4100
Data assimilation cycle #  4200
Data assimilation cycle #  4300
Data assimilation cycle #  4400
Data assimilation cycle #  4500
Data assimilation cycle #  4600
Data assimilation cycle #  4700
Data assimilation cycle #  4800
Data assimilation cycle #  4900
Multiplicative Inflation 1.2500000000000002
Localization Scale 4.0
AlphaTemp [1.]
Analisis RMSE:  1.5087370061878445
Forecast RMSE:  1.7717545449549026
Analisis SPRD:  0.816305875002859
Forecast SPRD:  1.1341172838780735
Reading observations from file  ./data/Nature/MultipleNature_Nature_Freq16_Den0.25_Type1_ObsErr0.3.npz

This is a TWIN experiment

Using AlphaTempScale to compute tempering dt
Tempering steps:  [1.]
Dt pseudo times:  [1.]
Data assimilation cycle #  100
Data assimilation cycle #  200
Data assimilation cycle #  300
Data assimilation cycle #  400
Data assimilation cycle #  500
Data assimilation cycle #  600
Data assimilation cycle #  700
Data assimilation cycle #  800
Data assimilation cycle #  900
Data assimilation cycle #  1000
Data assimilation cycle #  1100
Data assimilation cycle #  1200
Data assimilation cycle #  1300
Data assimilation cycle #  1400
Data assimilation cycle #  1500
Data assimilation cycle #  1600
Data assimilation cycle #  1700
Data assimilation cycle #  1800
Data assimilation cycle #  1900
Data assimilation cycle #  2000
Data assimilation cycle #  2100
Data assimilation cycle #  2200
Data assimilation cycle #  2300
Data assimilation cycle #  2400
Data assimilation cycle #  2500
Data assimilation cycle #  2600
Data assimilation cycle #  2700
Data assimilation cycle #  2800
Data assimilation cycle #  2900
Data assimilation cycle #  3000
Data assimilation cycle #  3100
Data assimilation cycle #  3200
Data assimilation cycle #  3300
Data assimilation cycle #  3400
Data assimilation cycle #  3500
Data assimilation cycle #  3600
Data assimilation cycle #  3700
Data assimilation cycle #  3800
Data assimilation cycle #  3900
Data assimilation cycle #  4000
Data assimilation cycle #  4100
Data assimilation cycle #  4200
Data assimilation cycle #  4300
Data assimilation cycle #  4400
Data assimilation cycle #  4500
Data assimilation cycle #  4600
Data assimilation cycle #  4700
Data assimilation cycle #  4800
Data assimilation cycle #  4900
Multiplicative Inflation 1.3000000000000003
Localization Scale 1.0
AlphaTemp [1.]
Analisis RMSE:  1.863122417947535
Forecast RMSE:  2.387902942552201
Analisis SPRD:  2.346417261486307
Forecast SPRD:  2.813604683600005
Reading observations from file  ./data/Nature/MultipleNature_Nature_Freq16_Den0.25_Type1_ObsErr0.3.npz

This is a TWIN experiment

Using AlphaTempScale to compute tempering dt
Tempering steps:  [1.]
Dt pseudo times:  [1.]
Data assimilation cycle #  100
Data assimilation cycle #  200
Data assimilation cycle #  300
Data assimilation cycle #  400
Data assimilation cycle #  500
Data assimilation cycle #  600
Data assimilation cycle #  700
Data assimilation cycle #  800
Data assimilation cycle #  900
Data assimilation cycle #  1000
Data assimilation cycle #  1100
Data assimilation cycle #  1200
Data assimilation cycle #  1300
Data assimilation cycle #  1400
Data assimilation cycle #  1500
Data assimilation cycle #  1600
Data assimilation cycle #  1700
Data assimilation cycle #  1800
Data assimilation cycle #  1900
Data assimilation cycle #  2000
Data assimilation cycle #  2100
Data assimilation cycle #  2200
Data assimilation cycle #  2300
Data assimilation cycle #  2400
Data assimilation cycle #  2500
Data assimilation cycle #  2600
Data assimilation cycle #  2700
Data assimilation cycle #  2800
Data assimilation cycle #  2900
Data assimilation cycle #  3000
Data assimilation cycle #  3100
Data assimilation cycle #  3200
Data assimilation cycle #  3300
Data assimilation cycle #  3400
Data assimilation cycle #  3500
