Reading observations from file  ./data/Nature/MultipleNature_Nature_Freq4_Den0.5_Type3_ObsErr1.npz

This is a TWIN experiment

Using AlphaTempScale to compute tempering dt
Tempering steps:  [1.]
Dt pseudo times:  [1.]
Data assimilation cycle #  100
Data assimilation cycle #  200
Data assimilation cycle #  300
Data assimilation cycle #  400
Error: The forecast contains NaN or Inf, Iteration number : 441  will dump some variables to a temporal file
Multiplicative Inflation 1.05
Localization Scale 1.0
AlphaTemp [1.]
Analisis RMSE:  4.407960380958033
Forecast RMSE:  4.38363588232305
Analisis SPRD:  0.012917433847085866
Forecast SPRD:  0.014988748059236407
Reading observations from file  ./data/Nature/MultipleNature_Nature_Freq4_Den0.5_Type3_ObsErr1.npz

This is a TWIN experiment

Using AlphaTempScale to compute tempering dt
Tempering steps:  [1.]
Dt pseudo times:  [1.]
Data assimilation cycle #  100
Data assimilation cycle #  200
Data assimilation cycle #  300
Data assimilation cycle #  400
Data assimilation cycle #  500
Data assimilation cycle #  600
Data assimilation cycle #  700
Data assimilation cycle #  800
Data assimilation cycle #  900
Data assimilation cycle #  1000
Data assimilation cycle #  1100
Data assimilation cycle #  1200
Data assimilation cycle #  1300
Data assimilation cycle #  1400
Data assimilation cycle #  1500
Data assimilation cycle #  1600
Data assimilation cycle #  1700
Data assimilation cycle #  1800
Data assimilation cycle #  1900
Data assimilation cycle #  2000
Data assimilation cycle #  2100
Data assimilation cycle #  2200
Data assimilation cycle #  2300
Data assimilation cycle #  2400
Data assimilation cycle #  2500
Data assimilation cycle #  2600
Data assimilation cycle #  2700
Error: The forecast contains NaN or Inf, Iteration number : 2722  will dump some variables to a temporal file
Multiplicative Inflation 1.05
Localization Scale 1.5
AlphaTemp [1.]
Analisis RMSE:  3141.134835080579
Forecast RMSE:  1666.3382175860547
Analisis SPRD:  23.03934712524328
Forecast SPRD:  50.62071632099303
Reading observations from file  ./data/Nature/MultipleNature_Nature_Freq4_Den0.5_Type3_ObsErr1.npz

This is a TWIN experiment

Using AlphaTempScale to compute tempering dt
Tempering steps:  [1.]
Dt pseudo times:  [1.]
Data assimilation cycle #  100
Data assimilation cycle #  200
Data assimilation cycle #  300
Data assimilation cycle #  400
Data assimilation cycle #  500
Data assimilation cycle #  600
Data assimilation cycle #  700
Data assimilation cycle #  800
Data assimilation cycle #  900
Data assimilation cycle #  1000
Data assimilation cycle #  1100
Data assimilation cycle #  1200
Data assimilation cycle #  1300
Data assimilation cycle #  1400
Data assimilation cycle #  1500
Data assimilation cycle #  1600
Data assimilation cycle #  1700
Data assimilation cycle #  1800
Data assimilation cycle #  1900
Data assimilation cycle #  2000
Data assimilation cycle #  2100
Data assimilation cycle #  2200
Data assimilation cycle #  2300
Data assimilation cycle #  2400
Data assimilation cycle #  2500
Data assimilation cycle #  2600
Data assimilation cycle #  2700
Data assimilation cycle #  2800
Data assimilation cycle #  2900
Data assimilation cycle #  3000
Data assimilation cycle #  3100
Data assimilation cycle #  3200
Data assimilation cycle #  3300
Error: The forecast contains NaN or Inf, Iteration number : 3311  will dump some variables to a temporal file
Multiplicative Inflation 1.05
Localization Scale 2.0
AlphaTemp [1.]
Analisis RMSE:  4.5520660970205995
Forecast RMSE:  4.494761154277935
Analisis SPRD:  0.03899148385064334
Forecast SPRD:  0.0454341428161513
Reading observations from file  ./data/Nature/MultipleNature_Nature_Freq4_Den0.5_Type3_ObsErr1.npz

This is a TWIN experiment

Using AlphaTempScale to compute tempering dt
Tempering steps:  [1.]
Dt pseudo times:  [1.]
Data assimilation cycle #  100
Data assimilation cycle #  200
Data assimilation cycle #  300
Data assimilation cycle #  400
Data assimilation cycle #  500
Data assimilation cycle #  600
Data assimilation cycle #  700
Data assimilation cycle #  800
Data assimilation cycle #  900
Data assimilation cycle #  1000
Data assimilation cycle #  1100
Data assimilation cycle #  1200
Data assimilation cycle #  1300
Data assimilation cycle #  1400
Data assimilation cycle #  1500
Data assimilation cycle #  1600
Data assimilation cycle #  1700
Data assimilation cycle #  1800
Error: The forecast contains NaN or Inf, Iteration number : 1882  will dump some variables to a temporal file
Multiplicative Inflation 1.05
Localization Scale 2.5
AlphaTemp [1.]
Analisis RMSE:  4.439437129046068
Forecast RMSE:  4.426660209567593
Analisis SPRD:  0.016232243538034458
Forecast SPRD:  0.01881538084303357
Reading observations from file  ./data/Nature/MultipleNature_Nature_Freq4_Den0.5_Type3_ObsErr1.npz

This is a TWIN experiment

Using AlphaTempScale to compute tempering dt
Tempering steps:  [1.]
Dt pseudo times:  [1.]
Data assimilation cycle #  100
Data assimilation cycle #  200
Data assimilation cycle #  300
Data assimilation cycle #  400
Data assimilation cycle #  500
Data assimilation cycle #  600
Data assimilation cycle #  700
Data assimilation cycle #  800
Data assimilation cycle #  900
Data assimilation cycle #  1000
Data assimilation cycle #  1100
Data assimilation cycle #  1200
Data assimilation cycle #  1300
Data assimilation cycle #  1400
Data assimilation cycle #  1500
Data assimilation cycle #  1600
Error: The forecast contains NaN or Inf, Iteration number : 1649  will dump some variables to a temporal file
Multiplicative Inflation 1.05
Localization Scale 3.0
AlphaTemp [1.]
Analisis RMSE:  4.412369014101797
Forecast RMSE:  4.401778783851442
Analisis SPRD:  0.012063855994870549
Forecast SPRD:  0.01353086478945777
Reading observations from file  ./data/Nature/MultipleNature_Nature_Freq4_Den0.5_Type3_ObsErr1.npz

This is a TWIN experiment

Using AlphaTempScale to compute tempering dt
Tempering steps:  [1.]
Dt pseudo times:  [1.]
Data assimilation cycle #  100
Data assimilation cycle #  200
Data assimilation cycle #  300
Data assimilation cycle #  400
Data assimilation cycle #  500
Data assimilation cycle #  600
Data assimilation cycle #  700
Data assimilation cycle #  800
Data assimilation cycle #  900
Data assimilation cycle #  1000
Data assimilation cycle #  1100
Data assimilation cycle #  1200
Data assimilation cycle #  1300
Data assimilation cycle #  1400
Data assimilation cycle #  1500
Data assimilation cycle #  1600
Data assimilation cycle #  1700
Data assimilation cycle #  1800
Data assimilation cycle #  1900
Data assimilation cycle #  2000
Error: The forecast contains NaN or Inf, Iteration number : 2038  will dump some variables to a temporal file
Multiplicative Inflation 1.05
Localization Scale 3.5
AlphaTemp [1.]
Analisis RMSE:  4.4729535557210784
Forecast RMSE:  4.443759634140017
Analisis SPRD:  0.013432270522484507
Forecast SPRD:  0.015965292286639322
Reading observations from file  ./data/Nature/MultipleNature_Nature_Freq4_Den0.5_Type3_ObsErr1.npz

This is a TWIN experiment

Using AlphaTempScale to compute tempering dt
Tempering steps:  [1.]
Dt pseudo times:  [1.]
Data assimilation cycle #  100
Data assimilation cycle #  200
Data assimilation cycle #  300
Data assimilation cycle #  400
Data assimilation cycle #  500
Data assimilation cycle #  600
Data assimilation cycle #  700
Data assimilation cycle #  800
Data assimilation cycle #  900
Data assimilation cycle #  1000
Data assimilation cycle #  1100
Data assimilation cycle #  1200
Data assimilation cycle #  1300
Data assimilation cycle #  1400
Data assimilation cycle #  1500
Data assimilation cycle #  1600
Error: The forecast contains NaN or Inf, Iteration number : 1631  will dump some variables to a temporal file
Multiplicative Inflation 1.05
Localization Scale 4.0
AlphaTemp [1.]
Analisis RMSE:  4.434372675848732
Forecast RMSE:  4.416149447768406
Analisis SPRD:  0.010024362551443242
Forecast SPRD:  0.011508917258683433
Reading observations from file  ./data/Nature/MultipleNature_Nature_Freq4_Den0.5_Type3_ObsErr1.npz

This is a TWIN experiment

Using AlphaTempScale to compute tempering dt
Tempering steps:  [1.]
Dt pseudo times:  [1.]
Data assimilation cycle #  100
Data assimilation cycle #  200
Data assimilation cycle #  300
Data assimilation cycle #  400
Data assimilation cycle #  500
Data assimilation cycle #  600
Error: The forecast contains NaN or Inf, Iteration number : 660  will dump some variables to a temporal file
Multiplicative Inflation 1.1
Localization Scale 1.0
AlphaTemp [1.]
Analisis RMSE:  4.340475504362696
Forecast RMSE:  4.325489946254353
Analisis SPRD:  0.0351713955482648
Forecast SPRD:  0.03851861251043491
Reading observations from file  ./data/Nature/MultipleNature_Nature_Freq4_Den0.5_Type3_ObsErr1.npz

This is a TWIN experiment

Using AlphaTempScale to compute tempering dt
Tempering steps:  [1.]
Dt pseudo times:  [1.]
Data assimilation cycle #  100
Data assimilation cycle #  200
Error: The forecast contains NaN or Inf, Iteration number : 217  will dump some variables to a temporal file
Multiplicative Inflation 1.1
Localization Scale 1.5
AlphaTemp [1.]
Analisis RMSE:  4.357896230709343
Forecast RMSE:  4.3457636747647586
Analisis SPRD:  0.007796202947594319
Forecast SPRD:  0.0086959871060202
Reading observations from file  ./data/Nature/MultipleNature_Nature_Freq4_Den0.5_Type3_ObsErr1.npz

This is a TWIN experiment

Using AlphaTempScale to compute tempering dt
Tempering steps:  [1.]
Dt pseudo times:  [1.]
Data assimilation cycle #  100
Data assimilation cycle #  200
Data assimilation cycle #  300
Data assimilation cycle #  400
Data assimilation cycle #  500
Data assimilation cycle #  600
Data assimilation cycle #  700
Data assimilation cycle #  800
Data assimilation cycle #  900
Data assimilation cycle #  1000
Data assimilation cycle #  1100
Data assimilation cycle #  1200
Data assimilation cycle #  1300
Data assimilation cycle #  1400
Error: The forecast contains NaN or Inf, Iteration number : 1459  will dump some variables to a temporal file
Multiplicative Inflation 1.1
Localization Scale 2.0
AlphaTemp [1.]
Analisis RMSE:  4.452641419726146
Forecast RMSE:  4.427318975419712
Analisis SPRD:  0.028552241017674736
Forecast SPRD:  0.033778589691342266
Reading observations from file  ./data/Nature/MultipleNature_Nature_Freq4_Den0.5_Type3_ObsErr1.npz

This is a TWIN experiment

Using AlphaTempScale to compute tempering dt
Tempering steps:  [1.]
Dt pseudo times:  [1.]
Data assimilation cycle #  100
Data assimilation cycle #  200
Data assimilation cycle #  300
Error: The forecast contains NaN or Inf, Iteration number : 357  will dump some variables to a temporal file
Multiplicative Inflation 1.1
Localization Scale 2.5
AlphaTemp [1.]
Analisis RMSE:  4.375128901431518
Forecast RMSE:  4.346718149101189
Analisis SPRD:  0.005361511994121642
Forecast SPRD:  0.006084574068046311
Reading observations from file  ./data/Nature/MultipleNature_Nature_Freq4_Den0.5_Type3_ObsErr1.npz

This is a TWIN experiment

Using AlphaTempScale to compute tempering dt
Tempering steps:  [1.]
Dt pseudo times:  [1.]
Data assimilation cycle #  100
Data assimilation cycle #  200
Error: The forecast contains NaN or Inf, Iteration number : 262  will dump some variables to a temporal file
Multiplicative Inflation 1.1
Localization Scale 3.0
AlphaTemp [1.]
Analisis RMSE:  4.352338583122679
Forecast RMSE:  4.341678864025142
Analisis SPRD:  0.0035125283431508498
Forecast SPRD:  0.003959000487092058
Reading observations from file  ./data/Nature/MultipleNature_Nature_Freq4_Den0.5_Type3_ObsErr1.npz

This is a TWIN experiment

Using AlphaTempScale to compute tempering dt
Tempering steps:  [1.]
Dt pseudo times:  [1.]
Data assimilation cycle #  100
Error: The forecast contains NaN or Inf, Iteration number : 107  will dump some variables to a temporal file
Multiplicative Inflation 1.1
Localization Scale 3.5
AlphaTemp [1.]
Analisis RMSE:  4.333032424849774
Forecast RMSE:  4.333032424849774
Analisis SPRD:  92289.41497664007
Forecast SPRD:  2905312.4194454877
Reading observations from file  ./data/Nature/MultipleNature_Nature_Freq4_Den0.5_Type3_ObsErr1.npz

This is a TWIN experiment

Using AlphaTempScale to compute tempering dt
Tempering steps:  [1.]
Dt pseudo times:  [1.]
Data assimilation cycle #  100
Data assimilation cycle #  200
Data assimilation cycle #  300
Error: The forecast contains NaN or Inf, Iteration number : 388  will dump some variables to a temporal file
Multiplicative Inflation 1.1
Localization Scale 4.0
AlphaTemp [1.]
Analisis RMSE:  9.86269434720153e+18
Forecast RMSE:  4.1134193501211663e+18
Analisis SPRD:  3214173349405932.0
Forecast SPRD:  1.2614858593868237e+17
Reading observations from file  ./data/Nature/MultipleNature_Nature_Freq4_Den0.5_Type3_ObsErr1.npz

This is a TWIN experiment

Using AlphaTempScale to compute tempering dt
Tempering steps:  [1.]
Dt pseudo times:  [1.]
Data assimilation cycle #  100
Data assimilation cycle #  200
Data assimilation cycle #  300
Data assimilation cycle #  400
Data assimilation cycle #  500
Data assimilation cycle #  600
Data assimilation cycle #  700
Data assimilation cycle #  800
Data assimilation cycle #  900
Data assimilation cycle #  1000
Data assimilation cycle #  1100
Data assimilation cycle #  1200
Data assimilation cycle #  1300
Data assimilation cycle #  1400
