Reading observations from file  ./data/Nature/MultipleNature_Nature_Freq4_Den0.5_Type1_ObsErr0.3.npz

This is a TWIN experiment

Using AlphaTempScale to compute tempering dt
Tempering steps:  [1.]
Dt pseudo times:  [1.]
Data assimilation cycle #  100
Data assimilation cycle #  200
Data assimilation cycle #  300
Data assimilation cycle #  400
Data assimilation cycle #  500
Data assimilation cycle #  600
Data assimilation cycle #  700
Data assimilation cycle #  800
Data assimilation cycle #  900
Data assimilation cycle #  1000
Data assimilation cycle #  1100
Data assimilation cycle #  1200
Data assimilation cycle #  1300
Data assimilation cycle #  1400
Data assimilation cycle #  1500
Data assimilation cycle #  1600
Data assimilation cycle #  1700
Data assimilation cycle #  1800
Data assimilation cycle #  1900
Data assimilation cycle #  2000
Data assimilation cycle #  2100
Data assimilation cycle #  2200
Data assimilation cycle #  2300
Data assimilation cycle #  2400
Data assimilation cycle #  2500
Data assimilation cycle #  2600
Data assimilation cycle #  2700
Data assimilation cycle #  2800
Data assimilation cycle #  2900
Data assimilation cycle #  3000
Data assimilation cycle #  3100
Data assimilation cycle #  3200
Data assimilation cycle #  3300
Data assimilation cycle #  3400
Data assimilation cycle #  3500
Data assimilation cycle #  3600
Data assimilation cycle #  3700
Data assimilation cycle #  3800
Data assimilation cycle #  3900
Data assimilation cycle #  4000
Data assimilation cycle #  4100
Data assimilation cycle #  4200
Data assimilation cycle #  4300
Data assimilation cycle #  4400
Data assimilation cycle #  4500
Data assimilation cycle #  4600
Data assimilation cycle #  4700
Data assimilation cycle #  4800
Data assimilation cycle #  4900
Data assimilation cycle #  5000
Data assimilation cycle #  5100
Data assimilation cycle #  5200
Data assimilation cycle #  5300
Data assimilation cycle #  5400
Data assimilation cycle #  5500
Data assimilation cycle #  5600
Data assimilation cycle #  5700
Data assimilation cycle #  5800
Data assimilation cycle #  5900
Data assimilation cycle #  6000
Data assimilation cycle #  6100
Data assimilation cycle #  6200
Data assimilation cycle #  6300
Data assimilation cycle #  6400
Data assimilation cycle #  6500
Data assimilation cycle #  6600
Data assimilation cycle #  6700
Data assimilation cycle #  6800
Data assimilation cycle #  6900
Data assimilation cycle #  7000
Data assimilation cycle #  7100
Data assimilation cycle #  7200
Data assimilation cycle #  7300
Data assimilation cycle #  7400
Data assimilation cycle #  7500
Data assimilation cycle #  7600
Data assimilation cycle #  7700
Data assimilation cycle #  7800
Data assimilation cycle #  7900
Data assimilation cycle #  8000
Data assimilation cycle #  8100
Data assimilation cycle #  8200
Data assimilation cycle #  8300
Data assimilation cycle #  8400
Data assimilation cycle #  8500
Data assimilation cycle #  8600
Data assimilation cycle #  8700
Data assimilation cycle #  8800
Data assimilation cycle #  8900
Data assimilation cycle #  9000
Data assimilation cycle #  9100
Data assimilation cycle #  9200
Data assimilation cycle #  9300
Data assimilation cycle #  9400
Data assimilation cycle #  9500
Data assimilation cycle #  9600
Data assimilation cycle #  9700
Data assimilation cycle #  9800
Data assimilation cycle #  9900
Data assimilation cycle #  10000
Data assimilation cycle #  10100
Data assimilation cycle #  10200
Data assimilation cycle #  10300
Data assimilation cycle #  10400
Data assimilation cycle #  10500
Data assimilation cycle #  10600
Data assimilation cycle #  10700
Data assimilation cycle #  10800
Data assimilation cycle #  10900
Data assimilation cycle #  11000
Data assimilation cycle #  11100
Data assimilation cycle #  11200
Data assimilation cycle #  11300
Data assimilation cycle #  11400
Data assimilation cycle #  11500
Data assimilation cycle #  11600
Data assimilation cycle #  11700
Data assimilation cycle #  11800
Data assimilation cycle #  11900
Data assimilation cycle #  12000
Data assimilation cycle #  12100
Data assimilation cycle #  12200
Data assimilation cycle #  12300
Data assimilation cycle #  12400
Data assimilation cycle #  12500
Data assimilation cycle #  12600
Data assimilation cycle #  12700
Data assimilation cycle #  12800
Data assimilation cycle #  12900
Data assimilation cycle #  13000
Data assimilation cycle #  13100
Data assimilation cycle #  13200
Data assimilation cycle #  13300
Data assimilation cycle #  13400
Data assimilation cycle #  13500
Data assimilation cycle #  13600
Data assimilation cycle #  13700
Data assimilation cycle #  13800
Data assimilation cycle #  13900
Data assimilation cycle #  14000
Data assimilation cycle #  14100
Data assimilation cycle #  14200
Data assimilation cycle #  14300
Data assimilation cycle #  14400
Data assimilation cycle #  14500
Data assimilation cycle #  14600
Data assimilation cycle #  14700
Data assimilation cycle #  14800
Data assimilation cycle #  14900
Data assimilation cycle #  15000
Data assimilation cycle #  15100
Data assimilation cycle #  15200
Data assimilation cycle #  15300
Data assimilation cycle #  15400
Data assimilation cycle #  15500
Data assimilation cycle #  15600
Data assimilation cycle #  15700
Data assimilation cycle #  15800
Data assimilation cycle #  15900
Data assimilation cycle #  16000
Data assimilation cycle #  16100
Data assimilation cycle #  16200
Data assimilation cycle #  16300
Data assimilation cycle #  16400
Data assimilation cycle #  16500
Data assimilation cycle #  16600
Data assimilation cycle #  16700
Data assimilation cycle #  16800
Data assimilation cycle #  16900
Data assimilation cycle #  17000
Data assimilation cycle #  17100
Data assimilation cycle #  17200
Data assimilation cycle #  17300
Data assimilation cycle #  17400
Data assimilation cycle #  17500
Data assimilation cycle #  17600
Data assimilation cycle #  17700
Data assimilation cycle #  17800
Data assimilation cycle #  17900
Data assimilation cycle #  18000
Data assimilation cycle #  18100
Data assimilation cycle #  18200
Data assimilation cycle #  18300
Data assimilation cycle #  18400
Data assimilation cycle #  18500
Data assimilation cycle #  18600
Data assimilation cycle #  18700
Data assimilation cycle #  18800
Data assimilation cycle #  18900
Data assimilation cycle #  19000
Data assimilation cycle #  19100
Data assimilation cycle #  19200
Data assimilation cycle #  19300
Data assimilation cycle #  19400
Data assimilation cycle #  19500
Data assimilation cycle #  19600
Data assimilation cycle #  19700
Data assimilation cycle #  19800
Data assimilation cycle #  19900
Multiplicative Inflation 1.05
Localization Scale 1.0
AlphaTemp [1.]
Analisis RMSE:  0.23902572088250165
Forecast RMSE:  0.2635147015394083
Analisis SPRD:  0.22206644914260876
Forecast SPRD:  0.24180904264138606
Reading observations from file  ./data/Nature/MultipleNature_Nature_Freq4_Den0.5_Type1_ObsErr0.3.npz

This is a TWIN experiment

Using AlphaTempScale to compute tempering dt
Tempering steps:  [1.]
Dt pseudo times:  [1.]
Data assimilation cycle #  100
Data assimilation cycle #  200
Data assimilation cycle #  300
Data assimilation cycle #  400
Data assimilation cycle #  500
Data assimilation cycle #  600
Data assimilation cycle #  700
Data assimilation cycle #  800
Data assimilation cycle #  900
Data assimilation cycle #  1000
Data assimilation cycle #  1100
Data assimilation cycle #  1200
Data assimilation cycle #  1300
Data assimilation cycle #  1400
Data assimilation cycle #  1500
Data assimilation cycle #  1600
Data assimilation cycle #  1700
Data assimilation cycle #  1800
Data assimilation cycle #  1900
Data assimilation cycle #  2000
Data assimilation cycle #  2100
Data assimilation cycle #  2200
Data assimilation cycle #  2300
Data assimilation cycle #  2400
Data assimilation cycle #  2500
Data assimilation cycle #  2600
Data assimilation cycle #  2700
Data assimilation cycle #  2800
Data assimilation cycle #  2900
Data assimilation cycle #  3000
Data assimilation cycle #  3100
Data assimilation cycle #  3200
Data assimilation cycle #  3300
Data assimilation cycle #  3400
Data assimilation cycle #  3500
Data assimilation cycle #  3600
Data assimilation cycle #  3700
Data assimilation cycle #  3800
Data assimilation cycle #  3900
Data assimilation cycle #  4000
Data assimilation cycle #  4100
Data assimilation cycle #  4200
Data assimilation cycle #  4300
Data assimilation cycle #  4400
Data assimilation cycle #  4500
Data assimilation cycle #  4600
Data assimilation cycle #  4700
Data assimilation cycle #  4800
Data assimilation cycle #  4900
Data assimilation cycle #  5000
Data assimilation cycle #  5100
Data assimilation cycle #  5200
Data assimilation cycle #  5300
Data assimilation cycle #  5400
Data assimilation cycle #  5500
Data assimilation cycle #  5600
Data assimilation cycle #  5700
Data assimilation cycle #  5800
Data assimilation cycle #  5900
Data assimilation cycle #  6000
Data assimilation cycle #  6100
Data assimilation cycle #  6200
Data assimilation cycle #  6300
Data assimilation cycle #  6400
Data assimilation cycle #  6500
Data assimilation cycle #  6600
Data assimilation cycle #  6700
Data assimilation cycle #  6800
Data assimilation cycle #  6900
Data assimilation cycle #  7000
Data assimilation cycle #  7100
Data assimilation cycle #  7200
Data assimilation cycle #  7300
Data assimilation cycle #  7400
Data assimilation cycle #  7500
Data assimilation cycle #  7600
Data assimilation cycle #  7700
Data assimilation cycle #  7800
Data assimilation cycle #  7900
Data assimilation cycle #  8000
Data assimilation cycle #  8100
Data assimilation cycle #  8200
Data assimilation cycle #  8300
Data assimilation cycle #  8400
Data assimilation cycle #  8500
Data assimilation cycle #  8600
Data assimilation cycle #  8700
Data assimilation cycle #  8800
Data assimilation cycle #  8900
Data assimilation cycle #  9000
Data assimilation cycle #  9100
Data assimilation cycle #  9200
Data assimilation cycle #  9300
Data assimilation cycle #  9400
Data assimilation cycle #  9500
Data assimilation cycle #  9600
Data assimilation cycle #  9700
Data assimilation cycle #  9800
Data assimilation cycle #  9900
Data assimilation cycle #  10000
Data assimilation cycle #  10100
Data assimilation cycle #  10200
Data assimilation cycle #  10300
Data assimilation cycle #  10400
Data assimilation cycle #  10500
Data assimilation cycle #  10600
Data assimilation cycle #  10700
Data assimilation cycle #  10800
Data assimilation cycle #  10900
Data assimilation cycle #  11000
Data assimilation cycle #  11100
Data assimilation cycle #  11200
Data assimilation cycle #  11300
Data assimilation cycle #  11400
Data assimilation cycle #  11500
Data assimilation cycle #  11600
Data assimilation cycle #  11700
Data assimilation cycle #  11800
Data assimilation cycle #  11900
Data assimilation cycle #  12000
Data assimilation cycle #  12100
Data assimilation cycle #  12200
Data assimilation cycle #  12300
Data assimilation cycle #  12400
Data assimilation cycle #  12500
Data assimilation cycle #  12600
Data assimilation cycle #  12700
Data assimilation cycle #  12800
Data assimilation cycle #  12900
Data assimilation cycle #  13000
Data assimilation cycle #  13100
Data assimilation cycle #  13200
Data assimilation cycle #  13300
Data assimilation cycle #  13400
Data assimilation cycle #  13500
Data assimilation cycle #  13600
Data assimilation cycle #  13700
Data assimilation cycle #  13800
Data assimilation cycle #  13900
Data assimilation cycle #  14000
Data assimilation cycle #  14100
Data assimilation cycle #  14200
Data assimilation cycle #  14300
Data assimilation cycle #  14400
Data assimilation cycle #  14500
Data assimilation cycle #  14600
Data assimilation cycle #  14700
Data assimilation cycle #  14800
Data assimilation cycle #  14900
Data assimilation cycle #  15000
Data assimilation cycle #  15100
Data assimilation cycle #  15200
Data assimilation cycle #  15300
Data assimilation cycle #  15400
Data assimilation cycle #  15500
Data assimilation cycle #  15600
Data assimilation cycle #  15700
Data assimilation cycle #  15800
Data assimilation cycle #  15900
Data assimilation cycle #  16000
Data assimilation cycle #  16100
Data assimilation cycle #  16200
Data assimilation cycle #  16300
Data assimilation cycle #  16400
Data assimilation cycle #  16500
Data assimilation cycle #  16600
Data assimilation cycle #  16700
Data assimilation cycle #  16800
Data assimilation cycle #  16900
Data assimilation cycle #  17000
Data assimilation cycle #  17100
Data assimilation cycle #  17200
Data assimilation cycle #  17300
Data assimilation cycle #  17400
Data assimilation cycle #  17500
Data assimilation cycle #  17600
Data assimilation cycle #  17700
Data assimilation cycle #  17800
Data assimilation cycle #  17900
Data assimilation cycle #  18000
Data assimilation cycle #  18100
Data assimilation cycle #  18200
Data assimilation cycle #  18300
Data assimilation cycle #  18400
Data assimilation cycle #  18500
Data assimilation cycle #  18600
Data assimilation cycle #  18700
Data assimilation cycle #  18800
Data assimilation cycle #  18900
Data assimilation cycle #  19000
Data assimilation cycle #  19100
Data assimilation cycle #  19200
Data assimilation cycle #  19300
Data assimilation cycle #  19400
Data assimilation cycle #  19500
Data assimilation cycle #  19600
Data assimilation cycle #  19700
Data assimilation cycle #  19800
Data assimilation cycle #  19900
Multiplicative Inflation 1.05
Localization Scale 1.5
AlphaTemp [1.]
Analisis RMSE:  0.2256290477753442
Forecast RMSE:  0.2486133627709112
Analisis SPRD:  0.21120024715383456
Forecast SPRD:  0.22977944873857634
Reading observations from file  ./data/Nature/MultipleNature_Nature_Freq4_Den0.5_Type1_ObsErr0.3.npz

This is a TWIN experiment

Using AlphaTempScale to compute tempering dt
Tempering steps:  [1.]
Dt pseudo times:  [1.]
Data assimilation cycle #  100
Data assimilation cycle #  200
Data assimilation cycle #  300
Data assimilation cycle #  400
Data assimilation cycle #  500
Data assimilation cycle #  600
Data assimilation cycle #  700
Data assimilation cycle #  800
Data assimilation cycle #  900
Data assimilation cycle #  1000
Data assimilation cycle #  1100
Data assimilation cycle #  1200
Data assimilation cycle #  1300
Data assimilation cycle #  1400
Data assimilation cycle #  1500
Data assimilation cycle #  1600
Data assimilation cycle #  1700
Data assimilation cycle #  1800
Data assimilation cycle #  1900
Data assimilation cycle #  2000
Data assimilation cycle #  2100
Data assimilation cycle #  2200
Data assimilation cycle #  2300
Data assimilation cycle #  2400
Data assimilation cycle #  2500
Data assimilation cycle #  2600
Data assimilation cycle #  2700
Data assimilation cycle #  2800
Data assimilation cycle #  2900
Data assimilation cycle #  3000
Data assimilation cycle #  3100
Data assimilation cycle #  3200
Data assimilation cycle #  3300
Data assimilation cycle #  3400
Data assimilation cycle #  3500
Data assimilation cycle #  3600
Data assimilation cycle #  3700
Data assimilation cycle #  3800
Data assimilation cycle #  3900
Data assimilation cycle #  4000
Data assimilation cycle #  4100
Data assimilation cycle #  4200
Data assimilation cycle #  4300
Data assimilation cycle #  4400
Data assimilation cycle #  4500
Data assimilation cycle #  4600
Data assimilation cycle #  4700
Data assimilation cycle #  4800
Data assimilation cycle #  4900
Data assimilation cycle #  5000
Data assimilation cycle #  5100
Data assimilation cycle #  5200
Data assimilation cycle #  5300
Data assimilation cycle #  5400
Data assimilation cycle #  5500
Data assimilation cycle #  5600
Data assimilation cycle #  5700
Data assimilation cycle #  5800
Data assimilation cycle #  5900
Data assimilation cycle #  6000
Data assimilation cycle #  6100
Data assimilation cycle #  6200
Data assimilation cycle #  6300
Data assimilation cycle #  6400
Data assimilation cycle #  6500
Data assimilation cycle #  6600
Data assimilation cycle #  6700
Data assimilation cycle #  6800
Data assimilation cycle #  6900
Data assimilation cycle #  7000
Data assimilation cycle #  7100
Data assimilation cycle #  7200
Data assimilation cycle #  7300
Data assimilation cycle #  7400
Data assimilation cycle #  7500
Data assimilation cycle #  7600
Data assimilation cycle #  7700
Data assimilation cycle #  7800
Data assimilation cycle #  7900
Data assimilation cycle #  8000
Data assimilation cycle #  8100
Data assimilation cycle #  8200
Data assimilation cycle #  8300
Data assimilation cycle #  8400
Data assimilation cycle #  8500
Data assimilation cycle #  8600
Data assimilation cycle #  8700
Data assimilation cycle #  8800
Data assimilation cycle #  8900
Data assimilation cycle #  9000
Data assimilation cycle #  9100
Data assimilation cycle #  9200
Data assimilation cycle #  9300
Data assimilation cycle #  9400
Data assimilation cycle #  9500
Data assimilation cycle #  9600
Data assimilation cycle #  9700
Data assimilation cycle #  9800
Data assimilation cycle #  9900
Data assimilation cycle #  10000
Data assimilation cycle #  10100
Data assimilation cycle #  10200
Data assimilation cycle #  10300
Data assimilation cycle #  10400
Data assimilation cycle #  10500
Data assimilation cycle #  10600
Data assimilation cycle #  10700
Data assimilation cycle #  10800
Data assimilation cycle #  10900
Data assimilation cycle #  11000
Data assimilation cycle #  11100
Data assimilation cycle #  11200
Data assimilation cycle #  11300
Data assimilation cycle #  11400
Data assimilation cycle #  11500
Data assimilation cycle #  11600
Data assimilation cycle #  11700
Data assimilation cycle #  11800
Data assimilation cycle #  11900
Data assimilation cycle #  12000
Data assimilation cycle #  12100
Data assimilation cycle #  12200
Data assimilation cycle #  12300
Data assimilation cycle #  12400
Data assimilation cycle #  12500
Data assimilation cycle #  12600
Data assimilation cycle #  12700
Data assimilation cycle #  12800
Data assimilation cycle #  12900
Data assimilation cycle #  13000
Data assimilation cycle #  13100
Data assimilation cycle #  13200
Data assimilation cycle #  13300
Data assimilation cycle #  13400
Data assimilation cycle #  13500
Data assimilation cycle #  13600
Data assimilation cycle #  13700
Data assimilation cycle #  13800
Data assimilation cycle #  13900
Data assimilation cycle #  14000
Data assimilation cycle #  14100
Data assimilation cycle #  14200
Data assimilation cycle #  14300
Data assimilation cycle #  14400
Data assimilation cycle #  14500
Data assimilation cycle #  14600
Data assimilation cycle #  14700
Data assimilation cycle #  14800
Data assimilation cycle #  14900
Data assimilation cycle #  15000
Data assimilation cycle #  15100
Data assimilation cycle #  15200
Data assimilation cycle #  15300
Data assimilation cycle #  15400
Data assimilation cycle #  15500
Data assimilation cycle #  15600
Data assimilation cycle #  15700
Data assimilation cycle #  15800
Data assimilation cycle #  15900
Data assimilation cycle #  16000
Data assimilation cycle #  16100
Data assimilation cycle #  16200
Data assimilation cycle #  16300
Data assimilation cycle #  16400
Data assimilation cycle #  16500
Data assimilation cycle #  16600
Data assimilation cycle #  16700
Data assimilation cycle #  16800
Data assimilation cycle #  16900
Data assimilation cycle #  17000
Data assimilation cycle #  17100
Data assimilation cycle #  17200
Data assimilation cycle #  17300
Data assimilation cycle #  17400
Data assimilation cycle #  17500
Data assimilation cycle #  17600
Data assimilation cycle #  17700
Data assimilation cycle #  17800
Data assimilation cycle #  17900
Data assimilation cycle #  18000
Data assimilation cycle #  18100
Data assimilation cycle #  18200
Data assimilation cycle #  18300
Data assimilation cycle #  18400
Data assimilation cycle #  18500
Data assimilation cycle #  18600
Data assimilation cycle #  18700
Data assimilation cycle #  18800
Data assimilation cycle #  18900
Data assimilation cycle #  19000
Data assimilation cycle #  19100
Data assimilation cycle #  19200
Data assimilation cycle #  19300
Data assimilation cycle #  19400
Data assimilation cycle #  19500
Data assimilation cycle #  19600
Data assimilation cycle #  19700
Data assimilation cycle #  19800
Data assimilation cycle #  19900
Multiplicative Inflation 1.05
Localization Scale 2.0
AlphaTemp [1.]
Analisis RMSE:  0.21208155099265946
Forecast RMSE:  0.23365065694467685
Analisis SPRD:  0.20331320560956426
Forecast SPRD:  0.22115079088926018
Reading observations from file  ./data/Nature/MultipleNature_Nature_Freq4_Den0.5_Type1_ObsErr0.3.npz

This is a TWIN experiment

Using AlphaTempScale to compute tempering dt
Tempering steps:  [1.]
Dt pseudo times:  [1.]
Data assimilation cycle #  100
Data assimilation cycle #  200
Data assimilation cycle #  300
Data assimilation cycle #  400
Data assimilation cycle #  500
Data assimilation cycle #  600
Data assimilation cycle #  700
Data assimilation cycle #  800
Data assimilation cycle #  900
Data assimilation cycle #  1000
Data assimilation cycle #  1100
Data assimilation cycle #  1200
Data assimilation cycle #  1300
Data assimilation cycle #  1400
Data assimilation cycle #  1500
Data assimilation cycle #  1600
Data assimilation cycle #  1700
Data assimilation cycle #  1800
Data assimilation cycle #  1900
Data assimilation cycle #  2000
Data assimilation cycle #  2100
Data assimilation cycle #  2200
Data assimilation cycle #  2300
Data assimilation cycle #  2400
Data assimilation cycle #  2500
Data assimilation cycle #  2600
Data assimilation cycle #  2700
Data assimilation cycle #  2800
Data assimilation cycle #  2900
Data assimilation cycle #  3000
Data assimilation cycle #  3100
Data assimilation cycle #  3200
Data assimilation cycle #  3300
Data assimilation cycle #  3400
Data assimilation cycle #  3500
Data assimilation cycle #  3600
Data assimilation cycle #  3700
Data assimilation cycle #  3800
Data assimilation cycle #  3900
Data assimilation cycle #  4000
Data assimilation cycle #  4100
Data assimilation cycle #  4200
Data assimilation cycle #  4300
Data assimilation cycle #  4400
Data assimilation cycle #  4500
Data assimilation cycle #  4600
Data assimilation cycle #  4700
Data assimilation cycle #  4800
Data assimilation cycle #  4900
Data assimilation cycle #  5000
Data assimilation cycle #  5100
Data assimilation cycle #  5200
Data assimilation cycle #  5300
Data assimilation cycle #  5400
Data assimilation cycle #  5500
Data assimilation cycle #  5600
Data assimilation cycle #  5700
Data assimilation cycle #  5800
Data assimilation cycle #  5900
Data assimilation cycle #  6000
Data assimilation cycle #  6100
Data assimilation cycle #  6200
Data assimilation cycle #  6300
Data assimilation cycle #  6400
Data assimilation cycle #  6500
Data assimilation cycle #  6600
Data assimilation cycle #  6700
Data assimilation cycle #  6800
Data assimilation cycle #  6900
Data assimilation cycle #  7000
Data assimilation cycle #  7100
Data assimilation cycle #  7200
Data assimilation cycle #  7300
Data assimilation cycle #  7400
Data assimilation cycle #  7500
Data assimilation cycle #  7600
Data assimilation cycle #  7700
Data assimilation cycle #  7800
Data assimilation cycle #  7900
Data assimilation cycle #  8000
Data assimilation cycle #  8100
Data assimilation cycle #  8200
Data assimilation cycle #  8300
Data assimilation cycle #  8400
Data assimilation cycle #  8500
Data assimilation cycle #  8600
Data assimilation cycle #  8700
Data assimilation cycle #  8800
Data assimilation cycle #  8900
Data assimilation cycle #  9000
Data assimilation cycle #  9100
Data assimilation cycle #  9200
Data assimilation cycle #  9300
Data assimilation cycle #  9400
Data assimilation cycle #  9500
Data assimilation cycle #  9600
Data assimilation cycle #  9700
Data assimilation cycle #  9800
Data assimilation cycle #  9900
Data assimilation cycle #  10000
Data assimilation cycle #  10100
Data assimilation cycle #  10200
Data assimilation cycle #  10300
Data assimilation cycle #  10400
Data assimilation cycle #  10500
Data assimilation cycle #  10600
Data assimilation cycle #  10700
Data assimilation cycle #  10800
Data assimilation cycle #  10900
Data assimilation cycle #  11000
Data assimilation cycle #  11100
Data assimilation cycle #  11200
Data assimilation cycle #  11300
Data assimilation cycle #  11400
Data assimilation cycle #  11500
Data assimilation cycle #  11600
Data assimilation cycle #  11700
Data assimilation cycle #  11800
Data assimilation cycle #  11900
Data assimilation cycle #  12000
Data assimilation cycle #  12100
Data assimilation cycle #  12200
Data assimilation cycle #  12300
Data assimilation cycle #  12400
Data assimilation cycle #  12500
Data assimilation cycle #  12600
Data assimilation cycle #  12700
Data assimilation cycle #  12800
Data assimilation cycle #  12900
Data assimilation cycle #  13000
Data assimilation cycle #  13100
Data assimilation cycle #  13200
Data assimilation cycle #  13300
Data assimilation cycle #  13400
Data assimilation cycle #  13500
Data assimilation cycle #  13600
Data assimilation cycle #  13700
Data assimilation cycle #  13800
Data assimilation cycle #  13900
Data assimilation cycle #  14000
Data assimilation cycle #  14100
Data assimilation cycle #  14200
Data assimilation cycle #  14300
Data assimilation cycle #  14400
Data assimilation cycle #  14500
Data assimilation cycle #  14600
Data assimilation cycle #  14700
Data assimilation cycle #  14800
Data assimilation cycle #  14900
Data assimilation cycle #  15000
Data assimilation cycle #  15100
Data assimilation cycle #  15200
Data assimilation cycle #  15300
Data assimilation cycle #  15400
Data assimilation cycle #  15500
Data assimilation cycle #  15600
Data assimilation cycle #  15700
Data assimilation cycle #  15800
Data assimilation cycle #  15900
Data assimilation cycle #  16000
Data assimilation cycle #  16100
Data assimilation cycle #  16200
Data assimilation cycle #  16300
Data assimilation cycle #  16400
Data assimilation cycle #  16500
Data assimilation cycle #  16600
Data assimilation cycle #  16700
Data assimilation cycle #  16800
Data assimilation cycle #  16900
Data assimilation cycle #  17000
Data assimilation cycle #  17100
Data assimilation cycle #  17200
Data assimilation cycle #  17300
Data assimilation cycle #  17400
Data assimilation cycle #  17500
Data assimilation cycle #  17600
Data assimilation cycle #  17700
Data assimilation cycle #  17800
Data assimilation cycle #  17900
Data assimilation cycle #  18000
Data assimilation cycle #  18100
Data assimilation cycle #  18200
Data assimilation cycle #  18300
Data assimilation cycle #  18400
Data assimilation cycle #  18500
Data assimilation cycle #  18600
Data assimilation cycle #  18700
Data assimilation cycle #  18800
Data assimilation cycle #  18900
Data assimilation cycle #  19000
Data assimilation cycle #  19100
Data assimilation cycle #  19200
Data assimilation cycle #  19300
Data assimilation cycle #  19400
Data assimilation cycle #  19500
Data assimilation cycle #  19600
Data assimilation cycle #  19700
Data assimilation cycle #  19800
Data assimilation cycle #  19900
Multiplicative Inflation 1.05
Localization Scale 2.5
AlphaTemp [1.]
Analisis RMSE:  0.20255542346903938
Forecast RMSE:  0.2233302550701104
Analisis SPRD:  0.19723280068490273
Forecast SPRD:  0.21450650828126153
Reading observations from file  ./data/Nature/MultipleNature_Nature_Freq4_Den0.5_Type1_ObsErr0.3.npz

This is a TWIN experiment

Using AlphaTempScale to compute tempering dt
Tempering steps:  [1.]
Dt pseudo times:  [1.]
Data assimilation cycle #  100
Data assimilation cycle #  200
Data assimilation cycle #  300
Data assimilation cycle #  400
Data assimilation cycle #  500
Data assimilation cycle #  600
Data assimilation cycle #  700
Data assimilation cycle #  800
Data assimilation cycle #  900
Data assimilation cycle #  1000
Data assimilation cycle #  1100
Data assimilation cycle #  1200
Data assimilation cycle #  1300
Data assimilation cycle #  1400
Data assimilation cycle #  1500
Data assimilation cycle #  1600
Data assimilation cycle #  1700
Data assimilation cycle #  1800
Data assimilation cycle #  1900
Data assimilation cycle #  2000
Data assimilation cycle #  2100
Data assimilation cycle #  2200
Data assimilation cycle #  2300
Data assimilation cycle #  2400
Data assimilation cycle #  2500
Data assimilation cycle #  2600
Data assimilation cycle #  2700
Data assimilation cycle #  2800
Data assimilation cycle #  2900
Data assimilation cycle #  3000
Data assimilation cycle #  3100
Data assimilation cycle #  3200
Data assimilation cycle #  3300
Data assimilation cycle #  3400
Data assimilation cycle #  3500
Data assimilation cycle #  3600
Data assimilation cycle #  3700
Data assimilation cycle #  3800
Data assimilation cycle #  3900
Data assimilation cycle #  4000
Data assimilation cycle #  4100
Data assimilation cycle #  4200
Data assimilation cycle #  4300
Data assimilation cycle #  4400
Data assimilation cycle #  4500
Data assimilation cycle #  4600
Data assimilation cycle #  4700
Data assimilation cycle #  4800
Data assimilation cycle #  4900
Data assimilation cycle #  5000
Data assimilation cycle #  5100
Data assimilation cycle #  5200
Data assimilation cycle #  5300
Data assimilation cycle #  5400
Data assimilation cycle #  5500
Data assimilation cycle #  5600
Data assimilation cycle #  5700
Data assimilation cycle #  5800
Data assimilation cycle #  5900
Data assimilation cycle #  6000
Data assimilation cycle #  6100
Data assimilation cycle #  6200
Data assimilation cycle #  6300
Data assimilation cycle #  6400
Data assimilation cycle #  6500
Data assimilation cycle #  6600
Data assimilation cycle #  6700
Data assimilation cycle #  6800
Data assimilation cycle #  6900
Data assimilation cycle #  7000
Data assimilation cycle #  7100
Data assimilation cycle #  7200
Data assimilation cycle #  7300
Data assimilation cycle #  7400
Data assimilation cycle #  7500
Data assimilation cycle #  7600
Data assimilation cycle #  7700
Data assimilation cycle #  7800
Data assimilation cycle #  7900
Data assimilation cycle #  8000
Data assimilation cycle #  8100
Data assimilation cycle #  8200
Data assimilation cycle #  8300
Data assimilation cycle #  8400
Data assimilation cycle #  8500
Data assimilation cycle #  8600
Data assimilation cycle #  8700
Data assimilation cycle #  8800
Data assimilation cycle #  8900
Data assimilation cycle #  9000
Data assimilation cycle #  9100
Data assimilation cycle #  9200
Data assimilation cycle #  9300
Data assimilation cycle #  9400
Data assimilation cycle #  9500
Data assimilation cycle #  9600
Data assimilation cycle #  9700
Data assimilation cycle #  9800
Data assimilation cycle #  9900
Data assimilation cycle #  10000
Data assimilation cycle #  10100
Data assimilation cycle #  10200
Data assimilation cycle #  10300
Data assimilation cycle #  10400
Data assimilation cycle #  10500
Data assimilation cycle #  10600
Data assimilation cycle #  10700
Data assimilation cycle #  10800
Data assimilation cycle #  10900
Data assimilation cycle #  11000
Data assimilation cycle #  11100
Data assimilation cycle #  11200
Data assimilation cycle #  11300
Data assimilation cycle #  11400
Data assimilation cycle #  11500
Data assimilation cycle #  11600
Data assimilation cycle #  11700
Data assimilation cycle #  11800
Data assimilation cycle #  11900
Data assimilation cycle #  12000
Data assimilation cycle #  12100
Data assimilation cycle #  12200
Data assimilation cycle #  12300
Data assimilation cycle #  12400
Data assimilation cycle #  12500
Data assimilation cycle #  12600
Data assimilation cycle #  12700
Data assimilation cycle #  12800
Data assimilation cycle #  12900
Data assimilation cycle #  13000
Data assimilation cycle #  13100
Data assimilation cycle #  13200
Data assimilation cycle #  13300
Data assimilation cycle #  13400
Data assimilation cycle #  13500
Data assimilation cycle #  13600
Data assimilation cycle #  13700
Data assimilation cycle #  13800
Data assimilation cycle #  13900
Data assimilation cycle #  14000
Data assimilation cycle #  14100
Data assimilation cycle #  14200
Data assimilation cycle #  14300
Data assimilation cycle #  14400
Data assimilation cycle #  14500
Data assimilation cycle #  14600
Data assimilation cycle #  14700
Data assimilation cycle #  14800
Data assimilation cycle #  14900
Data assimilation cycle #  15000
Data assimilation cycle #  15100
Data assimilation cycle #  15200
Data assimilation cycle #  15300
Data assimilation cycle #  15400
Data assimilation cycle #  15500
Data assimilation cycle #  15600
Data assimilation cycle #  15700
Data assimilation cycle #  15800
Data assimilation cycle #  15900
Data assimilation cycle #  16000
Data assimilation cycle #  16100
Data assimilation cycle #  16200
Data assimilation cycle #  16300
Data assimilation cycle #  16400
Data assimilation cycle #  16500
Data assimilation cycle #  16600
Data assimilation cycle #  16700
Data assimilation cycle #  16800
Data assimilation cycle #  16900
Data assimilation cycle #  17000
Data assimilation cycle #  17100
Data assimilation cycle #  17200
Data assimilation cycle #  17300
Data assimilation cycle #  17400
Data assimilation cycle #  17500
Data assimilation cycle #  17600
Data assimilation cycle #  17700
Data assimilation cycle #  17800
Data assimilation cycle #  17900
Data assimilation cycle #  18000
Data assimilation cycle #  18100
Data assimilation cycle #  18200
Data assimilation cycle #  18300
Data assimilation cycle #  18400
Data assimilation cycle #  18500
Data assimilation cycle #  18600
Data assimilation cycle #  18700
Data assimilation cycle #  18800
Data assimilation cycle #  18900
Data assimilation cycle #  19000
Data assimilation cycle #  19100
Data assimilation cycle #  19200
Data assimilation cycle #  19300
Data assimilation cycle #  19400
Data assimilation cycle #  19500
Data assimilation cycle #  19600
Data assimilation cycle #  19700
Data assimilation cycle #  19800
Data assimilation cycle #  19900
Multiplicative Inflation 1.05
Localization Scale 3.0
AlphaTemp [1.]
Analisis RMSE:  0.19654693431482378
Forecast RMSE:  0.2166540775614531
Analisis SPRD:  0.19268025980348408
Forecast SPRD:  0.20952035926745777
Reading observations from file  ./data/Nature/MultipleNature_Nature_Freq4_Den0.5_Type1_ObsErr0.3.npz

This is a TWIN experiment

Using AlphaTempScale to compute tempering dt
Tempering steps:  [1.]
Dt pseudo times:  [1.]
Data assimilation cycle #  100
Data assimilation cycle #  200
Data assimilation cycle #  300
Data assimilation cycle #  400
Data assimilation cycle #  500
Data assimilation cycle #  600
Data assimilation cycle #  700
Data assimilation cycle #  800
Data assimilation cycle #  900
Data assimilation cycle #  1000
Data assimilation cycle #  1100
Data assimilation cycle #  1200
Data assimilation cycle #  1300
Data assimilation cycle #  1400
Data assimilation cycle #  1500
Data assimilation cycle #  1600
Data assimilation cycle #  1700
Data assimilation cycle #  1800
Data assimilation cycle #  1900
Data assimilation cycle #  2000
Data assimilation cycle #  2100
Data assimilation cycle #  2200
Data assimilation cycle #  2300
Data assimilation cycle #  2400
Data assimilation cycle #  2500
Data assimilation cycle #  2600
Data assimilation cycle #  2700
Data assimilation cycle #  2800
Data assimilation cycle #  2900
Data assimilation cycle #  3000
Data assimilation cycle #  3100
Data assimilation cycle #  3200
Data assimilation cycle #  3300
Data assimilation cycle #  3400
Data assimilation cycle #  3500
Data assimilation cycle #  3600
Data assimilation cycle #  3700
Data assimilation cycle #  3800
Data assimilation cycle #  3900
Data assimilation cycle #  4000
Data assimilation cycle #  4100
Data assimilation cycle #  4200
Data assimilation cycle #  4300
Data assimilation cycle #  4400
Data assimilation cycle #  4500
Data assimilation cycle #  4600
Data assimilation cycle #  4700
Data assimilation cycle #  4800
Data assimilation cycle #  4900
Data assimilation cycle #  5000
Data assimilation cycle #  5100
Data assimilation cycle #  5200
Data assimilation cycle #  5300
Data assimilation cycle #  5400
Data assimilation cycle #  5500
Data assimilation cycle #  5600
Data assimilation cycle #  5700
Data assimilation cycle #  5800
Data assimilation cycle #  5900
Data assimilation cycle #  6000
Data assimilation cycle #  6100
Data assimilation cycle #  6200
Data assimilation cycle #  6300
Data assimilation cycle #  6400
Data assimilation cycle #  6500
Data assimilation cycle #  6600
Data assimilation cycle #  6700
Data assimilation cycle #  6800
Data assimilation cycle #  6900
Data assimilation cycle #  7000
Data assimilation cycle #  7100
Data assimilation cycle #  7200
Data assimilation cycle #  7300
Data assimilation cycle #  7400
Data assimilation cycle #  7500
Data assimilation cycle #  7600
Data assimilation cycle #  7700
Data assimilation cycle #  7800
Data assimilation cycle #  7900
Data assimilation cycle #  8000
Data assimilation cycle #  8100
Data assimilation cycle #  8200
Data assimilation cycle #  8300
Data assimilation cycle #  8400
Data assimilation cycle #  8500
Data assimilation cycle #  8600
Data assimilation cycle #  8700
Data assimilation cycle #  8800
Data assimilation cycle #  8900
Data assimilation cycle #  9000
Data assimilation cycle #  9100
Data assimilation cycle #  9200
Data assimilation cycle #  9300
Data assimilation cycle #  9400
Data assimilation cycle #  9500
Data assimilation cycle #  9600
Data assimilation cycle #  9700
Data assimilation cycle #  9800
Data assimilation cycle #  9900
Data assimilation cycle #  10000
Data assimilation cycle #  10100
Data assimilation cycle #  10200
Data assimilation cycle #  10300
Data assimilation cycle #  10400
Data assimilation cycle #  10500
Data assimilation cycle #  10600
Data assimilation cycle #  10700
Data assimilation cycle #  10800
Data assimilation cycle #  10900
Data assimilation cycle #  11000
Data assimilation cycle #  11100
Data assimilation cycle #  11200
Data assimilation cycle #  11300
Data assimilation cycle #  11400
Data assimilation cycle #  11500
Data assimilation cycle #  11600
Data assimilation cycle #  11700
Data assimilation cycle #  11800
Data assimilation cycle #  11900
Data assimilation cycle #  12000
Data assimilation cycle #  12100
Data assimilation cycle #  12200
Data assimilation cycle #  12300
Data assimilation cycle #  12400
Data assimilation cycle #  12500
Data assimilation cycle #  12600
Data assimilation cycle #  12700
Data assimilation cycle #  12800
Data assimilation cycle #  12900
Data assimilation cycle #  13000
Data assimilation cycle #  13100
Data assimilation cycle #  13200
Data assimilation cycle #  13300
Data assimilation cycle #  13400
Data assimilation cycle #  13500
Data assimilation cycle #  13600
Data assimilation cycle #  13700
Data assimilation cycle #  13800
Data assimilation cycle #  13900
Data assimilation cycle #  14000
Data assimilation cycle #  14100
Data assimilation cycle #  14200
Data assimilation cycle #  14300
Data assimilation cycle #  14400
Data assimilation cycle #  14500
Data assimilation cycle #  14600
Data assimilation cycle #  14700
Data assimilation cycle #  14800
Data assimilation cycle #  14900
Data assimilation cycle #  15000
Data assimilation cycle #  15100
Data assimilation cycle #  15200
Data assimilation cycle #  15300
Data assimilation cycle #  15400
Data assimilation cycle #  15500
Data assimilation cycle #  15600
Data assimilation cycle #  15700
Data assimilation cycle #  15800
Data assimilation cycle #  15900
Data assimilation cycle #  16000
Data assimilation cycle #  16100
Data assimilation cycle #  16200
Data assimilation cycle #  16300
Data assimilation cycle #  16400
Data assimilation cycle #  16500
Data assimilation cycle #  16600
Data assimilation cycle #  16700
Data assimilation cycle #  16800
Data assimilation cycle #  16900
Data assimilation cycle #  17000
Data assimilation cycle #  17100
Data assimilation cycle #  17200
Data assimilation cycle #  17300
Data assimilation cycle #  17400
Data assimilation cycle #  17500
Data assimilation cycle #  17600
Data assimilation cycle #  17700
Data assimilation cycle #  17800
Data assimilation cycle #  17900
Data assimilation cycle #  18000
Data assimilation cycle #  18100
Data assimilation cycle #  18200
Data assimilation cycle #  18300
Data assimilation cycle #  18400
Data assimilation cycle #  18500
Data assimilation cycle #  18600
Data assimilation cycle #  18700
Data assimilation cycle #  18800
Data assimilation cycle #  18900
Data assimilation cycle #  19000
Data assimilation cycle #  19100
Data assimilation cycle #  19200
Data assimilation cycle #  19300
Data assimilation cycle #  19400
Data assimilation cycle #  19500
Data assimilation cycle #  19600
Data assimilation cycle #  19700
Data assimilation cycle #  19800
Data assimilation cycle #  19900
Multiplicative Inflation 1.05
Localization Scale 3.5
AlphaTemp [1.]
Analisis RMSE:  0.19120735311324094
Forecast RMSE:  0.21079580983979218
Analisis SPRD:  0.18983004016609864
Forecast SPRD:  0.20643236907022272
Reading observations from file  ./data/Nature/MultipleNature_Nature_Freq4_Den0.5_Type1_ObsErr0.3.npz

This is a TWIN experiment

Using AlphaTempScale to compute tempering dt
Tempering steps:  [1.]
Dt pseudo times:  [1.]
Data assimilation cycle #  100
Data assimilation cycle #  200
Data assimilation cycle #  300
Data assimilation cycle #  400
Data assimilation cycle #  500
Data assimilation cycle #  600
Data assimilation cycle #  700
Data assimilation cycle #  800
Data assimilation cycle #  900
Data assimilation cycle #  1000
Data assimilation cycle #  1100
Data assimilation cycle #  1200
Data assimilation cycle #  1300
Data assimilation cycle #  1400
Data assimilation cycle #  1500
Data assimilation cycle #  1600
Data assimilation cycle #  1700
Data assimilation cycle #  1800
Data assimilation cycle #  1900
Data assimilation cycle #  2000
Data assimilation cycle #  2100
Data assimilation cycle #  2200
Data assimilation cycle #  2300
Data assimilation cycle #  2400
Data assimilation cycle #  2500
Data assimilation cycle #  2600
Data assimilation cycle #  2700
Data assimilation cycle #  2800
Data assimilation cycle #  2900
Data assimilation cycle #  3000
Data assimilation cycle #  3100
Data assimilation cycle #  3200
Data assimilation cycle #  3300
Data assimilation cycle #  3400
Data assimilation cycle #  3500
Data assimilation cycle #  3600
Data assimilation cycle #  3700
Data assimilation cycle #  3800
Data assimilation cycle #  3900
Data assimilation cycle #  4000
Data assimilation cycle #  4100
Data assimilation cycle #  4200
Data assimilation cycle #  4300
Data assimilation cycle #  4400
Data assimilation cycle #  4500
Data assimilation cycle #  4600
Data assimilation cycle #  4700
Data assimilation cycle #  4800
Data assimilation cycle #  4900
Data assimilation cycle #  5000
Data assimilation cycle #  5100
Data assimilation cycle #  5200
Data assimilation cycle #  5300
Data assimilation cycle #  5400
Data assimilation cycle #  5500
Data assimilation cycle #  5600
Data assimilation cycle #  5700
Data assimilation cycle #  5800
Data assimilation cycle #  5900
Data assimilation cycle #  6000
Data assimilation cycle #  6100
Data assimilation cycle #  6200
Data assimilation cycle #  6300
Data assimilation cycle #  6400
Data assimilation cycle #  6500
Data assimilation cycle #  6600
Data assimilation cycle #  6700
Data assimilation cycle #  6800
Data assimilation cycle #  6900
Data assimilation cycle #  7000
Data assimilation cycle #  7100
Data assimilation cycle #  7200
Data assimilation cycle #  7300
Data assimilation cycle #  7400
Data assimilation cycle #  7500
Data assimilation cycle #  7600
Data assimilation cycle #  7700
Data assimilation cycle #  7800
Data assimilation cycle #  7900
Data assimilation cycle #  8000
Data assimilation cycle #  8100
Data assimilation cycle #  8200
Data assimilation cycle #  8300
Data assimilation cycle #  8400
Data assimilation cycle #  8500
Data assimilation cycle #  8600
Data assimilation cycle #  8700
Data assimilation cycle #  8800
Data assimilation cycle #  8900
Data assimilation cycle #  9000
Data assimilation cycle #  9100
Data assimilation cycle #  9200
Data assimilation cycle #  9300
Data assimilation cycle #  9400
Data assimilation cycle #  9500
Data assimilation cycle #  9600
Data assimilation cycle #  9700
Data assimilation cycle #  9800
Data assimilation cycle #  9900
Data assimilation cycle #  10000
Data assimilation cycle #  10100
Data assimilation cycle #  10200
Data assimilation cycle #  10300
Data assimilation cycle #  10400
Data assimilation cycle #  10500
Data assimilation cycle #  10600
Data assimilation cycle #  10700
Data assimilation cycle #  10800
Data assimilation cycle #  10900
Data assimilation cycle #  11000
Data assimilation cycle #  11100
Data assimilation cycle #  11200
Data assimilation cycle #  11300
Data assimilation cycle #  11400
Data assimilation cycle #  11500
Data assimilation cycle #  11600
Data assimilation cycle #  11700
Data assimilation cycle #  11800
Data assimilation cycle #  11900
Data assimilation cycle #  12000
Data assimilation cycle #  12100
Data assimilation cycle #  12200
Data assimilation cycle #  12300
Data assimilation cycle #  12400
Data assimilation cycle #  12500
Data assimilation cycle #  12600
Data assimilation cycle #  12700
Data assimilation cycle #  12800
Data assimilation cycle #  12900
Data assimilation cycle #  13000
Data assimilation cycle #  13100
Data assimilation cycle #  13200
Data assimilation cycle #  13300
Data assimilation cycle #  13400
Data assimilation cycle #  13500
Data assimilation cycle #  13600
Data assimilation cycle #  13700
Data assimilation cycle #  13800
Data assimilation cycle #  13900
Data assimilation cycle #  14000
Data assimilation cycle #  14100
Data assimilation cycle #  14200
Data assimilation cycle #  14300
Data assimilation cycle #  14400
Data assimilation cycle #  14500
Data assimilation cycle #  14600
Data assimilation cycle #  14700
Data assimilation cycle #  14800
Data assimilation cycle #  14900
Data assimilation cycle #  15000
Data assimilation cycle #  15100
Data assimilation cycle #  15200
Data assimilation cycle #  15300
Data assimilation cycle #  15400
Data assimilation cycle #  15500
Data assimilation cycle #  15600
Data assimilation cycle #  15700
Data assimilation cycle #  15800
Data assimilation cycle #  15900
Data assimilation cycle #  16000
Data assimilation cycle #  16100
Data assimilation cycle #  16200
Data assimilation cycle #  16300
Data assimilation cycle #  16400
Data assimilation cycle #  16500
Data assimilation cycle #  16600
Data assimilation cycle #  16700
Data assimilation cycle #  16800
Data assimilation cycle #  16900
Data assimilation cycle #  17000
Data assimilation cycle #  17100
Data assimilation cycle #  17200
Data assimilation cycle #  17300
Data assimilation cycle #  17400
Data assimilation cycle #  17500
Data assimilation cycle #  17600
Data assimilation cycle #  17700
Data assimilation cycle #  17800
Data assimilation cycle #  17900
Data assimilation cycle #  18000
Data assimilation cycle #  18100
Data assimilation cycle #  18200
Data assimilation cycle #  18300
Data assimilation cycle #  18400
Data assimilation cycle #  18500
Data assimilation cycle #  18600
Data assimilation cycle #  18700
Data assimilation cycle #  18800
Data assimilation cycle #  18900
Data assimilation cycle #  19000
Data assimilation cycle #  19100
Data assimilation cycle #  19200
Data assimilation cycle #  19300
Data assimilation cycle #  19400
Data assimilation cycle #  19500
Data assimilation cycle #  19600
Data assimilation cycle #  19700
Data assimilation cycle #  19800
Data assimilation cycle #  19900
Multiplicative Inflation 1.05
Localization Scale 4.0
AlphaTemp [1.]
Analisis RMSE:  0.1873899368747114
Forecast RMSE:  0.2064729121250124
Analisis SPRD:  0.18662693974596617
Forecast SPRD:  0.20293935244004863
Reading observations from file  ./data/Nature/MultipleNature_Nature_Freq4_Den0.5_Type1_ObsErr0.3.npz

This is a TWIN experiment

Using AlphaTempScale to compute tempering dt
Tempering steps:  [1.]
Dt pseudo times:  [1.]
Data assimilation cycle #  100
Data assimilation cycle #  200
Data assimilation cycle #  300
Data assimilation cycle #  400
Data assimilation cycle #  500
Data assimilation cycle #  600
Data assimilation cycle #  700
Data assimilation cycle #  800
Data assimilation cycle #  900
Data assimilation cycle #  1000
Data assimilation cycle #  1100
Data assimilation cycle #  1200
Data assimilation cycle #  1300
Data assimilation cycle #  1400
Data assimilation cycle #  1500
Data assimilation cycle #  1600
Data assimilation cycle #  1700
Data assimilation cycle #  1800
Data assimilation cycle #  1900
Data assimilation cycle #  2000
Data assimilation cycle #  2100
Data assimilation cycle #  2200
Data assimilation cycle #  2300
Data assimilation cycle #  2400
Data assimilation cycle #  2500
Data assimilation cycle #  2600
Data assimilation cycle #  2700
Data assimilation cycle #  2800
Data assimilation cycle #  2900
Data assimilation cycle #  3000
Data assimilation cycle #  3100
Data assimilation cycle #  3200
Data assimilation cycle #  3300
Data assimilation cycle #  3400
Data assimilation cycle #  3500
Data assimilation cycle #  3600
Data assimilation cycle #  3700
Data assimilation cycle #  3800
Data assimilation cycle #  3900
Data assimilation cycle #  4000
Data assimilation cycle #  4100
Data assimilation cycle #  4200
Data assimilation cycle #  4300
Data assimilation cycle #  4400
Data assimilation cycle #  4500
Data assimilation cycle #  4600
Data assimilation cycle #  4700
Data assimilation cycle #  4800
Data assimilation cycle #  4900
Data assimilation cycle #  5000
Data assimilation cycle #  5100
Data assimilation cycle #  5200
Data assimilation cycle #  5300
Data assimilation cycle #  5400
Data assimilation cycle #  5500
Data assimilation cycle #  5600
Data assimilation cycle #  5700
Data assimilation cycle #  5800
Data assimilation cycle #  5900
Data assimilation cycle #  6000
Data assimilation cycle #  6100
Data assimilation cycle #  6200
Data assimilation cycle #  6300
Data assimilation cycle #  6400
Data assimilation cycle #  6500
Data assimilation cycle #  6600
Data assimilation cycle #  6700
Data assimilation cycle #  6800
Data assimilation cycle #  6900
Data assimilation cycle #  7000
Data assimilation cycle #  7100
Data assimilation cycle #  7200
Data assimilation cycle #  7300
Data assimilation cycle #  7400
Data assimilation cycle #  7500
Data assimilation cycle #  7600
Data assimilation cycle #  7700
Data assimilation cycle #  7800
Data assimilation cycle #  7900
Data assimilation cycle #  8000
Data assimilation cycle #  8100
Data assimilation cycle #  8200
Data assimilation cycle #  8300
Data assimilation cycle #  8400
Data assimilation cycle #  8500
Data assimilation cycle #  8600
Data assimilation cycle #  8700
Data assimilation cycle #  8800
Data assimilation cycle #  8900
Data assimilation cycle #  9000
Data assimilation cycle #  9100
Data assimilation cycle #  9200
Data assimilation cycle #  9300
Data assimilation cycle #  9400
Data assimilation cycle #  9500
Data assimilation cycle #  9600
Data assimilation cycle #  9700
Data assimilation cycle #  9800
Data assimilation cycle #  9900
Data assimilation cycle #  10000
Data assimilation cycle #  10100
Data assimilation cycle #  10200
Data assimilation cycle #  10300
Data assimilation cycle #  10400
Data assimilation cycle #  10500
Data assimilation cycle #  10600
Data assimilation cycle #  10700
Data assimilation cycle #  10800
Data assimilation cycle #  10900
Data assimilation cycle #  11000
Data assimilation cycle #  11100
Data assimilation cycle #  11200
Data assimilation cycle #  11300
Data assimilation cycle #  11400
Data assimilation cycle #  11500
Data assimilation cycle #  11600
Data assimilation cycle #  11700
Data assimilation cycle #  11800
Data assimilation cycle #  11900
Data assimilation cycle #  12000
Data assimilation cycle #  12100
Data assimilation cycle #  12200
Data assimilation cycle #  12300
Data assimilation cycle #  12400
Data assimilation cycle #  12500
Data assimilation cycle #  12600
Data assimilation cycle #  12700
Data assimilation cycle #  12800
Data assimilation cycle #  12900
Data assimilation cycle #  13000
Data assimilation cycle #  13100
Data assimilation cycle #  13200
Data assimilation cycle #  13300
Data assimilation cycle #  13400
Data assimilation cycle #  13500
Data assimilation cycle #  13600
Data assimilation cycle #  13700
Data assimilation cycle #  13800
Data assimilation cycle #  13900
Data assimilation cycle #  14000
Data assimilation cycle #  14100
Data assimilation cycle #  14200
Data assimilation cycle #  14300
Data assimilation cycle #  14400
Data assimilation cycle #  14500
Data assimilation cycle #  14600
Data assimilation cycle #  14700
Data assimilation cycle #  14800
Data assimilation cycle #  14900
Data assimilation cycle #  15000
Data assimilation cycle #  15100
Data assimilation cycle #  15200
Data assimilation cycle #  15300
Data assimilation cycle #  15400
Data assimilation cycle #  15500
Data assimilation cycle #  15600
Data assimilation cycle #  15700
Data assimilation cycle #  15800
Data assimilation cycle #  15900
Data assimilation cycle #  16000
Data assimilation cycle #  16100
Data assimilation cycle #  16200
Data assimilation cycle #  16300
Data assimilation cycle #  16400
Data assimilation cycle #  16500
Data assimilation cycle #  16600
Data assimilation cycle #  16700
Data assimilation cycle #  16800
Data assimilation cycle #  16900
Data assimilation cycle #  17000
Data assimilation cycle #  17100
Data assimilation cycle #  17200
Data assimilation cycle #  17300
Data assimilation cycle #  17400
Data assimilation cycle #  17500
Data assimilation cycle #  17600
Data assimilation cycle #  17700
Data assimilation cycle #  17800
Data assimilation cycle #  17900
Data assimilation cycle #  18000
Data assimilation cycle #  18100
Data assimilation cycle #  18200
Data assimilation cycle #  18300
Data assimilation cycle #  18400
Data assimilation cycle #  18500
Data assimilation cycle #  18600
Data assimilation cycle #  18700
Data assimilation cycle #  18800
Data assimilation cycle #  18900
Data assimilation cycle #  19000
Data assimilation cycle #  19100
Data assimilation cycle #  19200
Data assimilation cycle #  19300
Data assimilation cycle #  19400
Data assimilation cycle #  19500
Data assimilation cycle #  19600
Data assimilation cycle #  19700
Data assimilation cycle #  19800
Data assimilation cycle #  19900
Multiplicative Inflation 1.1
Localization Scale 1.0
AlphaTemp [1.]
Analisis RMSE:  0.24948089552589087
Forecast RMSE:  0.27431320687982574
Analisis SPRD:  0.2656237432083054
Forecast SPRD:  0.28955575189934146
Reading observations from file  ./data/Nature/MultipleNature_Nature_Freq4_Den0.5_Type1_ObsErr0.3.npz

This is a TWIN experiment

Using AlphaTempScale to compute tempering dt
Tempering steps:  [1.]
Dt pseudo times:  [1.]
Data assimilation cycle #  100
Data assimilation cycle #  200
Data assimilation cycle #  300
Data assimilation cycle #  400
Data assimilation cycle #  500
Data assimilation cycle #  600
Data assimilation cycle #  700
Data assimilation cycle #  800
Data assimilation cycle #  900
Data assimilation cycle #  1000
Data assimilation cycle #  1100
Data assimilation cycle #  1200
Data assimilation cycle #  1300
Data assimilation cycle #  1400
Data assimilation cycle #  1500
Data assimilation cycle #  1600
Data assimilation cycle #  1700
Data assimilation cycle #  1800
Data assimilation cycle #  1900
Data assimilation cycle #  2000
Data assimilation cycle #  2100
Data assimilation cycle #  2200
Data assimilation cycle #  2300
Data assimilation cycle #  2400
Data assimilation cycle #  2500
Data assimilation cycle #  2600
Data assimilation cycle #  2700
Data assimilation cycle #  2800
Data assimilation cycle #  2900
Data assimilation cycle #  3000
Data assimilation cycle #  3100
Data assimilation cycle #  3200
Data assimilation cycle #  3300
Data assimilation cycle #  3400
Data assimilation cycle #  3500
Data assimilation cycle #  3600
Data assimilation cycle #  3700
Data assimilation cycle #  3800
Data assimilation cycle #  3900
Data assimilation cycle #  4000
Data assimilation cycle #  4100
Data assimilation cycle #  4200
Data assimilation cycle #  4300
Data assimilation cycle #  4400
Data assimilation cycle #  4500
Data assimilation cycle #  4600
Data assimilation cycle #  4700
Data assimilation cycle #  4800
Data assimilation cycle #  4900
Data assimilation cycle #  5000
Data assimilation cycle #  5100
Data assimilation cycle #  5200
Data assimilation cycle #  5300
Data assimilation cycle #  5400
Data assimilation cycle #  5500
Data assimilation cycle #  5600
Data assimilation cycle #  5700
Data assimilation cycle #  5800
Data assimilation cycle #  5900
Data assimilation cycle #  6000
Data assimilation cycle #  6100
Data assimilation cycle #  6200
Data assimilation cycle #  6300
Data assimilation cycle #  6400
Data assimilation cycle #  6500
Data assimilation cycle #  6600
Data assimilation cycle #  6700
Data assimilation cycle #  6800
Data assimilation cycle #  6900
Data assimilation cycle #  7000
Data assimilation cycle #  7100
Data assimilation cycle #  7200
Data assimilation cycle #  7300
Data assimilation cycle #  7400
Data assimilation cycle #  7500
Data assimilation cycle #  7600
Data assimilation cycle #  7700
Data assimilation cycle #  7800
Data assimilation cycle #  7900
Data assimilation cycle #  8000
Data assimilation cycle #  8100
Data assimilation cycle #  8200
Data assimilation cycle #  8300
Data assimilation cycle #  8400
Data assimilation cycle #  8500
Data assimilation cycle #  8600
Data assimilation cycle #  8700
Data assimilation cycle #  8800
Data assimilation cycle #  8900
Data assimilation cycle #  9000
Data assimilation cycle #  9100
Data assimilation cycle #  9200
Data assimilation cycle #  9300
Data assimilation cycle #  9400
Data assimilation cycle #  9500
Data assimilation cycle #  9600
Data assimilation cycle #  9700
Data assimilation cycle #  9800
Data assimilation cycle #  9900
Data assimilation cycle #  10000
Data assimilation cycle #  10100
Data assimilation cycle #  10200
Data assimilation cycle #  10300
Data assimilation cycle #  10400
Data assimilation cycle #  10500
Data assimilation cycle #  10600
Data assimilation cycle #  10700
Data assimilation cycle #  10800
Data assimilation cycle #  10900
Data assimilation cycle #  11000
Data assimilation cycle #  11100
Data assimilation cycle #  11200
Data assimilation cycle #  11300
Data assimilation cycle #  11400
Data assimilation cycle #  11500
Data assimilation cycle #  11600
Data assimilation cycle #  11700
Data assimilation cycle #  11800
Data assimilation cycle #  11900
Data assimilation cycle #  12000
Data assimilation cycle #  12100
Data assimilation cycle #  12200
Data assimilation cycle #  12300
Data assimilation cycle #  12400
Data assimilation cycle #  12500
Data assimilation cycle #  12600
Data assimilation cycle #  12700
Data assimilation cycle #  12800
Data assimilation cycle #  12900
Data assimilation cycle #  13000
Data assimilation cycle #  13100
Data assimilation cycle #  13200
Data assimilation cycle #  13300
Data assimilation cycle #  13400
Data assimilation cycle #  13500
Data assimilation cycle #  13600
Data assimilation cycle #  13700
Data assimilation cycle #  13800
Data assimilation cycle #  13900
Data assimilation cycle #  14000
Data assimilation cycle #  14100
Data assimilation cycle #  14200
Data assimilation cycle #  14300
Data assimilation cycle #  14400
Data assimilation cycle #  14500
Data assimilation cycle #  14600
Data assimilation cycle #  14700
Data assimilation cycle #  14800
Data assimilation cycle #  14900
Data assimilation cycle #  15000
Data assimilation cycle #  15100
Data assimilation cycle #  15200
Data assimilation cycle #  15300
Data assimilation cycle #  15400
Data assimilation cycle #  15500
Data assimilation cycle #  15600
Data assimilation cycle #  15700
Data assimilation cycle #  15800
Data assimilation cycle #  15900
Data assimilation cycle #  16000
Data assimilation cycle #  16100
Data assimilation cycle #  16200
Data assimilation cycle #  16300
Data assimilation cycle #  16400
Data assimilation cycle #  16500
Data assimilation cycle #  16600
Data assimilation cycle #  16700
Data assimilation cycle #  16800
Data assimilation cycle #  16900
Data assimilation cycle #  17000
Data assimilation cycle #  17100
Data assimilation cycle #  17200
Data assimilation cycle #  17300
Data assimilation cycle #  17400
Data assimilation cycle #  17500
Data assimilation cycle #  17600
Data assimilation cycle #  17700
Data assimilation cycle #  17800
Data assimilation cycle #  17900
Data assimilation cycle #  18000
Data assimilation cycle #  18100
Data assimilation cycle #  18200
Data assimilation cycle #  18300
Data assimilation cycle #  18400
Data assimilation cycle #  18500
Data assimilation cycle #  18600
Data assimilation cycle #  18700
Data assimilation cycle #  18800
Data assimilation cycle #  18900
Data assimilation cycle #  19000
Data assimilation cycle #  19100
Data assimilation cycle #  19200
Data assimilation cycle #  19300
Data assimilation cycle #  19400
Data assimilation cycle #  19500
Data assimilation cycle #  19600
Data assimilation cycle #  19700
Data assimilation cycle #  19800
Data assimilation cycle #  19900
Multiplicative Inflation 1.1
Localization Scale 1.5
AlphaTemp [1.]
Analisis RMSE:  0.23556930938257054
Forecast RMSE:  0.25920206099959653
Analisis SPRD:  0.2533357815308023
Forecast SPRD:  0.27583499610516515
Reading observations from file  ./data/Nature/MultipleNature_Nature_Freq4_Den0.5_Type1_ObsErr0.3.npz

This is a TWIN experiment

Using AlphaTempScale to compute tempering dt
Tempering steps:  [1.]
Dt pseudo times:  [1.]
Data assimilation cycle #  100
Data assimilation cycle #  200
Data assimilation cycle #  300
Data assimilation cycle #  400
Data assimilation cycle #  500
Data assimilation cycle #  600
Data assimilation cycle #  700
Data assimilation cycle #  800
Data assimilation cycle #  900
Data assimilation cycle #  1000
Data assimilation cycle #  1100
Data assimilation cycle #  1200
Data assimilation cycle #  1300
Data assimilation cycle #  1400
Data assimilation cycle #  1500
Data assimilation cycle #  1600
Data assimilation cycle #  1700
Data assimilation cycle #  1800
Data assimilation cycle #  1900
Data assimilation cycle #  2000
Data assimilation cycle #  2100
Data assimilation cycle #  2200
Data assimilation cycle #  2300
Data assimilation cycle #  2400
Data assimilation cycle #  2500
Data assimilation cycle #  2600
Data assimilation cycle #  2700
Data assimilation cycle #  2800
Data assimilation cycle #  2900
Data assimilation cycle #  3000
Data assimilation cycle #  3100
Data assimilation cycle #  3200
Data assimilation cycle #  3300
Data assimilation cycle #  3400
Data assimilation cycle #  3500
Data assimilation cycle #  3600
Data assimilation cycle #  3700
Data assimilation cycle #  3800
Data assimilation cycle #  3900
Data assimilation cycle #  4000
Data assimilation cycle #  4100
Data assimilation cycle #  4200
Data assimilation cycle #  4300
Data assimilation cycle #  4400
Data assimilation cycle #  4500
Data assimilation cycle #  4600
Data assimilation cycle #  4700
Data assimilation cycle #  4800
Data assimilation cycle #  4900
Data assimilation cycle #  5000
Data assimilation cycle #  5100
Data assimilation cycle #  5200
Data assimilation cycle #  5300
Data assimilation cycle #  5400
Data assimilation cycle #  5500
Data assimilation cycle #  5600
Data assimilation cycle #  5700
Data assimilation cycle #  5800
Data assimilation cycle #  5900
Data assimilation cycle #  6000
Data assimilation cycle #  6100
Data assimilation cycle #  6200
Data assimilation cycle #  6300
Data assimilation cycle #  6400
Data assimilation cycle #  6500
Data assimilation cycle #  6600
Data assimilation cycle #  6700
Data assimilation cycle #  6800
Data assimilation cycle #  6900
Data assimilation cycle #  7000
Data assimilation cycle #  7100
Data assimilation cycle #  7200
Data assimilation cycle #  7300
Data assimilation cycle #  7400
Data assimilation cycle #  7500
Data assimilation cycle #  7600
Data assimilation cycle #  7700
Data assimilation cycle #  7800
Data assimilation cycle #  7900
Data assimilation cycle #  8000
Data assimilation cycle #  8100
Data assimilation cycle #  8200
Data assimilation cycle #  8300
Data assimilation cycle #  8400
Data assimilation cycle #  8500
Data assimilation cycle #  8600
Data assimilation cycle #  8700
Data assimilation cycle #  8800
Data assimilation cycle #  8900
Data assimilation cycle #  9000
Data assimilation cycle #  9100
Data assimilation cycle #  9200
Data assimilation cycle #  9300
Data assimilation cycle #  9400
Data assimilation cycle #  9500
Data assimilation cycle #  9600
Data assimilation cycle #  9700
Data assimilation cycle #  9800
Data assimilation cycle #  9900
Data assimilation cycle #  10000
Data assimilation cycle #  10100
Data assimilation cycle #  10200
Data assimilation cycle #  10300
Data assimilation cycle #  10400
Data assimilation cycle #  10500
Data assimilation cycle #  10600
Data assimilation cycle #  10700
Data assimilation cycle #  10800
Data assimilation cycle #  10900
Data assimilation cycle #  11000
Data assimilation cycle #  11100
Data assimilation cycle #  11200
Data assimilation cycle #  11300
Data assimilation cycle #  11400
Data assimilation cycle #  11500
Data assimilation cycle #  11600
Data assimilation cycle #  11700
Data assimilation cycle #  11800
Data assimilation cycle #  11900
Data assimilation cycle #  12000
Data assimilation cycle #  12100
Data assimilation cycle #  12200
Data assimilation cycle #  12300
Data assimilation cycle #  12400
Data assimilation cycle #  12500
Data assimilation cycle #  12600
Data assimilation cycle #  12700
Data assimilation cycle #  12800
Data assimilation cycle #  12900
Data assimilation cycle #  13000
Data assimilation cycle #  13100
Data assimilation cycle #  13200
Data assimilation cycle #  13300
Data assimilation cycle #  13400
Data assimilation cycle #  13500
Data assimilation cycle #  13600
Data assimilation cycle #  13700
Data assimilation cycle #  13800
Data assimilation cycle #  13900
Data assimilation cycle #  14000
Data assimilation cycle #  14100
Data assimilation cycle #  14200
Data assimilation cycle #  14300
Data assimilation cycle #  14400
Data assimilation cycle #  14500
Data assimilation cycle #  14600
Data assimilation cycle #  14700
Data assimilation cycle #  14800
Data assimilation cycle #  14900
Data assimilation cycle #  15000
Data assimilation cycle #  15100
Data assimilation cycle #  15200
Data assimilation cycle #  15300
Data assimilation cycle #  15400
Data assimilation cycle #  15500
Data assimilation cycle #  15600
Data assimilation cycle #  15700
Data assimilation cycle #  15800
Data assimilation cycle #  15900
Data assimilation cycle #  16000
Data assimilation cycle #  16100
Data assimilation cycle #  16200
Data assimilation cycle #  16300
Data assimilation cycle #  16400
Data assimilation cycle #  16500
Data assimilation cycle #  16600
Data assimilation cycle #  16700
Data assimilation cycle #  16800
Data assimilation cycle #  16900
Data assimilation cycle #  17000
Data assimilation cycle #  17100
Data assimilation cycle #  17200
Data assimilation cycle #  17300
Data assimilation cycle #  17400
Data assimilation cycle #  17500
Data assimilation cycle #  17600
Data assimilation cycle #  17700
Data assimilation cycle #  17800
Data assimilation cycle #  17900
Data assimilation cycle #  18000
Data assimilation cycle #  18100
Data assimilation cycle #  18200
Data assimilation cycle #  18300
Data assimilation cycle #  18400
Data assimilation cycle #  18500
Data assimilation cycle #  18600
Data assimilation cycle #  18700
Data assimilation cycle #  18800
Data assimilation cycle #  18900
Data assimilation cycle #  19000
Data assimilation cycle #  19100
Data assimilation cycle #  19200
Data assimilation cycle #  19300
Data assimilation cycle #  19400
Data assimilation cycle #  19500
Data assimilation cycle #  19600
Data assimilation cycle #  19700
Data assimilation cycle #  19800
Data assimilation cycle #  19900
Multiplicative Inflation 1.1
Localization Scale 2.0
AlphaTemp [1.]
Analisis RMSE:  0.22430454067259714
Forecast RMSE:  0.24696958852086484
Analisis SPRD:  0.24467609715138666
Forecast SPRD:  0.2662744433876167
Reading observations from file  ./data/Nature/MultipleNature_Nature_Freq4_Den0.5_Type1_ObsErr0.3.npz

This is a TWIN experiment

Using AlphaTempScale to compute tempering dt
Tempering steps:  [1.]
Dt pseudo times:  [1.]
Data assimilation cycle #  100
Data assimilation cycle #  200
Data assimilation cycle #  300
Data assimilation cycle #  400
Data assimilation cycle #  500
Data assimilation cycle #  600
Data assimilation cycle #  700
Data assimilation cycle #  800
Data assimilation cycle #  900
Data assimilation cycle #  1000
Data assimilation cycle #  1100
Data assimilation cycle #  1200
Data assimilation cycle #  1300
Data assimilation cycle #  1400
Data assimilation cycle #  1500
Data assimilation cycle #  1600
Data assimilation cycle #  1700
Data assimilation cycle #  1800
Data assimilation cycle #  1900
Data assimilation cycle #  2000
Data assimilation cycle #  2100
Data assimilation cycle #  2200
Data assimilation cycle #  2300
Data assimilation cycle #  2400
Data assimilation cycle #  2500
Data assimilation cycle #  2600
Data assimilation cycle #  2700
Data assimilation cycle #  2800
Data assimilation cycle #  2900
Data assimilation cycle #  3000
Data assimilation cycle #  3100
Data assimilation cycle #  3200
Data assimilation cycle #  3300
Data assimilation cycle #  3400
Data assimilation cycle #  3500
Data assimilation cycle #  3600
Data assimilation cycle #  3700
Data assimilation cycle #  3800
Data assimilation cycle #  3900
Data assimilation cycle #  4000
Data assimilation cycle #  4100
Data assimilation cycle #  4200
Data assimilation cycle #  4300
Data assimilation cycle #  4400
