Reading observations from file  ./data/Nature/MultipleNature_Nature_Freq12_Den1.0_Type3_ObsErr1.npz

This is a TWIN experiment

Using AlphaTempScale to compute tempering dt
Tempering steps:  [1.]
Dt pseudo times:  [1.]
Data assimilation cycle #  100
Data assimilation cycle #  200
Data assimilation cycle #  300
Data assimilation cycle #  400
Data assimilation cycle #  500
Data assimilation cycle #  600
Data assimilation cycle #  700
Data assimilation cycle #  800
Data assimilation cycle #  900
Data assimilation cycle #  1000
Data assimilation cycle #  1100
Data assimilation cycle #  1200
Data assimilation cycle #  1300
Data assimilation cycle #  1400
Data assimilation cycle #  1500
Data assimilation cycle #  1600
Data assimilation cycle #  1700
Data assimilation cycle #  1800
Data assimilation cycle #  1900
Data assimilation cycle #  2000
Data assimilation cycle #  2100
Data assimilation cycle #  2200
Data assimilation cycle #  2300
Data assimilation cycle #  2400
Data assimilation cycle #  2500
Data assimilation cycle #  2600
Data assimilation cycle #  2700
Data assimilation cycle #  2800
Data assimilation cycle #  2900
Data assimilation cycle #  3000
Data assimilation cycle #  3100
Data assimilation cycle #  3200
Data assimilation cycle #  3300
Data assimilation cycle #  3400
Data assimilation cycle #  3500
Data assimilation cycle #  3600
Data assimilation cycle #  3700
Data assimilation cycle #  3800
Data assimilation cycle #  3900
Data assimilation cycle #  4000
Data assimilation cycle #  4100
Data assimilation cycle #  4200
Data assimilation cycle #  4300
Data assimilation cycle #  4400
Data assimilation cycle #  4500
Data assimilation cycle #  4600
Data assimilation cycle #  4700
Data assimilation cycle #  4800
Data assimilation cycle #  4900
Data assimilation cycle #  5000
Data assimilation cycle #  5100
Data assimilation cycle #  5200
Data assimilation cycle #  5300
Data assimilation cycle #  5400
Data assimilation cycle #  5500
Data assimilation cycle #  5600
Data assimilation cycle #  5700
Data assimilation cycle #  5800
Data assimilation cycle #  5900
Data assimilation cycle #  6000
Data assimilation cycle #  6100
Data assimilation cycle #  6200
Data assimilation cycle #  6300
Data assimilation cycle #  6400
Data assimilation cycle #  6500
Data assimilation cycle #  6600
Multiplicative Inflation 1.05
Localization Scale 1.0
AlphaTemp [1.]
Analisis RMSE:  4.172547114528321
Forecast RMSE:  4.240487174388415
Analisis SPRD:  0.19252575678224534
Forecast SPRD:  0.24946833349135694
Reading observations from file  ./data/Nature/MultipleNature_Nature_Freq12_Den1.0_Type3_ObsErr1.npz

This is a TWIN experiment

Using AlphaTempScale to compute tempering dt
Tempering steps:  [1.]
Dt pseudo times:  [1.]
Data assimilation cycle #  100
Data assimilation cycle #  200
Data assimilation cycle #  300
Data assimilation cycle #  400
Error: The forecast contains NaN or Inf, Iteration number : 482  will dump some variables to a temporal file
Multiplicative Inflation 1.05
Localization Scale 1.5
AlphaTemp [1.]
Analisis RMSE:  4.398066689904884
Forecast RMSE:  4.346837223943961
Analisis SPRD:  0.010444805032145097
Forecast SPRD:  0.013180641535931825
Reading observations from file  ./data/Nature/MultipleNature_Nature_Freq12_Den1.0_Type3_ObsErr1.npz

This is a TWIN experiment

Using AlphaTempScale to compute tempering dt
Tempering steps:  [1.]
Dt pseudo times:  [1.]
Error: The forecast contains NaN or Inf, Iteration number : 84  will dump some variables to a temporal file
Multiplicative Inflation 1.05
Localization Scale 2.0
AlphaTemp [1.]
Analisis RMSE:  4.335142355363194
Forecast RMSE:  4.335142355363194
Analisis SPRD:  0.004377405419845023
Forecast SPRD:  0.007920241931025885
Reading observations from file  ./data/Nature/MultipleNature_Nature_Freq12_Den1.0_Type3_ObsErr1.npz

This is a TWIN experiment

Using AlphaTempScale to compute tempering dt
Tempering steps:  [1.]
Dt pseudo times:  [1.]
Data assimilation cycle #  100
Data assimilation cycle #  200
Data assimilation cycle #  300
Data assimilation cycle #  400
Data assimilation cycle #  500
Data assimilation cycle #  600
Error: The forecast contains NaN or Inf, Iteration number : 642  will dump some variables to a temporal file
Multiplicative Inflation 1.05
Localization Scale 2.5
AlphaTemp [1.]
Analisis RMSE:  4.428575624209944
Forecast RMSE:  4.3878376709299545
Analisis SPRD:  0.014717625625798753
Forecast SPRD:  0.022250232303402433
Reading observations from file  ./data/Nature/MultipleNature_Nature_Freq12_Den1.0_Type3_ObsErr1.npz

This is a TWIN experiment

Using AlphaTempScale to compute tempering dt
Tempering steps:  [1.]
Dt pseudo times:  [1.]
Data assimilation cycle #  100
Data assimilation cycle #  200
Data assimilation cycle #  300
Data assimilation cycle #  400
Data assimilation cycle #  500
Data assimilation cycle #  600
Data assimilation cycle #  700
Data assimilation cycle #  800
Data assimilation cycle #  900
Data assimilation cycle #  1000
Data assimilation cycle #  1100
Data assimilation cycle #  1200
Data assimilation cycle #  1300
Data assimilation cycle #  1400
Data assimilation cycle #  1500
Data assimilation cycle #  1600
Data assimilation cycle #  1700
Data assimilation cycle #  1800
Data assimilation cycle #  1900
Data assimilation cycle #  2000
Data assimilation cycle #  2100
Data assimilation cycle #  2200
Data assimilation cycle #  2300
Data assimilation cycle #  2400
Error: The forecast contains NaN or Inf, Iteration number : 2494  will dump some variables to a temporal file
Multiplicative Inflation 1.05
Localization Scale 3.0
AlphaTemp [1.]
Analisis RMSE:  5.0588018819230225
Forecast RMSE:  4.623340840581124
Analisis SPRD:  0.05066538944218142
Forecast SPRD:  0.08297298930180677
Reading observations from file  ./data/Nature/MultipleNature_Nature_Freq12_Den1.0_Type3_ObsErr1.npz

This is a TWIN experiment

Using AlphaTempScale to compute tempering dt
Tempering steps:  [1.]
Dt pseudo times:  [1.]
Error: The forecast contains NaN or Inf, Iteration number : 18  will dump some variables to a temporal file
Multiplicative Inflation 1.05
Localization Scale 3.5
AlphaTemp [1.]
Analisis RMSE:  4.335142355363194
Forecast RMSE:  4.335142355363194
Analisis SPRD:  0.00128702194630389
Forecast SPRD:  0.0021770072704151294
Reading observations from file  ./data/Nature/MultipleNature_Nature_Freq12_Den1.0_Type3_ObsErr1.npz

This is a TWIN experiment

Using AlphaTempScale to compute tempering dt
Tempering steps:  [1.]
Dt pseudo times:  [1.]
Error: The forecast contains NaN or Inf, Iteration number : 75  will dump some variables to a temporal file
Multiplicative Inflation 1.05
Localization Scale 4.0
AlphaTemp [1.]
Analisis RMSE:  4.335142355363194
Forecast RMSE:  4.335142355363194
Analisis SPRD:  0.0034721041845215935
Forecast SPRD:  0.006917291724905452
Reading observations from file  ./data/Nature/MultipleNature_Nature_Freq12_Den1.0_Type3_ObsErr1.npz

This is a TWIN experiment

Using AlphaTempScale to compute tempering dt
Tempering steps:  [1.]
Dt pseudo times:  [1.]
Data assimilation cycle #  100
Data assimilation cycle #  200
Data assimilation cycle #  300
Data assimilation cycle #  400
Data assimilation cycle #  500
Data assimilation cycle #  600
Data assimilation cycle #  700
Data assimilation cycle #  800
Data assimilation cycle #  900
Data assimilation cycle #  1000
Data assimilation cycle #  1100
Data assimilation cycle #  1200
Data assimilation cycle #  1300
Data assimilation cycle #  1400
Data assimilation cycle #  1500
Data assimilation cycle #  1600
Data assimilation cycle #  1700
Data assimilation cycle #  1800
Data assimilation cycle #  1900
Data assimilation cycle #  2000
Data assimilation cycle #  2100
Data assimilation cycle #  2200
Data assimilation cycle #  2300
Data assimilation cycle #  2400
Data assimilation cycle #  2500
Data assimilation cycle #  2600
Data assimilation cycle #  2700
Data assimilation cycle #  2800
Data assimilation cycle #  2900
Data assimilation cycle #  3000
Data assimilation cycle #  3100
Data assimilation cycle #  3200
Data assimilation cycle #  3300
Data assimilation cycle #  3400
Data assimilation cycle #  3500
Data assimilation cycle #  3600
Data assimilation cycle #  3700
Data assimilation cycle #  3800
Data assimilation cycle #  3900
Data assimilation cycle #  4000
Data assimilation cycle #  4100
Data assimilation cycle #  4200
Data assimilation cycle #  4300
Data assimilation cycle #  4400
Data assimilation cycle #  4500
Data assimilation cycle #  4600
Data assimilation cycle #  4700
Data assimilation cycle #  4800
Data assimilation cycle #  4900
Data assimilation cycle #  5000
Data assimilation cycle #  5100
Data assimilation cycle #  5200
Data assimilation cycle #  5300
Error: The forecast contains NaN or Inf, Iteration number : 5370  will dump some variables to a temporal file
Multiplicative Inflation 1.1
Localization Scale 1.0
AlphaTemp [1.]
Analisis RMSE:  4.111805384276937
Forecast RMSE:  4.119346489161388
Analisis SPRD:  0.23751673985331984
Forecast SPRD:  0.31526937627989937
Reading observations from file  ./data/Nature/MultipleNature_Nature_Freq12_Den1.0_Type3_ObsErr1.npz

This is a TWIN experiment

Using AlphaTempScale to compute tempering dt
Tempering steps:  [1.]
Dt pseudo times:  [1.]
Data assimilation cycle #  100
Data assimilation cycle #  200
Data assimilation cycle #  300
Data assimilation cycle #  400
Data assimilation cycle #  500
Data assimilation cycle #  600
Data assimilation cycle #  700
Data assimilation cycle #  800
Data assimilation cycle #  900
Data assimilation cycle #  1000
Data assimilation cycle #  1100
Data assimilation cycle #  1200
Data assimilation cycle #  1300
Data assimilation cycle #  1400
Data assimilation cycle #  1500
Error: The forecast contains NaN or Inf, Iteration number : 1539  will dump some variables to a temporal file
Multiplicative Inflation 1.1
Localization Scale 1.5
AlphaTemp [1.]
Analisis RMSE:  4.50156012672373
Forecast RMSE:  4.40859551004215
Analisis SPRD:  0.05824448226794345
Forecast SPRD:  0.0874512178251862
Reading observations from file  ./data/Nature/MultipleNature_Nature_Freq12_Den1.0_Type3_ObsErr1.npz

This is a TWIN experiment

Using AlphaTempScale to compute tempering dt
Tempering steps:  [1.]
Dt pseudo times:  [1.]
Data assimilation cycle #  100
Data assimilation cycle #  200
Data assimilation cycle #  300
Data assimilation cycle #  400
Data assimilation cycle #  500
Error: The forecast contains NaN or Inf, Iteration number : 500  will dump some variables to a temporal file
Multiplicative Inflation 1.1
Localization Scale 2.0
AlphaTemp [1.]
Analisis RMSE:  4.455917144968448
Forecast RMSE:  4.385919535621559
Analisis SPRD:  0.024152628484085937
Forecast SPRD:  0.045822942743381355
Reading observations from file  ./data/Nature/MultipleNature_Nature_Freq12_Den1.0_Type3_ObsErr1.npz

This is a TWIN experiment

Using AlphaTempScale to compute tempering dt
Tempering steps:  [1.]
Dt pseudo times:  [1.]
Error: The forecast contains NaN or Inf, Iteration number : 12  will dump some variables to a temporal file
Multiplicative Inflation 1.1
Localization Scale 2.5
AlphaTemp [1.]
Analisis RMSE:  4.335142355363194
Forecast RMSE:  4.335142355363194
Analisis SPRD:  0.0021612815828553995
Forecast SPRD:  0.005128218485002567
Reading observations from file  ./data/Nature/MultipleNature_Nature_Freq12_Den1.0_Type3_ObsErr1.npz

This is a TWIN experiment

Using AlphaTempScale to compute tempering dt
Tempering steps:  [1.]
Dt pseudo times:  [1.]
Data assimilation cycle #  100
Data assimilation cycle #  200
Data assimilation cycle #  300
Data assimilation cycle #  400
Error: The forecast contains NaN or Inf, Iteration number : 460  will dump some variables to a temporal file
Multiplicative Inflation 1.1
Localization Scale 3.0
AlphaTemp [1.]
Analisis RMSE:  4.531804067175692
Forecast RMSE:  4.393241852449175
Analisis SPRD:  0.014636302099746288
Forecast SPRD:  0.025901523713054053
Reading observations from file  ./data/Nature/MultipleNature_Nature_Freq12_Den1.0_Type3_ObsErr1.npz

This is a TWIN experiment

Using AlphaTempScale to compute tempering dt
Tempering steps:  [1.]
Dt pseudo times:  [1.]
Data assimilation cycle #  100
Data assimilation cycle #  200
Data assimilation cycle #  300
Data assimilation cycle #  400
Data assimilation cycle #  500
Error: The forecast contains NaN or Inf, Iteration number : 564  will dump some variables to a temporal file
Multiplicative Inflation 1.1
Localization Scale 3.5
AlphaTemp [1.]
Analisis RMSE:  4.514431567257887
Forecast RMSE:  4.403913608289512
Analisis SPRD:  0.016177564009363685
Forecast SPRD:  0.03365316519250711
Reading observations from file  ./data/Nature/MultipleNature_Nature_Freq12_Den1.0_Type3_ObsErr1.npz

This is a TWIN experiment

Using AlphaTempScale to compute tempering dt
Tempering steps:  [1.]
Dt pseudo times:  [1.]
Data assimilation cycle #  100
Data assimilation cycle #  200
Data assimilation cycle #  300
Data assimilation cycle #  400
Error: The forecast contains NaN or Inf, Iteration number : 456  will dump some variables to a temporal file
Multiplicative Inflation 1.1
Localization Scale 4.0
AlphaTemp [1.]
Analisis RMSE:  4.739053077976244
Forecast RMSE:  4.4744579002418785
Analisis SPRD:  0.020436249651195455
Forecast SPRD:  0.06719181151865664
Reading observations from file  ./data/Nature/MultipleNature_Nature_Freq12_Den1.0_Type3_ObsErr1.npz

This is a TWIN experiment

Using AlphaTempScale to compute tempering dt
Tempering steps:  [1.]
Dt pseudo times:  [1.]
Data assimilation cycle #  100
Data assimilation cycle #  200
Data assimilation cycle #  300
Data assimilation cycle #  400
Data assimilation cycle #  500
Data assimilation cycle #  600
Data assimilation cycle #  700
Data assimilation cycle #  800
Data assimilation cycle #  900
Data assimilation cycle #  1000
Data assimilation cycle #  1100
Data assimilation cycle #  1200
Data assimilation cycle #  1300
Data assimilation cycle #  1400
Data assimilation cycle #  1500
Data assimilation cycle #  1600
Data assimilation cycle #  1700
Data assimilation cycle #  1800
Data assimilation cycle #  1900
Data assimilation cycle #  2000
Data assimilation cycle #  2100
Data assimilation cycle #  2200
Data assimilation cycle #  2300
Data assimilation cycle #  2400
Data assimilation cycle #  2500
Data assimilation cycle #  2600
Data assimilation cycle #  2700
Data assimilation cycle #  2800
Data assimilation cycle #  2900
Data assimilation cycle #  3000
Data assimilation cycle #  3100
Data assimilation cycle #  3200
Data assimilation cycle #  3300
Data assimilation cycle #  3400
Data assimilation cycle #  3500
Data assimilation cycle #  3600
Data assimilation cycle #  3700
Data assimilation cycle #  3800
Data assimilation cycle #  3900
Data assimilation cycle #  4000
Data assimilation cycle #  4100
Data assimilation cycle #  4200
Data assimilation cycle #  4300
Data assimilation cycle #  4400
Data assimilation cycle #  4500
Data assimilation cycle #  4600
Data assimilation cycle #  4700
Data assimilation cycle #  4800
Data assimilation cycle #  4900
Data assimilation cycle #  5000
Data assimilation cycle #  5100
Data assimilation cycle #  5200
Data assimilation cycle #  5300
Data assimilation cycle #  5400
Data assimilation cycle #  5500
Error: The forecast contains NaN or Inf, Iteration number : 5546  will dump some variables to a temporal file
Multiplicative Inflation 1.1500000000000001
Localization Scale 1.0
AlphaTemp [1.]
Analisis RMSE:  4.34688898799102
Forecast RMSE:  4.133100646445637
Analisis SPRD:  0.34355336030629824
Forecast SPRD:  0.47729716197304894
Reading observations from file  ./data/Nature/MultipleNature_Nature_Freq12_Den1.0_Type3_ObsErr1.npz

This is a TWIN experiment

Using AlphaTempScale to compute tempering dt
Tempering steps:  [1.]
Dt pseudo times:  [1.]
Data assimilation cycle #  100
Error: The forecast contains NaN or Inf, Iteration number : 151  will dump some variables to a temporal file
Multiplicative Inflation 1.1500000000000001
Localization Scale 1.5
AlphaTemp [1.]
Analisis RMSE:  4.335142355363194
Forecast RMSE:  4.335142355363194
Analisis SPRD:  0.007163018492147483
Forecast SPRD:  0.00997226765293952
Reading observations from file  ./data/Nature/MultipleNature_Nature_Freq12_Den1.0_Type3_ObsErr1.npz

This is a TWIN experiment

Using AlphaTempScale to compute tempering dt
Tempering steps:  [1.]
Dt pseudo times:  [1.]
Error: The forecast contains NaN or Inf, Iteration number : 74  will dump some variables to a temporal file
Multiplicative Inflation 1.1500000000000001
Localization Scale 2.0
AlphaTemp [1.]
Analisis RMSE:  4.335142355363194
Forecast RMSE:  4.335142355363194
Analisis SPRD:  0.009608354945337152
Forecast SPRD:  0.019560167559453317
Reading observations from file  ./data/Nature/MultipleNature_Nature_Freq12_Den1.0_Type3_ObsErr1.npz

This is a TWIN experiment

Using AlphaTempScale to compute tempering dt
Tempering steps:  [1.]
Dt pseudo times:  [1.]
Error: The forecast contains NaN or Inf, Iteration number : 32  will dump some variables to a temporal file
Multiplicative Inflation 1.1500000000000001
Localization Scale 2.5
AlphaTemp [1.]
Analisis RMSE:  4.335142355363194
Forecast RMSE:  4.335142355363194
Analisis SPRD:  0.005221613451491176
Forecast SPRD:  0.013620551492999986
Reading observations from file  ./data/Nature/MultipleNature_Nature_Freq12_Den1.0_Type3_ObsErr1.npz

This is a TWIN experiment

Using AlphaTempScale to compute tempering dt
Tempering steps:  [1.]
Dt pseudo times:  [1.]
