Reading observations from file  ./data/Nature/NatureR1_Den1_Freq4_Hradar.npz

This is a TWIN experiment

Error: The analysis contains NaN, Iteration number : 69  will dump some variables to a temporal file
RTPS 0.7
Tempering iterations 1
AlphaTemp [1]
Analisis RMSE:  4.338721205088862
Forecast RMSE:  4.338721205088862
Analisis SPRD:  nan
Forecast SPRD:  0.0020238764794597423
Reading observations from file  ./data/Nature/NatureR1_Den1_Freq4_Hradar.npz

This is a TWIN experiment

Error: The analysis contains NaN, Iteration number : 79  will dump some variables to a temporal file
RTPS 0.7
Tempering iterations 2
AlphaTemp [90  1]
Analisis RMSE:  4.338721205088862
Forecast RMSE:  4.338721205088862
Analisis SPRD:  nan
Forecast SPRD:  0.002115719883052243
Reading observations from file  ./data/Nature/NatureR1_Den1_Freq4_Hradar.npz

This is a TWIN experiment

Error: The analysis contains NaN, Iteration number : 59  will dump some variables to a temporal file
RTPS 0.7
Tempering iterations 3
AlphaTemp [90  5  1]
Analisis RMSE:  4.338721205088862
Forecast RMSE:  4.338721205088862
Analisis SPRD:  nan
Forecast SPRD:  0.002109738822089597
Reading observations from file  ./data/Nature/NatureR1_Den1_Freq4_Hradar.npz

This is a TWIN experiment

Error: The analysis contains NaN, Iteration number : 84  will dump some variables to a temporal file
RTPS 0.7
Tempering iterations 4
AlphaTemp [90 10  5  1]
Analisis RMSE:  4.338721205088862
Forecast RMSE:  4.338721205088862
Analisis SPRD:  nan
Forecast SPRD:  0.002146075890250391
Reading observations from file  ./data/Nature/NatureR1_Den1_Freq4_Hradar.npz

This is a TWIN experiment

Error: The analysis contains NaN, Iteration number : 86  will dump some variables to a temporal file
RTPS 0.75
Tempering iterations 1
AlphaTemp [1]
Analisis RMSE:  4.338721205088862
Forecast RMSE:  4.338721205088862
Analisis SPRD:  nan
Forecast SPRD:  0.0025603488428898686
Reading observations from file  ./data/Nature/NatureR1_Den1_Freq4_Hradar.npz

This is a TWIN experiment

Error: The analysis contains NaN, Iteration number : 96  will dump some variables to a temporal file
RTPS 0.75
Tempering iterations 2
AlphaTemp [90  1]
Analisis RMSE:  4.338721205088862
Forecast RMSE:  4.338721205088862
Analisis SPRD:  nan
Forecast SPRD:  0.002707010056924482
Reading observations from file  ./data/Nature/NatureR1_Den1_Freq4_Hradar.npz

This is a TWIN experiment

Error: The analysis contains NaN, Iteration number : 97  will dump some variables to a temporal file
RTPS 0.75
Tempering iterations 3
AlphaTemp [90  5  1]
Analisis RMSE:  4.338721205088862
Forecast RMSE:  4.338721205088862
Analisis SPRD:  nan
Forecast SPRD:  0.0026880466943070324
Reading observations from file  ./data/Nature/NatureR1_Den1_Freq4_Hradar.npz

This is a TWIN experiment

Data assimilation cycle #  100
Error: The analysis contains NaN, Iteration number : 105  will dump some variables to a temporal file
RTPS 0.75
Tempering iterations 4
AlphaTemp [90 10  5  1]
Analisis RMSE:  4.338721205088862
Forecast RMSE:  4.338721205088862
Analisis SPRD:  nan
Forecast SPRD:  0.002666063782039972
Reading observations from file  ./data/Nature/NatureR1_Den1_Freq4_Hradar.npz

This is a TWIN experiment

Data assimilation cycle #  100
Error: The analysis contains NaN, Iteration number : 180  will dump some variables to a temporal file
RTPS 0.8
Tempering iterations 1
AlphaTemp [1]
Analisis RMSE:  4.338721205088862
Forecast RMSE:  4.338721205088862
Analisis SPRD:  nan
Forecast SPRD:  0.003228807483703787
Reading observations from file  ./data/Nature/NatureR1_Den1_Freq4_Hradar.npz

This is a TWIN experiment

Data assimilation cycle #  100
Error: The analysis contains NaN, Iteration number : 172  will dump some variables to a temporal file
RTPS 0.8
Tempering iterations 2
AlphaTemp [90  1]
Analisis RMSE:  4.338721205088862
Forecast RMSE:  4.338721205088862
Analisis SPRD:  nan
Forecast SPRD:  0.0038209190469060523
Reading observations from file  ./data/Nature/NatureR1_Den1_Freq4_Hradar.npz

This is a TWIN experiment

Data assimilation cycle #  100
Error: The analysis contains NaN, Iteration number : 181  will dump some variables to a temporal file
RTPS 0.8
Tempering iterations 3
AlphaTemp [90  5  1]
Analisis RMSE:  4.338721205088862
Forecast RMSE:  4.338721205088862
Analisis SPRD:  nan
Forecast SPRD:  0.003486875767685372
Reading observations from file  ./data/Nature/NatureR1_Den1_Freq4_Hradar.npz

This is a TWIN experiment

Data assimilation cycle #  100
Error: The analysis contains NaN, Iteration number : 154  will dump some variables to a temporal file
RTPS 0.8
Tempering iterations 4
AlphaTemp [90 10  5  1]
Analisis RMSE:  4.338721205088862
Forecast RMSE:  4.338721205088862
Analisis SPRD:  nan
Forecast SPRD:  0.003585191877772316
Reading observations from file  ./data/Nature/NatureR1_Den1_Freq4_Hradar.npz

This is a TWIN experiment

Data assimilation cycle #  100
Data assimilation cycle #  200
Error: The analysis contains NaN, Iteration number : 246  will dump some variables to a temporal file
RTPS 0.8500000000000001
Tempering iterations 1
AlphaTemp [1]
Analisis RMSE:  nan
Forecast RMSE:  4.341331399015137
Analisis SPRD:  nan
Forecast SPRD:  0.004914577577480401
Reading observations from file  ./data/Nature/NatureR1_Den1_Freq4_Hradar.npz

This is a TWIN experiment

Data assimilation cycle #  100
Data assimilation cycle #  200
Data assimilation cycle #  300
Data assimilation cycle #  400
Data assimilation cycle #  500
Data assimilation cycle #  600
Data assimilation cycle #  700
Error: The analysis contains NaN, Iteration number : 725  will dump some variables to a temporal file
RTPS 0.8500000000000001
Tempering iterations 2
AlphaTemp [90  1]
Analisis RMSE:  nan
Forecast RMSE:  4.440486031263558
Analisis SPRD:  nan
Forecast SPRD:  0.005774986446196983
Reading observations from file  ./data/Nature/NatureR1_Den1_Freq4_Hradar.npz

This is a TWIN experiment

Data assimilation cycle #  100
Data assimilation cycle #  200
Data assimilation cycle #  300
Data assimilation cycle #  400
Data assimilation cycle #  500
Data assimilation cycle #  600
Data assimilation cycle #  700
Data assimilation cycle #  800
Data assimilation cycle #  900
Error: The analysis contains NaN, Iteration number : 979  will dump some variables to a temporal file
RTPS 0.8500000000000001
Tempering iterations 3
AlphaTemp [90  5  1]
Analisis RMSE:  nan
Forecast RMSE:  4.479755015208221
Analisis SPRD:  nan
Forecast SPRD:  0.005270114320677132
Reading observations from file  ./data/Nature/NatureR1_Den1_Freq4_Hradar.npz

This is a TWIN experiment

Data assimilation cycle #  100
Data assimilation cycle #  200
Data assimilation cycle #  300
Data assimilation cycle #  400
Data assimilation cycle #  500
Data assimilation cycle #  600
Data assimilation cycle #  700
Error: The analysis contains NaN, Iteration number : 750  will dump some variables to a temporal file
RTPS 0.8500000000000001
Tempering iterations 4
AlphaTemp [90 10  5  1]
Analisis RMSE:  nan
Forecast RMSE:  4.417099012097246
Analisis SPRD:  nan
Forecast SPRD:  0.005702239954860171
Reading observations from file  ./data/Nature/NatureR1_Den1_Freq4_Hradar.npz

This is a TWIN experiment

Data assimilation cycle #  100
Data assimilation cycle #  200
Data assimilation cycle #  300
Data assimilation cycle #  400
Data assimilation cycle #  500
Data assimilation cycle #  600
Data assimilation cycle #  700
Data assimilation cycle #  800
Data assimilation cycle #  900
Data assimilation cycle #  1000
Data assimilation cycle #  1100
Data assimilation cycle #  1200
Data assimilation cycle #  1300
Data assimilation cycle #  1400
Data assimilation cycle #  1500
Data assimilation cycle #  1600
Data assimilation cycle #  1700
Data assimilation cycle #  1800
Data assimilation cycle #  1900
Data assimilation cycle #  2000
Data assimilation cycle #  2100
Data assimilation cycle #  2200
Data assimilation cycle #  2300
Data assimilation cycle #  2400
Data assimilation cycle #  2500
Data assimilation cycle #  2600
Data assimilation cycle #  2700
Data assimilation cycle #  2800
Data assimilation cycle #  2900
Data assimilation cycle #  3000
Data assimilation cycle #  3100
Data assimilation cycle #  3200
Data assimilation cycle #  3300
Data assimilation cycle #  3400
Data assimilation cycle #  3500
Data assimilation cycle #  3600
Data assimilation cycle #  3700
Data assimilation cycle #  3800
Data assimilation cycle #  3900
Data assimilation cycle #  4000
Data assimilation cycle #  4100
Data assimilation cycle #  4200
Data assimilation cycle #  4300
Data assimilation cycle #  4400
Data assimilation cycle #  4500
Data assimilation cycle #  4600
Data assimilation cycle #  4700
Data assimilation cycle #  4800
Data assimilation cycle #  4900
RTPS 0.9000000000000001
Tempering iterations 1
AlphaTemp [1]
Analisis RMSE:  5.180453293063499
Forecast RMSE:  5.180538883791118
Analisis SPRD:  0.016889418239461117
Forecast SPRD:  0.01820187679437634
Reading observations from file  ./data/Nature/NatureR1_Den1_Freq4_Hradar.npz

This is a TWIN experiment

Data assimilation cycle #  100
Data assimilation cycle #  200
Data assimilation cycle #  300
Data assimilation cycle #  400
Data assimilation cycle #  500
Data assimilation cycle #  600
Data assimilation cycle #  700
Data assimilation cycle #  800
Data assimilation cycle #  900
Data assimilation cycle #  1000
Data assimilation cycle #  1100
Data assimilation cycle #  1200
Data assimilation cycle #  1300
Data assimilation cycle #  1400
Data assimilation cycle #  1500
Data assimilation cycle #  1600
Data assimilation cycle #  1700
Data assimilation cycle #  1800
Data assimilation cycle #  1900
Data assimilation cycle #  2000
Data assimilation cycle #  2100
Data assimilation cycle #  2200
Data assimilation cycle #  2300
Data assimilation cycle #  2400
Data assimilation cycle #  2500
Data assimilation cycle #  2600
Data assimilation cycle #  2700
Data assimilation cycle #  2800
Data assimilation cycle #  2900
Data assimilation cycle #  3000
Data assimilation cycle #  3100
Data assimilation cycle #  3200
Data assimilation cycle #  3300
Data assimilation cycle #  3400
Data assimilation cycle #  3500
Data assimilation cycle #  3600
Data assimilation cycle #  3700
Data assimilation cycle #  3800
Data assimilation cycle #  3900
Data assimilation cycle #  4000
Data assimilation cycle #  4100
Data assimilation cycle #  4200
Data assimilation cycle #  4300
Data assimilation cycle #  4400
Data assimilation cycle #  4500
Data assimilation cycle #  4600
Data assimilation cycle #  4700
Data assimilation cycle #  4800
Data assimilation cycle #  4900
RTPS 0.9000000000000001
Tempering iterations 2
AlphaTemp [90  1]
Analisis RMSE:  5.11784296744423
Forecast RMSE:  5.117851811180133
Analisis SPRD:  0.013406280593025361
Forecast SPRD:  0.01433172385389217
Reading observations from file  ./data/Nature/NatureR1_Den1_Freq4_Hradar.npz

This is a TWIN experiment

Data assimilation cycle #  100
Data assimilation cycle #  200
Data assimilation cycle #  300
Data assimilation cycle #  400
Data assimilation cycle #  500
Data assimilation cycle #  600
Data assimilation cycle #  700
Data assimilation cycle #  800
Data assimilation cycle #  900
Data assimilation cycle #  1000
Data assimilation cycle #  1100
Data assimilation cycle #  1200
Data assimilation cycle #  1300
Data assimilation cycle #  1400
Data assimilation cycle #  1500
Data assimilation cycle #  1600
Data assimilation cycle #  1700
Data assimilation cycle #  1800
Data assimilation cycle #  1900
Data assimilation cycle #  2000
Data assimilation cycle #  2100
Data assimilation cycle #  2200
Data assimilation cycle #  2300
Data assimilation cycle #  2400
Data assimilation cycle #  2500
Data assimilation cycle #  2600
Data assimilation cycle #  2700
Data assimilation cycle #  2800
Data assimilation cycle #  2900
Data assimilation cycle #  3000
Data assimilation cycle #  3100
Data assimilation cycle #  3200
Data assimilation cycle #  3300
Data assimilation cycle #  3400
Data assimilation cycle #  3500
Data assimilation cycle #  3600
Data assimilation cycle #  3700
Data assimilation cycle #  3800
Data assimilation cycle #  3900
Data assimilation cycle #  4000
Data assimilation cycle #  4100
Data assimilation cycle #  4200
Data assimilation cycle #  4300
Data assimilation cycle #  4400
Data assimilation cycle #  4500
Data assimilation cycle #  4600
Data assimilation cycle #  4700
Data assimilation cycle #  4800
Data assimilation cycle #  4900
RTPS 0.9000000000000001
Tempering iterations 3
AlphaTemp [90  5  1]
Analisis RMSE:  5.1923949104235785
Forecast RMSE:  5.192419634465695
Analisis SPRD:  0.014595384070595407
Forecast SPRD:  0.015652949940081106
Reading observations from file  ./data/Nature/NatureR1_Den1_Freq4_Hradar.npz

This is a TWIN experiment

Data assimilation cycle #  100
Data assimilation cycle #  200
Data assimilation cycle #  300
Data assimilation cycle #  400
Data assimilation cycle #  500
Data assimilation cycle #  600
Data assimilation cycle #  700
Data assimilation cycle #  800
Data assimilation cycle #  900
Data assimilation cycle #  1000
Data assimilation cycle #  1100
Data assimilation cycle #  1200
Data assimilation cycle #  1300
Data assimilation cycle #  1400
Data assimilation cycle #  1500
Data assimilation cycle #  1600
Data assimilation cycle #  1700
Data assimilation cycle #  1800
Data assimilation cycle #  1900
Data assimilation cycle #  2000
Data assimilation cycle #  2100
Data assimilation cycle #  2200
Data assimilation cycle #  2300
Data assimilation cycle #  2400
Data assimilation cycle #  2500
Data assimilation cycle #  2600
Data assimilation cycle #  2700
Data assimilation cycle #  2800
Data assimilation cycle #  2900
Data assimilation cycle #  3000
Data assimilation cycle #  3100
Data assimilation cycle #  3200
Data assimilation cycle #  3300
Data assimilation cycle #  3400
Data assimilation cycle #  3500
Data assimilation cycle #  3600
Data assimilation cycle #  3700
Data assimilation cycle #  3800
Data assimilation cycle #  3900
Data assimilation cycle #  4000
Data assimilation cycle #  4100
Data assimilation cycle #  4200
Data assimilation cycle #  4300
Data assimilation cycle #  4400
Data assimilation cycle #  4500
Data assimilation cycle #  4600
Data assimilation cycle #  4700
Data assimilation cycle #  4800
Data assimilation cycle #  4900
RTPS 0.9000000000000001
Tempering iterations 4
AlphaTemp [90 10  5  1]
Analisis RMSE:  5.179731302021921
Forecast RMSE:  5.1802346528658365
Analisis SPRD:  0.02343365258073164
Forecast SPRD:  0.025473248284676925
Reading observations from file  ./data/Nature/NatureR1_Den1_Freq4_Hradar.npz

This is a TWIN experiment

Data assimilation cycle #  100
Data assimilation cycle #  200
Data assimilation cycle #  300
Data assimilation cycle #  400
Data assimilation cycle #  500
Data assimilation cycle #  600
Data assimilation cycle #  700
Data assimilation cycle #  800
Data assimilation cycle #  900
Data assimilation cycle #  1000
Data assimilation cycle #  1100
Data assimilation cycle #  1200
Data assimilation cycle #  1300
Data assimilation cycle #  1400
Data assimilation cycle #  1500
Data assimilation cycle #  1600
Data assimilation cycle #  1700
Data assimilation cycle #  1800
Data assimilation cycle #  1900
Error: The analysis contains NaN, Iteration number : 1912  will dump some variables to a temporal file
RTPS 0.9500000000000002
Tempering iterations 1
AlphaTemp [1]
Analisis RMSE:  4.313074549871038
Forecast RMSE:  4.496487501415205
Analisis SPRD:  0.7834376503549396
Forecast SPRD:  0.8241367591899127
Reading observations from file  ./data/Nature/NatureR1_Den1_Freq4_Hradar.npz

This is a TWIN experiment

Data assimilation cycle #  100
Data assimilation cycle #  200
Data assimilation cycle #  300
Data assimilation cycle #  400
Data assimilation cycle #  500
Data assimilation cycle #  600
Data assimilation cycle #  700
Data assimilation cycle #  800
Data assimilation cycle #  900
Data assimilation cycle #  1000
Data assimilation cycle #  1100
Data assimilation cycle #  1200
Data assimilation cycle #  1300
Data assimilation cycle #  1400
Data assimilation cycle #  1500
Data assimilation cycle #  1600
Data assimilation cycle #  1700
Data assimilation cycle #  1800
Data assimilation cycle #  1900
Data assimilation cycle #  2000
Data assimilation cycle #  2100
Data assimilation cycle #  2200
Data assimilation cycle #  2300
Data assimilation cycle #  2400
Data assimilation cycle #  2500
Data assimilation cycle #  2600
Data assimilation cycle #  2700
Data assimilation cycle #  2800
Data assimilation cycle #  2900
Data assimilation cycle #  3000
Data assimilation cycle #  3100
Data assimilation cycle #  3200
Data assimilation cycle #  3300
Data assimilation cycle #  3400
Data assimilation cycle #  3500
Data assimilation cycle #  3600
Data assimilation cycle #  3700
Data assimilation cycle #  3800
Data assimilation cycle #  3900
Data assimilation cycle #  4000
Data assimilation cycle #  4100
Data assimilation cycle #  4200
Data assimilation cycle #  4300
Data assimilation cycle #  4400
Data assimilation cycle #  4500
Data assimilation cycle #  4600
Data assimilation cycle #  4700
Data assimilation cycle #  4800
Data assimilation cycle #  4900
RTPS 0.9500000000000002
Tempering iterations 2
AlphaTemp [90  1]
Analisis RMSE:  2.175147281849805
Forecast RMSE:  2.234476216955522
Analisis SPRD:  1.7080591512101442
Forecast SPRD:  1.7974225495638123
Reading observations from file  ./data/Nature/NatureR1_Den1_Freq4_Hradar.npz

This is a TWIN experiment

Data assimilation cycle #  100
Data assimilation cycle #  200
Data assimilation cycle #  300
Data assimilation cycle #  400
Data assimilation cycle #  500
Data assimilation cycle #  600
Data assimilation cycle #  700
Data assimilation cycle #  800
Data assimilation cycle #  900
Data assimilation cycle #  1000
Data assimilation cycle #  1100
Data assimilation cycle #  1200
Data assimilation cycle #  1300
Data assimilation cycle #  1400
Data assimilation cycle #  1500
Data assimilation cycle #  1600
Data assimilation cycle #  1700
Data assimilation cycle #  1800
Data assimilation cycle #  1900
Data assimilation cycle #  2000
Data assimilation cycle #  2100
Data assimilation cycle #  2200
Data assimilation cycle #  2300
Data assimilation cycle #  2400
Data assimilation cycle #  2500
Data assimilation cycle #  2600
Data assimilation cycle #  2700
Data assimilation cycle #  2800
Data assimilation cycle #  2900
Data assimilation cycle #  3000
Data assimilation cycle #  3100
Data assimilation cycle #  3200
Data assimilation cycle #  3300
Data assimilation cycle #  3400
Data assimilation cycle #  3500
Data assimilation cycle #  3600
Data assimilation cycle #  3700
Data assimilation cycle #  3800
Data assimilation cycle #  3900
Data assimilation cycle #  4000
Data assimilation cycle #  4100
Data assimilation cycle #  4200
Data assimilation cycle #  4300
Data assimilation cycle #  4400
Data assimilation cycle #  4500
Data assimilation cycle #  4600
Data assimilation cycle #  4700
Data assimilation cycle #  4800
Data assimilation cycle #  4900
RTPS 0.9500000000000002
Tempering iterations 3
AlphaTemp [90  5  1]
Analisis RMSE:  1.4939092667685585
Forecast RMSE:  1.5612731376840447
Analisis SPRD:  1.5864318900013203
Forecast SPRD:  1.6693938535545236
Reading observations from file  ./data/Nature/NatureR1_Den1_Freq4_Hradar.npz

This is a TWIN experiment

Data assimilation cycle #  100
Data assimilation cycle #  200
Data assimilation cycle #  300
Data assimilation cycle #  400
Data assimilation cycle #  500
Data assimilation cycle #  600
Data assimilation cycle #  700
Data assimilation cycle #  800
Data assimilation cycle #  900
Data assimilation cycle #  1000
Data assimilation cycle #  1100
Data assimilation cycle #  1200
Data assimilation cycle #  1300
Data assimilation cycle #  1400
Data assimilation cycle #  1500
Data assimilation cycle #  1600
Data assimilation cycle #  1700
Data assimilation cycle #  1800
Data assimilation cycle #  1900
Data assimilation cycle #  2000
Data assimilation cycle #  2100
Data assimilation cycle #  2200
Data assimilation cycle #  2300
Data assimilation cycle #  2400
Data assimilation cycle #  2500
Data assimilation cycle #  2600
Data assimilation cycle #  2700
Data assimilation cycle #  2800
Data assimilation cycle #  2900
Data assimilation cycle #  3000
Data assimilation cycle #  3100
Data assimilation cycle #  3200
Data assimilation cycle #  3300
Data assimilation cycle #  3400
Data assimilation cycle #  3500
Data assimilation cycle #  3600
Data assimilation cycle #  3700
Data assimilation cycle #  3800
Data assimilation cycle #  3900
Data assimilation cycle #  4000
Data assimilation cycle #  4100
Data assimilation cycle #  4200
Data assimilation cycle #  4300
Data assimilation cycle #  4400
Data assimilation cycle #  4500
Data assimilation cycle #  4600
Data assimilation cycle #  4700
Data assimilation cycle #  4800
Data assimilation cycle #  4900
RTPS 0.9500000000000002
Tempering iterations 4
AlphaTemp [90 10  5  1]
Analisis RMSE:  1.7734776685407276
Forecast RMSE:  1.8346194906180284
Analisis SPRD:  1.492093787083952
Forecast SPRD:  1.570090587325715
Reading observations from file  ./data/Nature/NatureR1_Den1_Freq4_Hradar.npz

This is a TWIN experiment

Error: The analysis contains NaN, Iteration number : 56  will dump some variables to a temporal file
RTPS 1.0000000000000002
Tempering iterations 1
AlphaTemp [1]
Analisis RMSE:  4.338721205088862
Forecast RMSE:  4.338721205088862
Analisis SPRD:  0.07891155890266635
Forecast SPRD:  0.07840382977814395
Reading observations from file  ./data/Nature/NatureR1_Den1_Freq4_Hradar.npz

This is a TWIN experiment

Error: The analysis contains NaN, Iteration number : 95  will dump some variables to a temporal file
RTPS 1.0000000000000002
Tempering iterations 2
AlphaTemp [90  1]
Analisis RMSE:  4.338721205088862
Forecast RMSE:  4.338721205088862
Analisis SPRD:  350181732.67764556
Forecast SPRD:  350181732.6771377
Reading observations from file  ./data/Nature/NatureR1_Den1_Freq4_Hradar.npz

This is a TWIN experiment

Data assimilation cycle #  100
Error: The analysis contains NaN, Iteration number : 111  will dump some variables to a temporal file
RTPS 1.0000000000000002
Tempering iterations 3
AlphaTemp [90  5  1]
Analisis RMSE:  4.338721205088862
Forecast RMSE:  4.338721205088862
Analisis SPRD:  0.13082813890602982
Forecast SPRD:  0.13032040978150738
Reading observations from file  ./data/Nature/NatureR1_Den1_Freq4_Hradar.npz

This is a TWIN experiment

Data assimilation cycle #  100
Data assimilation cycle #  200
Data assimilation cycle #  300
Data assimilation cycle #  400
Data assimilation cycle #  500
Data assimilation cycle #  600
Data assimilation cycle #  700
Data assimilation cycle #  800
Data assimilation cycle #  900
Data assimilation cycle #  1000
Data assimilation cycle #  1100
Data assimilation cycle #  1200
Data assimilation cycle #  1300
Data assimilation cycle #  1400
Data assimilation cycle #  1500
Data assimilation cycle #  1600
Data assimilation cycle #  1700
Data assimilation cycle #  1800
Data assimilation cycle #  1900
Error: The analysis contains NaN, Iteration number : 1997  will dump some variables to a temporal file
RTPS 1.0000000000000002
Tempering iterations 4
AlphaTemp [90 10  5  1]
Analisis RMSE:  4.130351870833803
Forecast RMSE:  4.051208265326726
Analisis SPRD:  1.7226423571133709
Forecast SPRD:  1.7221346279888479
