Reading observations from file  ./data/Nature/MultipleNature_Nature_Freq16_Den0.25_Type1_ObsErr25.npz

This is a TWIN experiment

Using AlphaTempScale to compute tempering dt
Tempering steps:  [1.]
Dt pseudo times:  [1.]
Data assimilation cycle #  100
Data assimilation cycle #  200
Data assimilation cycle #  300
Data assimilation cycle #  400
Data assimilation cycle #  500
Data assimilation cycle #  600
Data assimilation cycle #  700
Data assimilation cycle #  800
Data assimilation cycle #  900
Data assimilation cycle #  1000
Data assimilation cycle #  1100
Data assimilation cycle #  1200
Data assimilation cycle #  1300
Data assimilation cycle #  1400
Data assimilation cycle #  1500
Data assimilation cycle #  1600
Data assimilation cycle #  1700
Data assimilation cycle #  1800
Data assimilation cycle #  1900
Data assimilation cycle #  2000
Data assimilation cycle #  2100
Data assimilation cycle #  2200
Data assimilation cycle #  2300
Data assimilation cycle #  2400
Data assimilation cycle #  2500
Data assimilation cycle #  2600
Data assimilation cycle #  2700
Data assimilation cycle #  2800
Data assimilation cycle #  2900
Data assimilation cycle #  3000
Data assimilation cycle #  3100
Data assimilation cycle #  3200
Data assimilation cycle #  3300
Data assimilation cycle #  3400
Data assimilation cycle #  3500
Data assimilation cycle #  3600
Data assimilation cycle #  3700
Data assimilation cycle #  3800
Data assimilation cycle #  3900
Data assimilation cycle #  4000
Data assimilation cycle #  4100
Data assimilation cycle #  4200
Data assimilation cycle #  4300
Data assimilation cycle #  4400
Data assimilation cycle #  4500
Data assimilation cycle #  4600
Data assimilation cycle #  4700
Data assimilation cycle #  4800
Data assimilation cycle #  4900
Multiplicative Inflation 1.05
Localization Scale 1.0
AlphaTemp [1.]
Analisis RMSE:  3.2835667672381232
Forecast RMSE:  3.4430246343024935
Analisis SPRD:  3.3747410461089657
Forecast SPRD:  3.4606720408004548
Reading observations from file  ./data/Nature/MultipleNature_Nature_Freq16_Den0.25_Type1_ObsErr25.npz

This is a TWIN experiment

Using AlphaTempScale to compute tempering dt
Tempering steps:  [1.]
Dt pseudo times:  [1.]
Data assimilation cycle #  100
Data assimilation cycle #  200
Data assimilation cycle #  300
Data assimilation cycle #  400
Data assimilation cycle #  500
Data assimilation cycle #  600
Data assimilation cycle #  700
Data assimilation cycle #  800
Data assimilation cycle #  900
Data assimilation cycle #  1000
Data assimilation cycle #  1100
Data assimilation cycle #  1200
Data assimilation cycle #  1300
Data assimilation cycle #  1400
Data assimilation cycle #  1500
Data assimilation cycle #  1600
Data assimilation cycle #  1700
Data assimilation cycle #  1800
Data assimilation cycle #  1900
Data assimilation cycle #  2000
Data assimilation cycle #  2100
Data assimilation cycle #  2200
Data assimilation cycle #  2300
Data assimilation cycle #  2400
Data assimilation cycle #  2500
Data assimilation cycle #  2600
Data assimilation cycle #  2700
Data assimilation cycle #  2800
Data assimilation cycle #  2900
Data assimilation cycle #  3000
Data assimilation cycle #  3100
Data assimilation cycle #  3200
Data assimilation cycle #  3300
Data assimilation cycle #  3400
Data assimilation cycle #  3500
Data assimilation cycle #  3600
Data assimilation cycle #  3700
Data assimilation cycle #  3800
Data assimilation cycle #  3900
Data assimilation cycle #  4000
Data assimilation cycle #  4100
Data assimilation cycle #  4200
Data assimilation cycle #  4300
Data assimilation cycle #  4400
Data assimilation cycle #  4500
Data assimilation cycle #  4600
Data assimilation cycle #  4700
Data assimilation cycle #  4800
Data assimilation cycle #  4900
Multiplicative Inflation 1.05
Localization Scale 1.5
AlphaTemp [1.]
Analisis RMSE:  3.273004845438604
Forecast RMSE:  3.4356048231106397
Analisis SPRD:  3.3496605255625824
Forecast SPRD:  3.4446605557848344
Reading observations from file  ./data/Nature/MultipleNature_Nature_Freq16_Den0.25_Type1_ObsErr25.npz

This is a TWIN experiment

Using AlphaTempScale to compute tempering dt
Tempering steps:  [1.]
Dt pseudo times:  [1.]
Data assimilation cycle #  100
Data assimilation cycle #  200
Data assimilation cycle #  300
Data assimilation cycle #  400
Data assimilation cycle #  500
Data assimilation cycle #  600
Data assimilation cycle #  700
Data assimilation cycle #  800
Data assimilation cycle #  900
Data assimilation cycle #  1000
Data assimilation cycle #  1100
Data assimilation cycle #  1200
Data assimilation cycle #  1300
Data assimilation cycle #  1400
Data assimilation cycle #  1500
Data assimilation cycle #  1600
Data assimilation cycle #  1700
Data assimilation cycle #  1800
Data assimilation cycle #  1900
Data assimilation cycle #  2000
Data assimilation cycle #  2100
Data assimilation cycle #  2200
Data assimilation cycle #  2300
Data assimilation cycle #  2400
Data assimilation cycle #  2500
Data assimilation cycle #  2600
Data assimilation cycle #  2700
Data assimilation cycle #  2800
Data assimilation cycle #  2900
Data assimilation cycle #  3000
Data assimilation cycle #  3100
Data assimilation cycle #  3200
Data assimilation cycle #  3300
Data assimilation cycle #  3400
Data assimilation cycle #  3500
Data assimilation cycle #  3600
Data assimilation cycle #  3700
Data assimilation cycle #  3800
Data assimilation cycle #  3900
Data assimilation cycle #  4000
Data assimilation cycle #  4100
Data assimilation cycle #  4200
Data assimilation cycle #  4300
Data assimilation cycle #  4400
Data assimilation cycle #  4500
Data assimilation cycle #  4600
Data assimilation cycle #  4700
Data assimilation cycle #  4800
Data assimilation cycle #  4900
Multiplicative Inflation 1.05
Localization Scale 2.0
AlphaTemp [1.]
Analisis RMSE:  3.2622480016492226
Forecast RMSE:  3.4219324343263886
Analisis SPRD:  3.324339200361467
Forecast SPRD:  3.426345320370598
Reading observations from file  ./data/Nature/MultipleNature_Nature_Freq16_Den0.25_Type1_ObsErr25.npz

This is a TWIN experiment

Using AlphaTempScale to compute tempering dt
Tempering steps:  [1.]
Dt pseudo times:  [1.]
Data assimilation cycle #  100
Data assimilation cycle #  200
Data assimilation cycle #  300
Data assimilation cycle #  400
Data assimilation cycle #  500
Data assimilation cycle #  600
Data assimilation cycle #  700
Data assimilation cycle #  800
Data assimilation cycle #  900
Data assimilation cycle #  1000
Data assimilation cycle #  1100
Data assimilation cycle #  1200
Data assimilation cycle #  1300
Data assimilation cycle #  1400
Data assimilation cycle #  1500
Data assimilation cycle #  1600
Data assimilation cycle #  1700
Data assimilation cycle #  1800
Data assimilation cycle #  1900
Data assimilation cycle #  2000
Data assimilation cycle #  2100
Data assimilation cycle #  2200
Data assimilation cycle #  2300
Data assimilation cycle #  2400
Data assimilation cycle #  2500
Data assimilation cycle #  2600
Data assimilation cycle #  2700
Data assimilation cycle #  2800
Data assimilation cycle #  2900
Data assimilation cycle #  3000
Data assimilation cycle #  3100
Data assimilation cycle #  3200
Data assimilation cycle #  3300
Data assimilation cycle #  3400
Data assimilation cycle #  3500
Data assimilation cycle #  3600
Data assimilation cycle #  3700
Data assimilation cycle #  3800
Data assimilation cycle #  3900
Data assimilation cycle #  4000
Data assimilation cycle #  4100
Data assimilation cycle #  4200
Data assimilation cycle #  4300
Data assimilation cycle #  4400
Data assimilation cycle #  4500
Data assimilation cycle #  4600
Data assimilation cycle #  4700
Data assimilation cycle #  4800
Data assimilation cycle #  4900
Multiplicative Inflation 1.05
Localization Scale 2.5
AlphaTemp [1.]
Analisis RMSE:  3.272357157534155
Forecast RMSE:  3.430900648220418
Analisis SPRD:  3.3103649817755985
Forecast SPRD:  3.4193836236991997
Reading observations from file  ./data/Nature/MultipleNature_Nature_Freq16_Den0.25_Type1_ObsErr25.npz

This is a TWIN experiment

Using AlphaTempScale to compute tempering dt
Tempering steps:  [1.]
Dt pseudo times:  [1.]
Data assimilation cycle #  100
Data assimilation cycle #  200
Data assimilation cycle #  300
Data assimilation cycle #  400
Data assimilation cycle #  500
Data assimilation cycle #  600
Data assimilation cycle #  700
Data assimilation cycle #  800
Data assimilation cycle #  900
Data assimilation cycle #  1000
Data assimilation cycle #  1100
Data assimilation cycle #  1200
Data assimilation cycle #  1300
Data assimilation cycle #  1400
Data assimilation cycle #  1500
Data assimilation cycle #  1600
Data assimilation cycle #  1700
Data assimilation cycle #  1800
Data assimilation cycle #  1900
Data assimilation cycle #  2000
Data assimilation cycle #  2100
Data assimilation cycle #  2200
Data assimilation cycle #  2300
Data assimilation cycle #  2400
Data assimilation cycle #  2500
Data assimilation cycle #  2600
Data assimilation cycle #  2700
Data assimilation cycle #  2800
Data assimilation cycle #  2900
Data assimilation cycle #  3000
Data assimilation cycle #  3100
Data assimilation cycle #  3200
Data assimilation cycle #  3300
Data assimilation cycle #  3400
Data assimilation cycle #  3500
Data assimilation cycle #  3600
Data assimilation cycle #  3700
Data assimilation cycle #  3800
Data assimilation cycle #  3900
Data assimilation cycle #  4000
Data assimilation cycle #  4100
Data assimilation cycle #  4200
Data assimilation cycle #  4300
Data assimilation cycle #  4400
Data assimilation cycle #  4500
Data assimilation cycle #  4600
Data assimilation cycle #  4700
Data assimilation cycle #  4800
Data assimilation cycle #  4900
Multiplicative Inflation 1.05
Localization Scale 3.0
AlphaTemp [1.]
Analisis RMSE:  3.2631414984087774
Forecast RMSE:  3.4218352682084308
Analisis SPRD:  3.292752583244031
Forecast SPRD:  3.4078015592930795
Reading observations from file  ./data/Nature/MultipleNature_Nature_Freq16_Den0.25_Type1_ObsErr25.npz

This is a TWIN experiment

Using AlphaTempScale to compute tempering dt
Tempering steps:  [1.]
Dt pseudo times:  [1.]
Data assimilation cycle #  100
Data assimilation cycle #  200
Data assimilation cycle #  300
Data assimilation cycle #  400
Data assimilation cycle #  500
Data assimilation cycle #  600
Data assimilation cycle #  700
Data assimilation cycle #  800
Data assimilation cycle #  900
Data assimilation cycle #  1000
Data assimilation cycle #  1100
Data assimilation cycle #  1200
Data assimilation cycle #  1300
Data assimilation cycle #  1400
Data assimilation cycle #  1500
Data assimilation cycle #  1600
Data assimilation cycle #  1700
Data assimilation cycle #  1800
Data assimilation cycle #  1900
Data assimilation cycle #  2000
Data assimilation cycle #  2100
Data assimilation cycle #  2200
Data assimilation cycle #  2300
Data assimilation cycle #  2400
Data assimilation cycle #  2500
Data assimilation cycle #  2600
Data assimilation cycle #  2700
Data assimilation cycle #  2800
Data assimilation cycle #  2900
Data assimilation cycle #  3000
Data assimilation cycle #  3100
Data assimilation cycle #  3200
Data assimilation cycle #  3300
Data assimilation cycle #  3400
Data assimilation cycle #  3500
Data assimilation cycle #  3600
Data assimilation cycle #  3700
Data assimilation cycle #  3800
Data assimilation cycle #  3900
Data assimilation cycle #  4000
Data assimilation cycle #  4100
Data assimilation cycle #  4200
Data assimilation cycle #  4300
Data assimilation cycle #  4400
Data assimilation cycle #  4500
Data assimilation cycle #  4600
Data assimilation cycle #  4700
Data assimilation cycle #  4800
Data assimilation cycle #  4900
Multiplicative Inflation 1.05
Localization Scale 3.5
AlphaTemp [1.]
Analisis RMSE:  3.264478512802846
Forecast RMSE:  3.421604723716059
Analisis SPRD:  3.2713792402665858
Forecast SPRD:  3.3907038813829677
Reading observations from file  ./data/Nature/MultipleNature_Nature_Freq16_Den0.25_Type1_ObsErr25.npz

This is a TWIN experiment

Using AlphaTempScale to compute tempering dt
Tempering steps:  [1.]
Dt pseudo times:  [1.]
Data assimilation cycle #  100
Data assimilation cycle #  200
Data assimilation cycle #  300
Data assimilation cycle #  400
Data assimilation cycle #  500
Data assimilation cycle #  600
Data assimilation cycle #  700
Data assimilation cycle #  800
Data assimilation cycle #  900
Data assimilation cycle #  1000
Data assimilation cycle #  1100
Data assimilation cycle #  1200
Data assimilation cycle #  1300
Data assimilation cycle #  1400
Data assimilation cycle #  1500
Data assimilation cycle #  1600
Data assimilation cycle #  1700
Data assimilation cycle #  1800
Data assimilation cycle #  1900
Data assimilation cycle #  2000
Data assimilation cycle #  2100
Data assimilation cycle #  2200
Data assimilation cycle #  2300
Data assimilation cycle #  2400
Data assimilation cycle #  2500
Data assimilation cycle #  2600
Data assimilation cycle #  2700
Data assimilation cycle #  2800
Data assimilation cycle #  2900
Data assimilation cycle #  3000
Data assimilation cycle #  3100
Data assimilation cycle #  3200
Data assimilation cycle #  3300
Data assimilation cycle #  3400
Data assimilation cycle #  3500
Data assimilation cycle #  3600
Data assimilation cycle #  3700
Data assimilation cycle #  3800
Data assimilation cycle #  3900
Data assimilation cycle #  4000
Data assimilation cycle #  4100
Data assimilation cycle #  4200
Data assimilation cycle #  4300
Data assimilation cycle #  4400
Data assimilation cycle #  4500
Data assimilation cycle #  4600
Data assimilation cycle #  4700
Data assimilation cycle #  4800
Data assimilation cycle #  4900
Multiplicative Inflation 1.05
Localization Scale 4.0
AlphaTemp [1.]
Analisis RMSE:  3.258100069675817
Forecast RMSE:  3.4161104100462687
Analisis SPRD:  3.255371575202524
Forecast SPRD:  3.3803453062692723
Reading observations from file  ./data/Nature/MultipleNature_Nature_Freq16_Den0.25_Type1_ObsErr25.npz

This is a TWIN experiment

Using AlphaTempScale to compute tempering dt
Tempering steps:  [1.]
Dt pseudo times:  [1.]
Data assimilation cycle #  100
Data assimilation cycle #  200
Data assimilation cycle #  300
Data assimilation cycle #  400
Data assimilation cycle #  500
Data assimilation cycle #  600
Data assimilation cycle #  700
Data assimilation cycle #  800
Data assimilation cycle #  900
Data assimilation cycle #  1000
Data assimilation cycle #  1100
Data assimilation cycle #  1200
Data assimilation cycle #  1300
Data assimilation cycle #  1400
Data assimilation cycle #  1500
Data assimilation cycle #  1600
Data assimilation cycle #  1700
Data assimilation cycle #  1800
Data assimilation cycle #  1900
Data assimilation cycle #  2000
Data assimilation cycle #  2100
Data assimilation cycle #  2200
Data assimilation cycle #  2300
Data assimilation cycle #  2400
Data assimilation cycle #  2500
Data assimilation cycle #  2600
Data assimilation cycle #  2700
Data assimilation cycle #  2800
Data assimilation cycle #  2900
Data assimilation cycle #  3000
Data assimilation cycle #  3100
Data assimilation cycle #  3200
Data assimilation cycle #  3300
Data assimilation cycle #  3400
Data assimilation cycle #  3500
Data assimilation cycle #  3600
Data assimilation cycle #  3700
Data assimilation cycle #  3800
Data assimilation cycle #  3900
Data assimilation cycle #  4000
Data assimilation cycle #  4100
Data assimilation cycle #  4200
Data assimilation cycle #  4300
Data assimilation cycle #  4400
Data assimilation cycle #  4500
Data assimilation cycle #  4600
Data assimilation cycle #  4700
Data assimilation cycle #  4800
Data assimilation cycle #  4900
Multiplicative Inflation 1.1
Localization Scale 1.0
AlphaTemp [1.]
Analisis RMSE:  3.337678885799363
Forecast RMSE:  3.4974063706898333
Analisis SPRD:  3.6312133911024573
Forecast SPRD:  3.650983372124716
Reading observations from file  ./data/Nature/MultipleNature_Nature_Freq16_Den0.25_Type1_ObsErr25.npz

This is a TWIN experiment

Using AlphaTempScale to compute tempering dt
Tempering steps:  [1.]
Dt pseudo times:  [1.]
Data assimilation cycle #  100
Data assimilation cycle #  200
Data assimilation cycle #  300
Data assimilation cycle #  400
Data assimilation cycle #  500
Data assimilation cycle #  600
Data assimilation cycle #  700
Data assimilation cycle #  800
Data assimilation cycle #  900
Data assimilation cycle #  1000
Data assimilation cycle #  1100
Data assimilation cycle #  1200
Data assimilation cycle #  1300
Data assimilation cycle #  1400
Data assimilation cycle #  1500
Data assimilation cycle #  1600
Data assimilation cycle #  1700
Data assimilation cycle #  1800
Data assimilation cycle #  1900
Data assimilation cycle #  2000
Data assimilation cycle #  2100
Data assimilation cycle #  2200
Data assimilation cycle #  2300
Data assimilation cycle #  2400
Data assimilation cycle #  2500
Data assimilation cycle #  2600
Data assimilation cycle #  2700
Data assimilation cycle #  2800
Data assimilation cycle #  2900
Data assimilation cycle #  3000
Data assimilation cycle #  3100
Data assimilation cycle #  3200
Data assimilation cycle #  3300
Data assimilation cycle #  3400
Data assimilation cycle #  3500
Data assimilation cycle #  3600
Data assimilation cycle #  3700
Data assimilation cycle #  3800
Data assimilation cycle #  3900
Data assimilation cycle #  4000
Data assimilation cycle #  4100
Data assimilation cycle #  4200
Data assimilation cycle #  4300
Data assimilation cycle #  4400
Data assimilation cycle #  4500
Data assimilation cycle #  4600
Data assimilation cycle #  4700
Data assimilation cycle #  4800
Data assimilation cycle #  4900
Multiplicative Inflation 1.1
Localization Scale 1.5
AlphaTemp [1.]
Analisis RMSE:  3.320807261339121
Forecast RMSE:  3.481391956751774
Analisis SPRD:  3.6012807670374882
Forecast SPRD:  3.6328609331630553
Reading observations from file  ./data/Nature/MultipleNature_Nature_Freq16_Den0.25_Type1_ObsErr25.npz

This is a TWIN experiment

Using AlphaTempScale to compute tempering dt
Tempering steps:  [1.]
Dt pseudo times:  [1.]
Data assimilation cycle #  100
Data assimilation cycle #  200
Data assimilation cycle #  300
Data assimilation cycle #  400
Data assimilation cycle #  500
Data assimilation cycle #  600
Data assimilation cycle #  700
Data assimilation cycle #  800
Data assimilation cycle #  900
Data assimilation cycle #  1000
Data assimilation cycle #  1100
Data assimilation cycle #  1200
Data assimilation cycle #  1300
Data assimilation cycle #  1400
Data assimilation cycle #  1500
Data assimilation cycle #  1600
Data assimilation cycle #  1700
Data assimilation cycle #  1800
Data assimilation cycle #  1900
Data assimilation cycle #  2000
Data assimilation cycle #  2100
Data assimilation cycle #  2200
Data assimilation cycle #  2300
Data assimilation cycle #  2400
Data assimilation cycle #  2500
Data assimilation cycle #  2600
Data assimilation cycle #  2700
Data assimilation cycle #  2800
Data assimilation cycle #  2900
Data assimilation cycle #  3000
Data assimilation cycle #  3100
Data assimilation cycle #  3200
Data assimilation cycle #  3300
Data assimilation cycle #  3400
Data assimilation cycle #  3500
Data assimilation cycle #  3600
Data assimilation cycle #  3700
Data assimilation cycle #  3800
Data assimilation cycle #  3900
Data assimilation cycle #  4000
Data assimilation cycle #  4100
Data assimilation cycle #  4200
Data assimilation cycle #  4300
Data assimilation cycle #  4400
Data assimilation cycle #  4500
Data assimilation cycle #  4600
Data assimilation cycle #  4700
Data assimilation cycle #  4800
Data assimilation cycle #  4900
Multiplicative Inflation 1.1
Localization Scale 2.0
AlphaTemp [1.]
Analisis RMSE:  3.329266965736843
Forecast RMSE:  3.487506780098353
Analisis SPRD:  3.5785867825331423
Forecast SPRD:  3.6188689930857434
Reading observations from file  ./data/Nature/MultipleNature_Nature_Freq16_Den0.25_Type1_ObsErr25.npz

This is a TWIN experiment

Using AlphaTempScale to compute tempering dt
Tempering steps:  [1.]
Dt pseudo times:  [1.]
Data assimilation cycle #  100
Data assimilation cycle #  200
Data assimilation cycle #  300
Data assimilation cycle #  400
Data assimilation cycle #  500
Data assimilation cycle #  600
Data assimilation cycle #  700
Data assimilation cycle #  800
Data assimilation cycle #  900
Data assimilation cycle #  1000
Data assimilation cycle #  1100
Data assimilation cycle #  1200
Data assimilation cycle #  1300
Data assimilation cycle #  1400
Data assimilation cycle #  1500
Data assimilation cycle #  1600
Data assimilation cycle #  1700
Data assimilation cycle #  1800
Data assimilation cycle #  1900
Data assimilation cycle #  2000
Data assimilation cycle #  2100
Data assimilation cycle #  2200
Data assimilation cycle #  2300
Data assimilation cycle #  2400
Data assimilation cycle #  2500
Data assimilation cycle #  2600
Data assimilation cycle #  2700
Data assimilation cycle #  2800
Data assimilation cycle #  2900
Data assimilation cycle #  3000
Data assimilation cycle #  3100
Data assimilation cycle #  3200
Data assimilation cycle #  3300
Data assimilation cycle #  3400
Data assimilation cycle #  3500
Data assimilation cycle #  3600
Data assimilation cycle #  3700
Data assimilation cycle #  3800
Data assimilation cycle #  3900
Data assimilation cycle #  4000
Data assimilation cycle #  4100
Data assimilation cycle #  4200
Data assimilation cycle #  4300
Data assimilation cycle #  4400
Data assimilation cycle #  4500
Data assimilation cycle #  4600
Data assimilation cycle #  4700
Data assimilation cycle #  4800
Data assimilation cycle #  4900
Multiplicative Inflation 1.1
Localization Scale 2.5
AlphaTemp [1.]
Analisis RMSE:  3.3244107601529933
Forecast RMSE:  3.4808766255029937
Analisis SPRD:  3.555327101733205
Forecast SPRD:  3.602258639661682
Reading observations from file  ./data/Nature/MultipleNature_Nature_Freq16_Den0.25_Type1_ObsErr25.npz

This is a TWIN experiment

Using AlphaTempScale to compute tempering dt
Tempering steps:  [1.]
Dt pseudo times:  [1.]
Data assimilation cycle #  100
Data assimilation cycle #  200
Data assimilation cycle #  300
Data assimilation cycle #  400
Data assimilation cycle #  500
Data assimilation cycle #  600
Data assimilation cycle #  700
Data assimilation cycle #  800
Data assimilation cycle #  900
Data assimilation cycle #  1000
Data assimilation cycle #  1100
Data assimilation cycle #  1200
Data assimilation cycle #  1300
Data assimilation cycle #  1400
Data assimilation cycle #  1500
Data assimilation cycle #  1600
Data assimilation cycle #  1700
Data assimilation cycle #  1800
Data assimilation cycle #  1900
Data assimilation cycle #  2000
Data assimilation cycle #  2100
Data assimilation cycle #  2200
Data assimilation cycle #  2300
Data assimilation cycle #  2400
Data assimilation cycle #  2500
Data assimilation cycle #  2600
Data assimilation cycle #  2700
Data assimilation cycle #  2800
Data assimilation cycle #  2900
Data assimilation cycle #  3000
Data assimilation cycle #  3100
Data assimilation cycle #  3200
Data assimilation cycle #  3300
Data assimilation cycle #  3400
Data assimilation cycle #  3500
Data assimilation cycle #  3600
Data assimilation cycle #  3700
Data assimilation cycle #  3800
Data assimilation cycle #  3900
Data assimilation cycle #  4000
Data assimilation cycle #  4100
Data assimilation cycle #  4200
Data assimilation cycle #  4300
Data assimilation cycle #  4400
Data assimilation cycle #  4500
Data assimilation cycle #  4600
Data assimilation cycle #  4700
Data assimilation cycle #  4800
Data assimilation cycle #  4900
Multiplicative Inflation 1.1
Localization Scale 3.0
AlphaTemp [1.]
Analisis RMSE:  3.3257400915985342
Forecast RMSE:  3.4800135080670294
Analisis SPRD:  3.5400917841853614
Forecast SPRD:  3.5934747832133143
Reading observations from file  ./data/Nature/MultipleNature_Nature_Freq16_Den0.25_Type1_ObsErr25.npz

This is a TWIN experiment

Using AlphaTempScale to compute tempering dt
Tempering steps:  [1.]
Dt pseudo times:  [1.]
Data assimilation cycle #  100
Data assimilation cycle #  200
Data assimilation cycle #  300
Data assimilation cycle #  400
Data assimilation cycle #  500
Data assimilation cycle #  600
Data assimilation cycle #  700
Data assimilation cycle #  800
Data assimilation cycle #  900
Data assimilation cycle #  1000
Data assimilation cycle #  1100
Data assimilation cycle #  1200
Data assimilation cycle #  1300
Data assimilation cycle #  1400
Data assimilation cycle #  1500
Data assimilation cycle #  1600
Data assimilation cycle #  1700
Data assimilation cycle #  1800
Data assimilation cycle #  1900
Data assimilation cycle #  2000
Data assimilation cycle #  2100
Data assimilation cycle #  2200
Data assimilation cycle #  2300
Data assimilation cycle #  2400
Data assimilation cycle #  2500
Data assimilation cycle #  2600
Data assimilation cycle #  2700
Data assimilation cycle #  2800
Data assimilation cycle #  2900
Data assimilation cycle #  3000
Data assimilation cycle #  3100
Data assimilation cycle #  3200
Data assimilation cycle #  3300
Data assimilation cycle #  3400
Data assimilation cycle #  3500
Data assimilation cycle #  3600
Data assimilation cycle #  3700
Data assimilation cycle #  3800
Data assimilation cycle #  3900
Data assimilation cycle #  4000
Data assimilation cycle #  4100
Data assimilation cycle #  4200
Data assimilation cycle #  4300
Data assimilation cycle #  4400
Data assimilation cycle #  4500
Data assimilation cycle #  4600
Data assimilation cycle #  4700
Data assimilation cycle #  4800
Data assimilation cycle #  4900
Multiplicative Inflation 1.1
Localization Scale 3.5
AlphaTemp [1.]
Analisis RMSE:  3.328132116809561
Forecast RMSE:  3.4783424942406596
Analisis SPRD:  3.5228484983471278
Forecast SPRD:  3.5823610398443284
Reading observations from file  ./data/Nature/MultipleNature_Nature_Freq16_Den0.25_Type1_ObsErr25.npz

This is a TWIN experiment

Using AlphaTempScale to compute tempering dt
Tempering steps:  [1.]
Dt pseudo times:  [1.]
Data assimilation cycle #  100
Data assimilation cycle #  200
Data assimilation cycle #  300
Data assimilation cycle #  400
Data assimilation cycle #  500
Data assimilation cycle #  600
Data assimilation cycle #  700
Data assimilation cycle #  800
Data assimilation cycle #  900
Data assimilation cycle #  1000
Data assimilation cycle #  1100
Data assimilation cycle #  1200
Data assimilation cycle #  1300
Data assimilation cycle #  1400
Data assimilation cycle #  1500
Data assimilation cycle #  1600
Data assimilation cycle #  1700
Data assimilation cycle #  1800
Data assimilation cycle #  1900
Data assimilation cycle #  2000
Data assimilation cycle #  2100
Data assimilation cycle #  2200
Data assimilation cycle #  2300
Data assimilation cycle #  2400
Data assimilation cycle #  2500
Data assimilation cycle #  2600
Data assimilation cycle #  2700
Data assimilation cycle #  2800
Data assimilation cycle #  2900
Data assimilation cycle #  3000
Data assimilation cycle #  3100
Data assimilation cycle #  3200
Data assimilation cycle #  3300
Data assimilation cycle #  3400
Data assimilation cycle #  3500
Data assimilation cycle #  3600
Data assimilation cycle #  3700
Data assimilation cycle #  3800
Data assimilation cycle #  3900
Data assimilation cycle #  4000
Data assimilation cycle #  4100
Data assimilation cycle #  4200
Data assimilation cycle #  4300
Data assimilation cycle #  4400
Data assimilation cycle #  4500
Data assimilation cycle #  4600
Data assimilation cycle #  4700
Data assimilation cycle #  4800
Data assimilation cycle #  4900
Multiplicative Inflation 1.1
Localization Scale 4.0
AlphaTemp [1.]
Analisis RMSE:  3.32619174487418
Forecast RMSE:  3.4766964578869937
Analisis SPRD:  3.50688997515117
Forecast SPRD:  3.572641839204041
Reading observations from file  ./data/Nature/MultipleNature_Nature_Freq16_Den0.25_Type1_ObsErr25.npz

This is a TWIN experiment

Using AlphaTempScale to compute tempering dt
Tempering steps:  [1.]
Dt pseudo times:  [1.]
Data assimilation cycle #  100
Data assimilation cycle #  200
Data assimilation cycle #  300
Data assimilation cycle #  400
Data assimilation cycle #  500
Data assimilation cycle #  600
Data assimilation cycle #  700
Data assimilation cycle #  800
Data assimilation cycle #  900
Data assimilation cycle #  1000
Data assimilation cycle #  1100
Data assimilation cycle #  1200
Data assimilation cycle #  1300
Data assimilation cycle #  1400
Data assimilation cycle #  1500
Data assimilation cycle #  1600
Data assimilation cycle #  1700
Data assimilation cycle #  1800
Data assimilation cycle #  1900
Data assimilation cycle #  2000
Data assimilation cycle #  2100
Data assimilation cycle #  2200
Data assimilation cycle #  2300
Data assimilation cycle #  2400
Data assimilation cycle #  2500
Data assimilation cycle #  2600
Data assimilation cycle #  2700
Data assimilation cycle #  2800
Data assimilation cycle #  2900
Data assimilation cycle #  3000
Data assimilation cycle #  3100
Data assimilation cycle #  3200
Data assimilation cycle #  3300
Data assimilation cycle #  3400
Data assimilation cycle #  3500
Data assimilation cycle #  3600
Data assimilation cycle #  3700
Data assimilation cycle #  3800
Data assimilation cycle #  3900
Data assimilation cycle #  4000
Data assimilation cycle #  4100
Data assimilation cycle #  4200
Data assimilation cycle #  4300
Data assimilation cycle #  4400
Data assimilation cycle #  4500
Data assimilation cycle #  4600
Data assimilation cycle #  4700
Data assimilation cycle #  4800
Data assimilation cycle #  4900
Multiplicative Inflation 1.1500000000000001
Localization Scale 1.0
AlphaTemp [1.]
Analisis RMSE:  3.395578661349932
Forecast RMSE:  3.5498152427746335
Analisis SPRD:  3.888562039322852
Forecast SPRD:  3.8400506296442716
Reading observations from file  ./data/Nature/MultipleNature_Nature_Freq16_Den0.25_Type1_ObsErr25.npz

This is a TWIN experiment

Using AlphaTempScale to compute tempering dt
Tempering steps:  [1.]
Dt pseudo times:  [1.]
Data assimilation cycle #  100
Data assimilation cycle #  200
Data assimilation cycle #  300
Data assimilation cycle #  400
Data assimilation cycle #  500
Data assimilation cycle #  600
Data assimilation cycle #  700
Data assimilation cycle #  800
Data assimilation cycle #  900
Data assimilation cycle #  1000
Data assimilation cycle #  1100
Data assimilation cycle #  1200
Data assimilation cycle #  1300
Data assimilation cycle #  1400
Data assimilation cycle #  1500
Data assimilation cycle #  1600
Data assimilation cycle #  1700
Data assimilation cycle #  1800
Data assimilation cycle #  1900
Data assimilation cycle #  2000
Data assimilation cycle #  2100
Data assimilation cycle #  2200
Data assimilation cycle #  2300
Data assimilation cycle #  2400
Data assimilation cycle #  2500
Data assimilation cycle #  2600
Data assimilation cycle #  2700
Data assimilation cycle #  2800
Data assimilation cycle #  2900
Data assimilation cycle #  3000
Data assimilation cycle #  3100
Data assimilation cycle #  3200
Data assimilation cycle #  3300
Data assimilation cycle #  3400
Data assimilation cycle #  3500
Data assimilation cycle #  3600
Data assimilation cycle #  3700
Data assimilation cycle #  3800
Data assimilation cycle #  3900
Data assimilation cycle #  4000
Data assimilation cycle #  4100
Data assimilation cycle #  4200
Data assimilation cycle #  4300
Data assimilation cycle #  4400
Data assimilation cycle #  4500
Data assimilation cycle #  4600
Data assimilation cycle #  4700
Data assimilation cycle #  4800
Data assimilation cycle #  4900
Multiplicative Inflation 1.1500000000000001
Localization Scale 1.5
AlphaTemp [1.]
Analisis RMSE:  3.3877698573391997
Forecast RMSE:  3.5416357190135472
Analisis SPRD:  3.8608858290933865
Forecast SPRD:  3.824391421744751
Reading observations from file  ./data/Nature/MultipleNature_Nature_Freq16_Den0.25_Type1_ObsErr25.npz

This is a TWIN experiment

Using AlphaTempScale to compute tempering dt
Tempering steps:  [1.]
Dt pseudo times:  [1.]
Data assimilation cycle #  100
Data assimilation cycle #  200
Data assimilation cycle #  300
Data assimilation cycle #  400
Data assimilation cycle #  500
Data assimilation cycle #  600
Data assimilation cycle #  700
Data assimilation cycle #  800
Data assimilation cycle #  900
Data assimilation cycle #  1000
Data assimilation cycle #  1100
Data assimilation cycle #  1200
Data assimilation cycle #  1300
Data assimilation cycle #  1400
Data assimilation cycle #  1500
Data assimilation cycle #  1600
Data assimilation cycle #  1700
Data assimilation cycle #  1800
Data assimilation cycle #  1900
Data assimilation cycle #  2000
Data assimilation cycle #  2100
Data assimilation cycle #  2200
Data assimilation cycle #  2300
Data assimilation cycle #  2400
Data assimilation cycle #  2500
Data assimilation cycle #  2600
Data assimilation cycle #  2700
Data assimilation cycle #  2800
Data assimilation cycle #  2900
Data assimilation cycle #  3000
Data assimilation cycle #  3100
Data assimilation cycle #  3200
Data assimilation cycle #  3300
Data assimilation cycle #  3400
Data assimilation cycle #  3500
Data assimilation cycle #  3600
Data assimilation cycle #  3700
Data assimilation cycle #  3800
Data assimilation cycle #  3900
Data assimilation cycle #  4000
Data assimilation cycle #  4100
Data assimilation cycle #  4200
Data assimilation cycle #  4300
Data assimilation cycle #  4400
Data assimilation cycle #  4500
Data assimilation cycle #  4600
Data assimilation cycle #  4700
Data assimilation cycle #  4800
Data assimilation cycle #  4900
Multiplicative Inflation 1.1500000000000001
Localization Scale 2.0
AlphaTemp [1.]
Analisis RMSE:  3.385294886382391
Forecast RMSE:  3.540081969026081
Analisis SPRD:  3.8345716994205397
Forecast SPRD:  3.808561376222206
Reading observations from file  ./data/Nature/MultipleNature_Nature_Freq16_Den0.25_Type1_ObsErr25.npz

This is a TWIN experiment

Using AlphaTempScale to compute tempering dt
Tempering steps:  [1.]
Dt pseudo times:  [1.]
Data assimilation cycle #  100
Data assimilation cycle #  200
Data assimilation cycle #  300
Data assimilation cycle #  400
Data assimilation cycle #  500
Data assimilation cycle #  600
Data assimilation cycle #  700
Data assimilation cycle #  800
Data assimilation cycle #  900
Data assimilation cycle #  1000
Data assimilation cycle #  1100
Data assimilation cycle #  1200
Data assimilation cycle #  1300
Data assimilation cycle #  1400
Data assimilation cycle #  1500
Data assimilation cycle #  1600
Data assimilation cycle #  1700
Data assimilation cycle #  1800
Data assimilation cycle #  1900
Data assimilation cycle #  2000
Data assimilation cycle #  2100
Data assimilation cycle #  2200
Data assimilation cycle #  2300
Data assimilation cycle #  2400
Data assimilation cycle #  2500
Data assimilation cycle #  2600
Data assimilation cycle #  2700
Data assimilation cycle #  2800
Data assimilation cycle #  2900
Data assimilation cycle #  3000
Data assimilation cycle #  3100
Data assimilation cycle #  3200
Data assimilation cycle #  3300
Data assimilation cycle #  3400
Data assimilation cycle #  3500
Data assimilation cycle #  3600
Data assimilation cycle #  3700
Data assimilation cycle #  3800
Data assimilation cycle #  3900
Data assimilation cycle #  4000
Data assimilation cycle #  4100
Data assimilation cycle #  4200
Data assimilation cycle #  4300
Data assimilation cycle #  4400
Data assimilation cycle #  4500
Data assimilation cycle #  4600
Data assimilation cycle #  4700
Data assimilation cycle #  4800
Data assimilation cycle #  4900
Multiplicative Inflation 1.1500000000000001
Localization Scale 2.5
AlphaTemp [1.]
Analisis RMSE:  3.3884130669179413
Forecast RMSE:  3.5372335055551494
Analisis SPRD:  3.810145844082977
Forecast SPRD:  3.7930142230843473
Reading observations from file  ./data/Nature/MultipleNature_Nature_Freq16_Den0.25_Type1_ObsErr25.npz

This is a TWIN experiment

Using AlphaTempScale to compute tempering dt
Tempering steps:  [1.]
Dt pseudo times:  [1.]
Data assimilation cycle #  100
Data assimilation cycle #  200
Data assimilation cycle #  300
Data assimilation cycle #  400
Data assimilation cycle #  500
Data assimilation cycle #  600
Data assimilation cycle #  700
Data assimilation cycle #  800
Data assimilation cycle #  900
Data assimilation cycle #  1000
Data assimilation cycle #  1100
Data assimilation cycle #  1200
Data assimilation cycle #  1300
Data assimilation cycle #  1400
Data assimilation cycle #  1500
Data assimilation cycle #  1600
Data assimilation cycle #  1700
Data assimilation cycle #  1800
Data assimilation cycle #  1900
Data assimilation cycle #  2000
Data assimilation cycle #  2100
Data assimilation cycle #  2200
Data assimilation cycle #  2300
Data assimilation cycle #  2400
Data assimilation cycle #  2500
Data assimilation cycle #  2600
Data assimilation cycle #  2700
Data assimilation cycle #  2800
Data assimilation cycle #  2900
Data assimilation cycle #  3000
Data assimilation cycle #  3100
Data assimilation cycle #  3200
Data assimilation cycle #  3300
Data assimilation cycle #  3400
Data assimilation cycle #  3500
Data assimilation cycle #  3600
Data assimilation cycle #  3700
Data assimilation cycle #  3800
Data assimilation cycle #  3900
Data assimilation cycle #  4000
Data assimilation cycle #  4100
Data assimilation cycle #  4200
Data assimilation cycle #  4300
Data assimilation cycle #  4400
Data assimilation cycle #  4500
Data assimilation cycle #  4600
Data assimilation cycle #  4700
Data assimilation cycle #  4800
Data assimilation cycle #  4900
Multiplicative Inflation 1.1500000000000001
Localization Scale 3.0
AlphaTemp [1.]
Analisis RMSE:  3.3837462730388976
Forecast RMSE:  3.532693548623972
Analisis SPRD:  3.791723296203441
Forecast SPRD:  3.7808936640317428
Reading observations from file  ./data/Nature/MultipleNature_Nature_Freq16_Den0.25_Type1_ObsErr25.npz

This is a TWIN experiment

Using AlphaTempScale to compute tempering dt
Tempering steps:  [1.]
Dt pseudo times:  [1.]
Data assimilation cycle #  100
Data assimilation cycle #  200
Data assimilation cycle #  300
Data assimilation cycle #  400
Data assimilation cycle #  500
Data assimilation cycle #  600
Data assimilation cycle #  700
Data assimilation cycle #  800
Data assimilation cycle #  900
Data assimilation cycle #  1000
Data assimilation cycle #  1100
Data assimilation cycle #  1200
Data assimilation cycle #  1300
Data assimilation cycle #  1400
Data assimilation cycle #  1500
Data assimilation cycle #  1600
Data assimilation cycle #  1700
Data assimilation cycle #  1800
Data assimilation cycle #  1900
Data assimilation cycle #  2000
Data assimilation cycle #  2100
Data assimilation cycle #  2200
Data assimilation cycle #  2300
Data assimilation cycle #  2400
Data assimilation cycle #  2500
Data assimilation cycle #  2600
Data assimilation cycle #  2700
Data assimilation cycle #  2800
Data assimilation cycle #  2900
Data assimilation cycle #  3000
Data assimilation cycle #  3100
Data assimilation cycle #  3200
Data assimilation cycle #  3300
Data assimilation cycle #  3400
Data assimilation cycle #  3500
Data assimilation cycle #  3600
Data assimilation cycle #  3700
Data assimilation cycle #  3800
Data assimilation cycle #  3900
Data assimilation cycle #  4000
Data assimilation cycle #  4100
Data assimilation cycle #  4200
Data assimilation cycle #  4300
Data assimilation cycle #  4400
Data assimilation cycle #  4500
Data assimilation cycle #  4600
Data assimilation cycle #  4700
Data assimilation cycle #  4800
Data assimilation cycle #  4900
Multiplicative Inflation 1.1500000000000001
Localization Scale 3.5
AlphaTemp [1.]
Analisis RMSE:  3.3901797165199077
Forecast RMSE:  3.533734929851024
Analisis SPRD:  3.7693342876961387
Forecast SPRD:  3.7654721606380703
Reading observations from file  ./data/Nature/MultipleNature_Nature_Freq16_Den0.25_Type1_ObsErr25.npz

This is a TWIN experiment

Using AlphaTempScale to compute tempering dt
Tempering steps:  [1.]
Dt pseudo times:  [1.]
Data assimilation cycle #  100
Data assimilation cycle #  200
Data assimilation cycle #  300
Data assimilation cycle #  400
Data assimilation cycle #  500
Data assimilation cycle #  600
Data assimilation cycle #  700
Data assimilation cycle #  800
Data assimilation cycle #  900
Data assimilation cycle #  1000
Data assimilation cycle #  1100
Data assimilation cycle #  1200
Data assimilation cycle #  1300
Data assimilation cycle #  1400
Data assimilation cycle #  1500
Data assimilation cycle #  1600
Data assimilation cycle #  1700
Data assimilation cycle #  1800
Data assimilation cycle #  1900
Data assimilation cycle #  2000
Data assimilation cycle #  2100
Data assimilation cycle #  2200
Data assimilation cycle #  2300
Data assimilation cycle #  2400
Data assimilation cycle #  2500
Data assimilation cycle #  2600
Data assimilation cycle #  2700
Data assimilation cycle #  2800
Data assimilation cycle #  2900
Data assimilation cycle #  3000
Data assimilation cycle #  3100
Data assimilation cycle #  3200
Data assimilation cycle #  3300
Data assimilation cycle #  3400
Data assimilation cycle #  3500
Data assimilation cycle #  3600
Data assimilation cycle #  3700
Data assimilation cycle #  3800
Data assimilation cycle #  3900
Data assimilation cycle #  4000
Data assimilation cycle #  4100
Data assimilation cycle #  4200
Data assimilation cycle #  4300
Data assimilation cycle #  4400
Data assimilation cycle #  4500
Data assimilation cycle #  4600
Data assimilation cycle #  4700
Data assimilation cycle #  4800
Data assimilation cycle #  4900
Multiplicative Inflation 1.1500000000000001
Localization Scale 4.0
AlphaTemp [1.]
Analisis RMSE:  3.3860042928356995
Forecast RMSE:  3.5286212457828676
Analisis SPRD:  3.746923213022852
Forecast SPRD:  3.750315503176046
Reading observations from file  ./data/Nature/MultipleNature_Nature_Freq16_Den0.25_Type1_ObsErr25.npz

This is a TWIN experiment

Using AlphaTempScale to compute tempering dt
Tempering steps:  [1.]
Dt pseudo times:  [1.]
Data assimilation cycle #  100
Data assimilation cycle #  200
Data assimilation cycle #  300
Data assimilation cycle #  400
Data assimilation cycle #  500
Data assimilation cycle #  600
Data assimilation cycle #  700
Data assimilation cycle #  800
Data assimilation cycle #  900
Data assimilation cycle #  1000
Data assimilation cycle #  1100
Data assimilation cycle #  1200
Data assimilation cycle #  1300
Data assimilation cycle #  1400
Data assimilation cycle #  1500
Data assimilation cycle #  1600
Data assimilation cycle #  1700
Data assimilation cycle #  1800
Data assimilation cycle #  1900
Data assimilation cycle #  2000
Data assimilation cycle #  2100
Data assimilation cycle #  2200
Data assimilation cycle #  2300
Data assimilation cycle #  2400
Data assimilation cycle #  2500
Data assimilation cycle #  2600
Data assimilation cycle #  2700
Data assimilation cycle #  2800
Data assimilation cycle #  2900
Data assimilation cycle #  3000
Data assimilation cycle #  3100
Data assimilation cycle #  3200
Data assimilation cycle #  3300
Data assimilation cycle #  3400
Data assimilation cycle #  3500
Data assimilation cycle #  3600
Data assimilation cycle #  3700
Data assimilation cycle #  3800
Data assimilation cycle #  3900
Data assimilation cycle #  4000
Data assimilation cycle #  4100
Data assimilation cycle #  4200
Data assimilation cycle #  4300
Data assimilation cycle #  4400
Data assimilation cycle #  4500
Data assimilation cycle #  4600
Data assimilation cycle #  4700
Data assimilation cycle #  4800
Data assimilation cycle #  4900
Multiplicative Inflation 1.2000000000000002
Localization Scale 1.0
AlphaTemp [1.]
Analisis RMSE:  3.457268687946052
Forecast RMSE:  3.604758511880425
Analisis SPRD:  4.162757303051143
Forecast SPRD:  4.043400341642763
Reading observations from file  ./data/Nature/MultipleNature_Nature_Freq16_Den0.25_Type1_ObsErr25.npz

This is a TWIN experiment

Using AlphaTempScale to compute tempering dt
Tempering steps:  [1.]
Dt pseudo times:  [1.]
Data assimilation cycle #  100
Data assimilation cycle #  200
Data assimilation cycle #  300
Data assimilation cycle #  400
Data assimilation cycle #  500
Data assimilation cycle #  600
Data assimilation cycle #  700
Data assimilation cycle #  800
Data assimilation cycle #  900
Data assimilation cycle #  1000
Data assimilation cycle #  1100
Data assimilation cycle #  1200
Data assimilation cycle #  1300
Data assimilation cycle #  1400
Data assimilation cycle #  1500
Data assimilation cycle #  1600
Data assimilation cycle #  1700
Data assimilation cycle #  1800
Data assimilation cycle #  1900
Data assimilation cycle #  2000
Data assimilation cycle #  2100
Data assimilation cycle #  2200
Data assimilation cycle #  2300
Data assimilation cycle #  2400
Data assimilation cycle #  2500
Data assimilation cycle #  2600
Data assimilation cycle #  2700
Data assimilation cycle #  2800
Data assimilation cycle #  2900
Data assimilation cycle #  3000
Data assimilation cycle #  3100
Data assimilation cycle #  3200
Data assimilation cycle #  3300
Data assimilation cycle #  3400
Data assimilation cycle #  3500
Data assimilation cycle #  3600
Data assimilation cycle #  3700
Data assimilation cycle #  3800
Data assimilation cycle #  3900
Data assimilation cycle #  4000
Data assimilation cycle #  4100
Data assimilation cycle #  4200
Data assimilation cycle #  4300
Data assimilation cycle #  4400
Data assimilation cycle #  4500
Data assimilation cycle #  4600
Data assimilation cycle #  4700
Data assimilation cycle #  4800
Data assimilation cycle #  4900
Multiplicative Inflation 1.2000000000000002
Localization Scale 1.5
AlphaTemp [1.]
Analisis RMSE:  3.4507214777630937
Forecast RMSE:  3.597078596534493
Analisis SPRD:  4.126658250449736
Forecast SPRD:  4.0223267525739885
Reading observations from file  ./data/Nature/MultipleNature_Nature_Freq16_Den0.25_Type1_ObsErr25.npz

This is a TWIN experiment

Using AlphaTempScale to compute tempering dt
Tempering steps:  [1.]
Dt pseudo times:  [1.]
Data assimilation cycle #  100
Data assimilation cycle #  200
Data assimilation cycle #  300
Data assimilation cycle #  400
Data assimilation cycle #  500
Data assimilation cycle #  600
Data assimilation cycle #  700
Data assimilation cycle #  800
Data assimilation cycle #  900
Data assimilation cycle #  1000
Data assimilation cycle #  1100
Data assimilation cycle #  1200
Data assimilation cycle #  1300
Data assimilation cycle #  1400
Data assimilation cycle #  1500
Data assimilation cycle #  1600
Data assimilation cycle #  1700
Data assimilation cycle #  1800
Data assimilation cycle #  1900
Data assimilation cycle #  2000
Data assimilation cycle #  2100
Data assimilation cycle #  2200
Data assimilation cycle #  2300
Data assimilation cycle #  2400
Data assimilation cycle #  2500
Data assimilation cycle #  2600
Data assimilation cycle #  2700
Data assimilation cycle #  2800
Data assimilation cycle #  2900
Data assimilation cycle #  3000
Data assimilation cycle #  3100
Data assimilation cycle #  3200
Data assimilation cycle #  3300
Data assimilation cycle #  3400
Data assimilation cycle #  3500
Data assimilation cycle #  3600
Data assimilation cycle #  3700
Data assimilation cycle #  3800
Data assimilation cycle #  3900
Data assimilation cycle #  4000
Data assimilation cycle #  4100
Data assimilation cycle #  4200
Data assimilation cycle #  4300
Data assimilation cycle #  4400
Data assimilation cycle #  4500
Data assimilation cycle #  4600
Data assimilation cycle #  4700
Data assimilation cycle #  4800
Data assimilation cycle #  4900
Multiplicative Inflation 1.2000000000000002
Localization Scale 2.0
AlphaTemp [1.]
Analisis RMSE:  3.4487658553170375
Forecast RMSE:  3.5897918933053403
Analisis SPRD:  4.0997717319247196
Forecast SPRD:  4.005638965184294
Reading observations from file  ./data/Nature/MultipleNature_Nature_Freq16_Den0.25_Type1_ObsErr25.npz

This is a TWIN experiment

Using AlphaTempScale to compute tempering dt
Tempering steps:  [1.]
Dt pseudo times:  [1.]
Data assimilation cycle #  100
Data assimilation cycle #  200
Data assimilation cycle #  300
Data assimilation cycle #  400
Data assimilation cycle #  500
Data assimilation cycle #  600
Data assimilation cycle #  700
Data assimilation cycle #  800
Data assimilation cycle #  900
Data assimilation cycle #  1000
Data assimilation cycle #  1100
Data assimilation cycle #  1200
Data assimilation cycle #  1300
Data assimilation cycle #  1400
Data assimilation cycle #  1500
Data assimilation cycle #  1600
Data assimilation cycle #  1700
Data assimilation cycle #  1800
Data assimilation cycle #  1900
Data assimilation cycle #  2000
Data assimilation cycle #  2100
Data assimilation cycle #  2200
Data assimilation cycle #  2300
Data assimilation cycle #  2400
Data assimilation cycle #  2500
Data assimilation cycle #  2600
Data assimilation cycle #  2700
Data assimilation cycle #  2800
Data assimilation cycle #  2900
Data assimilation cycle #  3000
Data assimilation cycle #  3100
Data assimilation cycle #  3200
Data assimilation cycle #  3300
Data assimilation cycle #  3400
Data assimilation cycle #  3500
Data assimilation cycle #  3600
Data assimilation cycle #  3700
Data assimilation cycle #  3800
Data assimilation cycle #  3900
Data assimilation cycle #  4000
Data assimilation cycle #  4100
Data assimilation cycle #  4200
Data assimilation cycle #  4300
Data assimilation cycle #  4400
Data assimilation cycle #  4500
Data assimilation cycle #  4600
Data assimilation cycle #  4700
Data assimilation cycle #  4800
Data assimilation cycle #  4900
Multiplicative Inflation 1.2000000000000002
Localization Scale 2.5
AlphaTemp [1.]
Analisis RMSE:  3.4461400436744185
Forecast RMSE:  3.5882913808637595
Analisis SPRD:  4.0708994059290955
Forecast SPRD:  3.9857105287150554
Reading observations from file  ./data/Nature/MultipleNature_Nature_Freq16_Den0.25_Type1_ObsErr25.npz

This is a TWIN experiment

Using AlphaTempScale to compute tempering dt
Tempering steps:  [1.]
Dt pseudo times:  [1.]
Data assimilation cycle #  100
Data assimilation cycle #  200
Data assimilation cycle #  300
Data assimilation cycle #  400
Data assimilation cycle #  500
Data assimilation cycle #  600
Data assimilation cycle #  700
Data assimilation cycle #  800
Data assimilation cycle #  900
Data assimilation cycle #  1000
Data assimilation cycle #  1100
Data assimilation cycle #  1200
Data assimilation cycle #  1300
Data assimilation cycle #  1400
Data assimilation cycle #  1500
Data assimilation cycle #  1600
Data assimilation cycle #  1700
Data assimilation cycle #  1800
Data assimilation cycle #  1900
Data assimilation cycle #  2000
Data assimilation cycle #  2100
Data assimilation cycle #  2200
Data assimilation cycle #  2300
Data assimilation cycle #  2400
Data assimilation cycle #  2500
Data assimilation cycle #  2600
Data assimilation cycle #  2700
Data assimilation cycle #  2800
Data assimilation cycle #  2900
Data assimilation cycle #  3000
Data assimilation cycle #  3100
Data assimilation cycle #  3200
Data assimilation cycle #  3300
Data assimilation cycle #  3400
Data assimilation cycle #  3500
Data assimilation cycle #  3600
Data assimilation cycle #  3700
Data assimilation cycle #  3800
Data assimilation cycle #  3900
Data assimilation cycle #  4000
Data assimilation cycle #  4100
Data assimilation cycle #  4200
Data assimilation cycle #  4300
Data assimilation cycle #  4400
Data assimilation cycle #  4500
Data assimilation cycle #  4600
Data assimilation cycle #  4700
Data assimilation cycle #  4800
Data assimilation cycle #  4900
Multiplicative Inflation 1.2000000000000002
Localization Scale 3.0
AlphaTemp [1.]
Analisis RMSE:  3.4516678226743496
Forecast RMSE:  3.5881967197451985
Analisis SPRD:  4.046083927695372
Forecast SPRD:  3.9697591434996804
Reading observations from file  ./data/Nature/MultipleNature_Nature_Freq16_Den0.25_Type1_ObsErr25.npz

This is a TWIN experiment

Using AlphaTempScale to compute tempering dt
Tempering steps:  [1.]
Dt pseudo times:  [1.]
Data assimilation cycle #  100
Data assimilation cycle #  200
Data assimilation cycle #  300
Data assimilation cycle #  400
Data assimilation cycle #  500
Data assimilation cycle #  600
Data assimilation cycle #  700
Data assimilation cycle #  800
Data assimilation cycle #  900
Data assimilation cycle #  1000
Data assimilation cycle #  1100
Data assimilation cycle #  1200
Data assimilation cycle #  1300
Data assimilation cycle #  1400
Data assimilation cycle #  1500
Data assimilation cycle #  1600
Data assimilation cycle #  1700
Data assimilation cycle #  1800
Data assimilation cycle #  1900
Data assimilation cycle #  2000
Data assimilation cycle #  2100
Data assimilation cycle #  2200
Data assimilation cycle #  2300
Data assimilation cycle #  2400
Data assimilation cycle #  2500
Data assimilation cycle #  2600
Data assimilation cycle #  2700
Data assimilation cycle #  2800
Data assimilation cycle #  2900
Data assimilation cycle #  3000
Data assimilation cycle #  3100
Data assimilation cycle #  3200
Data assimilation cycle #  3300
Data assimilation cycle #  3400
Data assimilation cycle #  3500
Data assimilation cycle #  3600
Data assimilation cycle #  3700
Data assimilation cycle #  3800
Data assimilation cycle #  3900
Data assimilation cycle #  4000
Data assimilation cycle #  4100
Data assimilation cycle #  4200
Data assimilation cycle #  4300
Data assimilation cycle #  4400
Data assimilation cycle #  4500
Data assimilation cycle #  4600
Data assimilation cycle #  4700
Data assimilation cycle #  4800
Data assimilation cycle #  4900
Multiplicative Inflation 1.2000000000000002
Localization Scale 3.5
AlphaTemp [1.]
Analisis RMSE:  3.4408124609822304
Forecast RMSE:  3.5771441736319303
Analisis SPRD:  4.01636883029354
Forecast SPRD:  3.9487584942214347
Reading observations from file  ./data/Nature/MultipleNature_Nature_Freq16_Den0.25_Type1_ObsErr25.npz

This is a TWIN experiment

Using AlphaTempScale to compute tempering dt
Tempering steps:  [1.]
Dt pseudo times:  [1.]
Data assimilation cycle #  100
Data assimilation cycle #  200
Data assimilation cycle #  300
Data assimilation cycle #  400
Data assimilation cycle #  500
Data assimilation cycle #  600
Data assimilation cycle #  700
Data assimilation cycle #  800
Data assimilation cycle #  900
Data assimilation cycle #  1000
Data assimilation cycle #  1100
Data assimilation cycle #  1200
Data assimilation cycle #  1300
Data assimilation cycle #  1400
Data assimilation cycle #  1500
Data assimilation cycle #  1600
Data assimilation cycle #  1700
Data assimilation cycle #  1800
Data assimilation cycle #  1900
Data assimilation cycle #  2000
Data assimilation cycle #  2100
Data assimilation cycle #  2200
Data assimilation cycle #  2300
Data assimilation cycle #  2400
Data assimilation cycle #  2500
Data assimilation cycle #  2600
Data assimilation cycle #  2700
Data assimilation cycle #  2800
Data assimilation cycle #  2900
Data assimilation cycle #  3000
Data assimilation cycle #  3100
Data assimilation cycle #  3200
Data assimilation cycle #  3300
Data assimilation cycle #  3400
Data assimilation cycle #  3500
Data assimilation cycle #  3600
Data assimilation cycle #  3700
Data assimilation cycle #  3800
Data assimilation cycle #  3900
Data assimilation cycle #  4000
Data assimilation cycle #  4100
Data assimilation cycle #  4200
Data assimilation cycle #  4300
Data assimilation cycle #  4400
Data assimilation cycle #  4500
Data assimilation cycle #  4600
Data assimilation cycle #  4700
Data assimilation cycle #  4800
Data assimilation cycle #  4900
Multiplicative Inflation 1.2000000000000002
Localization Scale 4.0
AlphaTemp [1.]
Analisis RMSE:  3.4472094154660526
Forecast RMSE:  3.579818399809261
Analisis SPRD:  4.003017184287457
Forecast SPRD:  3.943228450341342
Reading observations from file  ./data/Nature/MultipleNature_Nature_Freq16_Den0.25_Type1_ObsErr25.npz

This is a TWIN experiment

Using AlphaTempScale to compute tempering dt
Tempering steps:  [1.]
Dt pseudo times:  [1.]
Data assimilation cycle #  100
Data assimilation cycle #  200
Data assimilation cycle #  300
Data assimilation cycle #  400
Data assimilation cycle #  500
Data assimilation cycle #  600
Data assimilation cycle #  700
Data assimilation cycle #  800
Data assimilation cycle #  900
Data assimilation cycle #  1000
Data assimilation cycle #  1100
Data assimilation cycle #  1200
Data assimilation cycle #  1300
Data assimilation cycle #  1400
Data assimilation cycle #  1500
Data assimilation cycle #  1600
Data assimilation cycle #  1700
Data assimilation cycle #  1800
Data assimilation cycle #  1900
Data assimilation cycle #  2000
Data assimilation cycle #  2100
Data assimilation cycle #  2200
Data assimilation cycle #  2300
Data assimilation cycle #  2400
Data assimilation cycle #  2500
Data assimilation cycle #  2600
Data assimilation cycle #  2700
Data assimilation cycle #  2800
Data assimilation cycle #  2900
Data assimilation cycle #  3000
Data assimilation cycle #  3100
Data assimilation cycle #  3200
Data assimilation cycle #  3300
Data assimilation cycle #  3400
Data assimilation cycle #  3500
Data assimilation cycle #  3600
Data assimilation cycle #  3700
Data assimilation cycle #  3800
Data assimilation cycle #  3900
Data assimilation cycle #  4000
Data assimilation cycle #  4100
Data assimilation cycle #  4200
Data assimilation cycle #  4300
Data assimilation cycle #  4400
Data assimilation cycle #  4500
Data assimilation cycle #  4600
Data assimilation cycle #  4700
Data assimilation cycle #  4800
Data assimilation cycle #  4900
Multiplicative Inflation 1.2500000000000002
Localization Scale 1.0
AlphaTemp [1.]
Analisis RMSE:  3.509055608077682
Forecast RMSE:  3.6469807127172267
Analisis SPRD:  4.450455410653388
Forecast SPRD:  4.257099257561085
Reading observations from file  ./data/Nature/MultipleNature_Nature_Freq16_Den0.25_Type1_ObsErr25.npz

This is a TWIN experiment

Using AlphaTempScale to compute tempering dt
Tempering steps:  [1.]
Dt pseudo times:  [1.]
Data assimilation cycle #  100
Data assimilation cycle #  200
Data assimilation cycle #  300
Data assimilation cycle #  400
Data assimilation cycle #  500
Data assimilation cycle #  600
Data assimilation cycle #  700
Data assimilation cycle #  800
Data assimilation cycle #  900
Data assimilation cycle #  1000
Data assimilation cycle #  1100
Data assimilation cycle #  1200
Data assimilation cycle #  1300
Data assimilation cycle #  1400
Data assimilation cycle #  1500
Data assimilation cycle #  1600
Data assimilation cycle #  1700
Data assimilation cycle #  1800
Data assimilation cycle #  1900
Data assimilation cycle #  2000
Data assimilation cycle #  2100
Data assimilation cycle #  2200
Data assimilation cycle #  2300
Data assimilation cycle #  2400
Data assimilation cycle #  2500
Data assimilation cycle #  2600
Data assimilation cycle #  2700
Data assimilation cycle #  2800
Data assimilation cycle #  2900
Data assimilation cycle #  3000
Data assimilation cycle #  3100
Data assimilation cycle #  3200
Data assimilation cycle #  3300
Data assimilation cycle #  3400
Data assimilation cycle #  3500
Data assimilation cycle #  3600
Data assimilation cycle #  3700
Data assimilation cycle #  3800
Data assimilation cycle #  3900
Data assimilation cycle #  4000
Data assimilation cycle #  4100
Data assimilation cycle #  4200
Data assimilation cycle #  4300
Data assimilation cycle #  4400
Data assimilation cycle #  4500
Data assimilation cycle #  4600
Data assimilation cycle #  4700
Data assimilation cycle #  4800
Data assimilation cycle #  4900
Multiplicative Inflation 1.2500000000000002
Localization Scale 1.5
AlphaTemp [1.]
Analisis RMSE:  3.5037955978337356
Forecast RMSE:  3.639954172102726
Analisis SPRD:  4.405016429841352
Forecast SPRD:  4.228040151492742
Reading observations from file  ./data/Nature/MultipleNature_Nature_Freq16_Den0.25_Type1_ObsErr25.npz

This is a TWIN experiment

Using AlphaTempScale to compute tempering dt
Tempering steps:  [1.]
Dt pseudo times:  [1.]
Data assimilation cycle #  100
Data assimilation cycle #  200
Data assimilation cycle #  300
Data assimilation cycle #  400
Data assimilation cycle #  500
Data assimilation cycle #  600
Data assimilation cycle #  700
Data assimilation cycle #  800
Data assimilation cycle #  900
Data assimilation cycle #  1000
Data assimilation cycle #  1100
Data assimilation cycle #  1200
Data assimilation cycle #  1300
Data assimilation cycle #  1400
Data assimilation cycle #  1500
Data assimilation cycle #  1600
Data assimilation cycle #  1700
Data assimilation cycle #  1800
Data assimilation cycle #  1900
Data assimilation cycle #  2000
Data assimilation cycle #  2100
Data assimilation cycle #  2200
Data assimilation cycle #  2300
Data assimilation cycle #  2400
Data assimilation cycle #  2500
Data assimilation cycle #  2600
Data assimilation cycle #  2700
Data assimilation cycle #  2800
Data assimilation cycle #  2900
Data assimilation cycle #  3000
Data assimilation cycle #  3100
Data assimilation cycle #  3200
Data assimilation cycle #  3300
Data assimilation cycle #  3400
Data assimilation cycle #  3500
Data assimilation cycle #  3600
Data assimilation cycle #  3700
Data assimilation cycle #  3800
Data assimilation cycle #  3900
Data assimilation cycle #  4000
Data assimilation cycle #  4100
Data assimilation cycle #  4200
Data assimilation cycle #  4300
Data assimilation cycle #  4400
Data assimilation cycle #  4500
Data assimilation cycle #  4600
Data assimilation cycle #  4700
Data assimilation cycle #  4800
Data assimilation cycle #  4900
Multiplicative Inflation 1.2500000000000002
Localization Scale 2.0
AlphaTemp [1.]
Analisis RMSE:  3.507234690826132
Forecast RMSE:  3.6370680270536626
Analisis SPRD:  4.376977763538206
Forecast SPRD:  4.213132493395726
Reading observations from file  ./data/Nature/MultipleNature_Nature_Freq16_Den0.25_Type1_ObsErr25.npz

This is a TWIN experiment

Using AlphaTempScale to compute tempering dt
Tempering steps:  [1.]
Dt pseudo times:  [1.]
Data assimilation cycle #  100
Data assimilation cycle #  200
Data assimilation cycle #  300
Data assimilation cycle #  400
Data assimilation cycle #  500
Data assimilation cycle #  600
Data assimilation cycle #  700
Data assimilation cycle #  800
Data assimilation cycle #  900
Data assimilation cycle #  1000
Data assimilation cycle #  1100
Data assimilation cycle #  1200
Data assimilation cycle #  1300
Data assimilation cycle #  1400
Data assimilation cycle #  1500
Data assimilation cycle #  1600
Data assimilation cycle #  1700
Data assimilation cycle #  1800
Data assimilation cycle #  1900
Data assimilation cycle #  2000
Data assimilation cycle #  2100
Data assimilation cycle #  2200
Data assimilation cycle #  2300
Data assimilation cycle #  2400
Data assimilation cycle #  2500
Data assimilation cycle #  2600
Data assimilation cycle #  2700
Data assimilation cycle #  2800
Data assimilation cycle #  2900
Data assimilation cycle #  3000
Data assimilation cycle #  3100
Data assimilation cycle #  3200
Data assimilation cycle #  3300
Data assimilation cycle #  3400
Data assimilation cycle #  3500
Data assimilation cycle #  3600
Data assimilation cycle #  3700
Data assimilation cycle #  3800
Data assimilation cycle #  3900
Data assimilation cycle #  4000
Data assimilation cycle #  4100
Data assimilation cycle #  4200
Data assimilation cycle #  4300
Data assimilation cycle #  4400
Data assimilation cycle #  4500
Data assimilation cycle #  4600
Data assimilation cycle #  4700
Data assimilation cycle #  4800
Data assimilation cycle #  4900
Multiplicative Inflation 1.2500000000000002
Localization Scale 2.5
AlphaTemp [1.]
Analisis RMSE:  3.507145872751944
Forecast RMSE:  3.6348160520243185
Analisis SPRD:  4.341785555786577
Forecast SPRD:  4.188545791389745
Reading observations from file  ./data/Nature/MultipleNature_Nature_Freq16_Den0.25_Type1_ObsErr25.npz

This is a TWIN experiment

Using AlphaTempScale to compute tempering dt
Tempering steps:  [1.]
Dt pseudo times:  [1.]
Data assimilation cycle #  100
Data assimilation cycle #  200
Data assimilation cycle #  300
Data assimilation cycle #  400
Data assimilation cycle #  500
Data assimilation cycle #  600
Data assimilation cycle #  700
Data assimilation cycle #  800
Data assimilation cycle #  900
Data assimilation cycle #  1000
Data assimilation cycle #  1100
Data assimilation cycle #  1200
Data assimilation cycle #  1300
Data assimilation cycle #  1400
Data assimilation cycle #  1500
Data assimilation cycle #  1600
Data assimilation cycle #  1700
Data assimilation cycle #  1800
Data assimilation cycle #  1900
Data assimilation cycle #  2000
Data assimilation cycle #  2100
Data assimilation cycle #  2200
Data assimilation cycle #  2300
Data assimilation cycle #  2400
Data assimilation cycle #  2500
Data assimilation cycle #  2600
Data assimilation cycle #  2700
Data assimilation cycle #  2800
Data assimilation cycle #  2900
Data assimilation cycle #  3000
Data assimilation cycle #  3100
Data assimilation cycle #  3200
Data assimilation cycle #  3300
Data assimilation cycle #  3400
Data assimilation cycle #  3500
Data assimilation cycle #  3600
Data assimilation cycle #  3700
Data assimilation cycle #  3800
Data assimilation cycle #  3900
Data assimilation cycle #  4000
Data assimilation cycle #  4100
Data assimilation cycle #  4200
Data assimilation cycle #  4300
Data assimilation cycle #  4400
Data assimilation cycle #  4500
Data assimilation cycle #  4600
Data assimilation cycle #  4700
Data assimilation cycle #  4800
Data assimilation cycle #  4900
Multiplicative Inflation 1.2500000000000002
Localization Scale 3.0
AlphaTemp [1.]
Analisis RMSE:  3.505124367392521
Forecast RMSE:  3.628959138860987
Analisis SPRD:  4.309323292428406
Forecast SPRD:  4.165506982802734
Reading observations from file  ./data/Nature/MultipleNature_Nature_Freq16_Den0.25_Type1_ObsErr25.npz

This is a TWIN experiment

Using AlphaTempScale to compute tempering dt
Tempering steps:  [1.]
Dt pseudo times:  [1.]
Data assimilation cycle #  100
Data assimilation cycle #  200
Data assimilation cycle #  300
Data assimilation cycle #  400
Data assimilation cycle #  500
Data assimilation cycle #  600
Data assimilation cycle #  700
Data assimilation cycle #  800
Data assimilation cycle #  900
Data assimilation cycle #  1000
Data assimilation cycle #  1100
Data assimilation cycle #  1200
Data assimilation cycle #  1300
Data assimilation cycle #  1400
Data assimilation cycle #  1500
Data assimilation cycle #  1600
Data assimilation cycle #  1700
Data assimilation cycle #  1800
Data assimilation cycle #  1900
Data assimilation cycle #  2000
Data assimilation cycle #  2100
Data assimilation cycle #  2200
Data assimilation cycle #  2300
Data assimilation cycle #  2400
Data assimilation cycle #  2500
Data assimilation cycle #  2600
Data assimilation cycle #  2700
Data assimilation cycle #  2800
Data assimilation cycle #  2900
Data assimilation cycle #  3000
Data assimilation cycle #  3100
Data assimilation cycle #  3200
Data assimilation cycle #  3300
Data assimilation cycle #  3400
Data assimilation cycle #  3500
Data assimilation cycle #  3600
Data assimilation cycle #  3700
Data assimilation cycle #  3800
Data assimilation cycle #  3900
Data assimilation cycle #  4000
Data assimilation cycle #  4100
Data assimilation cycle #  4200
Data assimilation cycle #  4300
Data assimilation cycle #  4400
Data assimilation cycle #  4500
Data assimilation cycle #  4600
Data assimilation cycle #  4700
Data assimilation cycle #  4800
Data assimilation cycle #  4900
Multiplicative Inflation 1.2500000000000002
Localization Scale 3.5
AlphaTemp [1.]
Analisis RMSE:  3.5048806954808827
Forecast RMSE:  3.626934170874344
Analisis SPRD:  4.28461491442074
Forecast SPRD:  4.150078689075144
Reading observations from file  ./data/Nature/MultipleNature_Nature_Freq16_Den0.25_Type1_ObsErr25.npz

This is a TWIN experiment

Using AlphaTempScale to compute tempering dt
Tempering steps:  [1.]
Dt pseudo times:  [1.]
Data assimilation cycle #  100
Data assimilation cycle #  200
Data assimilation cycle #  300
Data assimilation cycle #  400
Data assimilation cycle #  500
Data assimilation cycle #  600
Data assimilation cycle #  700
Data assimilation cycle #  800
Data assimilation cycle #  900
Data assimilation cycle #  1000
Data assimilation cycle #  1100
Data assimilation cycle #  1200
Data assimilation cycle #  1300
Data assimilation cycle #  1400
Data assimilation cycle #  1500
Data assimilation cycle #  1600
Data assimilation cycle #  1700
Data assimilation cycle #  1800
Data assimilation cycle #  1900
Data assimilation cycle #  2000
Data assimilation cycle #  2100
Data assimilation cycle #  2200
Data assimilation cycle #  2300
Data assimilation cycle #  2400
Data assimilation cycle #  2500
Data assimilation cycle #  2600
Data assimilation cycle #  2700
Data assimilation cycle #  2800
Data assimilation cycle #  2900
Data assimilation cycle #  3000
Data assimilation cycle #  3100
Data assimilation cycle #  3200
Data assimilation cycle #  3300
Data assimilation cycle #  3400
Data assimilation cycle #  3500
Data assimilation cycle #  3600
Data assimilation cycle #  3700
Data assimilation cycle #  3800
Data assimilation cycle #  3900
Data assimilation cycle #  4000
Data assimilation cycle #  4100
Data assimilation cycle #  4200
Data assimilation cycle #  4300
Data assimilation cycle #  4400
Data assimilation cycle #  4500
Data assimilation cycle #  4600
Data assimilation cycle #  4700
Data assimilation cycle #  4800
Data assimilation cycle #  4900
Multiplicative Inflation 1.2500000000000002
Localization Scale 4.0
AlphaTemp [1.]
Analisis RMSE:  3.5123409945458652
Forecast RMSE:  3.6315100289804905
Analisis SPRD:  4.253856835552588
Forecast SPRD:  4.127752804636449
Reading observations from file  ./data/Nature/MultipleNature_Nature_Freq16_Den0.25_Type1_ObsErr25.npz

This is a TWIN experiment

Using AlphaTempScale to compute tempering dt
Tempering steps:  [1.]
Dt pseudo times:  [1.]
Data assimilation cycle #  100
Data assimilation cycle #  200
Data assimilation cycle #  300
Data assimilation cycle #  400
Data assimilation cycle #  500
Data assimilation cycle #  600
Data assimilation cycle #  700
Data assimilation cycle #  800
Data assimilation cycle #  900
Data assimilation cycle #  1000
Data assimilation cycle #  1100
Data assimilation cycle #  1200
Data assimilation cycle #  1300
Data assimilation cycle #  1400
Data assimilation cycle #  1500
Data assimilation cycle #  1600
Data assimilation cycle #  1700
Data assimilation cycle #  1800
Data assimilation cycle #  1900
Data assimilation cycle #  2000
Data assimilation cycle #  2100
Data assimilation cycle #  2200
Data assimilation cycle #  2300
Data assimilation cycle #  2400
Data assimilation cycle #  2500
Data assimilation cycle #  2600
Data assimilation cycle #  2700
Data assimilation cycle #  2800
Data assimilation cycle #  2900
Data assimilation cycle #  3000
Data assimilation cycle #  3100
Data assimilation cycle #  3200
Data assimilation cycle #  3300
Data assimilation cycle #  3400
Data assimilation cycle #  3500
Data assimilation cycle #  3600
Data assimilation cycle #  3700
Data assimilation cycle #  3800
Data assimilation cycle #  3900
Data assimilation cycle #  4000
Data assimilation cycle #  4100
Data assimilation cycle #  4200
Data assimilation cycle #  4300
Data assimilation cycle #  4400
Data assimilation cycle #  4500
Data assimilation cycle #  4600
Data assimilation cycle #  4700
Data assimilation cycle #  4800
Data assimilation cycle #  4900
Multiplicative Inflation 1.3000000000000003
Localization Scale 1.0
AlphaTemp [1.]
Analisis RMSE:  3.5632428438690638
Forecast RMSE:  3.691750205738032
Analisis SPRD:  4.770622193573165
Forecast SPRD:  4.502085773235356
Reading observations from file  ./data/Nature/MultipleNature_Nature_Freq16_Den0.25_Type1_ObsErr25.npz

This is a TWIN experiment

Using AlphaTempScale to compute tempering dt
Tempering steps:  [1.]
Dt pseudo times:  [1.]
Data assimilation cycle #  100
Data assimilation cycle #  200
Data assimilation cycle #  300
Data assimilation cycle #  400
Data assimilation cycle #  500
Data assimilation cycle #  600
Data assimilation cycle #  700
Data assimilation cycle #  800
Data assimilation cycle #  900
Data assimilation cycle #  1000
Data assimilation cycle #  1100
Data assimilation cycle #  1200
Data assimilation cycle #  1300
Data assimilation cycle #  1400
Data assimilation cycle #  1500
Data assimilation cycle #  1600
Data assimilation cycle #  1700
Data assimilation cycle #  1800
Data assimilation cycle #  1900
Data assimilation cycle #  2000
Data assimilation cycle #  2100
Data assimilation cycle #  2200
Data assimilation cycle #  2300
Data assimilation cycle #  2400
Data assimilation cycle #  2500
Data assimilation cycle #  2600
Data assimilation cycle #  2700
Data assimilation cycle #  2800
Data assimilation cycle #  2900
Data assimilation cycle #  3000
Data assimilation cycle #  3100
Data assimilation cycle #  3200
Data assimilation cycle #  3300
Data assimilation cycle #  3400
Data assimilation cycle #  3500
Data assimilation cycle #  3600
Data assimilation cycle #  3700
Data assimilation cycle #  3800
Data assimilation cycle #  3900
Data assimilation cycle #  4000
Data assimilation cycle #  4100
Data assimilation cycle #  4200
Data assimilation cycle #  4300
Data assimilation cycle #  4400
Data assimilation cycle #  4500
Data assimilation cycle #  4600
Data assimilation cycle #  4700
Data assimilation cycle #  4800
Data assimilation cycle #  4900
Multiplicative Inflation 1.3000000000000003
Localization Scale 1.5
AlphaTemp [1.]
Analisis RMSE:  3.5659297205587874
Forecast RMSE:  3.6882644116514713
Analisis SPRD:  4.7157906567143515
Forecast SPRD:  4.465598764056057
Reading observations from file  ./data/Nature/MultipleNature_Nature_Freq16_Den0.25_Type1_ObsErr25.npz

This is a TWIN experiment

Using AlphaTempScale to compute tempering dt
Tempering steps:  [1.]
Dt pseudo times:  [1.]
Data assimilation cycle #  100
Data assimilation cycle #  200
Data assimilation cycle #  300
Data assimilation cycle #  400
Data assimilation cycle #  500
Data assimilation cycle #  600
Data assimilation cycle #  700
Data assimilation cycle #  800
Data assimilation cycle #  900
Data assimilation cycle #  1000
Data assimilation cycle #  1100
Data assimilation cycle #  1200
Data assimilation cycle #  1300
Data assimilation cycle #  1400
Data assimilation cycle #  1500
Data assimilation cycle #  1600
Data assimilation cycle #  1700
Data assimilation cycle #  1800
Data assimilation cycle #  1900
Data assimilation cycle #  2000
Data assimilation cycle #  2100
Data assimilation cycle #  2200
Data assimilation cycle #  2300
Data assimilation cycle #  2400
Data assimilation cycle #  2500
Data assimilation cycle #  2600
Data assimilation cycle #  2700
Data assimilation cycle #  2800
Data assimilation cycle #  2900
Data assimilation cycle #  3000
Data assimilation cycle #  3100
Data assimilation cycle #  3200
Data assimilation cycle #  3300
Data assimilation cycle #  3400
Data assimilation cycle #  3500
Data assimilation cycle #  3600
Data assimilation cycle #  3700
Data assimilation cycle #  3800
Data assimilation cycle #  3900
Data assimilation cycle #  4000
Data assimilation cycle #  4100
Data assimilation cycle #  4200
Data assimilation cycle #  4300
Data assimilation cycle #  4400
Data assimilation cycle #  4500
Data assimilation cycle #  4600
Data assimilation cycle #  4700
Data assimilation cycle #  4800
Data assimilation cycle #  4900
Multiplicative Inflation 1.3000000000000003
Localization Scale 2.0
AlphaTemp [1.]
Analisis RMSE:  3.5579233361824962
Forecast RMSE:  3.679183111031258
Analisis SPRD:  4.673477817115635
Forecast SPRD:  4.437856101330201
Reading observations from file  ./data/Nature/MultipleNature_Nature_Freq16_Den0.25_Type1_ObsErr25.npz

This is a TWIN experiment

Using AlphaTempScale to compute tempering dt
Tempering steps:  [1.]
Dt pseudo times:  [1.]
Data assimilation cycle #  100
Data assimilation cycle #  200
Data assimilation cycle #  300
Data assimilation cycle #  400
Data assimilation cycle #  500
Data assimilation cycle #  600
Data assimilation cycle #  700
Data assimilation cycle #  800
Data assimilation cycle #  900
Data assimilation cycle #  1000
Data assimilation cycle #  1100
Data assimilation cycle #  1200
Data assimilation cycle #  1300
Data assimilation cycle #  1400
Data assimilation cycle #  1500
Data assimilation cycle #  1600
Data assimilation cycle #  1700
Data assimilation cycle #  1800
Data assimilation cycle #  1900
Data assimilation cycle #  2000
Data assimilation cycle #  2100
Data assimilation cycle #  2200
Data assimilation cycle #  2300
Data assimilation cycle #  2400
Data assimilation cycle #  2500
Data assimilation cycle #  2600
Data assimilation cycle #  2700
Data assimilation cycle #  2800
Data assimilation cycle #  2900
Data assimilation cycle #  3000
Data assimilation cycle #  3100
Data assimilation cycle #  3200
Data assimilation cycle #  3300
Data assimilation cycle #  3400
Data assimilation cycle #  3500
Data assimilation cycle #  3600
Data assimilation cycle #  3700
Data assimilation cycle #  3800
Data assimilation cycle #  3900
Data assimilation cycle #  4000
Data assimilation cycle #  4100
Data assimilation cycle #  4200
Data assimilation cycle #  4300
Data assimilation cycle #  4400
Data assimilation cycle #  4500
Data assimilation cycle #  4600
Data assimilation cycle #  4700
Data assimilation cycle #  4800
Data assimilation cycle #  4900
Multiplicative Inflation 1.3000000000000003
Localization Scale 2.5
AlphaTemp [1.]
Analisis RMSE:  3.558343073793435
Forecast RMSE:  3.6743011384541497
Analisis SPRD:  4.630882237159369
Forecast SPRD:  4.407650935486874
Reading observations from file  ./data/Nature/MultipleNature_Nature_Freq16_Den0.25_Type1_ObsErr25.npz

This is a TWIN experiment

Using AlphaTempScale to compute tempering dt
Tempering steps:  [1.]
Dt pseudo times:  [1.]
Data assimilation cycle #  100
Data assimilation cycle #  200
Data assimilation cycle #  300
Data assimilation cycle #  400
Data assimilation cycle #  500
Data assimilation cycle #  600
Data assimilation cycle #  700
Data assimilation cycle #  800
Data assimilation cycle #  900
Data assimilation cycle #  1000
Data assimilation cycle #  1100
Data assimilation cycle #  1200
Data assimilation cycle #  1300
Data assimilation cycle #  1400
Data assimilation cycle #  1500
Data assimilation cycle #  1600
Data assimilation cycle #  1700
Data assimilation cycle #  1800
Data assimilation cycle #  1900
Data assimilation cycle #  2000
Data assimilation cycle #  2100
Data assimilation cycle #  2200
Data assimilation cycle #  2300
