Reading observations from file  ./data/Nature/NatureR5_Den1_Freq4_Hradar.npz

This is a TWIN experiment

Using AlphaTempScale to compute tempering dt
Tempering steps:  [1.]
Dt pseudo times:  [1.]
Data assimilation cycle #  100
Data assimilation cycle #  200
Data assimilation cycle #  300
Data assimilation cycle #  400
Data assimilation cycle #  500
Data assimilation cycle #  600
Data assimilation cycle #  700
Data assimilation cycle #  800
Data assimilation cycle #  900
Data assimilation cycle #  1000
Data assimilation cycle #  1100
Data assimilation cycle #  1200
Data assimilation cycle #  1300
Data assimilation cycle #  1400
Data assimilation cycle #  1500
Data assimilation cycle #  1600
Data assimilation cycle #  1700
Data assimilation cycle #  1800
Data assimilation cycle #  1900
Data assimilation cycle #  2000
Data assimilation cycle #  2100
Data assimilation cycle #  2200
Data assimilation cycle #  2300
Data assimilation cycle #  2400
Data assimilation cycle #  2500
Data assimilation cycle #  2600
Data assimilation cycle #  2700
Data assimilation cycle #  2800
Data assimilation cycle #  2900
Data assimilation cycle #  3000
Data assimilation cycle #  3100
Data assimilation cycle #  3200
Data assimilation cycle #  3300
Data assimilation cycle #  3400
Data assimilation cycle #  3500
Data assimilation cycle #  3600
Data assimilation cycle #  3700
Data assimilation cycle #  3800
Data assimilation cycle #  3900
Data assimilation cycle #  4000
Data assimilation cycle #  4100
Data assimilation cycle #  4200
Data assimilation cycle #  4300
Data assimilation cycle #  4400
Data assimilation cycle #  4500
Data assimilation cycle #  4600
Data assimilation cycle #  4700
Data assimilation cycle #  4800
Data assimilation cycle #  4900
Data assimilation cycle #  5000
Data assimilation cycle #  5100
Data assimilation cycle #  5200
Data assimilation cycle #  5300
Data assimilation cycle #  5400
Data assimilation cycle #  5500
Data assimilation cycle #  5600
Data assimilation cycle #  5700
Data assimilation cycle #  5800
Data assimilation cycle #  5900
Data assimilation cycle #  6000
Data assimilation cycle #  6100
Data assimilation cycle #  6200
Data assimilation cycle #  6300
Data assimilation cycle #  6400
Data assimilation cycle #  6500
Data assimilation cycle #  6600
Data assimilation cycle #  6700
Data assimilation cycle #  6800
Data assimilation cycle #  6900
Data assimilation cycle #  7000
Data assimilation cycle #  7100
Data assimilation cycle #  7200
Data assimilation cycle #  7300
Data assimilation cycle #  7400
Data assimilation cycle #  7500
Data assimilation cycle #  7600
Data assimilation cycle #  7700
Data assimilation cycle #  7800
Data assimilation cycle #  7900
Data assimilation cycle #  8000
Data assimilation cycle #  8100
Data assimilation cycle #  8200
Data assimilation cycle #  8300
Data assimilation cycle #  8400
Data assimilation cycle #  8500
Data assimilation cycle #  8600
Data assimilation cycle #  8700
Data assimilation cycle #  8800
Data assimilation cycle #  8900
Data assimilation cycle #  9000
Data assimilation cycle #  9100
Data assimilation cycle #  9200
Data assimilation cycle #  9300
Data assimilation cycle #  9400
Data assimilation cycle #  9500
Data assimilation cycle #  9600
Data assimilation cycle #  9700
Data assimilation cycle #  9800
Data assimilation cycle #  9900
Data assimilation cycle #  10000
Data assimilation cycle #  10100
Data assimilation cycle #  10200
Data assimilation cycle #  10300
Data assimilation cycle #  10400
Data assimilation cycle #  10500
Data assimilation cycle #  10600
Data assimilation cycle #  10700
Data assimilation cycle #  10800
Data assimilation cycle #  10900
Data assimilation cycle #  11000
Data assimilation cycle #  11100
Data assimilation cycle #  11200
Data assimilation cycle #  11300
Data assimilation cycle #  11400
Data assimilation cycle #  11500
Data assimilation cycle #  11600
Data assimilation cycle #  11700
Data assimilation cycle #  11800
Data assimilation cycle #  11900
Data assimilation cycle #  12000
Data assimilation cycle #  12100
Data assimilation cycle #  12200
Data assimilation cycle #  12300
Data assimilation cycle #  12400
Data assimilation cycle #  12500
Data assimilation cycle #  12600
Data assimilation cycle #  12700
Data assimilation cycle #  12800
Data assimilation cycle #  12900
Data assimilation cycle #  13000
Data assimilation cycle #  13100
Data assimilation cycle #  13200
Data assimilation cycle #  13300
Data assimilation cycle #  13400
Data assimilation cycle #  13500
Data assimilation cycle #  13600
Data assimilation cycle #  13700
Data assimilation cycle #  13800
Data assimilation cycle #  13900
Data assimilation cycle #  14000
Data assimilation cycle #  14100
Data assimilation cycle #  14200
Data assimilation cycle #  14300
Data assimilation cycle #  14400
Data assimilation cycle #  14500
Data assimilation cycle #  14600
Data assimilation cycle #  14700
Data assimilation cycle #  14800
Data assimilation cycle #  14900
Data assimilation cycle #  15000
Data assimilation cycle #  15100
Data assimilation cycle #  15200
Data assimilation cycle #  15300
Data assimilation cycle #  15400
Data assimilation cycle #  15500
Data assimilation cycle #  15600
Data assimilation cycle #  15700
Data assimilation cycle #  15800
Data assimilation cycle #  15900
Data assimilation cycle #  16000
Data assimilation cycle #  16100
Data assimilation cycle #  16200
Data assimilation cycle #  16300
Data assimilation cycle #  16400
Data assimilation cycle #  16500
Data assimilation cycle #  16600
Data assimilation cycle #  16700
Data assimilation cycle #  16800
Data assimilation cycle #  16900
Data assimilation cycle #  17000
Data assimilation cycle #  17100
Data assimilation cycle #  17200
Data assimilation cycle #  17300
Data assimilation cycle #  17400
Data assimilation cycle #  17500
Data assimilation cycle #  17600
Data assimilation cycle #  17700
Data assimilation cycle #  17800
Data assimilation cycle #  17900
Data assimilation cycle #  18000
Data assimilation cycle #  18100
Data assimilation cycle #  18200
Data assimilation cycle #  18300
Data assimilation cycle #  18400
Data assimilation cycle #  18500
Data assimilation cycle #  18600
Data assimilation cycle #  18700
Data assimilation cycle #  18800
Data assimilation cycle #  18900
Data assimilation cycle #  19000
Data assimilation cycle #  19100
Data assimilation cycle #  19200
Data assimilation cycle #  19300
Data assimilation cycle #  19400
Data assimilation cycle #  19500
Data assimilation cycle #  19600
Data assimilation cycle #  19700
Data assimilation cycle #  19800
Data assimilation cycle #  19900
Multiplicative Inflation 1.0
Localization Scale 0.5
AlphaTemp [1.]
Analisis RMSE:  4.2803468645669955
Forecast RMSE:  4.322041133125339
Analisis SPRD:  0.12913000053964052
Forecast SPRD:  0.13808223335674713
Reading observations from file  ./data/Nature/NatureR5_Den1_Freq4_Hradar.npz

This is a TWIN experiment

Using AlphaTempScale to compute tempering dt
Tempering steps:  [1.]
Dt pseudo times:  [1.]
Data assimilation cycle #  100
Data assimilation cycle #  200
Data assimilation cycle #  300
Data assimilation cycle #  400
Data assimilation cycle #  500
Data assimilation cycle #  600
Data assimilation cycle #  700
Data assimilation cycle #  800
Data assimilation cycle #  900
Data assimilation cycle #  1000
Data assimilation cycle #  1100
Data assimilation cycle #  1200
Data assimilation cycle #  1300
Data assimilation cycle #  1400
Data assimilation cycle #  1500
Data assimilation cycle #  1600
Data assimilation cycle #  1700
Data assimilation cycle #  1800
Data assimilation cycle #  1900
Data assimilation cycle #  2000
Data assimilation cycle #  2100
Data assimilation cycle #  2200
Data assimilation cycle #  2300
Data assimilation cycle #  2400
Data assimilation cycle #  2500
Data assimilation cycle #  2600
Data assimilation cycle #  2700
Data assimilation cycle #  2800
Data assimilation cycle #  2900
Data assimilation cycle #  3000
Data assimilation cycle #  3100
Data assimilation cycle #  3200
Data assimilation cycle #  3300
Data assimilation cycle #  3400
Data assimilation cycle #  3500
Data assimilation cycle #  3600
Data assimilation cycle #  3700
Data assimilation cycle #  3800
Data assimilation cycle #  3900
Data assimilation cycle #  4000
Data assimilation cycle #  4100
Data assimilation cycle #  4200
Data assimilation cycle #  4300
Data assimilation cycle #  4400
Data assimilation cycle #  4500
Data assimilation cycle #  4600
Data assimilation cycle #  4700
Data assimilation cycle #  4800
Data assimilation cycle #  4900
Data assimilation cycle #  5000
Data assimilation cycle #  5100
Data assimilation cycle #  5200
Data assimilation cycle #  5300
Data assimilation cycle #  5400
Data assimilation cycle #  5500
Data assimilation cycle #  5600
Data assimilation cycle #  5700
Data assimilation cycle #  5800
Data assimilation cycle #  5900
Data assimilation cycle #  6000
Data assimilation cycle #  6100
Data assimilation cycle #  6200
Data assimilation cycle #  6300
Data assimilation cycle #  6400
Data assimilation cycle #  6500
Data assimilation cycle #  6600
Data assimilation cycle #  6700
Data assimilation cycle #  6800
Data assimilation cycle #  6900
Data assimilation cycle #  7000
Data assimilation cycle #  7100
Data assimilation cycle #  7200
Data assimilation cycle #  7300
Data assimilation cycle #  7400
Data assimilation cycle #  7500
Data assimilation cycle #  7600
Data assimilation cycle #  7700
Data assimilation cycle #  7800
Data assimilation cycle #  7900
Data assimilation cycle #  8000
Data assimilation cycle #  8100
Data assimilation cycle #  8200
Data assimilation cycle #  8300
Data assimilation cycle #  8400
Data assimilation cycle #  8500
Data assimilation cycle #  8600
Data assimilation cycle #  8700
Data assimilation cycle #  8800
Data assimilation cycle #  8900
Data assimilation cycle #  9000
Data assimilation cycle #  9100
Data assimilation cycle #  9200
Data assimilation cycle #  9300
Data assimilation cycle #  9400
Data assimilation cycle #  9500
Data assimilation cycle #  9600
Data assimilation cycle #  9700
Data assimilation cycle #  9800
Data assimilation cycle #  9900
Data assimilation cycle #  10000
Data assimilation cycle #  10100
Data assimilation cycle #  10200
Data assimilation cycle #  10300
Data assimilation cycle #  10400
Data assimilation cycle #  10500
Data assimilation cycle #  10600
Data assimilation cycle #  10700
Data assimilation cycle #  10800
Data assimilation cycle #  10900
Data assimilation cycle #  11000
Data assimilation cycle #  11100
Data assimilation cycle #  11200
Data assimilation cycle #  11300
Data assimilation cycle #  11400
Data assimilation cycle #  11500
Data assimilation cycle #  11600
Data assimilation cycle #  11700
Data assimilation cycle #  11800
Data assimilation cycle #  11900
Data assimilation cycle #  12000
Data assimilation cycle #  12100
Data assimilation cycle #  12200
Data assimilation cycle #  12300
Data assimilation cycle #  12400
Data assimilation cycle #  12500
Data assimilation cycle #  12600
Data assimilation cycle #  12700
Data assimilation cycle #  12800
Data assimilation cycle #  12900
Data assimilation cycle #  13000
Data assimilation cycle #  13100
Data assimilation cycle #  13200
Data assimilation cycle #  13300
Data assimilation cycle #  13400
Data assimilation cycle #  13500
Data assimilation cycle #  13600
Data assimilation cycle #  13700
Data assimilation cycle #  13800
Data assimilation cycle #  13900
Data assimilation cycle #  14000
Data assimilation cycle #  14100
Data assimilation cycle #  14200
Data assimilation cycle #  14300
Data assimilation cycle #  14400
Data assimilation cycle #  14500
Data assimilation cycle #  14600
Data assimilation cycle #  14700
Data assimilation cycle #  14800
Data assimilation cycle #  14900
Data assimilation cycle #  15000
Data assimilation cycle #  15100
Data assimilation cycle #  15200
Data assimilation cycle #  15300
Data assimilation cycle #  15400
Data assimilation cycle #  15500
Data assimilation cycle #  15600
Data assimilation cycle #  15700
Data assimilation cycle #  15800
Data assimilation cycle #  15900
Data assimilation cycle #  16000
Data assimilation cycle #  16100
Data assimilation cycle #  16200
Data assimilation cycle #  16300
Data assimilation cycle #  16400
Data assimilation cycle #  16500
Data assimilation cycle #  16600
Data assimilation cycle #  16700
Data assimilation cycle #  16800
Data assimilation cycle #  16900
Data assimilation cycle #  17000
Data assimilation cycle #  17100
Data assimilation cycle #  17200
Data assimilation cycle #  17300
Data assimilation cycle #  17400
Data assimilation cycle #  17500
Data assimilation cycle #  17600
Data assimilation cycle #  17700
Data assimilation cycle #  17800
Data assimilation cycle #  17900
Data assimilation cycle #  18000
Data assimilation cycle #  18100
Data assimilation cycle #  18200
Data assimilation cycle #  18300
Data assimilation cycle #  18400
Data assimilation cycle #  18500
Data assimilation cycle #  18600
Data assimilation cycle #  18700
Data assimilation cycle #  18800
Data assimilation cycle #  18900
Data assimilation cycle #  19000
Data assimilation cycle #  19100
Data assimilation cycle #  19200
Data assimilation cycle #  19300
Data assimilation cycle #  19400
Data assimilation cycle #  19500
Data assimilation cycle #  19600
Data assimilation cycle #  19700
Data assimilation cycle #  19800
Data assimilation cycle #  19900
Multiplicative Inflation 1.0
Localization Scale 1.0
AlphaTemp [1.]
Analisis RMSE:  4.527781094067372
Forecast RMSE:  4.559188911092808
Analisis SPRD:  0.09427832329131539
Forecast SPRD:  0.1017412600711028
Reading observations from file  ./data/Nature/NatureR5_Den1_Freq4_Hradar.npz

This is a TWIN experiment

Using AlphaTempScale to compute tempering dt
Tempering steps:  [1.]
Dt pseudo times:  [1.]
Data assimilation cycle #  100
Data assimilation cycle #  200
Data assimilation cycle #  300
Data assimilation cycle #  400
Data assimilation cycle #  500
Data assimilation cycle #  600
Data assimilation cycle #  700
Data assimilation cycle #  800
Data assimilation cycle #  900
Data assimilation cycle #  1000
Data assimilation cycle #  1100
Data assimilation cycle #  1200
Data assimilation cycle #  1300
Data assimilation cycle #  1400
Data assimilation cycle #  1500
Data assimilation cycle #  1600
Data assimilation cycle #  1700
Data assimilation cycle #  1800
Data assimilation cycle #  1900
Data assimilation cycle #  2000
Data assimilation cycle #  2100
Data assimilation cycle #  2200
Data assimilation cycle #  2300
Data assimilation cycle #  2400
Data assimilation cycle #  2500
Data assimilation cycle #  2600
Data assimilation cycle #  2700
Data assimilation cycle #  2800
Data assimilation cycle #  2900
Data assimilation cycle #  3000
Data assimilation cycle #  3100
Data assimilation cycle #  3200
Data assimilation cycle #  3300
Data assimilation cycle #  3400
Data assimilation cycle #  3500
Data assimilation cycle #  3600
Data assimilation cycle #  3700
Data assimilation cycle #  3800
Data assimilation cycle #  3900
Data assimilation cycle #  4000
Data assimilation cycle #  4100
Data assimilation cycle #  4200
Data assimilation cycle #  4300
Data assimilation cycle #  4400
Data assimilation cycle #  4500
Data assimilation cycle #  4600
Data assimilation cycle #  4700
Data assimilation cycle #  4800
Data assimilation cycle #  4900
Data assimilation cycle #  5000
Data assimilation cycle #  5100
Data assimilation cycle #  5200
Data assimilation cycle #  5300
Data assimilation cycle #  5400
Data assimilation cycle #  5500
Data assimilation cycle #  5600
Data assimilation cycle #  5700
Data assimilation cycle #  5800
Data assimilation cycle #  5900
Data assimilation cycle #  6000
Data assimilation cycle #  6100
Data assimilation cycle #  6200
Data assimilation cycle #  6300
Data assimilation cycle #  6400
Data assimilation cycle #  6500
Data assimilation cycle #  6600
Data assimilation cycle #  6700
Data assimilation cycle #  6800
Data assimilation cycle #  6900
Data assimilation cycle #  7000
Data assimilation cycle #  7100
Data assimilation cycle #  7200
Data assimilation cycle #  7300
Data assimilation cycle #  7400
Data assimilation cycle #  7500
Data assimilation cycle #  7600
Data assimilation cycle #  7700
Data assimilation cycle #  7800
Data assimilation cycle #  7900
Data assimilation cycle #  8000
Data assimilation cycle #  8100
Data assimilation cycle #  8200
Data assimilation cycle #  8300
Data assimilation cycle #  8400
Data assimilation cycle #  8500
Data assimilation cycle #  8600
Data assimilation cycle #  8700
Data assimilation cycle #  8800
Data assimilation cycle #  8900
Data assimilation cycle #  9000
Data assimilation cycle #  9100
Data assimilation cycle #  9200
Data assimilation cycle #  9300
Data assimilation cycle #  9400
Data assimilation cycle #  9500
Data assimilation cycle #  9600
Data assimilation cycle #  9700
Data assimilation cycle #  9800
Data assimilation cycle #  9900
Data assimilation cycle #  10000
Data assimilation cycle #  10100
Data assimilation cycle #  10200
Data assimilation cycle #  10300
Data assimilation cycle #  10400
Data assimilation cycle #  10500
Data assimilation cycle #  10600
Data assimilation cycle #  10700
Data assimilation cycle #  10800
Data assimilation cycle #  10900
Data assimilation cycle #  11000
Data assimilation cycle #  11100
Data assimilation cycle #  11200
Data assimilation cycle #  11300
Data assimilation cycle #  11400
Data assimilation cycle #  11500
Data assimilation cycle #  11600
Data assimilation cycle #  11700
Data assimilation cycle #  11800
Data assimilation cycle #  11900
Data assimilation cycle #  12000
Data assimilation cycle #  12100
Data assimilation cycle #  12200
Data assimilation cycle #  12300
Data assimilation cycle #  12400
Data assimilation cycle #  12500
Data assimilation cycle #  12600
Data assimilation cycle #  12700
Data assimilation cycle #  12800
Data assimilation cycle #  12900
Data assimilation cycle #  13000
Data assimilation cycle #  13100
Data assimilation cycle #  13200
Data assimilation cycle #  13300
Data assimilation cycle #  13400
Data assimilation cycle #  13500
Data assimilation cycle #  13600
Data assimilation cycle #  13700
Data assimilation cycle #  13800
Data assimilation cycle #  13900
Data assimilation cycle #  14000
Data assimilation cycle #  14100
Data assimilation cycle #  14200
Data assimilation cycle #  14300
Data assimilation cycle #  14400
Data assimilation cycle #  14500
Data assimilation cycle #  14600
Data assimilation cycle #  14700
Data assimilation cycle #  14800
Data assimilation cycle #  14900
Data assimilation cycle #  15000
Data assimilation cycle #  15100
Data assimilation cycle #  15200
Data assimilation cycle #  15300
Data assimilation cycle #  15400
Data assimilation cycle #  15500
Data assimilation cycle #  15600
Data assimilation cycle #  15700
Data assimilation cycle #  15800
Data assimilation cycle #  15900
Data assimilation cycle #  16000
Data assimilation cycle #  16100
Data assimilation cycle #  16200
Data assimilation cycle #  16300
Data assimilation cycle #  16400
Data assimilation cycle #  16500
Data assimilation cycle #  16600
Data assimilation cycle #  16700
Data assimilation cycle #  16800
Data assimilation cycle #  16900
Data assimilation cycle #  17000
Data assimilation cycle #  17100
Data assimilation cycle #  17200
Data assimilation cycle #  17300
Data assimilation cycle #  17400
Data assimilation cycle #  17500
Data assimilation cycle #  17600
Data assimilation cycle #  17700
Data assimilation cycle #  17800
Data assimilation cycle #  17900
Data assimilation cycle #  18000
Data assimilation cycle #  18100
Data assimilation cycle #  18200
Data assimilation cycle #  18300
Data assimilation cycle #  18400
Data assimilation cycle #  18500
Data assimilation cycle #  18600
Data assimilation cycle #  18700
Data assimilation cycle #  18800
Data assimilation cycle #  18900
Data assimilation cycle #  19000
Data assimilation cycle #  19100
Data assimilation cycle #  19200
Data assimilation cycle #  19300
Data assimilation cycle #  19400
Data assimilation cycle #  19500
Data assimilation cycle #  19600
Data assimilation cycle #  19700
Data assimilation cycle #  19800
Data assimilation cycle #  19900
Multiplicative Inflation 1.0
Localization Scale 1.5
AlphaTemp [1.]
Analisis RMSE:  4.69778050124222
Forecast RMSE:  4.721694012312272
Analisis SPRD:  0.07749613167793427
Forecast SPRD:  0.08388308034220218
Reading observations from file  ./data/Nature/NatureR5_Den1_Freq4_Hradar.npz

This is a TWIN experiment

Using AlphaTempScale to compute tempering dt
Tempering steps:  [1.]
Dt pseudo times:  [1.]
Data assimilation cycle #  100
Data assimilation cycle #  200
Data assimilation cycle #  300
Data assimilation cycle #  400
Data assimilation cycle #  500
Data assimilation cycle #  600
Data assimilation cycle #  700
Data assimilation cycle #  800
Data assimilation cycle #  900
Data assimilation cycle #  1000
Data assimilation cycle #  1100
Data assimilation cycle #  1200
Data assimilation cycle #  1300
Data assimilation cycle #  1400
Data assimilation cycle #  1500
Data assimilation cycle #  1600
Data assimilation cycle #  1700
Data assimilation cycle #  1800
Data assimilation cycle #  1900
Data assimilation cycle #  2000
Data assimilation cycle #  2100
Data assimilation cycle #  2200
Data assimilation cycle #  2300
Data assimilation cycle #  2400
Data assimilation cycle #  2500
Data assimilation cycle #  2600
Data assimilation cycle #  2700
Data assimilation cycle #  2800
Data assimilation cycle #  2900
Data assimilation cycle #  3000
Data assimilation cycle #  3100
Data assimilation cycle #  3200
Data assimilation cycle #  3300
Data assimilation cycle #  3400
Data assimilation cycle #  3500
Data assimilation cycle #  3600
Data assimilation cycle #  3700
Data assimilation cycle #  3800
Data assimilation cycle #  3900
Data assimilation cycle #  4000
Data assimilation cycle #  4100
Data assimilation cycle #  4200
Data assimilation cycle #  4300
Data assimilation cycle #  4400
Data assimilation cycle #  4500
Data assimilation cycle #  4600
Data assimilation cycle #  4700
Data assimilation cycle #  4800
Data assimilation cycle #  4900
Data assimilation cycle #  5000
Data assimilation cycle #  5100
Data assimilation cycle #  5200
Data assimilation cycle #  5300
Data assimilation cycle #  5400
Data assimilation cycle #  5500
Data assimilation cycle #  5600
Data assimilation cycle #  5700
Data assimilation cycle #  5800
Data assimilation cycle #  5900
Data assimilation cycle #  6000
Data assimilation cycle #  6100
Data assimilation cycle #  6200
Data assimilation cycle #  6300
Data assimilation cycle #  6400
Data assimilation cycle #  6500
Data assimilation cycle #  6600
Data assimilation cycle #  6700
Data assimilation cycle #  6800
Data assimilation cycle #  6900
Data assimilation cycle #  7000
Data assimilation cycle #  7100
Data assimilation cycle #  7200
Data assimilation cycle #  7300
Data assimilation cycle #  7400
Data assimilation cycle #  7500
Data assimilation cycle #  7600
Data assimilation cycle #  7700
Data assimilation cycle #  7800
Data assimilation cycle #  7900
Data assimilation cycle #  8000
Data assimilation cycle #  8100
Data assimilation cycle #  8200
Data assimilation cycle #  8300
Data assimilation cycle #  8400
Data assimilation cycle #  8500
Data assimilation cycle #  8600
Data assimilation cycle #  8700
Data assimilation cycle #  8800
Data assimilation cycle #  8900
Data assimilation cycle #  9000
Data assimilation cycle #  9100
Data assimilation cycle #  9200
Data assimilation cycle #  9300
Data assimilation cycle #  9400
Data assimilation cycle #  9500
Data assimilation cycle #  9600
Data assimilation cycle #  9700
Data assimilation cycle #  9800
Data assimilation cycle #  9900
Data assimilation cycle #  10000
Data assimilation cycle #  10100
Data assimilation cycle #  10200
Data assimilation cycle #  10300
Data assimilation cycle #  10400
Data assimilation cycle #  10500
Data assimilation cycle #  10600
Data assimilation cycle #  10700
Data assimilation cycle #  10800
Data assimilation cycle #  10900
Data assimilation cycle #  11000
Data assimilation cycle #  11100
Data assimilation cycle #  11200
Data assimilation cycle #  11300
Data assimilation cycle #  11400
Data assimilation cycle #  11500
Data assimilation cycle #  11600
Data assimilation cycle #  11700
Data assimilation cycle #  11800
Data assimilation cycle #  11900
Data assimilation cycle #  12000
Data assimilation cycle #  12100
Data assimilation cycle #  12200
Data assimilation cycle #  12300
Data assimilation cycle #  12400
Data assimilation cycle #  12500
Data assimilation cycle #  12600
Data assimilation cycle #  12700
Data assimilation cycle #  12800
Data assimilation cycle #  12900
Data assimilation cycle #  13000
Data assimilation cycle #  13100
Data assimilation cycle #  13200
Data assimilation cycle #  13300
Data assimilation cycle #  13400
Data assimilation cycle #  13500
Data assimilation cycle #  13600
Data assimilation cycle #  13700
Data assimilation cycle #  13800
Data assimilation cycle #  13900
Data assimilation cycle #  14000
Data assimilation cycle #  14100
Data assimilation cycle #  14200
Data assimilation cycle #  14300
Data assimilation cycle #  14400
Data assimilation cycle #  14500
Data assimilation cycle #  14600
Data assimilation cycle #  14700
Data assimilation cycle #  14800
Data assimilation cycle #  14900
Data assimilation cycle #  15000
Data assimilation cycle #  15100
Data assimilation cycle #  15200
Data assimilation cycle #  15300
Data assimilation cycle #  15400
Data assimilation cycle #  15500
Data assimilation cycle #  15600
Data assimilation cycle #  15700
Data assimilation cycle #  15800
Data assimilation cycle #  15900
Data assimilation cycle #  16000
Data assimilation cycle #  16100
Data assimilation cycle #  16200
Data assimilation cycle #  16300
Data assimilation cycle #  16400
Data assimilation cycle #  16500
Data assimilation cycle #  16600
Data assimilation cycle #  16700
Data assimilation cycle #  16800
Data assimilation cycle #  16900
Data assimilation cycle #  17000
Data assimilation cycle #  17100
Data assimilation cycle #  17200
Data assimilation cycle #  17300
Data assimilation cycle #  17400
Data assimilation cycle #  17500
Data assimilation cycle #  17600
Data assimilation cycle #  17700
Data assimilation cycle #  17800
Data assimilation cycle #  17900
Data assimilation cycle #  18000
Data assimilation cycle #  18100
Data assimilation cycle #  18200
Data assimilation cycle #  18300
Data assimilation cycle #  18400
Data assimilation cycle #  18500
Data assimilation cycle #  18600
Data assimilation cycle #  18700
Data assimilation cycle #  18800
Data assimilation cycle #  18900
Data assimilation cycle #  19000
Data assimilation cycle #  19100
Data assimilation cycle #  19200
Data assimilation cycle #  19300
Data assimilation cycle #  19400
Data assimilation cycle #  19500
Data assimilation cycle #  19600
Data assimilation cycle #  19700
Data assimilation cycle #  19800
Data assimilation cycle #  19900
Multiplicative Inflation 1.0
Localization Scale 2.0
AlphaTemp [1.]
Analisis RMSE:  4.83327546576766
Forecast RMSE:  4.852400325124366
Analisis SPRD:  0.06951721579116146
Forecast SPRD:  0.07551268682640846
Reading observations from file  ./data/Nature/NatureR5_Den1_Freq4_Hradar.npz

This is a TWIN experiment

Using AlphaTempScale to compute tempering dt
Tempering steps:  [1.]
Dt pseudo times:  [1.]
Data assimilation cycle #  100
Data assimilation cycle #  200
Data assimilation cycle #  300
Data assimilation cycle #  400
Data assimilation cycle #  500
Data assimilation cycle #  600
Data assimilation cycle #  700
Data assimilation cycle #  800
Data assimilation cycle #  900
Data assimilation cycle #  1000
Data assimilation cycle #  1100
Data assimilation cycle #  1200
Data assimilation cycle #  1300
Data assimilation cycle #  1400
Data assimilation cycle #  1500
Data assimilation cycle #  1600
Data assimilation cycle #  1700
Data assimilation cycle #  1800
Data assimilation cycle #  1900
Data assimilation cycle #  2000
Data assimilation cycle #  2100
Data assimilation cycle #  2200
Data assimilation cycle #  2300
Data assimilation cycle #  2400
Data assimilation cycle #  2500
Data assimilation cycle #  2600
Data assimilation cycle #  2700
Data assimilation cycle #  2800
Data assimilation cycle #  2900
Data assimilation cycle #  3000
Data assimilation cycle #  3100
Data assimilation cycle #  3200
Data assimilation cycle #  3300
Data assimilation cycle #  3400
Data assimilation cycle #  3500
Data assimilation cycle #  3600
Data assimilation cycle #  3700
Data assimilation cycle #  3800
Data assimilation cycle #  3900
Data assimilation cycle #  4000
Data assimilation cycle #  4100
Data assimilation cycle #  4200
Data assimilation cycle #  4300
Data assimilation cycle #  4400
Data assimilation cycle #  4500
Data assimilation cycle #  4600
Data assimilation cycle #  4700
Data assimilation cycle #  4800
Data assimilation cycle #  4900
Data assimilation cycle #  5000
Data assimilation cycle #  5100
Data assimilation cycle #  5200
Data assimilation cycle #  5300
Data assimilation cycle #  5400
Data assimilation cycle #  5500
Data assimilation cycle #  5600
Data assimilation cycle #  5700
Data assimilation cycle #  5800
Data assimilation cycle #  5900
Data assimilation cycle #  6000
Data assimilation cycle #  6100
Data assimilation cycle #  6200
Data assimilation cycle #  6300
Data assimilation cycle #  6400
Data assimilation cycle #  6500
Data assimilation cycle #  6600
Data assimilation cycle #  6700
Data assimilation cycle #  6800
Data assimilation cycle #  6900
Data assimilation cycle #  7000
Data assimilation cycle #  7100
Data assimilation cycle #  7200
Data assimilation cycle #  7300
Data assimilation cycle #  7400
Data assimilation cycle #  7500
Data assimilation cycle #  7600
Data assimilation cycle #  7700
Data assimilation cycle #  7800
Data assimilation cycle #  7900
Data assimilation cycle #  8000
Data assimilation cycle #  8100
Data assimilation cycle #  8200
Data assimilation cycle #  8300
Data assimilation cycle #  8400
Data assimilation cycle #  8500
Data assimilation cycle #  8600
Data assimilation cycle #  8700
Data assimilation cycle #  8800
Data assimilation cycle #  8900
Data assimilation cycle #  9000
Data assimilation cycle #  9100
Data assimilation cycle #  9200
Data assimilation cycle #  9300
Data assimilation cycle #  9400
Data assimilation cycle #  9500
Data assimilation cycle #  9600
Data assimilation cycle #  9700
Data assimilation cycle #  9800
Data assimilation cycle #  9900
Data assimilation cycle #  10000
Data assimilation cycle #  10100
Data assimilation cycle #  10200
Data assimilation cycle #  10300
Data assimilation cycle #  10400
Data assimilation cycle #  10500
Data assimilation cycle #  10600
Data assimilation cycle #  10700
Data assimilation cycle #  10800
Data assimilation cycle #  10900
Data assimilation cycle #  11000
Data assimilation cycle #  11100
Data assimilation cycle #  11200
Data assimilation cycle #  11300
Data assimilation cycle #  11400
Data assimilation cycle #  11500
Data assimilation cycle #  11600
Data assimilation cycle #  11700
Data assimilation cycle #  11800
Data assimilation cycle #  11900
Data assimilation cycle #  12000
Data assimilation cycle #  12100
Data assimilation cycle #  12200
Data assimilation cycle #  12300
Data assimilation cycle #  12400
Data assimilation cycle #  12500
Data assimilation cycle #  12600
Data assimilation cycle #  12700
Data assimilation cycle #  12800
Data assimilation cycle #  12900
Data assimilation cycle #  13000
Data assimilation cycle #  13100
Data assimilation cycle #  13200
Data assimilation cycle #  13300
Data assimilation cycle #  13400
Data assimilation cycle #  13500
Data assimilation cycle #  13600
Data assimilation cycle #  13700
Data assimilation cycle #  13800
Data assimilation cycle #  13900
Data assimilation cycle #  14000
Data assimilation cycle #  14100
Data assimilation cycle #  14200
Data assimilation cycle #  14300
Data assimilation cycle #  14400
Data assimilation cycle #  14500
Data assimilation cycle #  14600
Data assimilation cycle #  14700
Data assimilation cycle #  14800
Data assimilation cycle #  14900
Data assimilation cycle #  15000
Data assimilation cycle #  15100
Data assimilation cycle #  15200
Data assimilation cycle #  15300
Data assimilation cycle #  15400
Data assimilation cycle #  15500
Data assimilation cycle #  15600
Data assimilation cycle #  15700
Data assimilation cycle #  15800
Data assimilation cycle #  15900
Data assimilation cycle #  16000
Data assimilation cycle #  16100
Data assimilation cycle #  16200
Data assimilation cycle #  16300
Data assimilation cycle #  16400
Data assimilation cycle #  16500
Data assimilation cycle #  16600
Data assimilation cycle #  16700
Data assimilation cycle #  16800
Data assimilation cycle #  16900
Data assimilation cycle #  17000
Data assimilation cycle #  17100
Data assimilation cycle #  17200
Data assimilation cycle #  17300
Data assimilation cycle #  17400
Data assimilation cycle #  17500
Data assimilation cycle #  17600
Data assimilation cycle #  17700
Data assimilation cycle #  17800
Data assimilation cycle #  17900
Data assimilation cycle #  18000
Data assimilation cycle #  18100
Data assimilation cycle #  18200
Data assimilation cycle #  18300
Data assimilation cycle #  18400
Data assimilation cycle #  18500
Data assimilation cycle #  18600
Data assimilation cycle #  18700
Data assimilation cycle #  18800
Data assimilation cycle #  18900
Data assimilation cycle #  19000
Data assimilation cycle #  19100
Data assimilation cycle #  19200
Data assimilation cycle #  19300
Data assimilation cycle #  19400
Data assimilation cycle #  19500
Data assimilation cycle #  19600
Data assimilation cycle #  19700
Data assimilation cycle #  19800
Data assimilation cycle #  19900
Multiplicative Inflation 1.0
Localization Scale 2.5
AlphaTemp [1.]
Analisis RMSE:  4.8653029300613255
Forecast RMSE:  4.880641009899611
Analisis SPRD:  0.06384798886271763
Forecast SPRD:  0.06947093907290076
Reading observations from file  ./data/Nature/NatureR5_Den1_Freq4_Hradar.npz

This is a TWIN experiment

Using AlphaTempScale to compute tempering dt
Tempering steps:  [1.]
Dt pseudo times:  [1.]
Data assimilation cycle #  100
Data assimilation cycle #  200
Data assimilation cycle #  300
Data assimilation cycle #  400
Data assimilation cycle #  500
Data assimilation cycle #  600
Data assimilation cycle #  700
Data assimilation cycle #  800
Data assimilation cycle #  900
Data assimilation cycle #  1000
Data assimilation cycle #  1100
Data assimilation cycle #  1200
Data assimilation cycle #  1300
Data assimilation cycle #  1400
Data assimilation cycle #  1500
Data assimilation cycle #  1600
Data assimilation cycle #  1700
Data assimilation cycle #  1800
Data assimilation cycle #  1900
Data assimilation cycle #  2000
Data assimilation cycle #  2100
Data assimilation cycle #  2200
Data assimilation cycle #  2300
Data assimilation cycle #  2400
Data assimilation cycle #  2500
Data assimilation cycle #  2600
Data assimilation cycle #  2700
Data assimilation cycle #  2800
Data assimilation cycle #  2900
Data assimilation cycle #  3000
Data assimilation cycle #  3100
Data assimilation cycle #  3200
Data assimilation cycle #  3300
Data assimilation cycle #  3400
Data assimilation cycle #  3500
Data assimilation cycle #  3600
Data assimilation cycle #  3700
Data assimilation cycle #  3800
Data assimilation cycle #  3900
Data assimilation cycle #  4000
Data assimilation cycle #  4100
Data assimilation cycle #  4200
Data assimilation cycle #  4300
Data assimilation cycle #  4400
Data assimilation cycle #  4500
Data assimilation cycle #  4600
Data assimilation cycle #  4700
Data assimilation cycle #  4800
Data assimilation cycle #  4900
Data assimilation cycle #  5000
Data assimilation cycle #  5100
Data assimilation cycle #  5200
Data assimilation cycle #  5300
Data assimilation cycle #  5400
Data assimilation cycle #  5500
Data assimilation cycle #  5600
Data assimilation cycle #  5700
Data assimilation cycle #  5800
Data assimilation cycle #  5900
Data assimilation cycle #  6000
Data assimilation cycle #  6100
Data assimilation cycle #  6200
Data assimilation cycle #  6300
Data assimilation cycle #  6400
Data assimilation cycle #  6500
Data assimilation cycle #  6600
Data assimilation cycle #  6700
Data assimilation cycle #  6800
Data assimilation cycle #  6900
Data assimilation cycle #  7000
Data assimilation cycle #  7100
Data assimilation cycle #  7200
Data assimilation cycle #  7300
Data assimilation cycle #  7400
Data assimilation cycle #  7500
Data assimilation cycle #  7600
Data assimilation cycle #  7700
Data assimilation cycle #  7800
Data assimilation cycle #  7900
Data assimilation cycle #  8000
Data assimilation cycle #  8100
Data assimilation cycle #  8200
Data assimilation cycle #  8300
Data assimilation cycle #  8400
Data assimilation cycle #  8500
Data assimilation cycle #  8600
Data assimilation cycle #  8700
Data assimilation cycle #  8800
Data assimilation cycle #  8900
Data assimilation cycle #  9000
Data assimilation cycle #  9100
Data assimilation cycle #  9200
Data assimilation cycle #  9300
Data assimilation cycle #  9400
Data assimilation cycle #  9500
Data assimilation cycle #  9600
Data assimilation cycle #  9700
Data assimilation cycle #  9800
Data assimilation cycle #  9900
Data assimilation cycle #  10000
Data assimilation cycle #  10100
Data assimilation cycle #  10200
Data assimilation cycle #  10300
Data assimilation cycle #  10400
Data assimilation cycle #  10500
Data assimilation cycle #  10600
Data assimilation cycle #  10700
Data assimilation cycle #  10800
Data assimilation cycle #  10900
Data assimilation cycle #  11000
Data assimilation cycle #  11100
Data assimilation cycle #  11200
Data assimilation cycle #  11300
Data assimilation cycle #  11400
Data assimilation cycle #  11500
Data assimilation cycle #  11600
Data assimilation cycle #  11700
Data assimilation cycle #  11800
Data assimilation cycle #  11900
Data assimilation cycle #  12000
Data assimilation cycle #  12100
Data assimilation cycle #  12200
Data assimilation cycle #  12300
Data assimilation cycle #  12400
Data assimilation cycle #  12500
Data assimilation cycle #  12600
Data assimilation cycle #  12700
Data assimilation cycle #  12800
Data assimilation cycle #  12900
Data assimilation cycle #  13000
Data assimilation cycle #  13100
Data assimilation cycle #  13200
Data assimilation cycle #  13300
Data assimilation cycle #  13400
Data assimilation cycle #  13500
Data assimilation cycle #  13600
Data assimilation cycle #  13700
Data assimilation cycle #  13800
Data assimilation cycle #  13900
Data assimilation cycle #  14000
Data assimilation cycle #  14100
Data assimilation cycle #  14200
Data assimilation cycle #  14300
Data assimilation cycle #  14400
Data assimilation cycle #  14500
Data assimilation cycle #  14600
Data assimilation cycle #  14700
Data assimilation cycle #  14800
Data assimilation cycle #  14900
Data assimilation cycle #  15000
Data assimilation cycle #  15100
Data assimilation cycle #  15200
Data assimilation cycle #  15300
Data assimilation cycle #  15400
Data assimilation cycle #  15500
Data assimilation cycle #  15600
Data assimilation cycle #  15700
Data assimilation cycle #  15800
Data assimilation cycle #  15900
Data assimilation cycle #  16000
Data assimilation cycle #  16100
Data assimilation cycle #  16200
Data assimilation cycle #  16300
Data assimilation cycle #  16400
Data assimilation cycle #  16500
Data assimilation cycle #  16600
Data assimilation cycle #  16700
Data assimilation cycle #  16800
Data assimilation cycle #  16900
Data assimilation cycle #  17000
Data assimilation cycle #  17100
Data assimilation cycle #  17200
Data assimilation cycle #  17300
Data assimilation cycle #  17400
Data assimilation cycle #  17500
Data assimilation cycle #  17600
Data assimilation cycle #  17700
Data assimilation cycle #  17800
Data assimilation cycle #  17900
Data assimilation cycle #  18000
Data assimilation cycle #  18100
Data assimilation cycle #  18200
Data assimilation cycle #  18300
Data assimilation cycle #  18400
Data assimilation cycle #  18500
Data assimilation cycle #  18600
Data assimilation cycle #  18700
Data assimilation cycle #  18800
Data assimilation cycle #  18900
Data assimilation cycle #  19000
Data assimilation cycle #  19100
Data assimilation cycle #  19200
Data assimilation cycle #  19300
Data assimilation cycle #  19400
Data assimilation cycle #  19500
Data assimilation cycle #  19600
Data assimilation cycle #  19700
Data assimilation cycle #  19800
Data assimilation cycle #  19900
Multiplicative Inflation 1.0
Localization Scale 3.0
AlphaTemp [1.]
Analisis RMSE:  4.93031643044962
Forecast RMSE:  4.943122021180878
Analisis SPRD:  0.058954489168791244
Forecast SPRD:  0.06420786665209907
Reading observations from file  ./data/Nature/NatureR5_Den1_Freq4_Hradar.npz

This is a TWIN experiment

Using AlphaTempScale to compute tempering dt
Tempering steps:  [1.]
Dt pseudo times:  [1.]
Data assimilation cycle #  100
Data assimilation cycle #  200
Data assimilation cycle #  300
Data assimilation cycle #  400
Data assimilation cycle #  500
Data assimilation cycle #  600
Data assimilation cycle #  700
Data assimilation cycle #  800
Data assimilation cycle #  900
Data assimilation cycle #  1000
Data assimilation cycle #  1100
Data assimilation cycle #  1200
Data assimilation cycle #  1300
Data assimilation cycle #  1400
Data assimilation cycle #  1500
Data assimilation cycle #  1600
Data assimilation cycle #  1700
Data assimilation cycle #  1800
Data assimilation cycle #  1900
Data assimilation cycle #  2000
Data assimilation cycle #  2100
Data assimilation cycle #  2200
Data assimilation cycle #  2300
Data assimilation cycle #  2400
Data assimilation cycle #  2500
Data assimilation cycle #  2600
Data assimilation cycle #  2700
Data assimilation cycle #  2800
Data assimilation cycle #  2900
Data assimilation cycle #  3000
Data assimilation cycle #  3100
Data assimilation cycle #  3200
Data assimilation cycle #  3300
Data assimilation cycle #  3400
Data assimilation cycle #  3500
Data assimilation cycle #  3600
Data assimilation cycle #  3700
Data assimilation cycle #  3800
Data assimilation cycle #  3900
Data assimilation cycle #  4000
Data assimilation cycle #  4100
Data assimilation cycle #  4200
Data assimilation cycle #  4300
Data assimilation cycle #  4400
Data assimilation cycle #  4500
Data assimilation cycle #  4600
Data assimilation cycle #  4700
Data assimilation cycle #  4800
Data assimilation cycle #  4900
Data assimilation cycle #  5000
Data assimilation cycle #  5100
Data assimilation cycle #  5200
Data assimilation cycle #  5300
Data assimilation cycle #  5400
Data assimilation cycle #  5500
Data assimilation cycle #  5600
Data assimilation cycle #  5700
Data assimilation cycle #  5800
Data assimilation cycle #  5900
Data assimilation cycle #  6000
Data assimilation cycle #  6100
Data assimilation cycle #  6200
Data assimilation cycle #  6300
Data assimilation cycle #  6400
Data assimilation cycle #  6500
Data assimilation cycle #  6600
Data assimilation cycle #  6700
Data assimilation cycle #  6800
Data assimilation cycle #  6900
Data assimilation cycle #  7000
Data assimilation cycle #  7100
Data assimilation cycle #  7200
Data assimilation cycle #  7300
Data assimilation cycle #  7400
Data assimilation cycle #  7500
Data assimilation cycle #  7600
Data assimilation cycle #  7700
Data assimilation cycle #  7800
Data assimilation cycle #  7900
Data assimilation cycle #  8000
Data assimilation cycle #  8100
Data assimilation cycle #  8200
Data assimilation cycle #  8300
Data assimilation cycle #  8400
Data assimilation cycle #  8500
Data assimilation cycle #  8600
Data assimilation cycle #  8700
Data assimilation cycle #  8800
Data assimilation cycle #  8900
Data assimilation cycle #  9000
Data assimilation cycle #  9100
Data assimilation cycle #  9200
Data assimilation cycle #  9300
Data assimilation cycle #  9400
Data assimilation cycle #  9500
Data assimilation cycle #  9600
Data assimilation cycle #  9700
Data assimilation cycle #  9800
Data assimilation cycle #  9900
Data assimilation cycle #  10000
Data assimilation cycle #  10100
Data assimilation cycle #  10200
Data assimilation cycle #  10300
Data assimilation cycle #  10400
Data assimilation cycle #  10500
Data assimilation cycle #  10600
Data assimilation cycle #  10700
Data assimilation cycle #  10800
Data assimilation cycle #  10900
Data assimilation cycle #  11000
Data assimilation cycle #  11100
Data assimilation cycle #  11200
Data assimilation cycle #  11300
Data assimilation cycle #  11400
Data assimilation cycle #  11500
Data assimilation cycle #  11600
Data assimilation cycle #  11700
Data assimilation cycle #  11800
Data assimilation cycle #  11900
Data assimilation cycle #  12000
Data assimilation cycle #  12100
Data assimilation cycle #  12200
Data assimilation cycle #  12300
Data assimilation cycle #  12400
Data assimilation cycle #  12500
Data assimilation cycle #  12600
Data assimilation cycle #  12700
Data assimilation cycle #  12800
Data assimilation cycle #  12900
Data assimilation cycle #  13000
Data assimilation cycle #  13100
Data assimilation cycle #  13200
Data assimilation cycle #  13300
Data assimilation cycle #  13400
Data assimilation cycle #  13500
Data assimilation cycle #  13600
Data assimilation cycle #  13700
Data assimilation cycle #  13800
Data assimilation cycle #  13900
Data assimilation cycle #  14000
Data assimilation cycle #  14100
Data assimilation cycle #  14200
Data assimilation cycle #  14300
Data assimilation cycle #  14400
Data assimilation cycle #  14500
Data assimilation cycle #  14600
Data assimilation cycle #  14700
Data assimilation cycle #  14800
Data assimilation cycle #  14900
Data assimilation cycle #  15000
Data assimilation cycle #  15100
Data assimilation cycle #  15200
Data assimilation cycle #  15300
Data assimilation cycle #  15400
Data assimilation cycle #  15500
Data assimilation cycle #  15600
Data assimilation cycle #  15700
Data assimilation cycle #  15800
Data assimilation cycle #  15900
Data assimilation cycle #  16000
Data assimilation cycle #  16100
Data assimilation cycle #  16200
Data assimilation cycle #  16300
Data assimilation cycle #  16400
Data assimilation cycle #  16500
Data assimilation cycle #  16600
Data assimilation cycle #  16700
Data assimilation cycle #  16800
Data assimilation cycle #  16900
Data assimilation cycle #  17000
Data assimilation cycle #  17100
Data assimilation cycle #  17200
Data assimilation cycle #  17300
Data assimilation cycle #  17400
Data assimilation cycle #  17500
Data assimilation cycle #  17600
Data assimilation cycle #  17700
Data assimilation cycle #  17800
Data assimilation cycle #  17900
Data assimilation cycle #  18000
Data assimilation cycle #  18100
Data assimilation cycle #  18200
Data assimilation cycle #  18300
Data assimilation cycle #  18400
Data assimilation cycle #  18500
Data assimilation cycle #  18600
Data assimilation cycle #  18700
Data assimilation cycle #  18800
Data assimilation cycle #  18900
Data assimilation cycle #  19000
Data assimilation cycle #  19100
Data assimilation cycle #  19200
Data assimilation cycle #  19300
Data assimilation cycle #  19400
Data assimilation cycle #  19500
Data assimilation cycle #  19600
Data assimilation cycle #  19700
Data assimilation cycle #  19800
Data assimilation cycle #  19900
Multiplicative Inflation 1.0
Localization Scale 3.5
AlphaTemp [1.]
Analisis RMSE:  4.944103768527891
Forecast RMSE:  4.95483517279179
Analisis SPRD:  0.055053742003101855
Forecast SPRD:  0.05994043024780217
Reading observations from file  ./data/Nature/NatureR5_Den1_Freq4_Hradar.npz

This is a TWIN experiment

Using AlphaTempScale to compute tempering dt
Tempering steps:  [1.]
Dt pseudo times:  [1.]
Data assimilation cycle #  100
Data assimilation cycle #  200
Data assimilation cycle #  300
Data assimilation cycle #  400
Data assimilation cycle #  500
Data assimilation cycle #  600
Data assimilation cycle #  700
Data assimilation cycle #  800
Data assimilation cycle #  900
Data assimilation cycle #  1000
Data assimilation cycle #  1100
Data assimilation cycle #  1200
Data assimilation cycle #  1300
Data assimilation cycle #  1400
Data assimilation cycle #  1500
Data assimilation cycle #  1600
Data assimilation cycle #  1700
Data assimilation cycle #  1800
Data assimilation cycle #  1900
Data assimilation cycle #  2000
Data assimilation cycle #  2100
Data assimilation cycle #  2200
Data assimilation cycle #  2300
Data assimilation cycle #  2400
Data assimilation cycle #  2500
Data assimilation cycle #  2600
Data assimilation cycle #  2700
Data assimilation cycle #  2800
Data assimilation cycle #  2900
Data assimilation cycle #  3000
Data assimilation cycle #  3100
Data assimilation cycle #  3200
Data assimilation cycle #  3300
Data assimilation cycle #  3400
Data assimilation cycle #  3500
Data assimilation cycle #  3600
Data assimilation cycle #  3700
Data assimilation cycle #  3800
Data assimilation cycle #  3900
Data assimilation cycle #  4000
Data assimilation cycle #  4100
Data assimilation cycle #  4200
Data assimilation cycle #  4300
Data assimilation cycle #  4400
Data assimilation cycle #  4500
Data assimilation cycle #  4600
Data assimilation cycle #  4700
Data assimilation cycle #  4800
Data assimilation cycle #  4900
Data assimilation cycle #  5000
Data assimilation cycle #  5100
Data assimilation cycle #  5200
Data assimilation cycle #  5300
Data assimilation cycle #  5400
Data assimilation cycle #  5500
Data assimilation cycle #  5600
Data assimilation cycle #  5700
Data assimilation cycle #  5800
Data assimilation cycle #  5900
Data assimilation cycle #  6000
Data assimilation cycle #  6100
Data assimilation cycle #  6200
Data assimilation cycle #  6300
Data assimilation cycle #  6400
Data assimilation cycle #  6500
Data assimilation cycle #  6600
Data assimilation cycle #  6700
Data assimilation cycle #  6800
Data assimilation cycle #  6900
Data assimilation cycle #  7000
Data assimilation cycle #  7100
Data assimilation cycle #  7200
Data assimilation cycle #  7300
Data assimilation cycle #  7400
Data assimilation cycle #  7500
Data assimilation cycle #  7600
Data assimilation cycle #  7700
Data assimilation cycle #  7800
Data assimilation cycle #  7900
Data assimilation cycle #  8000
Data assimilation cycle #  8100
Data assimilation cycle #  8200
Data assimilation cycle #  8300
Data assimilation cycle #  8400
Data assimilation cycle #  8500
Data assimilation cycle #  8600
Data assimilation cycle #  8700
Data assimilation cycle #  8800
Data assimilation cycle #  8900
Data assimilation cycle #  9000
Data assimilation cycle #  9100
Data assimilation cycle #  9200
Data assimilation cycle #  9300
Data assimilation cycle #  9400
Data assimilation cycle #  9500
Data assimilation cycle #  9600
Data assimilation cycle #  9700
Data assimilation cycle #  9800
Data assimilation cycle #  9900
Data assimilation cycle #  10000
Data assimilation cycle #  10100
Data assimilation cycle #  10200
Data assimilation cycle #  10300
Data assimilation cycle #  10400
Data assimilation cycle #  10500
Data assimilation cycle #  10600
Data assimilation cycle #  10700
Data assimilation cycle #  10800
Data assimilation cycle #  10900
Data assimilation cycle #  11000
Data assimilation cycle #  11100
Data assimilation cycle #  11200
Data assimilation cycle #  11300
Data assimilation cycle #  11400
Data assimilation cycle #  11500
Data assimilation cycle #  11600
Data assimilation cycle #  11700
Data assimilation cycle #  11800
Data assimilation cycle #  11900
Data assimilation cycle #  12000
Data assimilation cycle #  12100
Data assimilation cycle #  12200
Data assimilation cycle #  12300
Data assimilation cycle #  12400
Data assimilation cycle #  12500
Data assimilation cycle #  12600
Data assimilation cycle #  12700
Data assimilation cycle #  12800
Data assimilation cycle #  12900
Data assimilation cycle #  13000
Data assimilation cycle #  13100
Data assimilation cycle #  13200
Data assimilation cycle #  13300
Data assimilation cycle #  13400
Data assimilation cycle #  13500
Data assimilation cycle #  13600
Data assimilation cycle #  13700
Data assimilation cycle #  13800
Data assimilation cycle #  13900
Data assimilation cycle #  14000
Data assimilation cycle #  14100
Data assimilation cycle #  14200
Data assimilation cycle #  14300
Data assimilation cycle #  14400
Data assimilation cycle #  14500
Data assimilation cycle #  14600
Data assimilation cycle #  14700
Data assimilation cycle #  14800
Data assimilation cycle #  14900
Data assimilation cycle #  15000
Data assimilation cycle #  15100
Data assimilation cycle #  15200
Data assimilation cycle #  15300
Data assimilation cycle #  15400
Data assimilation cycle #  15500
Data assimilation cycle #  15600
Data assimilation cycle #  15700
Data assimilation cycle #  15800
Data assimilation cycle #  15900
Data assimilation cycle #  16000
Data assimilation cycle #  16100
Data assimilation cycle #  16200
Data assimilation cycle #  16300
Data assimilation cycle #  16400
Data assimilation cycle #  16500
Data assimilation cycle #  16600
Data assimilation cycle #  16700
Data assimilation cycle #  16800
Data assimilation cycle #  16900
Data assimilation cycle #  17000
Data assimilation cycle #  17100
Data assimilation cycle #  17200
Data assimilation cycle #  17300
Data assimilation cycle #  17400
Data assimilation cycle #  17500
Data assimilation cycle #  17600
Data assimilation cycle #  17700
Data assimilation cycle #  17800
Data assimilation cycle #  17900
Data assimilation cycle #  18000
Data assimilation cycle #  18100
Data assimilation cycle #  18200
Data assimilation cycle #  18300
Data assimilation cycle #  18400
Data assimilation cycle #  18500
Data assimilation cycle #  18600
Data assimilation cycle #  18700
Data assimilation cycle #  18800
Data assimilation cycle #  18900
Data assimilation cycle #  19000
Data assimilation cycle #  19100
Data assimilation cycle #  19200
Data assimilation cycle #  19300
Data assimilation cycle #  19400
Data assimilation cycle #  19500
Data assimilation cycle #  19600
Data assimilation cycle #  19700
Data assimilation cycle #  19800
Data assimilation cycle #  19900
Multiplicative Inflation 1.0
Localization Scale 4.0
AlphaTemp [1.]
Analisis RMSE:  4.966245473239933
Forecast RMSE:  4.976048884024875
Analisis SPRD:  0.05214210450234833
Forecast SPRD:  0.056793503844697855
Reading observations from file  ./data/Nature/NatureR5_Den1_Freq4_Hradar.npz

This is a TWIN experiment

Using AlphaTempScale to compute tempering dt
Tempering steps:  [1.]
Dt pseudo times:  [1.]
Data assimilation cycle #  100
Data assimilation cycle #  200
Data assimilation cycle #  300
Data assimilation cycle #  400
Data assimilation cycle #  500
Data assimilation cycle #  600
Data assimilation cycle #  700
Data assimilation cycle #  800
Data assimilation cycle #  900
Data assimilation cycle #  1000
Data assimilation cycle #  1100
Data assimilation cycle #  1200
Data assimilation cycle #  1300
Data assimilation cycle #  1400
Data assimilation cycle #  1500
Data assimilation cycle #  1600
Data assimilation cycle #  1700
Data assimilation cycle #  1800
Data assimilation cycle #  1900
Data assimilation cycle #  2000
Data assimilation cycle #  2100
Data assimilation cycle #  2200
Data assimilation cycle #  2300
Data assimilation cycle #  2400
Data assimilation cycle #  2500
Data assimilation cycle #  2600
Data assimilation cycle #  2700
Data assimilation cycle #  2800
Data assimilation cycle #  2900
Data assimilation cycle #  3000
Data assimilation cycle #  3100
Data assimilation cycle #  3200
Data assimilation cycle #  3300
Data assimilation cycle #  3400
Data assimilation cycle #  3500
Data assimilation cycle #  3600
Data assimilation cycle #  3700
Data assimilation cycle #  3800
Data assimilation cycle #  3900
Data assimilation cycle #  4000
Data assimilation cycle #  4100
Data assimilation cycle #  4200
Data assimilation cycle #  4300
Data assimilation cycle #  4400
Data assimilation cycle #  4500
Data assimilation cycle #  4600
Data assimilation cycle #  4700
Data assimilation cycle #  4800
Data assimilation cycle #  4900
Data assimilation cycle #  5000
Data assimilation cycle #  5100
Data assimilation cycle #  5200
Data assimilation cycle #  5300
Data assimilation cycle #  5400
Data assimilation cycle #  5500
Data assimilation cycle #  5600
Data assimilation cycle #  5700
Data assimilation cycle #  5800
Data assimilation cycle #  5900
Data assimilation cycle #  6000
Data assimilation cycle #  6100
Data assimilation cycle #  6200
Data assimilation cycle #  6300
Data assimilation cycle #  6400
Data assimilation cycle #  6500
Data assimilation cycle #  6600
Data assimilation cycle #  6700
Data assimilation cycle #  6800
Data assimilation cycle #  6900
Data assimilation cycle #  7000
Data assimilation cycle #  7100
Data assimilation cycle #  7200
Data assimilation cycle #  7300
Data assimilation cycle #  7400
Data assimilation cycle #  7500
Data assimilation cycle #  7600
Data assimilation cycle #  7700
Data assimilation cycle #  7800
Data assimilation cycle #  7900
Data assimilation cycle #  8000
Data assimilation cycle #  8100
Data assimilation cycle #  8200
Data assimilation cycle #  8300
Data assimilation cycle #  8400
Data assimilation cycle #  8500
Data assimilation cycle #  8600
Data assimilation cycle #  8700
Data assimilation cycle #  8800
Data assimilation cycle #  8900
Data assimilation cycle #  9000
Data assimilation cycle #  9100
Data assimilation cycle #  9200
Data assimilation cycle #  9300
Data assimilation cycle #  9400
Data assimilation cycle #  9500
Data assimilation cycle #  9600
Data assimilation cycle #  9700
Data assimilation cycle #  9800
Data assimilation cycle #  9900
Data assimilation cycle #  10000
Data assimilation cycle #  10100
Data assimilation cycle #  10200
Data assimilation cycle #  10300
Data assimilation cycle #  10400
Data assimilation cycle #  10500
Data assimilation cycle #  10600
Data assimilation cycle #  10700
Data assimilation cycle #  10800
Data assimilation cycle #  10900
Data assimilation cycle #  11000
Data assimilation cycle #  11100
Data assimilation cycle #  11200
Data assimilation cycle #  11300
Data assimilation cycle #  11400
Data assimilation cycle #  11500
Data assimilation cycle #  11600
Data assimilation cycle #  11700
Data assimilation cycle #  11800
Data assimilation cycle #  11900
Data assimilation cycle #  12000
Data assimilation cycle #  12100
Data assimilation cycle #  12200
Data assimilation cycle #  12300
Data assimilation cycle #  12400
Data assimilation cycle #  12500
Data assimilation cycle #  12600
Data assimilation cycle #  12700
Data assimilation cycle #  12800
Data assimilation cycle #  12900
Data assimilation cycle #  13000
Data assimilation cycle #  13100
Data assimilation cycle #  13200
Data assimilation cycle #  13300
Data assimilation cycle #  13400
Data assimilation cycle #  13500
Data assimilation cycle #  13600
Data assimilation cycle #  13700
Data assimilation cycle #  13800
Data assimilation cycle #  13900
Data assimilation cycle #  14000
Data assimilation cycle #  14100
Data assimilation cycle #  14200
Data assimilation cycle #  14300
Data assimilation cycle #  14400
